2025-01-16 18:30:35.739   INFO 21828 --- [           main] com.wms.WmsServerApplication             : Starting WmsServerApplication using Java 17.0.5 on Disney with PID 21828 (K:\GitHub\notes\project\wms-server\target\classes started by qe249 in K:\GitHub\notes\project\wms-server)
2025-01-16 18:30:35.742   INFO 21828 --- [           main] com.wms.WmsServerApplication             : The following 1 profile is active: "dev"
2025-01-16 18:30:37.031   INFO 21828 --- [           main] .s.d.r.c.RepositoryConfigurationDelegate : Multiple Spring Data modules found, entering strict repository configuration mode
2025-01-16 18:30:37.034   INFO 21828 --- [           main] .s.d.r.c.RepositoryConfigurationDelegate : Bootstrapping Spring Data Redis repositories in DEFAULT mode.
2025-01-16 18:30:37.060   INFO 21828 --- [           main] .s.d.r.c.RepositoryConfigurationDelegate : Finished Spring Data repository scanning in 13 ms. Found 0 Redis repository interfaces.
2025-01-16 18:30:37.837   INFO 21828 --- [           main] o.s.b.w.embedded.tomcat.TomcatWebServer  : Tomcat initialized with port(s): 1217 (http)
2025-01-16 18:30:37.846   INFO 21828 --- [           main] o.a.coyote.http11.Http11NioProtocol      : Initializing ProtocolHandler ["http-nio-1217"]
2025-01-16 18:30:37.847   INFO 21828 --- [           main] o.apache.catalina.core.StandardService   : Starting service [Tomcat]
2025-01-16 18:30:37.847   INFO 21828 --- [           main] org.apache.catalina.core.StandardEngine  : Starting Servlet engine: [Apache Tomcat/9.0.68]
2025-01-16 18:30:37.945   INFO 21828 --- [           main] o.a.c.c.C.[Tomcat].[localhost].[/]       : Initializing Spring embedded WebApplicationContext
2025-01-16 18:30:37.945   INFO 21828 --- [           main] w.s.c.ServletWebServerApplicationContext : Root WebApplicationContext: initialization completed in 2159 ms
2025-01-16 18:30:39.540   INFO 21828 --- [           main] o.s.b.a.w.s.WelcomePageHandlerMapping    : Adding welcome page: class path resource [static/index.html]
2025-01-16 18:30:40.108   INFO 21828 --- [           main] o.s.s.web.DefaultSecurityFilterChain     : Will secure any request with [org.springframework.security.web.context.request.async.WebAsyncManagerIntegrationFilter@9734cae, org.springframework.security.web.context.SecurityContextPersistenceFilter@75a6bd06, org.springframework.security.web.header.HeaderWriterFilter@539bb233, org.springframework.web.filter.CorsFilter@589d831e, org.springframework.security.web.authentication.logout.LogoutFilter@32f54c2a, com.wms.filter.jwt.JwtAuthenticationTokenFilter@3ec082a1, org.springframework.security.web.session.ConcurrentSessionFilter@703eead0, org.springframework.security.web.savedrequest.RequestCacheAwareFilter@4930213b, org.springframework.security.web.servletapi.SecurityContextHolderAwareRequestFilter@3fb0d9de, org.springframework.security.web.authentication.AnonymousAuthenticationFilter@1bd6638, org.springframework.security.web.session.SessionManagementFilter@73417494, org.springframework.security.web.access.ExceptionTranslationFilter@4f0cdd0f, org.springframework.security.web.access.intercept.FilterSecurityInterceptor@7d4e424e]
2025-01-16 18:30:40.221   INFO 21828 --- [           main] o.a.coyote.http11.Http11NioProtocol      : Starting ProtocolHandler ["http-nio-1217"]
2025-01-16 18:30:40.251   INFO 21828 --- [           main] o.s.b.w.embedded.tomcat.TomcatWebServer  : Tomcat started on port(s): 1217 (http) with context path ''
2025-01-16 18:30:41.224   INFO 21828 --- [           main] com.wms.WmsServerApplication             : Started WmsServerApplication in 5.945 seconds (JVM running for 8.064)
2025-01-16 18:39:02.997   INFO 21828 --- [nio-1217-exec-1] o.a.c.c.C.[Tomcat].[localhost].[/]       : Initializing Spring DispatcherServlet 'dispatcherServlet'
2025-01-16 18:39:02.998   INFO 21828 --- [nio-1217-exec-1] o.s.web.servlet.DispatcherServlet        : Initializing Servlet 'dispatcherServlet'
2025-01-16 18:39:03.000   INFO 21828 --- [nio-1217-exec-1] o.s.web.servlet.DispatcherServlet        : Completed initialization in 2 ms
2025-01-16 18:39:03.195   INFO 21828 --- [nio-1217-exec-2] com.alibaba.druid.pool.DruidDataSource   : {dataSource-1} inited
2025-01-16 19:01:51.368   INFO 21828 --- [ionShutdownHook] com.alibaba.druid.pool.DruidDataSource   : {dataSource-1} closing ...
2025-01-16 19:01:51.376   INFO 21828 --- [ionShutdownHook] com.alibaba.druid.pool.DruidDataSource   : {dataSource-1} closed
2025-01-16 19:01:54.039   INFO 14848 --- [           main] com.wms.WmsServerApplication             : Starting WmsServerApplication using Java 17.0.5 on Disney with PID 14848 (K:\GitHub\notes\project\wms-server\target\classes started by qe249 in K:\GitHub\notes\project\wms-server)
2025-01-16 19:01:54.042   INFO 14848 --- [           main] com.wms.WmsServerApplication             : The following 1 profile is active: "dev"
2025-01-16 19:01:54.774   INFO 14848 --- [           main] .s.d.r.c.RepositoryConfigurationDelegate : Multiple Spring Data modules found, entering strict repository configuration mode
2025-01-16 19:01:54.776   INFO 14848 --- [           main] .s.d.r.c.RepositoryConfigurationDelegate : Bootstrapping Spring Data Redis repositories in DEFAULT mode.
2025-01-16 19:01:54.798   INFO 14848 --- [           main] .s.d.r.c.RepositoryConfigurationDelegate : Finished Spring Data repository scanning in 11 ms. Found 0 Redis repository interfaces.
2025-01-16 19:01:55.505   INFO 14848 --- [           main] o.s.b.w.embedded.tomcat.TomcatWebServer  : Tomcat initialized with port(s): 1217 (http)
2025-01-16 19:01:55.515   INFO 14848 --- [           main] o.a.coyote.http11.Http11NioProtocol      : Initializing ProtocolHandler ["http-nio-1217"]
2025-01-16 19:01:55.515   INFO 14848 --- [           main] o.apache.catalina.core.StandardService   : Starting service [Tomcat]
2025-01-16 19:01:55.515   INFO 14848 --- [           main] org.apache.catalina.core.StandardEngine  : Starting Servlet engine: [Apache Tomcat/9.0.68]
2025-01-16 19:01:55.608   INFO 14848 --- [           main] o.a.c.c.C.[Tomcat].[localhost].[/]       : Initializing Spring embedded WebApplicationContext
2025-01-16 19:01:55.608   INFO 14848 --- [           main] w.s.c.ServletWebServerApplicationContext : Root WebApplicationContext: initialization completed in 1528 ms
2025-01-16 19:01:55.826   INFO 14848 --- [           main] o.apache.catalina.core.StandardService   : Stopping service [Tomcat]
2025-01-16 19:01:55.844   INFO 14848 --- [           main] com.alibaba.druid.pool.DruidDataSource   : {dataSource-0} closing ...
2025-01-16 19:01:55.851   INFO 14848 --- [           main] ConditionEvaluationReportLoggingListener : 

Error starting ApplicationContext. To display the conditions report re-run your application with 'debug' enabled.
2025-01-16 19:02:15.226   INFO 20732 --- [           main] com.wms.WmsServerApplication             : Starting WmsServerApplication using Java 17.0.5 on Disney with PID 20732 (K:\GitHub\notes\project\wms-server\target\classes started by qe249 in K:\GitHub\notes\project\wms-server)
2025-01-16 19:02:15.230   INFO 20732 --- [           main] com.wms.WmsServerApplication             : The following 1 profile is active: "dev"
2025-01-16 19:02:16.059   INFO 20732 --- [           main] .s.d.r.c.RepositoryConfigurationDelegate : Multiple Spring Data modules found, entering strict repository configuration mode
2025-01-16 19:02:16.061   INFO 20732 --- [           main] .s.d.r.c.RepositoryConfigurationDelegate : Bootstrapping Spring Data Redis repositories in DEFAULT mode.
2025-01-16 19:02:16.083   INFO 20732 --- [           main] .s.d.r.c.RepositoryConfigurationDelegate : Finished Spring Data repository scanning in 12 ms. Found 0 Redis repository interfaces.
2025-01-16 19:02:16.873   INFO 20732 --- [           main] o.s.b.w.embedded.tomcat.TomcatWebServer  : Tomcat initialized with port(s): 1217 (http)
2025-01-16 19:02:16.882   INFO 20732 --- [           main] o.a.coyote.http11.Http11NioProtocol      : Initializing ProtocolHandler ["http-nio-1217"]
2025-01-16 19:02:16.883   INFO 20732 --- [           main] o.apache.catalina.core.StandardService   : Starting service [Tomcat]
2025-01-16 19:02:16.883   INFO 20732 --- [           main] org.apache.catalina.core.StandardEngine  : Starting Servlet engine: [Apache Tomcat/9.0.68]
2025-01-16 19:02:16.978   INFO 20732 --- [           main] o.a.c.c.C.[Tomcat].[localhost].[/]       : Initializing Spring embedded WebApplicationContext
2025-01-16 19:02:16.978   INFO 20732 --- [           main] w.s.c.ServletWebServerApplicationContext : Root WebApplicationContext: initialization completed in 1708 ms
2025-01-16 19:02:18.687   INFO 20732 --- [           main] o.s.b.a.w.s.WelcomePageHandlerMapping    : Adding welcome page: class path resource [static/index.html]
2025-01-16 19:02:19.234   INFO 20732 --- [           main] o.s.s.web.DefaultSecurityFilterChain     : Will secure any request with [org.springframework.security.web.context.request.async.WebAsyncManagerIntegrationFilter@7e9ed4df, org.springframework.security.web.context.SecurityContextPersistenceFilter@7f53b345, org.springframework.security.web.header.HeaderWriterFilter@6a261998, org.springframework.web.filter.CorsFilter@453e1bba, org.springframework.security.web.authentication.logout.LogoutFilter@e08d871, com.wms.filter.jwt.JwtAuthenticationTokenFilter@794d28a3, org.springframework.security.web.session.ConcurrentSessionFilter@78324e97, org.springframework.security.web.savedrequest.RequestCacheAwareFilter@656672fb, org.springframework.security.web.servletapi.SecurityContextHolderAwareRequestFilter@1a22c1ba, org.springframework.security.web.authentication.AnonymousAuthenticationFilter@aade5a2, org.springframework.security.web.session.SessionManagementFilter@34c07ecc, org.springframework.security.web.access.ExceptionTranslationFilter@4c6eaa65, org.springframework.security.web.access.intercept.FilterSecurityInterceptor@46507dda]
2025-01-16 19:02:19.316   INFO 20732 --- [           main] o.a.coyote.http11.Http11NioProtocol      : Starting ProtocolHandler ["http-nio-1217"]
2025-01-16 19:02:19.334   INFO 20732 --- [           main] o.s.b.w.embedded.tomcat.TomcatWebServer  : Tomcat started on port(s): 1217 (http) with context path ''
2025-01-16 19:02:19.752   INFO 20732 --- [           main] com.wms.WmsServerApplication             : Started WmsServerApplication in 4.917 seconds (JVM running for 5.73)
2025-01-16 19:03:48.847   INFO 20732 --- [nio-1217-exec-1] o.a.c.c.C.[Tomcat].[localhost].[/]       : Initializing Spring DispatcherServlet 'dispatcherServlet'
2025-01-16 19:03:48.847   INFO 20732 --- [nio-1217-exec-1] o.s.web.servlet.DispatcherServlet        : Initializing Servlet 'dispatcherServlet'
2025-01-16 19:03:48.848   INFO 20732 --- [nio-1217-exec-1] o.s.web.servlet.DispatcherServlet        : Completed initialization in 1 ms
2025-01-16 19:03:48.972   INFO 20732 --- [nio-1217-exec-1] com.alibaba.druid.pool.DruidDataSource   : {dataSource-1} inited
2025-01-16 21:48:35.735   INFO 20732 --- [ionShutdownHook] com.alibaba.druid.pool.DruidDataSource   : {dataSource-1} closing ...
2025-01-16 21:48:35.738   INFO 20732 --- [ionShutdownHook] com.alibaba.druid.pool.DruidDataSource   : {dataSource-1} closed
2025-01-16 21:48:45.043   INFO 11424 --- [           main] com.wms.WmsServerApplication             : Starting WmsServerApplication using Java 17.0.5 on Disney with PID 11424 (K:\GitHub\notes\project\wms-server\target\classes started by qe249 in K:\GitHub\notes\project\wms-server)
2025-01-16 21:48:45.047   INFO 11424 --- [           main] com.wms.WmsServerApplication             : The following 1 profile is active: "dev"
2025-01-16 21:48:47.153   INFO 11424 --- [           main] .s.d.r.c.RepositoryConfigurationDelegate : Multiple Spring Data modules found, entering strict repository configuration mode
2025-01-16 21:48:47.155   INFO 11424 --- [           main] .s.d.r.c.RepositoryConfigurationDelegate : Bootstrapping Spring Data Redis repositories in DEFAULT mode.
2025-01-16 21:48:47.188   INFO 11424 --- [           main] .s.d.r.c.RepositoryConfigurationDelegate : Finished Spring Data repository scanning in 16 ms. Found 0 Redis repository interfaces.
2025-01-16 21:48:48.253   INFO 11424 --- [           main] o.s.b.w.embedded.tomcat.TomcatWebServer  : Tomcat initialized with port(s): 1217 (http)
2025-01-16 21:48:48.263   INFO 11424 --- [           main] o.a.coyote.http11.Http11NioProtocol      : Initializing ProtocolHandler ["http-nio-1217"]
2025-01-16 21:48:48.264   INFO 11424 --- [           main] o.apache.catalina.core.StandardService   : Starting service [Tomcat]
2025-01-16 21:48:48.264   INFO 11424 --- [           main] org.apache.catalina.core.StandardEngine  : Starting Servlet engine: [Apache Tomcat/9.0.68]
2025-01-16 21:48:48.371   INFO 11424 --- [           main] o.a.c.c.C.[Tomcat].[localhost].[/]       : Initializing Spring embedded WebApplicationContext
2025-01-16 21:48:48.372   INFO 11424 --- [           main] w.s.c.ServletWebServerApplicationContext : Root WebApplicationContext: initialization completed in 3277 ms
2025-01-16 21:48:50.180   INFO 11424 --- [           main] o.s.b.a.w.s.WelcomePageHandlerMapping    : Adding welcome page: class path resource [static/index.html]
2025-01-16 21:48:50.813   INFO 11424 --- [           main] o.s.s.web.DefaultSecurityFilterChain     : Will secure any request with [org.springframework.security.web.context.request.async.WebAsyncManagerIntegrationFilter@556944cd, org.springframework.security.web.context.SecurityContextPersistenceFilter@25e24908, org.springframework.security.web.header.HeaderWriterFilter@29b0c169, org.springframework.web.filter.CorsFilter@370a935f, org.springframework.security.web.authentication.logout.LogoutFilter@37b1218, com.wms.filter.jwt.JwtAuthenticationTokenFilter@30c8c6ab, org.springframework.security.web.session.ConcurrentSessionFilter@656672fb, org.springframework.security.web.savedrequest.RequestCacheAwareFilter@8dc3019, org.springframework.security.web.servletapi.SecurityContextHolderAwareRequestFilter@6173863f, org.springframework.security.web.authentication.AnonymousAuthenticationFilter@7e017f47, org.springframework.security.web.session.SessionManagementFilter@75a6bd06, org.springframework.security.web.access.ExceptionTranslationFilter@78324e97, org.springframework.security.web.access.intercept.FilterSecurityInterceptor@514f2020]
2025-01-16 21:48:50.902   INFO 11424 --- [           main] o.a.coyote.http11.Http11NioProtocol      : Starting ProtocolHandler ["http-nio-1217"]
2025-01-16 21:48:50.923   INFO 11424 --- [           main] o.s.b.w.embedded.tomcat.TomcatWebServer  : Tomcat started on port(s): 1217 (http) with context path ''
2025-01-16 21:48:51.361   INFO 11424 --- [           main] com.wms.WmsServerApplication             : Started WmsServerApplication in 6.795 seconds (JVM running for 13.159)
2025-01-16 21:48:53.542   INFO 11424 --- [nio-1217-exec-1] o.a.c.c.C.[Tomcat].[localhost].[/]       : Initializing Spring DispatcherServlet 'dispatcherServlet'
2025-01-16 21:48:53.543   INFO 11424 --- [nio-1217-exec-1] o.s.web.servlet.DispatcherServlet        : Initializing Servlet 'dispatcherServlet'
2025-01-16 21:48:53.545   INFO 11424 --- [nio-1217-exec-1] o.s.web.servlet.DispatcherServlet        : Completed initialization in 2 ms
2025-01-16 21:48:53.823   INFO 11424 --- [nio-1217-exec-1] com.alibaba.druid.pool.DruidDataSource   : {dataSource-1} inited
2025-01-16 21:50:52.963   INFO 11424 --- [ionShutdownHook] com.alibaba.druid.pool.DruidDataSource   : {dataSource-1} closing ...
2025-01-16 21:50:52.969   INFO 11424 --- [ionShutdownHook] com.alibaba.druid.pool.DruidDataSource   : {dataSource-1} closed
2025-01-16 21:50:55.792   INFO 11660 --- [           main] com.wms.WmsServerApplication             : Starting WmsServerApplication using Java 17.0.5 on Disney with PID 11660 (K:\GitHub\notes\project\wms-server\target\classes started by qe249 in K:\GitHub\notes\project\wms-server)
2025-01-16 21:50:55.794   INFO 11660 --- [           main] com.wms.WmsServerApplication             : The following 1 profile is active: "dev"
2025-01-16 21:50:56.505   INFO 11660 --- [           main] .s.d.r.c.RepositoryConfigurationDelegate : Multiple Spring Data modules found, entering strict repository configuration mode
2025-01-16 21:50:56.507   INFO 11660 --- [           main] .s.d.r.c.RepositoryConfigurationDelegate : Bootstrapping Spring Data Redis repositories in DEFAULT mode.
2025-01-16 21:50:56.528   INFO 11660 --- [           main] .s.d.r.c.RepositoryConfigurationDelegate : Finished Spring Data repository scanning in 11 ms. Found 0 Redis repository interfaces.
2025-01-16 21:50:57.216   INFO 11660 --- [           main] o.s.b.w.embedded.tomcat.TomcatWebServer  : Tomcat initialized with port(s): 1217 (http)
2025-01-16 21:50:57.223   INFO 11660 --- [           main] o.a.coyote.http11.Http11NioProtocol      : Initializing ProtocolHandler ["http-nio-1217"]
2025-01-16 21:50:57.224   INFO 11660 --- [           main] o.apache.catalina.core.StandardService   : Starting service [Tomcat]
2025-01-16 21:50:57.224   INFO 11660 --- [           main] org.apache.catalina.core.StandardEngine  : Starting Servlet engine: [Apache Tomcat/9.0.68]
2025-01-16 21:50:57.304   INFO 11660 --- [           main] o.a.c.c.C.[Tomcat].[localhost].[/]       : Initializing Spring embedded WebApplicationContext
2025-01-16 21:50:57.304   INFO 11660 --- [           main] w.s.c.ServletWebServerApplicationContext : Root WebApplicationContext: initialization completed in 1469 ms
2025-01-16 21:50:58.964   INFO 11660 --- [           main] o.s.b.a.w.s.WelcomePageHandlerMapping    : Adding welcome page: class path resource [static/index.html]
2025-01-16 21:50:59.414   INFO 11660 --- [           main] o.s.s.web.DefaultSecurityFilterChain     : Will secure any request with [org.springframework.security.web.context.request.async.WebAsyncManagerIntegrationFilter@1a53ac0c, org.springframework.security.web.context.SecurityContextPersistenceFilter@77622c82, org.springframework.security.web.header.HeaderWriterFilter@7c0a6f62, org.springframework.web.filter.CorsFilter@7fdf7359, org.springframework.security.web.authentication.logout.LogoutFilter@3fb0d9de, com.wms.filter.jwt.JwtAuthenticationTokenFilter@794d28a3, org.springframework.security.web.session.ConcurrentSessionFilter@49770ef9, org.springframework.security.web.savedrequest.RequestCacheAwareFilter@27b7e663, org.springframework.security.web.servletapi.SecurityContextHolderAwareRequestFilter@76ee7301, org.springframework.security.web.authentication.AnonymousAuthenticationFilter@4a36a35d, org.springframework.security.web.session.SessionManagementFilter@4feaa4b8, org.springframework.security.web.access.ExceptionTranslationFilter@1ddc889b, org.springframework.security.web.access.intercept.FilterSecurityInterceptor@8ab231]
2025-01-16 21:50:59.487   INFO 11660 --- [           main] o.a.coyote.http11.Http11NioProtocol      : Starting ProtocolHandler ["http-nio-1217"]
2025-01-16 21:50:59.503   INFO 11660 --- [           main] o.s.b.w.embedded.tomcat.TomcatWebServer  : Tomcat started on port(s): 1217 (http) with context path ''
2025-01-16 21:50:59.890   INFO 11660 --- [           main] com.wms.WmsServerApplication             : Started WmsServerApplication in 4.476 seconds (JVM running for 5.626)
2025-01-16 21:51:19.356   INFO 11660 --- [nio-1217-exec-1] o.a.c.c.C.[Tomcat].[localhost].[/]       : Initializing Spring DispatcherServlet 'dispatcherServlet'
2025-01-16 21:51:19.356   INFO 11660 --- [nio-1217-exec-1] o.s.web.servlet.DispatcherServlet        : Initializing Servlet 'dispatcherServlet'
2025-01-16 21:51:19.357   INFO 11660 --- [nio-1217-exec-1] o.s.web.servlet.DispatcherServlet        : Completed initialization in 1 ms
2025-01-16 21:51:19.513   INFO 11660 --- [nio-1217-exec-1] com.alibaba.druid.pool.DruidDataSource   : {dataSource-1} inited
