2025-01-16 18:30:40.581   WARN 21828 --- [           main] d.s.r.o.OperationImplicitParameterReader : Unable to interpret the implicit parameter configuration with dataType: , dataTypeClass: class java.lang.Void
2025-01-16 18:30:40.689   WARN 21828 --- [           main] d.s.r.o.OperationImplicitParameterReader : Unable to interpret the implicit parameter configuration with dataType: , dataTypeClass: class java.lang.Void
2025-01-16 18:30:40.699   WARN 21828 --- [           main] d.s.r.o.OperationImplicitParameterReader : Unable to interpret the implicit parameter configuration with dataType: , dataTypeClass: class java.lang.Void
2025-01-16 18:30:40.757   WARN 21828 --- [           main] d.s.r.o.OperationImplicitParameterReader : Unable to interpret the implicit parameter configuration with dataType: , dataTypeClass: class java.lang.Void
2025-01-16 18:30:40.812   WARN 21828 --- [           main] d.s.r.o.OperationImplicitParameterReader : Unable to interpret the implicit parameter configuration with dataType: , dataTypeClass: class java.lang.Void
2025-01-16 18:30:40.822   WARN 21828 --- [           main] d.s.r.o.OperationImplicitParameterReader : Unable to interpret the implicit parameter configuration with dataType: , dataTypeClass: class java.lang.Void
2025-01-16 18:30:40.896   WARN 21828 --- [           main] d.s.r.o.OperationImplicitParameterReader : Unable to interpret the implicit parameter configuration with dataType: , dataTypeClass: class java.lang.Void
2025-01-16 18:30:40.907   WARN 21828 --- [           main] d.s.r.o.OperationImplicitParameterReader : Unable to interpret the implicit parameter configuration with dataType: , dataTypeClass: class java.lang.Void
2025-01-16 18:30:40.918   WARN 21828 --- [           main] d.s.r.o.OperationImplicitParameterReader : Unable to interpret the implicit parameter configuration with dataType: , dataTypeClass: class java.lang.Void
2025-01-16 18:30:40.947   WARN 21828 --- [           main] d.s.r.o.OperationImplicitParameterReader : Unable to interpret the implicit parameter configuration with dataType: , dataTypeClass: class java.lang.Void
2025-01-16 18:30:40.955   WARN 21828 --- [           main] d.s.r.o.OperationImplicitParameterReader : Unable to interpret the implicit parameter configuration with dataType: , dataTypeClass: class java.lang.Void
2025-01-16 18:30:40.960   WARN 21828 --- [           main] d.s.r.o.OperationImplicitParameterReader : Unable to interpret the implicit parameter configuration with dataType: , dataTypeClass: class java.lang.Void
2025-01-16 18:30:40.964   WARN 21828 --- [           main] d.s.r.o.OperationImplicitParameterReader : Unable to interpret the implicit parameter configuration with dataType: , dataTypeClass: class java.lang.Void
2025-01-16 18:30:40.996   WARN 21828 --- [           main] d.s.r.o.OperationImplicitParameterReader : Unable to interpret the implicit parameter configuration with dataType: , dataTypeClass: class java.lang.Void
2025-01-16 18:30:41.004   WARN 21828 --- [           main] d.s.r.o.OperationImplicitParameterReader : Unable to interpret the implicit parameter configuration with dataType: , dataTypeClass: class java.lang.Void
2025-01-16 18:30:41.007   WARN 21828 --- [           main] d.s.r.o.OperationImplicitParameterReader : Unable to interpret the implicit parameter configuration with dataType: , dataTypeClass: class java.lang.Void
2025-01-16 18:30:41.037   WARN 21828 --- [           main] d.s.r.o.OperationImplicitParameterReader : Unable to interpret the implicit parameter configuration with dataType: , dataTypeClass: class java.lang.Void
2025-01-16 18:30:41.063   WARN 21828 --- [           main] d.s.r.o.OperationImplicitParameterReader : Unable to interpret the implicit parameter configuration with dataType: , dataTypeClass: class java.lang.Void
2025-01-16 18:30:41.083   WARN 21828 --- [           main] d.s.r.o.OperationImplicitParameterReader : Unable to interpret the implicit parameter configuration with dataType: , dataTypeClass: class java.lang.Void
2025-01-16 18:30:41.096   WARN 21828 --- [           main] d.s.r.o.OperationImplicitParameterReader : Unable to interpret the implicit parameter configuration with dataType: , dataTypeClass: class java.lang.Void
2025-01-16 18:30:41.101   WARN 21828 --- [           main] d.s.r.o.OperationImplicitParameterReader : Unable to interpret the implicit parameter configuration with dataType: , dataTypeClass: class java.lang.Void
2025-01-16 18:30:41.114   WARN 21828 --- [           main] d.s.r.o.OperationImplicitParameterReader : Unable to interpret the implicit parameter configuration with dataType: , dataTypeClass: class java.lang.Void
2025-01-16 18:30:41.129   WARN 21828 --- [           main] d.s.r.o.OperationImplicitParameterReader : Unable to interpret the implicit parameter configuration with dataType: , dataTypeClass: class java.lang.Void
2025-01-16 18:30:41.143   WARN 21828 --- [           main] d.s.r.o.OperationImplicitParameterReader : Unable to interpret the implicit parameter configuration with dataType: , dataTypeClass: class java.lang.Void
2025-01-16 18:30:41.146   WARN 21828 --- [           main] d.s.r.o.OperationImplicitParameterReader : Unable to interpret the implicit parameter configuration with dataType: , dataTypeClass: class java.lang.Void
2025-01-16 18:30:41.150   WARN 21828 --- [           main] d.s.r.o.OperationImplicitParameterReader : Unable to interpret the implicit parameter configuration with dataType: , dataTypeClass: class java.lang.Void
2025-01-16 18:30:41.163   WARN 21828 --- [           main] d.s.r.o.OperationImplicitParameterReader : Unable to interpret the implicit parameter configuration with dataType: , dataTypeClass: class java.lang.Void
2025-01-16 19:01:55.843   WARN 14848 --- [           main] ConfigServletWebServerApplicationContext : Exception encountered during context initialization - cancelling refresh attempt: org.springframework.context.ApplicationContextException: Unable to start web server; nested exception is org.springframework.boot.web.server.WebServerException: Unable to start embedded Tomcat
2025-01-16 19:02:17.358   WARN 20732 --- [           main] c.b.m.core.injector.AbstractMethod       : [com.wms.dao.LogRecordDao.update] Has been loaded by XML or SqlProvider or Mybatis's Annotation, so ignoring this injection for [class com.baomidou.mybatisplus.core.injector.methods.Update]
2025-01-16 19:02:17.402   WARN 20732 --- [           main] c.b.m.core.injector.AbstractMethod       : [com.wms.dao.MemberDao.update] Has been loaded by XML or SqlProvider or Mybatis's Annotation, so ignoring this injection for [class com.baomidou.mybatisplus.core.injector.methods.Update]
2025-01-16 19:02:17.450   WARN 20732 --- [           main] c.b.m.core.injector.AbstractMethod       : [com.wms.dao.MemberRoleDao.update] Has been loaded by XML or SqlProvider or Mybatis's Annotation, so ignoring this injection for [class com.baomidou.mybatisplus.core.injector.methods.Update]
2025-01-16 19:02:17.477   WARN 20732 --- [           main] c.b.m.core.injector.AbstractMethod       : [com.wms.dao.ParamKeyDao.update] Has been loaded by XML or SqlProvider or Mybatis's Annotation, so ignoring this injection for [class com.baomidou.mybatisplus.core.injector.methods.Update]
2025-01-16 19:02:17.503   WARN 20732 --- [           main] c.b.m.core.injector.AbstractMethod       : [com.wms.dao.PermissionsDao.update] Has been loaded by XML or SqlProvider or Mybatis's Annotation, so ignoring this injection for [class com.baomidou.mybatisplus.core.injector.methods.Update]
2025-01-16 19:02:17.535   WARN 20732 --- [           main] c.b.m.core.injector.AbstractMethod       : [com.wms.dao.RoleDao.update] Has been loaded by XML or SqlProvider or Mybatis's Annotation, so ignoring this injection for [class com.baomidou.mybatisplus.core.injector.methods.Update]
2025-01-16 19:02:17.565   WARN 20732 --- [           main] c.b.m.core.injector.AbstractMethod       : [com.wms.dao.RolePermissionsDao.update] Has been loaded by XML or SqlProvider or Mybatis's Annotation, so ignoring this injection for [class com.baomidou.mybatisplus.core.injector.methods.Update]
2025-01-16 19:02:19.543   WARN 20732 --- [           main] d.s.r.o.OperationImplicitParameterReader : Unable to interpret the implicit parameter configuration with dataType: , dataTypeClass: class java.lang.Void
2025-01-16 19:02:19.553   WARN 20732 --- [           main] d.s.r.o.OperationImplicitParameterReader : Unable to interpret the implicit parameter configuration with dataType: , dataTypeClass: class java.lang.Void
2025-01-16 19:02:19.558   WARN 20732 --- [           main] d.s.r.o.OperationImplicitParameterReader : Unable to interpret the implicit parameter configuration with dataType: , dataTypeClass: class java.lang.Void
2025-01-16 19:02:19.573   WARN 20732 --- [           main] d.s.r.o.OperationImplicitParameterReader : Unable to interpret the implicit parameter configuration with dataType: , dataTypeClass: class java.lang.Void
2025-01-16 19:02:19.598   WARN 20732 --- [           main] d.s.r.o.OperationImplicitParameterReader : Unable to interpret the implicit parameter configuration with dataType: , dataTypeClass: class java.lang.Void
2025-01-16 19:02:19.603   WARN 20732 --- [           main] d.s.r.o.OperationImplicitParameterReader : Unable to interpret the implicit parameter configuration with dataType: , dataTypeClass: class java.lang.Void
2025-01-16 19:02:19.612   WARN 20732 --- [           main] d.s.r.o.OperationImplicitParameterReader : Unable to interpret the implicit parameter configuration with dataType: , dataTypeClass: class java.lang.Void
2025-01-16 19:02:19.616   WARN 20732 --- [           main] d.s.r.o.OperationImplicitParameterReader : Unable to interpret the implicit parameter configuration with dataType: , dataTypeClass: class java.lang.Void
2025-01-16 19:02:19.619   WARN 20732 --- [           main] d.s.r.o.OperationImplicitParameterReader : Unable to interpret the implicit parameter configuration with dataType: , dataTypeClass: class java.lang.Void
2025-01-16 19:02:19.627   WARN 20732 --- [           main] d.s.r.o.OperationImplicitParameterReader : Unable to interpret the implicit parameter configuration with dataType: , dataTypeClass: class java.lang.Void
2025-01-16 19:02:19.633   WARN 20732 --- [           main] d.s.r.o.OperationImplicitParameterReader : Unable to interpret the implicit parameter configuration with dataType: , dataTypeClass: class java.lang.Void
2025-01-16 19:02:19.635   WARN 20732 --- [           main] d.s.r.o.OperationImplicitParameterReader : Unable to interpret the implicit parameter configuration with dataType: , dataTypeClass: class java.lang.Void
2025-01-16 19:02:19.637   WARN 20732 --- [           main] d.s.r.o.OperationImplicitParameterReader : Unable to interpret the implicit parameter configuration with dataType: , dataTypeClass: class java.lang.Void
2025-01-16 19:02:19.646   WARN 20732 --- [           main] d.s.r.o.OperationImplicitParameterReader : Unable to interpret the implicit parameter configuration with dataType: , dataTypeClass: class java.lang.Void
2025-01-16 19:02:19.654   WARN 20732 --- [           main] d.s.r.o.OperationImplicitParameterReader : Unable to interpret the implicit parameter configuration with dataType: , dataTypeClass: class java.lang.Void
2025-01-16 19:02:19.658   WARN 20732 --- [           main] d.s.r.o.OperationImplicitParameterReader : Unable to interpret the implicit parameter configuration with dataType: , dataTypeClass: class java.lang.Void
2025-01-16 19:02:19.665   WARN 20732 --- [           main] d.s.r.o.OperationImplicitParameterReader : Unable to interpret the implicit parameter configuration with dataType: , dataTypeClass: class java.lang.Void
2025-01-16 19:02:19.675   WARN 20732 --- [           main] d.s.r.o.OperationImplicitParameterReader : Unable to interpret the implicit parameter configuration with dataType: , dataTypeClass: class java.lang.Void
2025-01-16 19:02:19.685   WARN 20732 --- [           main] d.s.r.o.OperationImplicitParameterReader : Unable to interpret the implicit parameter configuration with dataType: , dataTypeClass: class java.lang.Void
2025-01-16 19:02:19.689   WARN 20732 --- [           main] d.s.r.o.OperationImplicitParameterReader : Unable to interpret the implicit parameter configuration with dataType: , dataTypeClass: class java.lang.Void
2025-01-16 19:02:19.691   WARN 20732 --- [           main] d.s.r.o.OperationImplicitParameterReader : Unable to interpret the implicit parameter configuration with dataType: , dataTypeClass: class java.lang.Void
2025-01-16 19:02:19.697   WARN 20732 --- [           main] d.s.r.o.OperationImplicitParameterReader : Unable to interpret the implicit parameter configuration with dataType: , dataTypeClass: class java.lang.Void
2025-01-16 19:02:19.705   WARN 20732 --- [           main] d.s.r.o.OperationImplicitParameterReader : Unable to interpret the implicit parameter configuration with dataType: , dataTypeClass: class java.lang.Void
2025-01-16 19:02:19.710   WARN 20732 --- [           main] d.s.r.o.OperationImplicitParameterReader : Unable to interpret the implicit parameter configuration with dataType: , dataTypeClass: class java.lang.Void
2025-01-16 19:02:19.713   WARN 20732 --- [           main] d.s.r.o.OperationImplicitParameterReader : Unable to interpret the implicit parameter configuration with dataType: , dataTypeClass: class java.lang.Void
2025-01-16 19:02:19.715   WARN 20732 --- [           main] d.s.r.o.OperationImplicitParameterReader : Unable to interpret the implicit parameter configuration with dataType: , dataTypeClass: class java.lang.Void
2025-01-16 19:02:19.721   WARN 20732 --- [           main] d.s.r.o.OperationImplicitParameterReader : Unable to interpret the implicit parameter configuration with dataType: , dataTypeClass: class java.lang.Void
2025-01-16 19:04:56.954   WARN 20732 --- [nio-1217-exec-3] c.a.druid.pool.DruidAbstractDataSource   : discard long time none received connection. , jdbcUrl : jdbc:mysql://localhost:3306/wms-server?useUnicode=true&characterEncoding=UTF-8&useSSL=false&serverTimezone=Asia/Shanghai, version : 1.2.8, lastPacketReceivedIdleMillis : 65706
2025-01-16 21:14:18.835   WARN 20732 --- [nio-1217-exec-1] c.a.druid.pool.DruidAbstractDataSource   : discard long time none received connection. , jdbcUrl : jdbc:mysql://localhost:3306/wms-server?useUnicode=true&characterEncoding=UTF-8&useSSL=false&serverTimezone=Asia/Shanghai, version : 1.2.8, lastPacketReceivedIdleMillis : 396307
2025-01-16 21:14:18.836   WARN 20732 --- [nio-1217-exec-1] c.a.druid.pool.DruidAbstractDataSource   : discard long time none received connection. , jdbcUrl : jdbc:mysql://localhost:3306/wms-server?useUnicode=true&characterEncoding=UTF-8&useSSL=false&serverTimezone=Asia/Shanghai, version : 1.2.8, lastPacketReceivedIdleMillis : 396322
2025-01-16 21:15:28.620   WARN 20732 --- [nio-1217-exec-3] c.a.druid.pool.DruidAbstractDataSource   : discard long time none received connection. , jdbcUrl : jdbc:mysql://localhost:3306/wms-server?useUnicode=true&characterEncoding=UTF-8&useSSL=false&serverTimezone=Asia/Shanghai, version : 1.2.8, lastPacketReceivedIdleMillis : 69750
2025-01-16 21:17:24.405   WARN 20732 --- [nio-1217-exec-8] c.a.druid.pool.DruidAbstractDataSource   : discard long time none received connection. , jdbcUrl : jdbc:mysql://localhost:3306/wms-server?useUnicode=true&characterEncoding=UTF-8&useSSL=false&serverTimezone=Asia/Shanghai, version : 1.2.8, lastPacketReceivedIdleMillis : 115752
2025-01-16 21:18:27.691   WARN 20732 --- [nio-1217-exec-3] c.a.druid.pool.DruidAbstractDataSource   : discard long time none received connection. , jdbcUrl : jdbc:mysql://localhost:3306/wms-server?useUnicode=true&characterEncoding=UTF-8&useSSL=false&serverTimezone=Asia/Shanghai, version : 1.2.8, lastPacketReceivedIdleMillis : 60587
2025-01-16 21:18:27.691   WARN 20732 --- [nio-1217-exec-3] c.a.druid.pool.DruidAbstractDataSource   : discard long time none received connection. , jdbcUrl : jdbc:mysql://localhost:3306/wms-server?useUnicode=true&characterEncoding=UTF-8&useSSL=false&serverTimezone=Asia/Shanghai, version : 1.2.8, lastPacketReceivedIdleMillis : 60603
2025-01-16 21:23:49.973   WARN 20732 --- [nio-1217-exec-6] c.a.druid.pool.DruidAbstractDataSource   : discard long time none received connection. , jdbcUrl : jdbc:mysql://localhost:3306/wms-server?useUnicode=true&characterEncoding=UTF-8&useSSL=false&serverTimezone=Asia/Shanghai, version : 1.2.8, lastPacketReceivedIdleMillis : 259850
2025-01-16 21:23:49.973   WARN 20732 --- [nio-1217-exec-6] c.a.druid.pool.DruidAbstractDataSource   : discard long time none received connection. , jdbcUrl : jdbc:mysql://localhost:3306/wms-server?useUnicode=true&characterEncoding=UTF-8&useSSL=false&serverTimezone=Asia/Shanghai, version : 1.2.8, lastPacketReceivedIdleMillis : 273545
2025-01-16 21:23:49.974   WARN 20732 --- [nio-1217-exec-6] c.a.druid.pool.DruidAbstractDataSource   : discard long time none received connection. , jdbcUrl : jdbc:mysql://localhost:3306/wms-server?useUnicode=true&characterEncoding=UTF-8&useSSL=false&serverTimezone=Asia/Shanghai, version : 1.2.8, lastPacketReceivedIdleMillis : 273545
2025-01-16 21:26:07.748   WARN 20732 --- [nio-1217-exec-5] c.a.druid.pool.DruidAbstractDataSource   : discard long time none received connection. , jdbcUrl : jdbc:mysql://localhost:3306/wms-server?useUnicode=true&characterEncoding=UTF-8&useSSL=false&serverTimezone=Asia/Shanghai, version : 1.2.8, lastPacketReceivedIdleMillis : 134676
2025-01-16 21:26:07.748   WARN 20732 --- [nio-1217-exec-5] c.a.druid.pool.DruidAbstractDataSource   : discard long time none received connection. , jdbcUrl : jdbc:mysql://localhost:3306/wms-server?useUnicode=true&characterEncoding=UTF-8&useSSL=false&serverTimezone=Asia/Shanghai, version : 1.2.8, lastPacketReceivedIdleMillis : 134695
2025-01-16 21:41:04.401   WARN 20732 --- [nio-1217-exec-8] c.a.druid.pool.DruidAbstractDataSource   : discard long time none received connection. , jdbcUrl : jdbc:mysql://localhost:3306/wms-server?useUnicode=true&characterEncoding=UTF-8&useSSL=false&serverTimezone=Asia/Shanghai, version : 1.2.8, lastPacketReceivedIdleMillis : 846611
2025-01-16 21:41:04.402   WARN 20732 --- [nio-1217-exec-8] c.a.druid.pool.DruidAbstractDataSource   : discard long time none received connection. , jdbcUrl : jdbc:mysql://localhost:3306/wms-server?useUnicode=true&characterEncoding=UTF-8&useSSL=false&serverTimezone=Asia/Shanghai, version : 1.2.8, lastPacketReceivedIdleMillis : 846631
2025-01-16 21:41:04.403   WARN 20732 --- [nio-1217-exec-8] c.a.druid.pool.DruidAbstractDataSource   : discard long time none received connection. , jdbcUrl : jdbc:mysql://localhost:3306/wms-server?useUnicode=true&characterEncoding=UTF-8&useSSL=false&serverTimezone=Asia/Shanghai, version : 1.2.8, lastPacketReceivedIdleMillis : 857708
2025-01-16 21:47:03.685   WARN 20732 --- [nio-1217-exec-8] c.a.druid.pool.DruidAbstractDataSource   : discard long time none received connection. , jdbcUrl : jdbc:mysql://localhost:3306/wms-server?useUnicode=true&characterEncoding=UTF-8&useSSL=false&serverTimezone=Asia/Shanghai, version : 1.2.8, lastPacketReceivedIdleMillis : 188713
2025-01-16 21:47:03.686   WARN 20732 --- [nio-1217-exec-8] c.a.druid.pool.DruidAbstractDataSource   : discard long time none received connection. , jdbcUrl : jdbc:mysql://localhost:3306/wms-server?useUnicode=true&characterEncoding=UTF-8&useSSL=false&serverTimezone=Asia/Shanghai, version : 1.2.8, lastPacketReceivedIdleMillis : 230233
2025-01-16 21:47:03.686   WARN 20732 --- [nio-1217-exec-8] c.a.druid.pool.DruidAbstractDataSource   : discard long time none received connection. , jdbcUrl : jdbc:mysql://localhost:3306/wms-server?useUnicode=true&characterEncoding=UTF-8&useSSL=false&serverTimezone=Asia/Shanghai, version : 1.2.8, lastPacketReceivedIdleMillis : 230233
2025-01-16 21:48:48.791   WARN 11424 --- [           main] c.b.m.core.injector.AbstractMethod       : [com.wms.dao.LogRecordDao.update] Has been loaded by XML or SqlProvider or Mybatis's Annotation, so ignoring this injection for [class com.baomidou.mybatisplus.core.injector.methods.Update]
2025-01-16 21:48:48.848   WARN 11424 --- [           main] c.b.m.core.injector.AbstractMethod       : [com.wms.dao.MemberDao.update] Has been loaded by XML or SqlProvider or Mybatis's Annotation, so ignoring this injection for [class com.baomidou.mybatisplus.core.injector.methods.Update]
2025-01-16 21:48:48.903   WARN 11424 --- [           main] c.b.m.core.injector.AbstractMethod       : [com.wms.dao.MemberRoleDao.update] Has been loaded by XML or SqlProvider or Mybatis's Annotation, so ignoring this injection for [class com.baomidou.mybatisplus.core.injector.methods.Update]
2025-01-16 21:48:48.939   WARN 11424 --- [           main] c.b.m.core.injector.AbstractMethod       : [com.wms.dao.ParamKeyDao.update] Has been loaded by XML or SqlProvider or Mybatis's Annotation, so ignoring this injection for [class com.baomidou.mybatisplus.core.injector.methods.Update]
2025-01-16 21:48:48.969   WARN 11424 --- [           main] c.b.m.core.injector.AbstractMethod       : [com.wms.dao.PermissionsDao.update] Has been loaded by XML or SqlProvider or Mybatis's Annotation, so ignoring this injection for [class com.baomidou.mybatisplus.core.injector.methods.Update]
2025-01-16 21:48:49.005   WARN 11424 --- [           main] c.b.m.core.injector.AbstractMethod       : [com.wms.dao.RoleDao.update] Has been loaded by XML or SqlProvider or Mybatis's Annotation, so ignoring this injection for [class com.baomidou.mybatisplus.core.injector.methods.Update]
2025-01-16 21:48:49.048   WARN 11424 --- [           main] c.b.m.core.injector.AbstractMethod       : [com.wms.dao.RolePermissionsDao.update] Has been loaded by XML or SqlProvider or Mybatis's Annotation, so ignoring this injection for [class com.baomidou.mybatisplus.core.injector.methods.Update]
2025-01-16 21:48:51.147   WARN 11424 --- [           main] d.s.r.o.OperationImplicitParameterReader : Unable to interpret the implicit parameter configuration with dataType: , dataTypeClass: class java.lang.Void
2025-01-16 21:48:51.160   WARN 11424 --- [           main] d.s.r.o.OperationImplicitParameterReader : Unable to interpret the implicit parameter configuration with dataType: , dataTypeClass: class java.lang.Void
2025-01-16 21:48:51.164   WARN 11424 --- [           main] d.s.r.o.OperationImplicitParameterReader : Unable to interpret the implicit parameter configuration with dataType: , dataTypeClass: class java.lang.Void
2025-01-16 21:48:51.179   WARN 11424 --- [           main] d.s.r.o.OperationImplicitParameterReader : Unable to interpret the implicit parameter configuration with dataType: , dataTypeClass: class java.lang.Void
2025-01-16 21:48:51.204   WARN 11424 --- [           main] d.s.r.o.OperationImplicitParameterReader : Unable to interpret the implicit parameter configuration with dataType: , dataTypeClass: class java.lang.Void
2025-01-16 21:48:51.208   WARN 11424 --- [           main] d.s.r.o.OperationImplicitParameterReader : Unable to interpret the implicit parameter configuration with dataType: , dataTypeClass: class java.lang.Void
2025-01-16 21:48:51.220   WARN 11424 --- [           main] d.s.r.o.OperationImplicitParameterReader : Unable to interpret the implicit parameter configuration with dataType: , dataTypeClass: class java.lang.Void
2025-01-16 21:48:51.222   WARN 11424 --- [           main] d.s.r.o.OperationImplicitParameterReader : Unable to interpret the implicit parameter configuration with dataType: , dataTypeClass: class java.lang.Void
2025-01-16 21:48:51.225   WARN 11424 --- [           main] d.s.r.o.OperationImplicitParameterReader : Unable to interpret the implicit parameter configuration with dataType: , dataTypeClass: class java.lang.Void
2025-01-16 21:48:51.234   WARN 11424 --- [           main] d.s.r.o.OperationImplicitParameterReader : Unable to interpret the implicit parameter configuration with dataType: , dataTypeClass: class java.lang.Void
2025-01-16 21:48:51.239   WARN 11424 --- [           main] d.s.r.o.OperationImplicitParameterReader : Unable to interpret the implicit parameter configuration with dataType: , dataTypeClass: class java.lang.Void
2025-01-16 21:48:51.241   WARN 11424 --- [           main] d.s.r.o.OperationImplicitParameterReader : Unable to interpret the implicit parameter configuration with dataType: , dataTypeClass: class java.lang.Void
2025-01-16 21:48:51.243   WARN 11424 --- [           main] d.s.r.o.OperationImplicitParameterReader : Unable to interpret the implicit parameter configuration with dataType: , dataTypeClass: class java.lang.Void
2025-01-16 21:48:51.252   WARN 11424 --- [           main] d.s.r.o.OperationImplicitParameterReader : Unable to interpret the implicit parameter configuration with dataType: , dataTypeClass: class java.lang.Void
2025-01-16 21:48:51.258   WARN 11424 --- [           main] d.s.r.o.OperationImplicitParameterReader : Unable to interpret the implicit parameter configuration with dataType: , dataTypeClass: class java.lang.Void
2025-01-16 21:48:51.262   WARN 11424 --- [           main] d.s.r.o.OperationImplicitParameterReader : Unable to interpret the implicit parameter configuration with dataType: , dataTypeClass: class java.lang.Void
2025-01-16 21:48:51.271   WARN 11424 --- [           main] d.s.r.o.OperationImplicitParameterReader : Unable to interpret the implicit parameter configuration with dataType: , dataTypeClass: class java.lang.Void
2025-01-16 21:48:51.281   WARN 11424 --- [           main] d.s.r.o.OperationImplicitParameterReader : Unable to interpret the implicit parameter configuration with dataType: , dataTypeClass: class java.lang.Void
2025-01-16 21:48:51.290   WARN 11424 --- [           main] d.s.r.o.OperationImplicitParameterReader : Unable to interpret the implicit parameter configuration with dataType: , dataTypeClass: class java.lang.Void
2025-01-16 21:48:51.295   WARN 11424 --- [           main] d.s.r.o.OperationImplicitParameterReader : Unable to interpret the implicit parameter configuration with dataType: , dataTypeClass: class java.lang.Void
2025-01-16 21:48:51.297   WARN 11424 --- [           main] d.s.r.o.OperationImplicitParameterReader : Unable to interpret the implicit parameter configuration with dataType: , dataTypeClass: class java.lang.Void
2025-01-16 21:48:51.302   WARN 11424 --- [           main] d.s.r.o.OperationImplicitParameterReader : Unable to interpret the implicit parameter configuration with dataType: , dataTypeClass: class java.lang.Void
2025-01-16 21:48:51.310   WARN 11424 --- [           main] d.s.r.o.OperationImplicitParameterReader : Unable to interpret the implicit parameter configuration with dataType: , dataTypeClass: class java.lang.Void
2025-01-16 21:48:51.314   WARN 11424 --- [           main] d.s.r.o.OperationImplicitParameterReader : Unable to interpret the implicit parameter configuration with dataType: , dataTypeClass: class java.lang.Void
2025-01-16 21:48:51.317   WARN 11424 --- [           main] d.s.r.o.OperationImplicitParameterReader : Unable to interpret the implicit parameter configuration with dataType: , dataTypeClass: class java.lang.Void
2025-01-16 21:48:51.321   WARN 11424 --- [           main] d.s.r.o.OperationImplicitParameterReader : Unable to interpret the implicit parameter configuration with dataType: , dataTypeClass: class java.lang.Void
2025-01-16 21:48:51.328   WARN 11424 --- [           main] d.s.r.o.OperationImplicitParameterReader : Unable to interpret the implicit parameter configuration with dataType: , dataTypeClass: class java.lang.Void
2025-01-16 21:50:57.659   WARN 11660 --- [           main] c.b.m.core.injector.AbstractMethod       : [com.wms.dao.LogRecordDao.update] Has been loaded by XML or SqlProvider or Mybatis's Annotation, so ignoring this injection for [class com.baomidou.mybatisplus.core.injector.methods.Update]
2025-01-16 21:50:57.711   WARN 11660 --- [           main] c.b.m.core.injector.AbstractMethod       : [com.wms.dao.MemberDao.update] Has been loaded by XML or SqlProvider or Mybatis's Annotation, so ignoring this injection for [class com.baomidou.mybatisplus.core.injector.methods.Update]
2025-01-16 21:50:57.747   WARN 11660 --- [           main] c.b.m.core.injector.AbstractMethod       : [com.wms.dao.MemberRoleDao.update] Has been loaded by XML or SqlProvider or Mybatis's Annotation, so ignoring this injection for [class com.baomidou.mybatisplus.core.injector.methods.Update]
2025-01-16 21:50:57.773   WARN 11660 --- [           main] c.b.m.core.injector.AbstractMethod       : [com.wms.dao.ParamKeyDao.update] Has been loaded by XML or SqlProvider or Mybatis's Annotation, so ignoring this injection for [class com.baomidou.mybatisplus.core.injector.methods.Update]
2025-01-16 21:50:57.799   WARN 11660 --- [           main] c.b.m.core.injector.AbstractMethod       : [com.wms.dao.PermissionsDao.update] Has been loaded by XML or SqlProvider or Mybatis's Annotation, so ignoring this injection for [class com.baomidou.mybatisplus.core.injector.methods.Update]
2025-01-16 21:50:57.829   WARN 11660 --- [           main] c.b.m.core.injector.AbstractMethod       : [com.wms.dao.RoleDao.update] Has been loaded by XML or SqlProvider or Mybatis's Annotation, so ignoring this injection for [class com.baomidou.mybatisplus.core.injector.methods.Update]
2025-01-16 21:50:57.858   WARN 11660 --- [           main] c.b.m.core.injector.AbstractMethod       : [com.wms.dao.RolePermissionsDao.update] Has been loaded by XML or SqlProvider or Mybatis's Annotation, so ignoring this injection for [class com.baomidou.mybatisplus.core.injector.methods.Update]
2025-01-16 21:50:59.694   WARN 11660 --- [           main] d.s.r.o.OperationImplicitParameterReader : Unable to interpret the implicit parameter configuration with dataType: , dataTypeClass: class java.lang.Void
2025-01-16 21:50:59.707   WARN 11660 --- [           main] d.s.r.o.OperationImplicitParameterReader : Unable to interpret the implicit parameter configuration with dataType: , dataTypeClass: class java.lang.Void
2025-01-16 21:50:59.710   WARN 11660 --- [           main] d.s.r.o.OperationImplicitParameterReader : Unable to interpret the implicit parameter configuration with dataType: , dataTypeClass: class java.lang.Void
2025-01-16 21:50:59.724   WARN 11660 --- [           main] d.s.r.o.OperationImplicitParameterReader : Unable to interpret the implicit parameter configuration with dataType: , dataTypeClass: class java.lang.Void
2025-01-16 21:50:59.748   WARN 11660 --- [           main] d.s.r.o.OperationImplicitParameterReader : Unable to interpret the implicit parameter configuration with dataType: , dataTypeClass: class java.lang.Void
2025-01-16 21:50:59.754   WARN 11660 --- [           main] d.s.r.o.OperationImplicitParameterReader : Unable to interpret the implicit parameter configuration with dataType: , dataTypeClass: class java.lang.Void
2025-01-16 21:50:59.763   WARN 11660 --- [           main] d.s.r.o.OperationImplicitParameterReader : Unable to interpret the implicit parameter configuration with dataType: , dataTypeClass: class java.lang.Void
2025-01-16 21:50:59.766   WARN 11660 --- [           main] d.s.r.o.OperationImplicitParameterReader : Unable to interpret the implicit parameter configuration with dataType: , dataTypeClass: class java.lang.Void
2025-01-16 21:50:59.768   WARN 11660 --- [           main] d.s.r.o.OperationImplicitParameterReader : Unable to interpret the implicit parameter configuration with dataType: , dataTypeClass: class java.lang.Void
2025-01-16 21:50:59.776   WARN 11660 --- [           main] d.s.r.o.OperationImplicitParameterReader : Unable to interpret the implicit parameter configuration with dataType: , dataTypeClass: class java.lang.Void
2025-01-16 21:50:59.780   WARN 11660 --- [           main] d.s.r.o.OperationImplicitParameterReader : Unable to interpret the implicit parameter configuration with dataType: , dataTypeClass: class java.lang.Void
2025-01-16 21:50:59.783   WARN 11660 --- [           main] d.s.r.o.OperationImplicitParameterReader : Unable to interpret the implicit parameter configuration with dataType: , dataTypeClass: class java.lang.Void
2025-01-16 21:50:59.787   WARN 11660 --- [           main] d.s.r.o.OperationImplicitParameterReader : Unable to interpret the implicit parameter configuration with dataType: , dataTypeClass: class java.lang.Void
2025-01-16 21:50:59.795   WARN 11660 --- [           main] d.s.r.o.OperationImplicitParameterReader : Unable to interpret the implicit parameter configuration with dataType: , dataTypeClass: class java.lang.Void
2025-01-16 21:50:59.801   WARN 11660 --- [           main] d.s.r.o.OperationImplicitParameterReader : Unable to interpret the implicit parameter configuration with dataType: , dataTypeClass: class java.lang.Void
2025-01-16 21:50:59.804   WARN 11660 --- [           main] d.s.r.o.OperationImplicitParameterReader : Unable to interpret the implicit parameter configuration with dataType: , dataTypeClass: class java.lang.Void
2025-01-16 21:50:59.810   WARN 11660 --- [           main] d.s.r.o.OperationImplicitParameterReader : Unable to interpret the implicit parameter configuration with dataType: , dataTypeClass: class java.lang.Void
2025-01-16 21:50:59.820   WARN 11660 --- [           main] d.s.r.o.OperationImplicitParameterReader : Unable to interpret the implicit parameter configuration with dataType: , dataTypeClass: class java.lang.Void
2025-01-16 21:50:59.829   WARN 11660 --- [           main] d.s.r.o.OperationImplicitParameterReader : Unable to interpret the implicit parameter configuration with dataType: , dataTypeClass: class java.lang.Void
2025-01-16 21:50:59.832   WARN 11660 --- [           main] d.s.r.o.OperationImplicitParameterReader : Unable to interpret the implicit parameter configuration with dataType: , dataTypeClass: class java.lang.Void
2025-01-16 21:50:59.834   WARN 11660 --- [           main] d.s.r.o.OperationImplicitParameterReader : Unable to interpret the implicit parameter configuration with dataType: , dataTypeClass: class java.lang.Void
2025-01-16 21:50:59.840   WARN 11660 --- [           main] d.s.r.o.OperationImplicitParameterReader : Unable to interpret the implicit parameter configuration with dataType: , dataTypeClass: class java.lang.Void
2025-01-16 21:50:59.846   WARN 11660 --- [           main] d.s.r.o.OperationImplicitParameterReader : Unable to interpret the implicit parameter configuration with dataType: , dataTypeClass: class java.lang.Void
2025-01-16 21:50:59.851   WARN 11660 --- [           main] d.s.r.o.OperationImplicitParameterReader : Unable to interpret the implicit parameter configuration with dataType: , dataTypeClass: class java.lang.Void
2025-01-16 21:50:59.853   WARN 11660 --- [           main] d.s.r.o.OperationImplicitParameterReader : Unable to interpret the implicit parameter configuration with dataType: , dataTypeClass: class java.lang.Void
2025-01-16 21:50:59.856   WARN 11660 --- [           main] d.s.r.o.OperationImplicitParameterReader : Unable to interpret the implicit parameter configuration with dataType: , dataTypeClass: class java.lang.Void
2025-01-16 21:50:59.861   WARN 11660 --- [           main] d.s.r.o.OperationImplicitParameterReader : Unable to interpret the implicit parameter configuration with dataType: , dataTypeClass: class java.lang.Void
2025-01-16 21:53:15.990   WARN 11660 --- [nio-1217-exec-2] c.a.druid.pool.DruidAbstractDataSource   : discard long time none received connection. , jdbcUrl : jdbc:mysql://localhost:3306/wms-server?useUnicode=true&characterEncoding=UTF-8&useSSL=false&serverTimezone=Asia/Shanghai, version : 1.2.8, lastPacketReceivedIdleMillis : 73050
2025-01-16 21:53:15.991   WARN 11660 --- [nio-1217-exec-2] c.a.druid.pool.DruidAbstractDataSource   : discard long time none received connection. , jdbcUrl : jdbc:mysql://localhost:3306/wms-server?useUnicode=true&characterEncoding=UTF-8&useSSL=false&serverTimezone=Asia/Shanghai, version : 1.2.8, lastPacketReceivedIdleMillis : 77412
2025-01-16 21:56:00.091   WARN 11660 --- [nio-1217-exec-2] c.a.druid.pool.DruidAbstractDataSource   : discard long time none received connection. , jdbcUrl : jdbc:mysql://localhost:3306/wms-server?useUnicode=true&characterEncoding=UTF-8&useSSL=false&serverTimezone=Asia/Shanghai, version : 1.2.8, lastPacketReceivedIdleMillis : 87106
2025-01-16 21:56:00.091   WARN 11660 --- [nio-1217-exec-2] c.a.druid.pool.DruidAbstractDataSource   : discard long time none received connection. , jdbcUrl : jdbc:mysql://localhost:3306/wms-server?useUnicode=true&characterEncoding=UTF-8&useSSL=false&serverTimezone=Asia/Shanghai, version : 1.2.8, lastPacketReceivedIdleMillis : 87128
2025-01-16 21:56:00.091   WARN 11660 --- [nio-1217-exec-2] c.a.druid.pool.DruidAbstractDataSource   : discard long time none received connection. , jdbcUrl : jdbc:mysql://localhost:3306/wms-server?useUnicode=true&characterEncoding=UTF-8&useSSL=false&serverTimezone=Asia/Shanghai, version : 1.2.8, lastPacketReceivedIdleMillis : 87128
2025-01-16 21:58:15.104   WARN 11660 --- [nio-1217-exec-3] c.a.druid.pool.DruidAbstractDataSource   : discard long time none received connection. , jdbcUrl : jdbc:mysql://localhost:3306/wms-server?useUnicode=true&characterEncoding=UTF-8&useSSL=false&serverTimezone=Asia/Shanghai, version : 1.2.8, lastPacketReceivedIdleMillis : 118910
2025-01-16 21:58:15.104   WARN 11660 --- [nio-1217-exec-5] c.a.druid.pool.DruidAbstractDataSource   : discard long time none received connection. , jdbcUrl : jdbc:mysql://localhost:3306/wms-server?useUnicode=true&characterEncoding=UTF-8&useSSL=false&serverTimezone=Asia/Shanghai, version : 1.2.8, lastPacketReceivedIdleMillis : 118909
2025-01-16 22:05:07.994   WARN 11660 --- [nio-1217-exec-6] c.a.druid.pool.DruidAbstractDataSource   : discard long time none received connection. , jdbcUrl : jdbc:mysql://localhost:3306/wms-server?useUnicode=true&characterEncoding=UTF-8&useSSL=false&serverTimezone=Asia/Shanghai, version : 1.2.8, lastPacketReceivedIdleMillis : 167982
2025-01-16 22:05:07.994   WARN 11660 --- [nio-1217-exec-6] c.a.druid.pool.DruidAbstractDataSource   : discard long time none received connection. , jdbcUrl : jdbc:mysql://localhost:3306/wms-server?useUnicode=true&characterEncoding=UTF-8&useSSL=false&serverTimezone=Asia/Shanghai, version : 1.2.8, lastPacketReceivedIdleMillis : 168007
2025-01-16 22:05:07.995   WARN 11660 --- [nio-1217-exec-6] c.a.druid.pool.DruidAbstractDataSource   : discard long time none received connection. , jdbcUrl : jdbc:mysql://localhost:3306/wms-server?useUnicode=true&characterEncoding=UTF-8&useSSL=false&serverTimezone=Asia/Shanghai, version : 1.2.8, lastPacketReceivedIdleMillis : 179930
2025-01-16 22:07:12.757   WARN 11660 --- [nio-1217-exec-1] c.a.druid.pool.DruidAbstractDataSource   : discard long time none received connection. , jdbcUrl : jdbc:mysql://localhost:3306/wms-server?useUnicode=true&characterEncoding=UTF-8&useSSL=false&serverTimezone=Asia/Shanghai, version : 1.2.8, lastPacketReceivedIdleMillis : 70677
2025-01-16 22:07:12.758   WARN 11660 --- [nio-1217-exec-1] c.a.druid.pool.DruidAbstractDataSource   : discard long time none received connection. , jdbcUrl : jdbc:mysql://localhost:3306/wms-server?useUnicode=true&characterEncoding=UTF-8&useSSL=false&serverTimezone=Asia/Shanghai, version : 1.2.8, lastPacketReceivedIdleMillis : 84098
2025-01-16 22:07:12.758   WARN 11660 --- [nio-1217-exec-1] c.a.druid.pool.DruidAbstractDataSource   : discard long time none received connection. , jdbcUrl : jdbc:mysql://localhost:3306/wms-server?useUnicode=true&characterEncoding=UTF-8&useSSL=false&serverTimezone=Asia/Shanghai, version : 1.2.8, lastPacketReceivedIdleMillis : 87386
2025-01-16 22:09:34.238   WARN 11660 --- [nio-1217-exec-7] c.a.druid.pool.DruidAbstractDataSource   : discard long time none received connection. , jdbcUrl : jdbc:mysql://localhost:3306/wms-server?useUnicode=true&characterEncoding=UTF-8&useSSL=false&serverTimezone=Asia/Shanghai, version : 1.2.8, lastPacketReceivedIdleMillis : 108402
2025-01-16 22:09:34.238   WARN 11660 --- [nio-1217-exec-7] c.a.druid.pool.DruidAbstractDataSource   : discard long time none received connection. , jdbcUrl : jdbc:mysql://localhost:3306/wms-server?useUnicode=true&characterEncoding=UTF-8&useSSL=false&serverTimezone=Asia/Shanghai, version : 1.2.8, lastPacketReceivedIdleMillis : 113814
2025-01-16 22:11:15.611   WARN 11660 --- [nio-1217-exec-5] c.a.druid.pool.DruidAbstractDataSource   : discard long time none received connection. , jdbcUrl : jdbc:mysql://localhost:3306/wms-server?useUnicode=true&characterEncoding=UTF-8&useSSL=false&serverTimezone=Asia/Shanghai, version : 1.2.8, lastPacketReceivedIdleMillis : 61325
2025-01-16 22:11:15.611   WARN 11660 --- [nio-1217-exec-5] c.a.druid.pool.DruidAbstractDataSource   : discard long time none received connection. , jdbcUrl : jdbc:mysql://localhost:3306/wms-server?useUnicode=true&characterEncoding=UTF-8&useSSL=false&serverTimezone=Asia/Shanghai, version : 1.2.8, lastPacketReceivedIdleMillis : 61341
2025-01-16 22:11:15.612   WARN 11660 --- [nio-1217-exec-5] c.a.druid.pool.DruidAbstractDataSource   : discard long time none received connection. , jdbcUrl : jdbc:mysql://localhost:3306/wms-server?useUnicode=true&characterEncoding=UTF-8&useSSL=false&serverTimezone=Asia/Shanghai, version : 1.2.8, lastPacketReceivedIdleMillis : 61343
2025-01-16 22:13:48.047   WARN 11660 --- [io-1217-exec-10] c.a.druid.pool.DruidAbstractDataSource   : discard long time none received connection. , jdbcUrl : jdbc:mysql://localhost:3306/wms-server?useUnicode=true&characterEncoding=UTF-8&useSSL=false&serverTimezone=Asia/Shanghai, version : 1.2.8, lastPacketReceivedIdleMillis : 151455
2025-01-16 22:13:48.047   WARN 11660 --- [io-1217-exec-10] c.a.druid.pool.DruidAbstractDataSource   : discard long time none received connection. , jdbcUrl : jdbc:mysql://localhost:3306/wms-server?useUnicode=true&characterEncoding=UTF-8&useSSL=false&serverTimezone=Asia/Shanghai, version : 1.2.8, lastPacketReceivedIdleMillis : 151472
2025-01-16 22:18:10.161   WARN 11660 --- [nio-1217-exec-8] c.a.druid.pool.DruidAbstractDataSource   : discard long time none received connection. , jdbcUrl : jdbc:mysql://localhost:3306/wms-server?useUnicode=true&characterEncoding=UTF-8&useSSL=false&serverTimezone=Asia/Shanghai, version : 1.2.8, lastPacketReceivedIdleMillis : 87482
2025-01-16 22:18:10.162   WARN 11660 --- [nio-1217-exec-8] c.a.druid.pool.DruidAbstractDataSource   : discard long time none received connection. , jdbcUrl : jdbc:mysql://localhost:3306/wms-server?useUnicode=true&characterEncoding=UTF-8&useSSL=false&serverTimezone=Asia/Shanghai, version : 1.2.8, lastPacketReceivedIdleMillis : 87502
2025-01-16 22:18:10.162   WARN 11660 --- [nio-1217-exec-8] c.a.druid.pool.DruidAbstractDataSource   : discard long time none received connection. , jdbcUrl : jdbc:mysql://localhost:3306/wms-server?useUnicode=true&characterEncoding=UTF-8&useSSL=false&serverTimezone=Asia/Shanghai, version : 1.2.8, lastPacketReceivedIdleMillis : 87502
2025-01-16 22:20:45.909   WARN 11660 --- [nio-1217-exec-1] c.a.druid.pool.DruidAbstractDataSource   : discard long time none received connection. , jdbcUrl : jdbc:mysql://localhost:3306/wms-server?useUnicode=true&characterEncoding=UTF-8&useSSL=false&serverTimezone=Asia/Shanghai, version : 1.2.8, lastPacketReceivedIdleMillis : 83384
2025-01-16 22:20:45.909   WARN 11660 --- [nio-1217-exec-1] c.a.druid.pool.DruidAbstractDataSource   : discard long time none received connection. , jdbcUrl : jdbc:mysql://localhost:3306/wms-server?useUnicode=true&characterEncoding=UTF-8&useSSL=false&serverTimezone=Asia/Shanghai, version : 1.2.8, lastPacketReceivedIdleMillis : 86113
2025-01-16 22:20:45.910   WARN 11660 --- [nio-1217-exec-1] c.a.druid.pool.DruidAbstractDataSource   : discard long time none received connection. , jdbcUrl : jdbc:mysql://localhost:3306/wms-server?useUnicode=true&characterEncoding=UTF-8&useSSL=false&serverTimezone=Asia/Shanghai, version : 1.2.8, lastPacketReceivedIdleMillis : 86996
2025-01-16 22:22:07.660   WARN 11660 --- [nio-1217-exec-4] c.a.druid.pool.DruidAbstractDataSource   : discard long time none received connection. , jdbcUrl : jdbc:mysql://localhost:3306/wms-server?useUnicode=true&characterEncoding=UTF-8&useSSL=false&serverTimezone=Asia/Shanghai, version : 1.2.8, lastPacketReceivedIdleMillis : 79527
2025-01-16 22:22:07.660   WARN 11660 --- [nio-1217-exec-4] c.a.druid.pool.DruidAbstractDataSource   : discard long time none received connection. , jdbcUrl : jdbc:mysql://localhost:3306/wms-server?useUnicode=true&characterEncoding=UTF-8&useSSL=false&serverTimezone=Asia/Shanghai, version : 1.2.8, lastPacketReceivedIdleMillis : 79545
2025-01-16 22:23:36.492   WARN 11660 --- [nio-1217-exec-7] c.a.druid.pool.DruidAbstractDataSource   : discard long time none received connection. , jdbcUrl : jdbc:mysql://localhost:3306/wms-server?useUnicode=true&characterEncoding=UTF-8&useSSL=false&serverTimezone=Asia/Shanghai, version : 1.2.8, lastPacketReceivedIdleMillis : 61220
2025-01-16 22:28:26.730   WARN 11660 --- [nio-1217-exec-1] c.a.druid.pool.DruidAbstractDataSource   : discard long time none received connection. , jdbcUrl : jdbc:mysql://localhost:3306/wms-server?useUnicode=true&characterEncoding=UTF-8&useSSL=false&serverTimezone=Asia/Shanghai, version : 1.2.8, lastPacketReceivedIdleMillis : 274422
2025-01-16 22:28:26.730   WARN 11660 --- [nio-1217-exec-1] c.a.druid.pool.DruidAbstractDataSource   : discard long time none received connection. , jdbcUrl : jdbc:mysql://localhost:3306/wms-server?useUnicode=true&characterEncoding=UTF-8&useSSL=false&serverTimezone=Asia/Shanghai, version : 1.2.8, lastPacketReceivedIdleMillis : 281656
2025-01-16 22:28:26.731   WARN 11660 --- [nio-1217-exec-1] c.a.druid.pool.DruidAbstractDataSource   : discard long time none received connection. , jdbcUrl : jdbc:mysql://localhost:3306/wms-server?useUnicode=true&characterEncoding=UTF-8&useSSL=false&serverTimezone=Asia/Shanghai, version : 1.2.8, lastPacketReceivedIdleMillis : 281658
2025-01-16 22:31:29.996   WARN 11660 --- [nio-1217-exec-1] c.a.druid.pool.DruidAbstractDataSource   : discard long time none received connection. , jdbcUrl : jdbc:mysql://localhost:3306/wms-server?useUnicode=true&characterEncoding=UTF-8&useSSL=false&serverTimezone=Asia/Shanghai, version : 1.2.8, lastPacketReceivedIdleMillis : 75351
2025-01-16 22:31:29.996   WARN 11660 --- [nio-1217-exec-1] c.a.druid.pool.DruidAbstractDataSource   : discard long time none received connection. , jdbcUrl : jdbc:mysql://localhost:3306/wms-server?useUnicode=true&characterEncoding=UTF-8&useSSL=false&serverTimezone=Asia/Shanghai, version : 1.2.8, lastPacketReceivedIdleMillis : 75368
2025-01-16 22:34:43.568   WARN 11660 --- [nio-1217-exec-8] c.a.druid.pool.DruidAbstractDataSource   : discard long time none received connection. , jdbcUrl : jdbc:mysql://localhost:3306/wms-server?useUnicode=true&characterEncoding=UTF-8&useSSL=false&serverTimezone=Asia/Shanghai, version : 1.2.8, lastPacketReceivedIdleMillis : 62331
2025-01-16 22:34:43.568   WARN 11660 --- [nio-1217-exec-8] c.a.druid.pool.DruidAbstractDataSource   : discard long time none received connection. , jdbcUrl : jdbc:mysql://localhost:3306/wms-server?useUnicode=true&characterEncoding=UTF-8&useSSL=false&serverTimezone=Asia/Shanghai, version : 1.2.8, lastPacketReceivedIdleMillis : 129160
2025-01-16 22:42:44.458   WARN 11660 --- [nio-1217-exec-6] c.a.druid.pool.DruidAbstractDataSource   : discard long time none received connection. , jdbcUrl : jdbc:mysql://localhost:3306/wms-server?useUnicode=true&characterEncoding=UTF-8&useSSL=false&serverTimezone=Asia/Shanghai, version : 1.2.8, lastPacketReceivedIdleMillis : 480872
2025-01-16 22:44:37.199   WARN 11660 --- [nio-1217-exec-3] c.a.druid.pool.DruidAbstractDataSource   : discard long time none received connection. , jdbcUrl : jdbc:mysql://localhost:3306/wms-server?useUnicode=true&characterEncoding=UTF-8&useSSL=false&serverTimezone=Asia/Shanghai, version : 1.2.8, lastPacketReceivedIdleMillis : 61759
2025-01-16 22:44:37.200   WARN 11660 --- [nio-1217-exec-3] c.a.druid.pool.DruidAbstractDataSource   : discard long time none received connection. , jdbcUrl : jdbc:mysql://localhost:3306/wms-server?useUnicode=true&characterEncoding=UTF-8&useSSL=false&serverTimezone=Asia/Shanghai, version : 1.2.8, lastPacketReceivedIdleMillis : 61776
2025-01-16 22:44:37.200   WARN 11660 --- [nio-1217-exec-3] c.a.druid.pool.DruidAbstractDataSource   : discard long time none received connection. , jdbcUrl : jdbc:mysql://localhost:3306/wms-server?useUnicode=true&characterEncoding=UTF-8&useSSL=false&serverTimezone=Asia/Shanghai, version : 1.2.8, lastPacketReceivedIdleMillis : 61776
2025-01-16 22:47:38.162   WARN 11660 --- [nio-1217-exec-3] c.a.druid.pool.DruidAbstractDataSource   : discard long time none received connection. , jdbcUrl : jdbc:mysql://localhost:3306/wms-server?useUnicode=true&characterEncoding=UTF-8&useSSL=false&serverTimezone=Asia/Shanghai, version : 1.2.8, lastPacketReceivedIdleMillis : 108901
2025-01-16 22:47:38.162   WARN 11660 --- [nio-1217-exec-3] c.a.druid.pool.DruidAbstractDataSource   : discard long time none received connection. , jdbcUrl : jdbc:mysql://localhost:3306/wms-server?useUnicode=true&characterEncoding=UTF-8&useSSL=false&serverTimezone=Asia/Shanghai, version : 1.2.8, lastPacketReceivedIdleMillis : 108917
2025-01-16 22:47:38.162   WARN 11660 --- [nio-1217-exec-3] c.a.druid.pool.DruidAbstractDataSource   : discard long time none received connection. , jdbcUrl : jdbc:mysql://localhost:3306/wms-server?useUnicode=true&characterEncoding=UTF-8&useSSL=false&serverTimezone=Asia/Shanghai, version : 1.2.8, lastPacketReceivedIdleMillis : 108917
2025-01-16 22:49:27.196   WARN 11660 --- [nio-1217-exec-4] c.a.druid.pool.DruidAbstractDataSource   : discard long time none received connection. , jdbcUrl : jdbc:mysql://localhost:3306/wms-server?useUnicode=true&characterEncoding=UTF-8&useSSL=false&serverTimezone=Asia/Shanghai, version : 1.2.8, lastPacketReceivedIdleMillis : 108831
2025-01-16 22:49:27.196   WARN 11660 --- [nio-1217-exec-4] c.a.druid.pool.DruidAbstractDataSource   : discard long time none received connection. , jdbcUrl : jdbc:mysql://localhost:3306/wms-server?useUnicode=true&characterEncoding=UTF-8&useSSL=false&serverTimezone=Asia/Shanghai, version : 1.2.8, lastPacketReceivedIdleMillis : 108849
2025-01-16 22:53:25.996   WARN 11660 --- [nio-1217-exec-5] c.a.druid.pool.DruidAbstractDataSource   : discard long time none received connection. , jdbcUrl : jdbc:mysql://localhost:3306/wms-server?useUnicode=true&characterEncoding=UTF-8&useSSL=false&serverTimezone=Asia/Shanghai, version : 1.2.8, lastPacketReceivedIdleMillis : 89244
2025-01-16 22:53:25.996   WARN 11660 --- [nio-1217-exec-5] c.a.druid.pool.DruidAbstractDataSource   : discard long time none received connection. , jdbcUrl : jdbc:mysql://localhost:3306/wms-server?useUnicode=true&characterEncoding=UTF-8&useSSL=false&serverTimezone=Asia/Shanghai, version : 1.2.8, lastPacketReceivedIdleMillis : 91613
2025-01-16 22:53:25.997   WARN 11660 --- [nio-1217-exec-5] c.a.druid.pool.DruidAbstractDataSource   : discard long time none received connection. , jdbcUrl : jdbc:mysql://localhost:3306/wms-server?useUnicode=true&characterEncoding=UTF-8&useSSL=false&serverTimezone=Asia/Shanghai, version : 1.2.8, lastPacketReceivedIdleMillis : 91614
2025-01-16 22:54:45.887   WARN 11660 --- [nio-1217-exec-2] c.a.druid.pool.DruidAbstractDataSource   : discard long time none received connection. , jdbcUrl : jdbc:mysql://localhost:3306/wms-server?useUnicode=true&characterEncoding=UTF-8&useSSL=false&serverTimezone=Asia/Shanghai, version : 1.2.8, lastPacketReceivedIdleMillis : 78731
2025-01-16 22:54:45.887   WARN 11660 --- [nio-1217-exec-2] c.a.druid.pool.DruidAbstractDataSource   : discard long time none received connection. , jdbcUrl : jdbc:mysql://localhost:3306/wms-server?useUnicode=true&characterEncoding=UTF-8&useSSL=false&serverTimezone=Asia/Shanghai, version : 1.2.8, lastPacketReceivedIdleMillis : 78748
