2025-02-13 10:08:48.691   WARN 19492 --- [           main] c.b.m.core.injector.AbstractMethod       : [com.wms.dao.GoodsDao.update] Has been loaded by XML or SqlProvider or Mybatis's Annotation, so ignoring this injection for [class com.baomidou.mybatisplus.core.injector.methods.Update]
2025-02-13 10:08:48.747   WARN 19492 --- [           main] c.b.m.core.injector.AbstractMethod       : [com.wms.dao.GoodsParamDao.update] Has been loaded by XML or SqlProvider or Mybatis's Annotation, so ignoring this injection for [class com.baomidou.mybatisplus.core.injector.methods.Update]
2025-02-13 10:08:48.793   WARN 19492 --- [           main] c.b.m.core.injector.AbstractMethod       : [com.wms.dao.InventoryDao.update] Has been loaded by XML or SqlProvider or Mybatis's Annotation, so ignoring this injection for [class com.baomidou.mybatisplus.core.injector.methods.Update]
2025-02-13 10:08:48.826   WARN 19492 --- [           main] c.b.m.core.injector.AbstractMethod       : [com.wms.dao.LogRecordDao.update] Has been loaded by XML or SqlProvider or Mybatis's Annotation, so ignoring this injection for [class com.baomidou.mybatisplus.core.injector.methods.Update]
2025-02-13 10:08:48.866   WARN 19492 --- [           main] c.b.m.core.injector.AbstractMethod       : [com.wms.dao.MemberDao.update] Has been loaded by XML or SqlProvider or Mybatis's Annotation, so ignoring this injection for [class com.baomidou.mybatisplus.core.injector.methods.Update]
2025-02-13 10:08:48.911   WARN 19492 --- [           main] c.b.m.core.injector.AbstractMethod       : [com.wms.dao.MemberRoleDao.update] Has been loaded by XML or SqlProvider or Mybatis's Annotation, so ignoring this injection for [class com.baomidou.mybatisplus.core.injector.methods.Update]
2025-02-13 10:08:48.958   WARN 19492 --- [           main] c.b.m.core.injector.AbstractMethod       : [com.wms.dao.ParamKeyDao.update] Has been loaded by XML or SqlProvider or Mybatis's Annotation, so ignoring this injection for [class com.baomidou.mybatisplus.core.injector.methods.Update]
2025-02-13 10:08:49.009   WARN 19492 --- [           main] c.b.m.core.injector.AbstractMethod       : [com.wms.dao.PermissionsDao.update] Has been loaded by XML or SqlProvider or Mybatis's Annotation, so ignoring this injection for [class com.baomidou.mybatisplus.core.injector.methods.Update]
2025-02-13 10:08:49.054   WARN 19492 --- [           main] c.b.m.core.injector.AbstractMethod       : [com.wms.dao.RoleDao.update] Has been loaded by XML or SqlProvider or Mybatis's Annotation, so ignoring this injection for [class com.baomidou.mybatisplus.core.injector.methods.Update]
2025-02-13 10:08:49.092   WARN 19492 --- [           main] c.b.m.core.injector.AbstractMethod       : [com.wms.dao.RolePermissionsDao.update] Has been loaded by XML or SqlProvider or Mybatis's Annotation, so ignoring this injection for [class com.baomidou.mybatisplus.core.injector.methods.Update]
2025-02-13 10:08:49.136   WARN 19492 --- [           main] c.b.m.core.injector.AbstractMethod       : [com.wms.dao.StorageDao.update] Has been loaded by XML or SqlProvider or Mybatis's Annotation, so ignoring this injection for [class com.baomidou.mybatisplus.core.injector.methods.Update]
2025-02-13 10:08:49.186   WARN 19492 --- [           main] c.b.m.core.injector.AbstractMethod       : [com.wms.dao.TaskDao.update] Has been loaded by XML or SqlProvider or Mybatis's Annotation, so ignoring this injection for [class com.baomidou.mybatisplus.core.injector.methods.Update]
2025-02-13 10:08:51.273   WARN 19492 --- [           main] o.s.s.c.a.web.builders.WebSecurity       : You are asking Spring Security to ignore Ant [pattern='/websocket']. This is not recommended -- please use permitAll via HttpSecurity#authorizeHttpRequests instead.
2025-02-13 10:08:51.753   WARN 19492 --- [           main] d.s.r.o.OperationImplicitParameterReader : Unable to interpret the implicit parameter configuration with dataType: , dataTypeClass: class java.lang.Void
2025-02-13 10:08:51.773   WARN 19492 --- [           main] d.s.r.o.OperationImplicitParameterReader : Unable to interpret the implicit parameter configuration with dataType: , dataTypeClass: class java.lang.Void
2025-02-13 10:08:51.777   WARN 19492 --- [           main] d.s.r.o.OperationImplicitParameterReader : Unable to interpret the implicit parameter configuration with dataType: , dataTypeClass: class java.lang.Void
2025-02-13 10:08:51.777   WARN 19492 --- [           main] d.s.r.o.OperationImplicitParameterReader : Unable to interpret the implicit parameter configuration with dataType: , dataTypeClass: class java.lang.Void
2025-02-13 10:08:51.778   WARN 19492 --- [           main] d.s.r.o.OperationImplicitParameterReader : Unable to interpret the implicit parameter configuration with dataType: , dataTypeClass: class java.lang.Void
2025-02-13 10:08:51.804   WARN 19492 --- [           main] d.s.r.o.OperationImplicitParameterReader : Unable to interpret the implicit parameter configuration with dataType: , dataTypeClass: class java.lang.Void
2025-02-13 10:08:51.812   WARN 19492 --- [           main] d.s.r.o.OperationImplicitParameterReader : Unable to interpret the implicit parameter configuration with dataType: , dataTypeClass: class java.lang.Void
2025-02-13 10:08:51.813   WARN 19492 --- [           main] d.s.r.o.OperationImplicitParameterReader : Unable to interpret the implicit parameter configuration with dataType: , dataTypeClass: class java.lang.Void
2025-02-13 10:08:51.839   WARN 19492 --- [           main] d.s.r.o.OperationImplicitParameterReader : Unable to interpret the implicit parameter configuration with dataType: , dataTypeClass: class java.lang.Void
2025-02-13 10:08:51.843   WARN 19492 --- [           main] d.s.r.o.OperationImplicitParameterReader : Unable to interpret the implicit parameter configuration with dataType: , dataTypeClass: class java.lang.Void
2025-02-13 10:08:51.848   WARN 19492 --- [           main] d.s.r.o.OperationImplicitParameterReader : Unable to interpret the implicit parameter configuration with dataType: , dataTypeClass: class java.lang.Void
2025-02-13 10:08:51.858   WARN 19492 --- [           main] d.s.r.o.OperationImplicitParameterReader : Unable to interpret the implicit parameter configuration with dataType: , dataTypeClass: class java.lang.Void
2025-02-13 10:08:51.885   WARN 19492 --- [           main] d.s.r.o.OperationImplicitParameterReader : Unable to interpret the implicit parameter configuration with dataType: , dataTypeClass: class java.lang.Void
2025-02-13 10:08:51.890   WARN 19492 --- [           main] d.s.r.o.OperationImplicitParameterReader : Unable to interpret the implicit parameter configuration with dataType: , dataTypeClass: class java.lang.Void
2025-02-13 10:08:51.904   WARN 19492 --- [           main] d.s.r.o.OperationImplicitParameterReader : Unable to interpret the implicit parameter configuration with dataType: , dataTypeClass: class java.lang.Void
2025-02-13 10:08:51.908   WARN 19492 --- [           main] d.s.r.o.OperationImplicitParameterReader : Unable to interpret the implicit parameter configuration with dataType: , dataTypeClass: class java.lang.Void
2025-02-13 10:08:51.912   WARN 19492 --- [           main] d.s.r.o.OperationImplicitParameterReader : Unable to interpret the implicit parameter configuration with dataType: , dataTypeClass: class java.lang.Void
2025-02-13 10:08:51.918   WARN 19492 --- [           main] d.s.r.o.OperationImplicitParameterReader : Unable to interpret the implicit parameter configuration with dataType: , dataTypeClass: class java.lang.Void
2025-02-13 10:08:51.925   WARN 19492 --- [           main] d.s.r.o.OperationImplicitParameterReader : Unable to interpret the implicit parameter configuration with dataType: , dataTypeClass: class java.lang.Void
2025-02-13 10:08:51.928   WARN 19492 --- [           main] d.s.r.o.OperationImplicitParameterReader : Unable to interpret the implicit parameter configuration with dataType: , dataTypeClass: class java.lang.Void
2025-02-13 10:08:51.932   WARN 19492 --- [           main] d.s.r.o.OperationImplicitParameterReader : Unable to interpret the implicit parameter configuration with dataType: , dataTypeClass: class java.lang.Void
2025-02-13 10:08:51.932   WARN 19492 --- [           main] d.s.r.o.OperationImplicitParameterReader : Unable to interpret the implicit parameter configuration with dataType: , dataTypeClass: class java.lang.Void
2025-02-13 10:08:51.935   WARN 19492 --- [           main] d.s.r.o.OperationImplicitParameterReader : Unable to interpret the implicit parameter configuration with dataType: , dataTypeClass: class java.lang.Void
2025-02-13 10:08:51.938   WARN 19492 --- [           main] d.s.r.o.OperationImplicitParameterReader : Unable to interpret the implicit parameter configuration with dataType: , dataTypeClass: class java.lang.Void
2025-02-13 10:08:51.946   WARN 19492 --- [           main] d.s.r.o.OperationImplicitParameterReader : Unable to interpret the implicit parameter configuration with dataType: , dataTypeClass: class java.lang.Void
2025-02-13 10:08:51.951   WARN 19492 --- [           main] d.s.r.o.OperationImplicitParameterReader : Unable to interpret the implicit parameter configuration with dataType: , dataTypeClass: class java.lang.Void
2025-02-13 10:08:51.954   WARN 19492 --- [           main] d.s.r.o.OperationImplicitParameterReader : Unable to interpret the implicit parameter configuration with dataType: , dataTypeClass: class java.lang.Void
2025-02-13 10:08:51.967   WARN 19492 --- [           main] d.s.r.o.OperationImplicitParameterReader : Unable to interpret the implicit parameter configuration with dataType: , dataTypeClass: class java.lang.Void
2025-02-13 10:08:51.986   WARN 19492 --- [           main] d.s.r.o.OperationImplicitParameterReader : Unable to interpret the implicit parameter configuration with dataType: , dataTypeClass: class java.lang.Void
2025-02-13 10:08:51.997   WARN 19492 --- [           main] d.s.r.o.OperationImplicitParameterReader : Unable to interpret the implicit parameter configuration with dataType: , dataTypeClass: class java.lang.Void
2025-02-13 10:08:52.009   WARN 19492 --- [           main] d.s.r.o.OperationImplicitParameterReader : Unable to interpret the implicit parameter configuration with dataType: , dataTypeClass: class java.lang.Void
2025-02-13 10:08:52.013   WARN 19492 --- [           main] d.s.r.o.OperationImplicitParameterReader : Unable to interpret the implicit parameter configuration with dataType: , dataTypeClass: class java.lang.Void
2025-02-13 10:08:52.022   WARN 19492 --- [           main] d.s.r.o.OperationImplicitParameterReader : Unable to interpret the implicit parameter configuration with dataType: , dataTypeClass: class java.lang.Void
2025-02-13 10:08:52.037   WARN 19492 --- [           main] d.s.r.o.OperationImplicitParameterReader : Unable to interpret the implicit parameter configuration with dataType: , dataTypeClass: class java.lang.Void
2025-02-13 10:08:52.046   WARN 19492 --- [           main] d.s.r.o.OperationImplicitParameterReader : Unable to interpret the implicit parameter configuration with dataType: , dataTypeClass: class java.lang.Void
2025-02-13 10:08:52.050   WARN 19492 --- [           main] d.s.r.o.OperationImplicitParameterReader : Unable to interpret the implicit parameter configuration with dataType: , dataTypeClass: class java.lang.Void
2025-02-13 10:08:52.055   WARN 19492 --- [           main] d.s.r.o.OperationImplicitParameterReader : Unable to interpret the implicit parameter configuration with dataType: , dataTypeClass: class java.lang.Void
2025-02-13 10:08:52.070   WARN 19492 --- [           main] d.s.r.o.OperationImplicitParameterReader : Unable to interpret the implicit parameter configuration with dataType: , dataTypeClass: class java.lang.Void
2025-02-13 10:08:52.076   WARN 19492 --- [           main] d.s.r.o.OperationImplicitParameterReader : Unable to interpret the implicit parameter configuration with dataType: , dataTypeClass: class java.lang.Void
2025-02-13 10:08:52.109   WARN 19492 --- [           main] d.s.r.o.OperationImplicitParameterReader : Unable to interpret the implicit parameter configuration with dataType: , dataTypeClass: class java.lang.Void
2025-02-13 10:08:52.137   WARN 19492 --- [           main] d.s.r.o.OperationImplicitParameterReader : Unable to interpret the implicit parameter configuration with dataType: , dataTypeClass: class java.lang.Void
2025-02-13 10:08:52.138   WARN 19492 --- [           main] d.s.r.o.OperationImplicitParameterReader : Unable to interpret the implicit parameter configuration with dataType: , dataTypeClass: class java.lang.Void
2025-02-13 10:08:52.138   WARN 19492 --- [           main] d.s.r.o.OperationImplicitParameterReader : Unable to interpret the implicit parameter configuration with dataType: , dataTypeClass: class java.lang.Void
2025-02-13 10:08:52.142   WARN 19492 --- [           main] d.s.r.o.OperationImplicitParameterReader : Unable to interpret the implicit parameter configuration with dataType: , dataTypeClass: class java.lang.Void
2025-02-13 10:16:41.401   WARN 19492 --- [nio-1217-exec-2] c.wms.service.impl.InventoryServiceImpl  : SqlSession [org.apache.ibatis.session.defaults.DefaultSqlSession@590526c3] Transaction not enabled
2025-02-13 10:20:03.987   WARN 19492 --- [nio-1217-exec-5] c.a.druid.pool.DruidAbstractDataSource   : discard long time none received connection. , jdbcUrl : jdbc:mysql://localhost:3306/wms-server?useUnicode=true&characterEncoding=UTF-8&useSSL=false&serverTimezone=Asia/Shanghai, version : 1.2.8, lastPacketReceivedIdleMillis : 202420
2025-02-13 10:20:03.987   WARN 19492 --- [nio-1217-exec-5] c.a.druid.pool.DruidAbstractDataSource   : discard long time none received connection. , jdbcUrl : jdbc:mysql://localhost:3306/wms-server?useUnicode=true&characterEncoding=UTF-8&useSSL=false&serverTimezone=Asia/Shanghai, version : 1.2.8, lastPacketReceivedIdleMillis : 221115
2025-02-13 10:27:38.609   WARN 19492 --- [nio-1217-exec-5] c.a.druid.pool.DruidAbstractDataSource   : discard long time none received connection. , jdbcUrl : jdbc:mysql://localhost:3306/wms-server?useUnicode=true&characterEncoding=UTF-8&useSSL=false&serverTimezone=Asia/Shanghai, version : 1.2.8, lastPacketReceivedIdleMillis : 451743
2025-02-13 10:27:38.610   WARN 19492 --- [nio-1217-exec-5] c.a.druid.pool.DruidAbstractDataSource   : discard long time none received connection. , jdbcUrl : jdbc:mysql://localhost:3306/wms-server?useUnicode=true&characterEncoding=UTF-8&useSSL=false&serverTimezone=Asia/Shanghai, version : 1.2.8, lastPacketReceivedIdleMillis : 451777
2025-02-13 10:31:03.208   WARN 19492 --- [nio-1217-exec-6] c.a.druid.pool.DruidAbstractDataSource   : discard long time none received connection. , jdbcUrl : jdbc:mysql://localhost:3306/wms-server?useUnicode=true&characterEncoding=UTF-8&useSSL=false&serverTimezone=Asia/Shanghai, version : 1.2.8, lastPacketReceivedIdleMillis : 144019
2025-02-13 10:31:03.208   WARN 19492 --- [nio-1217-exec-5] c.a.druid.pool.DruidAbstractDataSource   : discard long time none received connection. , jdbcUrl : jdbc:mysql://localhost:3306/wms-server?useUnicode=true&characterEncoding=UTF-8&useSSL=false&serverTimezone=Asia/Shanghai, version : 1.2.8, lastPacketReceivedIdleMillis : 144036
2025-02-13 10:44:47.808   WARN 19492 --- [nio-1217-exec-3] c.a.druid.pool.DruidAbstractDataSource   : discard long time none received connection. , jdbcUrl : jdbc:mysql://localhost:3306/wms-server?useUnicode=true&characterEncoding=UTF-8&useSSL=false&serverTimezone=Asia/Shanghai, version : 1.2.8, lastPacketReceivedIdleMillis : 824561
2025-02-13 10:44:47.808   WARN 19492 --- [nio-1217-exec-9] c.a.druid.pool.DruidAbstractDataSource   : discard long time none received connection. , jdbcUrl : jdbc:mysql://localhost:3306/wms-server?useUnicode=true&characterEncoding=UTF-8&useSSL=false&serverTimezone=Asia/Shanghai, version : 1.2.8, lastPacketReceivedIdleMillis : 824574
2025-02-13 10:48:04.469   WARN 19492 --- [nio-1217-exec-7] c.a.druid.pool.DruidAbstractDataSource   : discard long time none received connection. , jdbcUrl : jdbc:mysql://localhost:3306/wms-server?useUnicode=true&characterEncoding=UTF-8&useSSL=false&serverTimezone=Asia/Shanghai, version : 1.2.8, lastPacketReceivedIdleMillis : 108251
2025-02-13 10:48:04.469   WARN 19492 --- [nio-1217-exec-7] c.a.druid.pool.DruidAbstractDataSource   : discard long time none received connection. , jdbcUrl : jdbc:mysql://localhost:3306/wms-server?useUnicode=true&characterEncoding=UTF-8&useSSL=false&serverTimezone=Asia/Shanghai, version : 1.2.8, lastPacketReceivedIdleMillis : 108265
2025-02-13 10:50:11.607   WARN 19492 --- [nio-1217-exec-3] c.a.druid.pool.DruidAbstractDataSource   : discard long time none received connection. , jdbcUrl : jdbc:mysql://localhost:3306/wms-server?useUnicode=true&characterEncoding=UTF-8&useSSL=false&serverTimezone=Asia/Shanghai, version : 1.2.8, lastPacketReceivedIdleMillis : 126678
2025-02-13 10:50:11.608   WARN 19492 --- [nio-1217-exec-3] c.a.druid.pool.DruidAbstractDataSource   : discard long time none received connection. , jdbcUrl : jdbc:mysql://localhost:3306/wms-server?useUnicode=true&characterEncoding=UTF-8&useSSL=false&serverTimezone=Asia/Shanghai, version : 1.2.8, lastPacketReceivedIdleMillis : 126694
2025-02-13 10:52:00.936   WARN 19492 --- [nio-1217-exec-5] c.a.druid.pool.DruidAbstractDataSource   : discard long time none received connection. , jdbcUrl : jdbc:mysql://localhost:3306/wms-server?useUnicode=true&characterEncoding=UTF-8&useSSL=false&serverTimezone=Asia/Shanghai, version : 1.2.8, lastPacketReceivedIdleMillis : 84079
2025-02-13 10:52:00.937   WARN 19492 --- [io-1217-exec-10] c.a.druid.pool.DruidAbstractDataSource   : discard long time none received connection. , jdbcUrl : jdbc:mysql://localhost:3306/wms-server?useUnicode=true&characterEncoding=UTF-8&useSSL=false&serverTimezone=Asia/Shanghai, version : 1.2.8, lastPacketReceivedIdleMillis : 84068
2025-02-13 11:01:59.757   WARN 19492 --- [nio-1217-exec-1] c.a.druid.pool.DruidAbstractDataSource   : discard long time none received connection. , jdbcUrl : jdbc:mysql://localhost:3306/wms-server?useUnicode=true&characterEncoding=UTF-8&useSSL=false&serverTimezone=Asia/Shanghai, version : 1.2.8, lastPacketReceivedIdleMillis : 541167
2025-02-13 11:01:59.759   WARN 19492 --- [nio-1217-exec-1] c.a.druid.pool.DruidAbstractDataSource   : discard long time none received connection. , jdbcUrl : jdbc:mysql://localhost:3306/wms-server?useUnicode=true&characterEncoding=UTF-8&useSSL=false&serverTimezone=Asia/Shanghai, version : 1.2.8, lastPacketReceivedIdleMillis : 541185
2025-02-13 11:03:25.536   WARN 19492 --- [nio-1217-exec-2] c.a.druid.pool.DruidAbstractDataSource   : discard long time none received connection. , jdbcUrl : jdbc:mysql://localhost:3306/wms-server?useUnicode=true&characterEncoding=UTF-8&useSSL=false&serverTimezone=Asia/Shanghai, version : 1.2.8, lastPacketReceivedIdleMillis : 85503
2025-02-13 11:03:25.536   WARN 19492 --- [nio-1217-exec-2] c.a.druid.pool.DruidAbstractDataSource   : discard long time none received connection. , jdbcUrl : jdbc:mysql://localhost:3306/wms-server?useUnicode=true&characterEncoding=UTF-8&useSSL=false&serverTimezone=Asia/Shanghai, version : 1.2.8, lastPacketReceivedIdleMillis : 85504
2025-02-13 11:06:33.336   WARN 19492 --- [nio-1217-exec-5] c.a.druid.pool.DruidAbstractDataSource   : discard long time none received connection. , jdbcUrl : jdbc:mysql://localhost:3306/wms-server?useUnicode=true&characterEncoding=UTF-8&useSSL=false&serverTimezone=Asia/Shanghai, version : 1.2.8, lastPacketReceivedIdleMillis : 187534
2025-02-13 11:06:33.336   WARN 19492 --- [io-1217-exec-10] c.a.druid.pool.DruidAbstractDataSource   : discard long time none received connection. , jdbcUrl : jdbc:mysql://localhost:3306/wms-server?useUnicode=true&characterEncoding=UTF-8&useSSL=false&serverTimezone=Asia/Shanghai, version : 1.2.8, lastPacketReceivedIdleMillis : 187551
2025-02-13 11:09:38.071   WARN 19492 --- [nio-1217-exec-3] c.a.druid.pool.DruidAbstractDataSource   : discard long time none received connection. , jdbcUrl : jdbc:mysql://localhost:3306/wms-server?useUnicode=true&characterEncoding=UTF-8&useSSL=false&serverTimezone=Asia/Shanghai, version : 1.2.8, lastPacketReceivedIdleMillis : 172058
2025-02-13 11:09:38.071   WARN 19492 --- [nio-1217-exec-9] c.a.druid.pool.DruidAbstractDataSource   : discard long time none received connection. , jdbcUrl : jdbc:mysql://localhost:3306/wms-server?useUnicode=true&characterEncoding=UTF-8&useSSL=false&serverTimezone=Asia/Shanghai, version : 1.2.8, lastPacketReceivedIdleMillis : 172052
2025-02-13 11:13:54.602   WARN 19492 --- [nio-1217-exec-8] c.a.druid.pool.DruidAbstractDataSource   : discard long time none received connection. , jdbcUrl : jdbc:mysql://localhost:3306/wms-server?useUnicode=true&characterEncoding=UTF-8&useSSL=false&serverTimezone=Asia/Shanghai, version : 1.2.8, lastPacketReceivedIdleMillis : 211757
2025-02-13 11:13:54.602   WARN 19492 --- [nio-1217-exec-8] c.a.druid.pool.DruidAbstractDataSource   : discard long time none received connection. , jdbcUrl : jdbc:mysql://localhost:3306/wms-server?useUnicode=true&characterEncoding=UTF-8&useSSL=false&serverTimezone=Asia/Shanghai, version : 1.2.8, lastPacketReceivedIdleMillis : 211776
2025-02-13 11:18:09.128   WARN 19492 --- [nio-1217-exec-3] c.a.druid.pool.DruidAbstractDataSource   : discard long time none received connection. , jdbcUrl : jdbc:mysql://localhost:3306/wms-server?useUnicode=true&characterEncoding=UTF-8&useSSL=false&serverTimezone=Asia/Shanghai, version : 1.2.8, lastPacketReceivedIdleMillis : 251741
2025-02-13 11:18:09.129   WARN 19492 --- [nio-1217-exec-3] c.a.druid.pool.DruidAbstractDataSource   : discard long time none received connection. , jdbcUrl : jdbc:mysql://localhost:3306/wms-server?useUnicode=true&characterEncoding=UTF-8&useSSL=false&serverTimezone=Asia/Shanghai, version : 1.2.8, lastPacketReceivedIdleMillis : 251755
2025-02-13 11:20:43.684   WARN 19492 --- [nio-1217-exec-1] c.a.druid.pool.DruidAbstractDataSource   : discard long time none received connection. , jdbcUrl : jdbc:mysql://localhost:3306/wms-server?useUnicode=true&characterEncoding=UTF-8&useSSL=false&serverTimezone=Asia/Shanghai, version : 1.2.8, lastPacketReceivedIdleMillis : 92117
2025-02-13 11:20:43.685   WARN 19492 --- [nio-1217-exec-7] c.a.druid.pool.DruidAbstractDataSource   : discard long time none received connection. , jdbcUrl : jdbc:mysql://localhost:3306/wms-server?useUnicode=true&characterEncoding=UTF-8&useSSL=false&serverTimezone=Asia/Shanghai, version : 1.2.8, lastPacketReceivedIdleMillis : 92106
2025-02-13 11:22:14.067   WARN 19492 --- [io-1217-exec-10] c.a.druid.pool.DruidAbstractDataSource   : discard long time none received connection. , jdbcUrl : jdbc:mysql://localhost:3306/wms-server?useUnicode=true&characterEncoding=UTF-8&useSSL=false&serverTimezone=Asia/Shanghai, version : 1.2.8, lastPacketReceivedIdleMillis : 68217
2025-02-13 11:22:14.068   WARN 19492 --- [io-1217-exec-10] c.a.druid.pool.DruidAbstractDataSource   : discard long time none received connection. , jdbcUrl : jdbc:mysql://localhost:3306/wms-server?useUnicode=true&characterEncoding=UTF-8&useSSL=false&serverTimezone=Asia/Shanghai, version : 1.2.8, lastPacketReceivedIdleMillis : 68229
2025-02-13 11:24:09.119   WARN 19492 --- [nio-1217-exec-4] c.a.druid.pool.DruidAbstractDataSource   : discard long time none received connection. , jdbcUrl : jdbc:mysql://localhost:3306/wms-server?useUnicode=true&characterEncoding=UTF-8&useSSL=false&serverTimezone=Asia/Shanghai, version : 1.2.8, lastPacketReceivedIdleMillis : 114534
2025-02-13 11:24:09.119   WARN 19492 --- [nio-1217-exec-4] c.a.druid.pool.DruidAbstractDataSource   : discard long time none received connection. , jdbcUrl : jdbc:mysql://localhost:3306/wms-server?useUnicode=true&characterEncoding=UTF-8&useSSL=false&serverTimezone=Asia/Shanghai, version : 1.2.8, lastPacketReceivedIdleMillis : 114547
2025-02-13 11:25:16.458   WARN 19492 --- [nio-1217-exec-2] c.a.druid.pool.DruidAbstractDataSource   : discard long time none received connection. , jdbcUrl : jdbc:mysql://localhost:3306/wms-server?useUnicode=true&characterEncoding=UTF-8&useSSL=false&serverTimezone=Asia/Shanghai, version : 1.2.8, lastPacketReceivedIdleMillis : 64214
2025-02-13 11:25:16.458   WARN 19492 --- [nio-1217-exec-1] c.a.druid.pool.DruidAbstractDataSource   : discard long time none received connection. , jdbcUrl : jdbc:mysql://localhost:3306/wms-server?useUnicode=true&characterEncoding=UTF-8&useSSL=false&serverTimezone=Asia/Shanghai, version : 1.2.8, lastPacketReceivedIdleMillis : 64230
2025-02-13 11:29:14.841   WARN 19492 --- [nio-1217-exec-4] c.a.druid.pool.DruidAbstractDataSource   : discard long time none received connection. , jdbcUrl : jdbc:mysql://localhost:3306/wms-server?useUnicode=true&characterEncoding=UTF-8&useSSL=false&serverTimezone=Asia/Shanghai, version : 1.2.8, lastPacketReceivedIdleMillis : 223404
2025-02-13 11:29:14.842   WARN 19492 --- [nio-1217-exec-4] c.a.druid.pool.DruidAbstractDataSource   : discard long time none received connection. , jdbcUrl : jdbc:mysql://localhost:3306/wms-server?useUnicode=true&characterEncoding=UTF-8&useSSL=false&serverTimezone=Asia/Shanghai, version : 1.2.8, lastPacketReceivedIdleMillis : 236906
2025-02-13 11:31:10.723   WARN 19492 --- [nio-1217-exec-3] c.a.druid.pool.DruidAbstractDataSource   : discard long time none received connection. , jdbcUrl : jdbc:mysql://localhost:3306/wms-server?useUnicode=true&characterEncoding=UTF-8&useSSL=false&serverTimezone=Asia/Shanghai, version : 1.2.8, lastPacketReceivedIdleMillis : 77396
2025-02-13 11:31:10.723   WARN 19492 --- [nio-1217-exec-4] c.a.druid.pool.DruidAbstractDataSource   : discard long time none received connection. , jdbcUrl : jdbc:mysql://localhost:3306/wms-server?useUnicode=true&characterEncoding=UTF-8&useSSL=false&serverTimezone=Asia/Shanghai, version : 1.2.8, lastPacketReceivedIdleMillis : 77405
2025-02-13 11:32:54.679   WARN 19492 --- [nio-1217-exec-5] c.a.druid.pool.DruidAbstractDataSource   : discard long time none received connection. , jdbcUrl : jdbc:mysql://localhost:3306/wms-server?useUnicode=true&characterEncoding=UTF-8&useSSL=false&serverTimezone=Asia/Shanghai, version : 1.2.8, lastPacketReceivedIdleMillis : 103938
2025-02-13 11:32:54.679   WARN 19492 --- [nio-1217-exec-1] c.a.druid.pool.DruidAbstractDataSource   : discard long time none received connection. , jdbcUrl : jdbc:mysql://localhost:3306/wms-server?useUnicode=true&characterEncoding=UTF-8&useSSL=false&serverTimezone=Asia/Shanghai, version : 1.2.8, lastPacketReceivedIdleMillis : 103929
2025-02-13 11:34:14.339   WARN 19492 --- [nio-1217-exec-2] c.a.druid.pool.DruidAbstractDataSource   : discard long time none received connection. , jdbcUrl : jdbc:mysql://localhost:3306/wms-server?useUnicode=true&characterEncoding=UTF-8&useSSL=false&serverTimezone=Asia/Shanghai, version : 1.2.8, lastPacketReceivedIdleMillis : 79632
2025-02-13 11:34:14.339   WARN 19492 --- [nio-1217-exec-6] c.a.druid.pool.DruidAbstractDataSource   : discard long time none received connection. , jdbcUrl : jdbc:mysql://localhost:3306/wms-server?useUnicode=true&characterEncoding=UTF-8&useSSL=false&serverTimezone=Asia/Shanghai, version : 1.2.8, lastPacketReceivedIdleMillis : 79640
2025-02-13 11:39:18.979   WARN 19492 --- [nio-1217-exec-9] c.a.druid.pool.DruidAbstractDataSource   : discard long time none received connection. , jdbcUrl : jdbc:mysql://localhost:3306/wms-server?useUnicode=true&characterEncoding=UTF-8&useSSL=false&serverTimezone=Asia/Shanghai, version : 1.2.8, lastPacketReceivedIdleMillis : 304621
2025-02-13 11:39:18.979   WARN 19492 --- [nio-1217-exec-8] c.a.druid.pool.DruidAbstractDataSource   : discard long time none received connection. , jdbcUrl : jdbc:mysql://localhost:3306/wms-server?useUnicode=true&characterEncoding=UTF-8&useSSL=false&serverTimezone=Asia/Shanghai, version : 1.2.8, lastPacketReceivedIdleMillis : 304608
2025-02-13 13:41:42.156   WARN 19492 --- [nio-1217-exec-6] c.a.druid.pool.DruidAbstractDataSource   : discard long time none received connection. , jdbcUrl : jdbc:mysql://localhost:3306/wms-server?useUnicode=true&characterEncoding=UTF-8&useSSL=false&serverTimezone=Asia/Shanghai, version : 1.2.8, lastPacketReceivedIdleMillis : 135069
2025-02-13 13:41:42.156   WARN 19492 --- [nio-1217-exec-6] c.a.druid.pool.DruidAbstractDataSource   : discard long time none received connection. , jdbcUrl : jdbc:mysql://localhost:3306/wms-server?useUnicode=true&characterEncoding=UTF-8&useSSL=false&serverTimezone=Asia/Shanghai, version : 1.2.8, lastPacketReceivedIdleMillis : 135091
