2025-01-14 18:55:30.902   INFO 15940 --- [           main] com.wms.WmsServerApplication             : Starting WmsServerApplication using Java 17.0.5 on Disney with PID 15940 (K:\GitHub\notes\project\wms-server\target\classes started by qe249 in K:\GitHub\notes\project\wms-server)
2025-01-14 18:55:30.906   INFO 15940 --- [           main] com.wms.WmsServerApplication             : The following 1 profile is active: "dev"
2025-01-14 18:55:33.649   INFO 15940 --- [           main] .s.d.r.c.RepositoryConfigurationDelegate : Multiple Spring Data modules found, entering strict repository configuration mode
2025-01-14 18:55:33.652   INFO 15940 --- [           main] .s.d.r.c.RepositoryConfigurationDelegate : Bootstrapping Spring Data Redis repositories in DEFAULT mode.
2025-01-14 18:55:33.683   INFO 15940 --- [           main] .s.d.r.c.RepositoryConfigurationDelegate : Finished Spring Data repository scanning in 13 ms. Found 0 Redis repository interfaces.
2025-01-14 18:55:34.626   INFO 15940 --- [           main] o.s.b.w.embedded.tomcat.TomcatWebServer  : Tomcat initialized with port(s): 1217 (http)
2025-01-14 18:55:34.635   INFO 15940 --- [           main] o.a.coyote.http11.Http11NioProtocol      : Initializing ProtocolHandler ["http-nio-1217"]
2025-01-14 18:55:34.636   INFO 15940 --- [           main] o.apache.catalina.core.StandardService   : Starting service [Tomcat]
2025-01-14 18:55:34.636   INFO 15940 --- [           main] org.apache.catalina.core.StandardEngine  : Starting Servlet engine: [Apache Tomcat/9.0.68]
2025-01-14 18:55:34.741   INFO 15940 --- [           main] o.a.c.c.C.[Tomcat].[localhost].[/]       : Initializing Spring embedded WebApplicationContext
2025-01-14 18:55:34.741   INFO 15940 --- [           main] w.s.c.ServletWebServerApplicationContext : Root WebApplicationContext: initialization completed in 3785 ms
2025-01-14 18:55:36.598   INFO 15940 --- [           main] o.s.b.a.w.s.WelcomePageHandlerMapping    : Adding welcome page: class path resource [static/index.html]
2025-01-14 18:55:37.333   INFO 15940 --- [           main] o.s.s.web.DefaultSecurityFilterChain     : Will secure any request with [org.springframework.security.web.context.request.async.WebAsyncManagerIntegrationFilter@556ae220, org.springframework.security.web.context.SecurityContextPersistenceFilter@65cc3902, org.springframework.security.web.header.HeaderWriterFilter@4d4bac56, org.springframework.web.filter.CorsFilter@2689b752, org.springframework.security.web.authentication.logout.LogoutFilter@386f88b3, com.wms.filter.jwt.JwtAuthenticationTokenFilter@40017e98, org.springframework.security.web.session.ConcurrentSessionFilter@4e35a219, org.springframework.security.web.savedrequest.RequestCacheAwareFilter@4603c412, org.springframework.security.web.servletapi.SecurityContextHolderAwareRequestFilter@478cc5f1, org.springframework.security.web.authentication.AnonymousAuthenticationFilter@84eafc2, org.springframework.security.web.session.SessionManagementFilter@2941631f, org.springframework.security.web.access.ExceptionTranslationFilter@75a6bd06, org.springframework.security.web.access.intercept.FilterSecurityInterceptor@59c00722]
2025-01-14 18:55:37.467   INFO 15940 --- [           main] o.a.coyote.http11.Http11NioProtocol      : Starting ProtocolHandler ["http-nio-1217"]
2025-01-14 18:55:37.495   INFO 15940 --- [           main] o.s.b.w.embedded.tomcat.TomcatWebServer  : Tomcat started on port(s): 1217 (http) with context path ''
2025-01-14 18:55:38.100   INFO 15940 --- [           main] com.wms.WmsServerApplication             : Started WmsServerApplication in 7.678 seconds (JVM running for 9.562)
2025-01-14 18:56:59.947   INFO 15940 --- [nio-1217-exec-1] o.a.c.c.C.[Tomcat].[localhost].[/]       : Initializing Spring DispatcherServlet 'dispatcherServlet'
2025-01-14 18:56:59.947   INFO 15940 --- [nio-1217-exec-1] o.s.web.servlet.DispatcherServlet        : Initializing Servlet 'dispatcherServlet'
2025-01-14 18:56:59.948   INFO 15940 --- [nio-1217-exec-1] o.s.web.servlet.DispatcherServlet        : Completed initialization in 1 ms
2025-01-14 18:57:00.145   INFO 15940 --- [nio-1217-exec-2] com.alibaba.druid.pool.DruidDataSource   : {dataSource-1} inited
2025-01-14 19:06:17.570   INFO 15940 --- [ionShutdownHook] com.alibaba.druid.pool.DruidDataSource   : {dataSource-1} closing ...
2025-01-14 19:06:17.573   INFO 15940 --- [ionShutdownHook] com.alibaba.druid.pool.DruidDataSource   : {dataSource-1} closed
2025-01-14 19:06:20.765   INFO 5356 --- [           main] com.wms.WmsServerApplication             : Starting WmsServerApplication using Java 17.0.5 on Disney with PID 5356 (K:\GitHub\notes\project\wms-server\target\classes started by qe249 in K:\GitHub\notes\project\wms-server)
2025-01-14 19:06:20.768   INFO 5356 --- [           main] com.wms.WmsServerApplication             : The following 1 profile is active: "dev"
2025-01-14 19:06:21.496   INFO 5356 --- [           main] .s.d.r.c.RepositoryConfigurationDelegate : Multiple Spring Data modules found, entering strict repository configuration mode
2025-01-14 19:06:21.497   INFO 5356 --- [           main] .s.d.r.c.RepositoryConfigurationDelegate : Bootstrapping Spring Data Redis repositories in DEFAULT mode.
2025-01-14 19:06:21.521   INFO 5356 --- [           main] .s.d.r.c.RepositoryConfigurationDelegate : Finished Spring Data repository scanning in 13 ms. Found 0 Redis repository interfaces.
2025-01-14 19:06:22.224   INFO 5356 --- [           main] o.s.b.w.embedded.tomcat.TomcatWebServer  : Tomcat initialized with port(s): 1217 (http)
2025-01-14 19:06:22.233   INFO 5356 --- [           main] o.a.coyote.http11.Http11NioProtocol      : Initializing ProtocolHandler ["http-nio-1217"]
2025-01-14 19:06:22.233   INFO 5356 --- [           main] o.apache.catalina.core.StandardService   : Starting service [Tomcat]
2025-01-14 19:06:22.233   INFO 5356 --- [           main] org.apache.catalina.core.StandardEngine  : Starting Servlet engine: [Apache Tomcat/9.0.68]
2025-01-14 19:06:22.316   INFO 5356 --- [           main] o.a.c.c.C.[Tomcat].[localhost].[/]       : Initializing Spring embedded WebApplicationContext
2025-01-14 19:06:22.316   INFO 5356 --- [           main] w.s.c.ServletWebServerApplicationContext : Root WebApplicationContext: initialization completed in 1511 ms
2025-01-14 19:06:23.725   INFO 5356 --- [           main] o.s.b.a.w.s.WelcomePageHandlerMapping    : Adding welcome page: class path resource [static/index.html]
2025-01-14 19:06:24.170   INFO 5356 --- [           main] o.s.s.web.DefaultSecurityFilterChain     : Will secure any request with [org.springframework.security.web.context.request.async.WebAsyncManagerIntegrationFilter@2b30b627, org.springframework.security.web.context.SecurityContextPersistenceFilter@430db481, org.springframework.security.web.header.HeaderWriterFilter@1b120d48, org.springframework.web.filter.CorsFilter@5fa9971f, org.springframework.security.web.authentication.logout.LogoutFilter@3bf41cd0, com.wms.filter.jwt.JwtAuthenticationTokenFilter@429f0ca8, org.springframework.security.web.session.ConcurrentSessionFilter@75a6bd06, org.springframework.security.web.savedrequest.RequestCacheAwareFilter@4e35a219, org.springframework.security.web.servletapi.SecurityContextHolderAwareRequestFilter@8dc3019, org.springframework.security.web.authentication.AnonymousAuthenticationFilter@70a24463, org.springframework.security.web.session.SessionManagementFilter@76ee7301, org.springframework.security.web.access.ExceptionTranslationFilter@34c07ecc, org.springframework.security.web.access.intercept.FilterSecurityInterceptor@1a53ac0c]
2025-01-14 19:06:24.238   INFO 5356 --- [           main] o.a.coyote.http11.Http11NioProtocol      : Starting ProtocolHandler ["http-nio-1217"]
2025-01-14 19:06:24.255   INFO 5356 --- [           main] o.s.b.w.embedded.tomcat.TomcatWebServer  : Tomcat started on port(s): 1217 (http) with context path ''
2025-01-14 19:06:24.555   INFO 5356 --- [           main] com.wms.WmsServerApplication             : Started WmsServerApplication in 4.227 seconds (JVM running for 5.498)
2025-01-14 19:06:29.302   INFO 5356 --- [nio-1217-exec-1] o.a.c.c.C.[Tomcat].[localhost].[/]       : Initializing Spring DispatcherServlet 'dispatcherServlet'
2025-01-14 19:06:29.302   INFO 5356 --- [nio-1217-exec-1] o.s.web.servlet.DispatcherServlet        : Initializing Servlet 'dispatcherServlet'
2025-01-14 19:06:29.304   INFO 5356 --- [nio-1217-exec-1] o.s.web.servlet.DispatcherServlet        : Completed initialization in 2 ms
2025-01-14 19:06:29.477   INFO 5356 --- [nio-1217-exec-1] com.alibaba.druid.pool.DruidDataSource   : {dataSource-1} inited
2025-01-14 19:08:12.438   INFO 5356 --- [ionShutdownHook] com.alibaba.druid.pool.DruidDataSource   : {dataSource-1} closing ...
2025-01-14 19:08:12.443   INFO 5356 --- [ionShutdownHook] com.alibaba.druid.pool.DruidDataSource   : {dataSource-1} closed
2025-01-14 19:08:16.764   INFO 10748 --- [           main] com.wms.WmsServerApplication             : Starting WmsServerApplication using Java 17.0.5 on Disney with PID 10748 (K:\GitHub\notes\project\wms-server\target\classes started by qe249 in K:\GitHub\notes\project\wms-server)
2025-01-14 19:08:16.767   INFO 10748 --- [           main] com.wms.WmsServerApplication             : The following 1 profile is active: "dev"
2025-01-14 19:08:17.502   INFO 10748 --- [           main] .s.d.r.c.RepositoryConfigurationDelegate : Multiple Spring Data modules found, entering strict repository configuration mode
2025-01-14 19:08:17.505   INFO 10748 --- [           main] .s.d.r.c.RepositoryConfigurationDelegate : Bootstrapping Spring Data Redis repositories in DEFAULT mode.
2025-01-14 19:08:17.527   INFO 10748 --- [           main] .s.d.r.c.RepositoryConfigurationDelegate : Finished Spring Data repository scanning in 12 ms. Found 0 Redis repository interfaces.
2025-01-14 19:08:18.197   INFO 10748 --- [           main] o.s.b.w.embedded.tomcat.TomcatWebServer  : Tomcat initialized with port(s): 1217 (http)
2025-01-14 19:08:18.205   INFO 10748 --- [           main] o.a.coyote.http11.Http11NioProtocol      : Initializing ProtocolHandler ["http-nio-1217"]
2025-01-14 19:08:18.205   INFO 10748 --- [           main] o.apache.catalina.core.StandardService   : Starting service [Tomcat]
2025-01-14 19:08:18.205   INFO 10748 --- [           main] org.apache.catalina.core.StandardEngine  : Starting Servlet engine: [Apache Tomcat/9.0.68]
2025-01-14 19:08:18.284   INFO 10748 --- [           main] o.a.c.c.C.[Tomcat].[localhost].[/]       : Initializing Spring embedded WebApplicationContext
2025-01-14 19:08:18.285   INFO 10748 --- [           main] w.s.c.ServletWebServerApplicationContext : Root WebApplicationContext: initialization completed in 1472 ms
2025-01-14 19:08:19.625   INFO 10748 --- [           main] o.s.b.a.w.s.WelcomePageHandlerMapping    : Adding welcome page: class path resource [static/index.html]
2025-01-14 19:08:20.069   INFO 10748 --- [           main] o.s.s.web.DefaultSecurityFilterChain     : Will secure any request with [org.springframework.security.web.context.request.async.WebAsyncManagerIntegrationFilter@453e1bba, org.springframework.security.web.context.SecurityContextPersistenceFilter@76ee7301, org.springframework.security.web.header.HeaderWriterFilter@70f3bf00, org.springframework.web.filter.CorsFilter@aade5a2, org.springframework.security.web.authentication.logout.LogoutFilter@4ebb7bab, com.wms.filter.jwt.JwtAuthenticationTokenFilter@16b7e04a, org.springframework.security.web.session.ConcurrentSessionFilter@73417494, org.springframework.security.web.savedrequest.RequestCacheAwareFilter@75df4b1d, org.springframework.security.web.servletapi.SecurityContextHolderAwareRequestFilter@4930213b, org.springframework.security.web.authentication.AnonymousAuthenticationFilter@51f009ef, org.springframework.security.web.session.SessionManagementFilter@7df23848, org.springframework.security.web.access.ExceptionTranslationFilter@53f1fcc2, org.springframework.security.web.access.intercept.FilterSecurityInterceptor@52463255]
2025-01-14 19:08:20.136   INFO 10748 --- [           main] o.a.coyote.http11.Http11NioProtocol      : Starting ProtocolHandler ["http-nio-1217"]
2025-01-14 19:08:20.152   INFO 10748 --- [           main] o.s.b.w.embedded.tomcat.TomcatWebServer  : Tomcat started on port(s): 1217 (http) with context path ''
2025-01-14 19:08:20.461   INFO 10748 --- [           main] com.wms.WmsServerApplication             : Started WmsServerApplication in 4.033 seconds (JVM running for 4.805)
2025-01-14 19:08:26.859   INFO 10748 --- [nio-1217-exec-1] o.a.c.c.C.[Tomcat].[localhost].[/]       : Initializing Spring DispatcherServlet 'dispatcherServlet'
2025-01-14 19:08:26.859   INFO 10748 --- [nio-1217-exec-1] o.s.web.servlet.DispatcherServlet        : Initializing Servlet 'dispatcherServlet'
2025-01-14 19:08:26.861   INFO 10748 --- [nio-1217-exec-1] o.s.web.servlet.DispatcherServlet        : Completed initialization in 2 ms
2025-01-14 19:08:27.021   INFO 10748 --- [nio-1217-exec-1] com.alibaba.druid.pool.DruidDataSource   : {dataSource-1} inited
2025-01-14 19:12:15.488   INFO 10748 --- [ionShutdownHook] com.alibaba.druid.pool.DruidDataSource   : {dataSource-1} closing ...
2025-01-14 19:12:15.490   INFO 10748 --- [ionShutdownHook] com.alibaba.druid.pool.DruidDataSource   : {dataSource-1} closed
2025-01-14 19:12:19.513   INFO 4872 --- [           main] com.wms.WmsServerApplication             : Starting WmsServerApplication using Java 17.0.5 on Disney with PID 4872 (K:\GitHub\notes\project\wms-server\target\classes started by qe249 in K:\GitHub\notes\project\wms-server)
2025-01-14 19:12:19.516   INFO 4872 --- [           main] com.wms.WmsServerApplication             : The following 1 profile is active: "dev"
2025-01-14 19:12:20.237   INFO 4872 --- [           main] .s.d.r.c.RepositoryConfigurationDelegate : Multiple Spring Data modules found, entering strict repository configuration mode
2025-01-14 19:12:20.239   INFO 4872 --- [           main] .s.d.r.c.RepositoryConfigurationDelegate : Bootstrapping Spring Data Redis repositories in DEFAULT mode.
2025-01-14 19:12:20.262   INFO 4872 --- [           main] .s.d.r.c.RepositoryConfigurationDelegate : Finished Spring Data repository scanning in 12 ms. Found 0 Redis repository interfaces.
2025-01-14 19:12:20.924   INFO 4872 --- [           main] o.s.b.w.embedded.tomcat.TomcatWebServer  : Tomcat initialized with port(s): 1217 (http)
2025-01-14 19:12:20.931   INFO 4872 --- [           main] o.a.coyote.http11.Http11NioProtocol      : Initializing ProtocolHandler ["http-nio-1217"]
2025-01-14 19:12:20.932   INFO 4872 --- [           main] o.apache.catalina.core.StandardService   : Starting service [Tomcat]
2025-01-14 19:12:20.932   INFO 4872 --- [           main] org.apache.catalina.core.StandardEngine  : Starting Servlet engine: [Apache Tomcat/9.0.68]
2025-01-14 19:12:21.014   INFO 4872 --- [           main] o.a.c.c.C.[Tomcat].[localhost].[/]       : Initializing Spring embedded WebApplicationContext
2025-01-14 19:12:21.014   INFO 4872 --- [           main] w.s.c.ServletWebServerApplicationContext : Root WebApplicationContext: initialization completed in 1454 ms
2025-01-14 19:12:22.386   INFO 4872 --- [           main] o.s.b.a.w.s.WelcomePageHandlerMapping    : Adding welcome page: class path resource [static/index.html]
2025-01-14 19:12:22.835   INFO 4872 --- [           main] o.s.s.web.DefaultSecurityFilterChain     : Will secure any request with [org.springframework.security.web.context.request.async.WebAsyncManagerIntegrationFilter@453e1bba, org.springframework.security.web.context.SecurityContextPersistenceFilter@76ee7301, org.springframework.security.web.header.HeaderWriterFilter@70f3bf00, org.springframework.web.filter.CorsFilter@aade5a2, org.springframework.security.web.authentication.logout.LogoutFilter@4ebb7bab, com.wms.filter.jwt.JwtAuthenticationTokenFilter@16b7e04a, org.springframework.security.web.session.ConcurrentSessionFilter@73417494, org.springframework.security.web.savedrequest.RequestCacheAwareFilter@75df4b1d, org.springframework.security.web.servletapi.SecurityContextHolderAwareRequestFilter@4930213b, org.springframework.security.web.authentication.AnonymousAuthenticationFilter@51f009ef, org.springframework.security.web.session.SessionManagementFilter@7df23848, org.springframework.security.web.access.ExceptionTranslationFilter@53f1fcc2, org.springframework.security.web.access.intercept.FilterSecurityInterceptor@52463255]
2025-01-14 19:12:22.903   INFO 4872 --- [           main] o.a.coyote.http11.Http11NioProtocol      : Starting ProtocolHandler ["http-nio-1217"]
2025-01-14 19:12:22.918   INFO 4872 --- [           main] o.s.b.w.embedded.tomcat.TomcatWebServer  : Tomcat started on port(s): 1217 (http) with context path ''
2025-01-14 19:12:23.226   INFO 4872 --- [           main] com.wms.WmsServerApplication             : Started WmsServerApplication in 4.055 seconds (JVM running for 4.764)
2025-01-14 19:12:28.756   INFO 4872 --- [nio-1217-exec-1] o.a.c.c.C.[Tomcat].[localhost].[/]       : Initializing Spring DispatcherServlet 'dispatcherServlet'
2025-01-14 19:12:28.756   INFO 4872 --- [nio-1217-exec-1] o.s.web.servlet.DispatcherServlet        : Initializing Servlet 'dispatcherServlet'
2025-01-14 19:12:28.757   INFO 4872 --- [nio-1217-exec-1] o.s.web.servlet.DispatcherServlet        : Completed initialization in 1 ms
2025-01-14 19:12:28.914   INFO 4872 --- [nio-1217-exec-1] com.alibaba.druid.pool.DruidDataSource   : {dataSource-1} inited
2025-01-14 22:13:59.425   INFO 4872 --- [ionShutdownHook] com.alibaba.druid.pool.DruidDataSource   : {dataSource-1} closing ...
2025-01-14 22:13:59.431   INFO 4872 --- [ionShutdownHook] com.alibaba.druid.pool.DruidDataSource   : {dataSource-1} closed
2025-01-14 22:14:04.669   INFO 10444 --- [           main] com.wms.WmsServerApplication             : Starting WmsServerApplication using Java 17.0.5 on Disney with PID 10444 (K:\GitHub\notes\project\wms-server\target\classes started by qe249 in K:\GitHub\notes\project\wms-server)
2025-01-14 22:14:04.672   INFO 10444 --- [           main] com.wms.WmsServerApplication             : The following 1 profile is active: "dev"
2025-01-14 22:14:05.777   INFO 10444 --- [           main] .s.d.r.c.RepositoryConfigurationDelegate : Multiple Spring Data modules found, entering strict repository configuration mode
2025-01-14 22:14:05.779   INFO 10444 --- [           main] .s.d.r.c.RepositoryConfigurationDelegate : Bootstrapping Spring Data Redis repositories in DEFAULT mode.
2025-01-14 22:14:05.803   INFO 10444 --- [           main] .s.d.r.c.RepositoryConfigurationDelegate : Finished Spring Data repository scanning in 12 ms. Found 0 Redis repository interfaces.
2025-01-14 22:14:06.643   INFO 10444 --- [           main] o.s.b.w.embedded.tomcat.TomcatWebServer  : Tomcat initialized with port(s): 1217 (http)
2025-01-14 22:14:06.652   INFO 10444 --- [           main] o.a.coyote.http11.Http11NioProtocol      : Initializing ProtocolHandler ["http-nio-1217"]
2025-01-14 22:14:06.652   INFO 10444 --- [           main] o.apache.catalina.core.StandardService   : Starting service [Tomcat]
2025-01-14 22:14:06.653   INFO 10444 --- [           main] org.apache.catalina.core.StandardEngine  : Starting Servlet engine: [Apache Tomcat/9.0.68]
2025-01-14 22:14:06.738   INFO 10444 --- [           main] o.a.c.c.C.[Tomcat].[localhost].[/]       : Initializing Spring embedded WebApplicationContext
2025-01-14 22:14:06.738   INFO 10444 --- [           main] w.s.c.ServletWebServerApplicationContext : Root WebApplicationContext: initialization completed in 1989 ms
2025-01-14 22:14:08.354   INFO 10444 --- [           main] o.s.b.a.w.s.WelcomePageHandlerMapping    : Adding welcome page: class path resource [static/index.html]
2025-01-14 22:14:08.874   INFO 10444 --- [           main] o.s.s.web.DefaultSecurityFilterChain     : Will secure any request with [org.springframework.security.web.context.request.async.WebAsyncManagerIntegrationFilter@646c872a, org.springframework.security.web.context.SecurityContextPersistenceFilter@3bf41cd0, org.springframework.security.web.header.HeaderWriterFilter@7772ec28, org.springframework.web.filter.CorsFilter@1d9bd4d6, org.springframework.security.web.authentication.logout.LogoutFilter@1a53ac0c, com.wms.filter.jwt.JwtAuthenticationTokenFilter@11f3400c, org.springframework.security.web.session.ConcurrentSessionFilter@32f54c2a, org.springframework.security.web.savedrequest.RequestCacheAwareFilter@6d7772d3, org.springframework.security.web.servletapi.SecurityContextHolderAwareRequestFilter@7e741d6b, org.springframework.security.web.authentication.AnonymousAuthenticationFilter@7298c2d9, org.springframework.security.web.session.SessionManagementFilter@4ebb7bab, org.springframework.security.web.access.ExceptionTranslationFilter@2ad6aeb8, org.springframework.security.web.access.intercept.FilterSecurityInterceptor@6166aac5]
2025-01-14 22:14:08.951   INFO 10444 --- [           main] o.a.coyote.http11.Http11NioProtocol      : Starting ProtocolHandler ["http-nio-1217"]
2025-01-14 22:14:08.970   INFO 10444 --- [           main] o.s.b.w.embedded.tomcat.TomcatWebServer  : Tomcat started on port(s): 1217 (http) with context path ''
2025-01-14 22:14:09.331   INFO 10444 --- [           main] com.wms.WmsServerApplication             : Started WmsServerApplication in 5.144 seconds (JVM running for 6.243)
2025-01-14 22:14:57.035   INFO 10444 --- [ionShutdownHook] com.alibaba.druid.pool.DruidDataSource   : {dataSource-0} closing ...
2025-01-14 22:14:59.951   INFO 20300 --- [           main] com.wms.WmsServerApplication             : Starting WmsServerApplication using Java 17.0.5 on Disney with PID 20300 (K:\GitHub\notes\project\wms-server\target\classes started by qe249 in K:\GitHub\notes\project\wms-server)
2025-01-14 22:14:59.955   INFO 20300 --- [           main] com.wms.WmsServerApplication             : The following 1 profile is active: "dev"
2025-01-14 22:15:00.746   INFO 20300 --- [           main] .s.d.r.c.RepositoryConfigurationDelegate : Multiple Spring Data modules found, entering strict repository configuration mode
2025-01-14 22:15:00.748   INFO 20300 --- [           main] .s.d.r.c.RepositoryConfigurationDelegate : Bootstrapping Spring Data Redis repositories in DEFAULT mode.
2025-01-14 22:15:00.771   INFO 20300 --- [           main] .s.d.r.c.RepositoryConfigurationDelegate : Finished Spring Data repository scanning in 11 ms. Found 0 Redis repository interfaces.
2025-01-14 22:15:01.474   INFO 20300 --- [           main] o.s.b.w.embedded.tomcat.TomcatWebServer  : Tomcat initialized with port(s): 1217 (http)
2025-01-14 22:15:01.483   INFO 20300 --- [           main] o.a.coyote.http11.Http11NioProtocol      : Initializing ProtocolHandler ["http-nio-1217"]
2025-01-14 22:15:01.483   INFO 20300 --- [           main] o.apache.catalina.core.StandardService   : Starting service [Tomcat]
2025-01-14 22:15:01.483   INFO 20300 --- [           main] org.apache.catalina.core.StandardEngine  : Starting Servlet engine: [Apache Tomcat/9.0.68]
2025-01-14 22:15:01.564   INFO 20300 --- [           main] o.a.c.c.C.[Tomcat].[localhost].[/]       : Initializing Spring embedded WebApplicationContext
2025-01-14 22:15:01.564   INFO 20300 --- [           main] w.s.c.ServletWebServerApplicationContext : Root WebApplicationContext: initialization completed in 1565 ms
2025-01-14 22:15:02.960   INFO 20300 --- [           main] o.s.b.a.w.s.WelcomePageHandlerMapping    : Adding welcome page: class path resource [static/index.html]
2025-01-14 22:15:03.428   INFO 20300 --- [           main] o.s.s.web.DefaultSecurityFilterChain     : Will secure any request with [org.springframework.security.web.context.request.async.WebAsyncManagerIntegrationFilter@5c552f08, org.springframework.security.web.context.SecurityContextPersistenceFilter@76980c75, org.springframework.security.web.header.HeaderWriterFilter@796613b7, org.springframework.web.filter.CorsFilter@4fd00e10, org.springframework.security.web.authentication.logout.LogoutFilter@49654a35, com.wms.filter.jwt.JwtAuthenticationTokenFilter@2b2b7e3c, org.springframework.security.web.session.ConcurrentSessionFilter@76ee7301, org.springframework.security.web.savedrequest.RequestCacheAwareFilter@2941631f, org.springframework.security.web.servletapi.SecurityContextHolderAwareRequestFilter@4e35a219, org.springframework.security.web.authentication.AnonymousAuthenticationFilter@7be1e187, org.springframework.security.web.session.SessionManagementFilter@27b7e663, org.springframework.security.web.access.ExceptionTranslationFilter@21b2579d, org.springframework.security.web.access.intercept.FilterSecurityInterceptor@2059c3ff]
2025-01-14 22:15:03.497   INFO 20300 --- [           main] o.a.coyote.http11.Http11NioProtocol      : Starting ProtocolHandler ["http-nio-1217"]
2025-01-14 22:15:03.514   INFO 20300 --- [           main] o.s.b.w.embedded.tomcat.TomcatWebServer  : Tomcat started on port(s): 1217 (http) with context path ''
2025-01-14 22:15:03.835   INFO 20300 --- [           main] com.wms.WmsServerApplication             : Started WmsServerApplication in 4.263 seconds (JVM running for 5.447)
2025-01-14 22:16:25.215   INFO 20300 --- [ionShutdownHook] com.alibaba.druid.pool.DruidDataSource   : {dataSource-0} closing ...
2025-01-14 22:16:29.350   INFO 17392 --- [           main] com.wms.WmsServerApplication             : Starting WmsServerApplication using Java 17.0.5 on Disney with PID 17392 (K:\GitHub\notes\project\wms-server\target\classes started by qe249 in K:\GitHub\notes\project\wms-server)
2025-01-14 22:16:29.353   INFO 17392 --- [           main] com.wms.WmsServerApplication             : The following 1 profile is active: "dev"
2025-01-14 22:16:30.081   INFO 17392 --- [           main] .s.d.r.c.RepositoryConfigurationDelegate : Multiple Spring Data modules found, entering strict repository configuration mode
2025-01-14 22:16:30.083   INFO 17392 --- [           main] .s.d.r.c.RepositoryConfigurationDelegate : Bootstrapping Spring Data Redis repositories in DEFAULT mode.
2025-01-14 22:16:30.107   INFO 17392 --- [           main] .s.d.r.c.RepositoryConfigurationDelegate : Finished Spring Data repository scanning in 12 ms. Found 0 Redis repository interfaces.
2025-01-14 22:16:30.812   INFO 17392 --- [           main] o.s.b.w.embedded.tomcat.TomcatWebServer  : Tomcat initialized with port(s): 1217 (http)
2025-01-14 22:16:30.820   INFO 17392 --- [           main] o.a.coyote.http11.Http11NioProtocol      : Initializing ProtocolHandler ["http-nio-1217"]
2025-01-14 22:16:30.820   INFO 17392 --- [           main] o.apache.catalina.core.StandardService   : Starting service [Tomcat]
2025-01-14 22:16:30.820   INFO 17392 --- [           main] org.apache.catalina.core.StandardEngine  : Starting Servlet engine: [Apache Tomcat/9.0.68]
2025-01-14 22:16:30.900   INFO 17392 --- [           main] o.a.c.c.C.[Tomcat].[localhost].[/]       : Initializing Spring embedded WebApplicationContext
2025-01-14 22:16:30.900   INFO 17392 --- [           main] w.s.c.ServletWebServerApplicationContext : Root WebApplicationContext: initialization completed in 1499 ms
2025-01-14 22:16:32.374   INFO 17392 --- [           main] o.s.b.a.w.s.WelcomePageHandlerMapping    : Adding welcome page: class path resource [static/index.html]
2025-01-14 22:16:32.847   INFO 17392 --- [           main] o.s.s.web.DefaultSecurityFilterChain     : Will secure any request with [org.springframework.security.web.context.request.async.WebAsyncManagerIntegrationFilter@59c00722, org.springframework.security.web.context.SecurityContextPersistenceFilter@ad585fb, org.springframework.security.web.header.HeaderWriterFilter@4f0cdd0f, org.springframework.web.filter.CorsFilter@6c96346b, org.springframework.security.web.authentication.logout.LogoutFilter@3662c887, com.wms.filter.jwt.JwtAuthenticationTokenFilter@16b7e04a, org.springframework.security.web.session.ConcurrentSessionFilter@27b7e663, org.springframework.security.web.savedrequest.RequestCacheAwareFilter@15aaf7b1, org.springframework.security.web.servletapi.SecurityContextHolderAwareRequestFilter@2941631f, org.springframework.security.web.authentication.AnonymousAuthenticationFilter@9734cae, org.springframework.security.web.session.SessionManagementFilter@14ee143a, org.springframework.security.web.access.ExceptionTranslationFilter@49770ef9, org.springframework.security.web.access.intercept.FilterSecurityInterceptor@53f94afe]
2025-01-14 22:16:32.916   INFO 17392 --- [           main] o.a.coyote.http11.Http11NioProtocol      : Starting ProtocolHandler ["http-nio-1217"]
2025-01-14 22:16:32.932   INFO 17392 --- [           main] o.s.b.w.embedded.tomcat.TomcatWebServer  : Tomcat started on port(s): 1217 (http) with context path ''
2025-01-14 22:16:33.264   INFO 17392 --- [           main] com.wms.WmsServerApplication             : Started WmsServerApplication in 4.28 seconds (JVM running for 5.1)
2025-01-14 22:17:35.471   INFO 17392 --- [ionShutdownHook] com.alibaba.druid.pool.DruidDataSource   : {dataSource-0} closing ...
2025-01-14 22:17:38.910   INFO 8408 --- [           main] com.wms.WmsServerApplication             : Starting WmsServerApplication using Java 17.0.5 on Disney with PID 8408 (K:\GitHub\notes\project\wms-server\target\classes started by qe249 in K:\GitHub\notes\project\wms-server)
2025-01-14 22:17:38.912   INFO 8408 --- [           main] com.wms.WmsServerApplication             : The following 1 profile is active: "dev"
2025-01-14 22:17:39.601   INFO 8408 --- [           main] .s.d.r.c.RepositoryConfigurationDelegate : Multiple Spring Data modules found, entering strict repository configuration mode
2025-01-14 22:17:39.602   INFO 8408 --- [           main] .s.d.r.c.RepositoryConfigurationDelegate : Bootstrapping Spring Data Redis repositories in DEFAULT mode.
2025-01-14 22:17:39.624   INFO 8408 --- [           main] .s.d.r.c.RepositoryConfigurationDelegate : Finished Spring Data repository scanning in 11 ms. Found 0 Redis repository interfaces.
2025-01-14 22:17:40.260   INFO 8408 --- [           main] o.s.b.w.embedded.tomcat.TomcatWebServer  : Tomcat initialized with port(s): 1217 (http)
2025-01-14 22:17:40.267   INFO 8408 --- [           main] o.a.coyote.http11.Http11NioProtocol      : Initializing ProtocolHandler ["http-nio-1217"]
2025-01-14 22:17:40.268   INFO 8408 --- [           main] o.apache.catalina.core.StandardService   : Starting service [Tomcat]
2025-01-14 22:17:40.268   INFO 8408 --- [           main] org.apache.catalina.core.StandardEngine  : Starting Servlet engine: [Apache Tomcat/9.0.68]
2025-01-14 22:17:40.345   INFO 8408 --- [           main] o.a.c.c.C.[Tomcat].[localhost].[/]       : Initializing Spring embedded WebApplicationContext
2025-01-14 22:17:40.345   INFO 8408 --- [           main] w.s.c.ServletWebServerApplicationContext : Root WebApplicationContext: initialization completed in 1400 ms
2025-01-14 22:17:41.636   INFO 8408 --- [           main] o.s.b.a.w.s.WelcomePageHandlerMapping    : Adding welcome page: class path resource [static/index.html]
2025-01-14 22:17:42.054   INFO 8408 --- [           main] o.s.s.web.DefaultSecurityFilterChain     : Will secure any request with [org.springframework.security.web.context.request.async.WebAsyncManagerIntegrationFilter@4feaa4b8, org.springframework.security.web.context.SecurityContextPersistenceFilter@5f14590c, org.springframework.security.web.header.HeaderWriterFilter@2a9e7b4d, org.springframework.web.filter.CorsFilter@4c6eaa65, org.springframework.security.web.authentication.logout.LogoutFilter@50b2ba2c, com.wms.filter.jwt.JwtAuthenticationTokenFilter@655909e2, org.springframework.security.web.session.ConcurrentSessionFilter@15c3585, org.springframework.security.web.savedrequest.RequestCacheAwareFilter@630e5010, org.springframework.security.web.servletapi.SecurityContextHolderAwareRequestFilter@c414eb3, org.springframework.security.web.authentication.AnonymousAuthenticationFilter@53f1fcc2, org.springframework.security.web.session.SessionManagementFilter@752ffce3, org.springframework.security.web.access.ExceptionTranslationFilter@7a78d2aa, org.springframework.security.web.access.intercept.FilterSecurityInterceptor@b791e6e]
2025-01-14 22:17:42.117   INFO 8408 --- [           main] o.a.coyote.http11.Http11NioProtocol      : Starting ProtocolHandler ["http-nio-1217"]
2025-01-14 22:17:42.132   INFO 8408 --- [           main] o.s.b.w.embedded.tomcat.TomcatWebServer  : Tomcat started on port(s): 1217 (http) with context path ''
2025-01-14 22:17:42.434   INFO 8408 --- [           main] com.wms.WmsServerApplication             : Started WmsServerApplication in 3.864 seconds (JVM running for 4.569)
2025-01-14 22:18:07.400   INFO 8408 --- [nio-1217-exec-1] o.a.c.c.C.[Tomcat].[localhost].[/]       : Initializing Spring DispatcherServlet 'dispatcherServlet'
2025-01-14 22:18:07.400   INFO 8408 --- [nio-1217-exec-1] o.s.web.servlet.DispatcherServlet        : Initializing Servlet 'dispatcherServlet'
2025-01-14 22:18:07.401   INFO 8408 --- [nio-1217-exec-1] o.s.web.servlet.DispatcherServlet        : Completed initialization in 1 ms
2025-01-14 22:18:07.573   INFO 8408 --- [nio-1217-exec-5] com.alibaba.druid.pool.DruidDataSource   : {dataSource-1} inited
2025-01-14 22:56:44.364   INFO 8408 --- [ionShutdownHook] com.alibaba.druid.pool.DruidDataSource   : {dataSource-1} closing ...
2025-01-14 22:56:44.367   INFO 8408 --- [ionShutdownHook] com.alibaba.druid.pool.DruidDataSource   : {dataSource-1} closed
2025-01-14 22:56:52.197   INFO 2920 --- [           main] com.wms.WmsServerApplication             : Starting WmsServerApplication using Java 17.0.5 on Disney with PID 2920 (K:\GitHub\notes\project\wms-server\target\classes started by qe249 in K:\GitHub\notes\project\wms-server)
2025-01-14 22:56:52.203   INFO 2920 --- [           main] com.wms.WmsServerApplication             : The following 1 profile is active: "dev"
2025-01-14 22:56:53.879   INFO 2920 --- [           main] .s.d.r.c.RepositoryConfigurationDelegate : Multiple Spring Data modules found, entering strict repository configuration mode
2025-01-14 22:56:53.881   INFO 2920 --- [           main] .s.d.r.c.RepositoryConfigurationDelegate : Bootstrapping Spring Data Redis repositories in DEFAULT mode.
2025-01-14 22:56:53.904   INFO 2920 --- [           main] .s.d.r.c.RepositoryConfigurationDelegate : Finished Spring Data repository scanning in 13 ms. Found 0 Redis repository interfaces.
2025-01-14 22:56:54.661   INFO 2920 --- [           main] o.s.b.w.embedded.tomcat.TomcatWebServer  : Tomcat initialized with port(s): 1217 (http)
2025-01-14 22:56:54.672   INFO 2920 --- [           main] o.a.coyote.http11.Http11NioProtocol      : Initializing ProtocolHandler ["http-nio-1217"]
2025-01-14 22:56:54.673   INFO 2920 --- [           main] o.apache.catalina.core.StandardService   : Starting service [Tomcat]
2025-01-14 22:56:54.673   INFO 2920 --- [           main] org.apache.catalina.core.StandardEngine  : Starting Servlet engine: [Apache Tomcat/9.0.68]
2025-01-14 22:56:54.760   INFO 2920 --- [           main] o.a.c.c.C.[Tomcat].[localhost].[/]       : Initializing Spring embedded WebApplicationContext
2025-01-14 22:56:54.761   INFO 2920 --- [           main] w.s.c.ServletWebServerApplicationContext : Root WebApplicationContext: initialization completed in 2503 ms
2025-01-14 22:56:56.385   INFO 2920 --- [           main] o.s.b.a.w.s.WelcomePageHandlerMapping    : Adding welcome page: class path resource [static/index.html]
2025-01-14 22:56:56.882   INFO 2920 --- [           main] o.s.s.web.DefaultSecurityFilterChain     : Will secure any request with [org.springframework.security.web.context.request.async.WebAsyncManagerIntegrationFilter@747f0f34, org.springframework.security.web.context.SecurityContextPersistenceFilter@71634e64, org.springframework.security.web.header.HeaderWriterFilter@6b170692, org.springframework.web.filter.CorsFilter@556ae220, org.springframework.security.web.authentication.logout.LogoutFilter@51097500, com.wms.filter.jwt.JwtAuthenticationTokenFilter@5cf2f5d6, org.springframework.security.web.session.ConcurrentSessionFilter@2ad6aeb8, org.springframework.security.web.savedrequest.RequestCacheAwareFilter@32f54c2a, org.springframework.security.web.servletapi.SecurityContextHolderAwareRequestFilter@912a644, org.springframework.security.web.authentication.AnonymousAuthenticationFilter@2689b752, org.springframework.security.web.session.SessionManagementFilter@25e24908, org.springframework.security.web.access.ExceptionTranslationFilter@fa689db, org.springframework.security.web.access.intercept.FilterSecurityInterceptor@51f009ef]
2025-01-14 22:56:56.957   INFO 2920 --- [           main] o.a.coyote.http11.Http11NioProtocol      : Starting ProtocolHandler ["http-nio-1217"]
2025-01-14 22:56:56.974   INFO 2920 --- [           main] o.s.b.w.embedded.tomcat.TomcatWebServer  : Tomcat started on port(s): 1217 (http) with context path ''
2025-01-14 22:56:57.360   INFO 2920 --- [           main] com.wms.WmsServerApplication             : Started WmsServerApplication in 5.671 seconds (JVM running for 6.659)
2025-01-14 22:58:32.860   INFO 2920 --- [nio-1217-exec-1] o.a.c.c.C.[Tomcat].[localhost].[/]       : Initializing Spring DispatcherServlet 'dispatcherServlet'
2025-01-14 22:58:32.860   INFO 2920 --- [nio-1217-exec-1] o.s.web.servlet.DispatcherServlet        : Initializing Servlet 'dispatcherServlet'
2025-01-14 22:58:32.862   INFO 2920 --- [nio-1217-exec-1] o.s.web.servlet.DispatcherServlet        : Completed initialization in 1 ms
2025-01-14 22:58:32.981   INFO 2920 --- [nio-1217-exec-1] com.alibaba.druid.pool.DruidDataSource   : {dataSource-1} inited
2025-01-14 23:02:56.875   INFO 2920 --- [ionShutdownHook] com.alibaba.druid.pool.DruidDataSource   : {dataSource-1} closing ...
2025-01-14 23:02:56.879   INFO 2920 --- [ionShutdownHook] com.alibaba.druid.pool.DruidDataSource   : {dataSource-1} closed
2025-01-14 23:03:01.519   INFO 3532 --- [           main] com.wms.WmsServerApplication             : Starting WmsServerApplication using Java 17.0.5 on Disney with PID 3532 (K:\GitHub\notes\project\wms-server\target\classes started by qe249 in K:\GitHub\notes\project\wms-server)
2025-01-14 23:03:01.522   INFO 3532 --- [           main] com.wms.WmsServerApplication             : The following 1 profile is active: "dev"
2025-01-14 23:03:02.290   INFO 3532 --- [           main] .s.d.r.c.RepositoryConfigurationDelegate : Multiple Spring Data modules found, entering strict repository configuration mode
2025-01-14 23:03:02.292   INFO 3532 --- [           main] .s.d.r.c.RepositoryConfigurationDelegate : Bootstrapping Spring Data Redis repositories in DEFAULT mode.
2025-01-14 23:03:02.315   INFO 3532 --- [           main] .s.d.r.c.RepositoryConfigurationDelegate : Finished Spring Data repository scanning in 13 ms. Found 0 Redis repository interfaces.
2025-01-14 23:03:03.095   INFO 3532 --- [           main] o.s.b.w.embedded.tomcat.TomcatWebServer  : Tomcat initialized with port(s): 1217 (http)
2025-01-14 23:03:03.102   INFO 3532 --- [           main] o.a.coyote.http11.Http11NioProtocol      : Initializing ProtocolHandler ["http-nio-1217"]
2025-01-14 23:03:03.102   INFO 3532 --- [           main] o.apache.catalina.core.StandardService   : Starting service [Tomcat]
2025-01-14 23:03:03.102   INFO 3532 --- [           main] org.apache.catalina.core.StandardEngine  : Starting Servlet engine: [Apache Tomcat/9.0.68]
2025-01-14 23:03:03.182   INFO 3532 --- [           main] o.a.c.c.C.[Tomcat].[localhost].[/]       : Initializing Spring embedded WebApplicationContext
2025-01-14 23:03:03.183   INFO 3532 --- [           main] w.s.c.ServletWebServerApplicationContext : Root WebApplicationContext: initialization completed in 1616 ms
2025-01-14 23:03:04.642   INFO 3532 --- [           main] o.s.b.a.w.s.WelcomePageHandlerMapping    : Adding welcome page: class path resource [static/index.html]
2025-01-14 23:03:05.098   INFO 3532 --- [           main] o.s.s.web.DefaultSecurityFilterChain     : Will secure any request with [org.springframework.security.web.context.request.async.WebAsyncManagerIntegrationFilter@6166aac5, org.springframework.security.web.context.SecurityContextPersistenceFilter@3fb0d9de, org.springframework.security.web.header.HeaderWriterFilter@5f2ad3d5, org.springframework.web.filter.CorsFilter@7e36d508, org.springframework.security.web.authentication.logout.LogoutFilter@8ab231, com.wms.filter.jwt.JwtAuthenticationTokenFilter@429f0ca8, org.springframework.security.web.session.ConcurrentSessionFilter@430db481, org.springframework.security.web.savedrequest.RequestCacheAwareFilter@65cc3902, org.springframework.security.web.servletapi.SecurityContextHolderAwareRequestFilter@4ebb7bab, org.springframework.security.web.authentication.AnonymousAuthenticationFilter@1d4531fa, org.springframework.security.web.session.SessionManagementFilter@76980c75, org.springframework.security.web.access.ExceptionTranslationFilter@4d1b4fa1, org.springframework.security.web.access.intercept.FilterSecurityInterceptor@e2498a3]
2025-01-14 23:03:05.169   INFO 3532 --- [           main] o.a.coyote.http11.Http11NioProtocol      : Starting ProtocolHandler ["http-nio-1217"]
2025-01-14 23:03:05.185   INFO 3532 --- [           main] o.s.b.w.embedded.tomcat.TomcatWebServer  : Tomcat started on port(s): 1217 (http) with context path ''
2025-01-14 23:03:05.506   INFO 3532 --- [           main] com.wms.WmsServerApplication             : Started WmsServerApplication in 4.386 seconds (JVM running for 5.289)
2025-01-14 23:03:07.893   INFO 3532 --- [nio-1217-exec-1] o.a.c.c.C.[Tomcat].[localhost].[/]       : Initializing Spring DispatcherServlet 'dispatcherServlet'
2025-01-14 23:03:07.893   INFO 3532 --- [nio-1217-exec-1] o.s.web.servlet.DispatcherServlet        : Initializing Servlet 'dispatcherServlet'
2025-01-14 23:03:07.895   INFO 3532 --- [nio-1217-exec-1] o.s.web.servlet.DispatcherServlet        : Completed initialization in 1 ms
2025-01-14 23:03:08.048   INFO 3532 --- [nio-1217-exec-1] com.alibaba.druid.pool.DruidDataSource   : {dataSource-1} inited
2025-01-14 23:05:00.730   INFO 3532 --- [ionShutdownHook] com.alibaba.druid.pool.DruidDataSource   : {dataSource-1} closing ...
2025-01-14 23:05:00.736   INFO 3532 --- [ionShutdownHook] com.alibaba.druid.pool.DruidDataSource   : {dataSource-1} closed
2025-01-14 23:05:04.825   INFO 26992 --- [           main] com.wms.WmsServerApplication             : Starting WmsServerApplication using Java 17.0.5 on Disney with PID 26992 (K:\GitHub\notes\project\wms-server\target\classes started by qe249 in K:\GitHub\notes\project\wms-server)
2025-01-14 23:05:04.828   INFO 26992 --- [           main] com.wms.WmsServerApplication             : The following 1 profile is active: "dev"
2025-01-14 23:05:05.569   INFO 26992 --- [           main] .s.d.r.c.RepositoryConfigurationDelegate : Multiple Spring Data modules found, entering strict repository configuration mode
2025-01-14 23:05:05.571   INFO 26992 --- [           main] .s.d.r.c.RepositoryConfigurationDelegate : Bootstrapping Spring Data Redis repositories in DEFAULT mode.
2025-01-14 23:05:05.594   INFO 26992 --- [           main] .s.d.r.c.RepositoryConfigurationDelegate : Finished Spring Data repository scanning in 12 ms. Found 0 Redis repository interfaces.
2025-01-14 23:05:06.282   INFO 26992 --- [           main] o.s.b.w.embedded.tomcat.TomcatWebServer  : Tomcat initialized with port(s): 1217 (http)
2025-01-14 23:05:06.290   INFO 26992 --- [           main] o.a.coyote.http11.Http11NioProtocol      : Initializing ProtocolHandler ["http-nio-1217"]
2025-01-14 23:05:06.290   INFO 26992 --- [           main] o.apache.catalina.core.StandardService   : Starting service [Tomcat]
2025-01-14 23:05:06.290   INFO 26992 --- [           main] org.apache.catalina.core.StandardEngine  : Starting Servlet engine: [Apache Tomcat/9.0.68]
2025-01-14 23:05:06.371   INFO 26992 --- [           main] o.a.c.c.C.[Tomcat].[localhost].[/]       : Initializing Spring embedded WebApplicationContext
2025-01-14 23:05:06.371   INFO 26992 --- [           main] w.s.c.ServletWebServerApplicationContext : Root WebApplicationContext: initialization completed in 1492 ms
2025-01-14 23:05:07.790   INFO 26992 --- [           main] o.s.b.a.w.s.WelcomePageHandlerMapping    : Adding welcome page: class path resource [static/index.html]
2025-01-14 23:05:08.246   INFO 26992 --- [           main] o.s.s.web.DefaultSecurityFilterChain     : Will secure any request with [org.springframework.security.web.context.request.async.WebAsyncManagerIntegrationFilter@46eb2260, org.springframework.security.web.context.SecurityContextPersistenceFilter@67372d20, org.springframework.security.web.header.HeaderWriterFilter@73417494, org.springframework.web.filter.CorsFilter@556944cd, org.springframework.security.web.authentication.logout.LogoutFilter@613a608e, com.wms.filter.jwt.JwtAuthenticationTokenFilter@16b7e04a, org.springframework.security.web.session.ConcurrentSessionFilter@3696d12d, org.springframework.security.web.savedrequest.RequestCacheAwareFilter@68af8288, org.springframework.security.web.servletapi.SecurityContextHolderAwareRequestFilter@c79915a, org.springframework.security.web.authentication.AnonymousAuthenticationFilter@370a935f, org.springframework.security.web.session.SessionManagementFilter@fa689db, org.springframework.security.web.access.ExceptionTranslationFilter@14ee143a, org.springframework.security.web.access.intercept.FilterSecurityInterceptor@558ed473]
2025-01-14 23:05:08.318   INFO 26992 --- [           main] o.a.coyote.http11.Http11NioProtocol      : Starting ProtocolHandler ["http-nio-1217"]
2025-01-14 23:05:08.334   INFO 26992 --- [           main] o.s.b.w.embedded.tomcat.TomcatWebServer  : Tomcat started on port(s): 1217 (http) with context path ''
2025-01-14 23:05:08.651   INFO 26992 --- [           main] com.wms.WmsServerApplication             : Started WmsServerApplication in 4.195 seconds (JVM running for 4.961)
2025-01-14 23:05:15.825   INFO 26992 --- [nio-1217-exec-1] o.a.c.c.C.[Tomcat].[localhost].[/]       : Initializing Spring DispatcherServlet 'dispatcherServlet'
2025-01-14 23:05:15.825   INFO 26992 --- [nio-1217-exec-1] o.s.web.servlet.DispatcherServlet        : Initializing Servlet 'dispatcherServlet'
2025-01-14 23:05:15.826   INFO 26992 --- [nio-1217-exec-1] o.s.web.servlet.DispatcherServlet        : Completed initialization in 1 ms
2025-01-14 23:05:15.986   INFO 26992 --- [nio-1217-exec-1] com.alibaba.druid.pool.DruidDataSource   : {dataSource-1} inited
2025-01-14 23:06:07.239   INFO 26992 --- [ionShutdownHook] com.alibaba.druid.pool.DruidDataSource   : {dataSource-1} closing ...
2025-01-14 23:06:07.244   INFO 26992 --- [ionShutdownHook] com.alibaba.druid.pool.DruidDataSource   : {dataSource-1} closed
2025-01-14 23:06:12.136   INFO 1576 --- [           main] com.wms.WmsServerApplication             : Starting WmsServerApplication using Java 17.0.5 on Disney with PID 1576 (K:\GitHub\notes\project\wms-server\target\classes started by qe249 in K:\GitHub\notes\project\wms-server)
2025-01-14 23:06:12.138   INFO 1576 --- [           main] com.wms.WmsServerApplication             : The following 1 profile is active: "dev"
2025-01-14 23:06:12.890   INFO 1576 --- [           main] .s.d.r.c.RepositoryConfigurationDelegate : Multiple Spring Data modules found, entering strict repository configuration mode
2025-01-14 23:06:12.892   INFO 1576 --- [           main] .s.d.r.c.RepositoryConfigurationDelegate : Bootstrapping Spring Data Redis repositories in DEFAULT mode.
2025-01-14 23:06:12.915   INFO 1576 --- [           main] .s.d.r.c.RepositoryConfigurationDelegate : Finished Spring Data repository scanning in 12 ms. Found 0 Redis repository interfaces.
2025-01-14 23:06:13.605   INFO 1576 --- [           main] o.s.b.w.embedded.tomcat.TomcatWebServer  : Tomcat initialized with port(s): 1217 (http)
2025-01-14 23:06:13.616   INFO 1576 --- [           main] o.a.coyote.http11.Http11NioProtocol      : Initializing ProtocolHandler ["http-nio-1217"]
2025-01-14 23:06:13.617   INFO 1576 --- [           main] o.apache.catalina.core.StandardService   : Starting service [Tomcat]
2025-01-14 23:06:13.617   INFO 1576 --- [           main] org.apache.catalina.core.StandardEngine  : Starting Servlet engine: [Apache Tomcat/9.0.68]
2025-01-14 23:06:13.696   INFO 1576 --- [           main] o.a.c.c.C.[Tomcat].[localhost].[/]       : Initializing Spring embedded WebApplicationContext
2025-01-14 23:06:13.696   INFO 1576 --- [           main] w.s.c.ServletWebServerApplicationContext : Root WebApplicationContext: initialization completed in 1512 ms
2025-01-14 23:06:15.109   INFO 1576 --- [           main] o.s.b.a.w.s.WelcomePageHandlerMapping    : Adding welcome page: class path resource [static/index.html]
2025-01-14 23:06:15.559   INFO 1576 --- [           main] o.s.s.web.DefaultSecurityFilterChain     : Will secure any request with [org.springframework.security.web.context.request.async.WebAsyncManagerIntegrationFilter@31e84f10, org.springframework.security.web.context.SecurityContextPersistenceFilter@8dc3019, org.springframework.security.web.header.HeaderWriterFilter@fa689db, org.springframework.web.filter.CorsFilter@c4455b4, org.springframework.security.web.authentication.logout.LogoutFilter@7e741d6b, com.wms.filter.jwt.JwtAuthenticationTokenFilter@11c3ce6a, org.springframework.security.web.session.ConcurrentSessionFilter@3fb0d9de, org.springframework.security.web.savedrequest.RequestCacheAwareFilter@3662c887, org.springframework.security.web.servletapi.SecurityContextHolderAwareRequestFilter@49654a35, org.springframework.security.web.authentication.AnonymousAuthenticationFilter@747f0f34, org.springframework.security.web.session.SessionManagementFilter@4930213b, org.springframework.security.web.access.ExceptionTranslationFilter@68feca3a, org.springframework.security.web.access.intercept.FilterSecurityInterceptor@453e1bba]
2025-01-14 23:06:15.636   INFO 1576 --- [           main] o.a.coyote.http11.Http11NioProtocol      : Starting ProtocolHandler ["http-nio-1217"]
2025-01-14 23:06:15.652   INFO 1576 --- [           main] o.s.b.w.embedded.tomcat.TomcatWebServer  : Tomcat started on port(s): 1217 (http) with context path ''
2025-01-14 23:06:15.975   INFO 1576 --- [           main] com.wms.WmsServerApplication             : Started WmsServerApplication in 4.221 seconds (JVM running for 5.056)
2025-01-14 23:06:19.612   INFO 1576 --- [nio-1217-exec-2] o.a.c.c.C.[Tomcat].[localhost].[/]       : Initializing Spring DispatcherServlet 'dispatcherServlet'
2025-01-14 23:06:19.612   INFO 1576 --- [nio-1217-exec-2] o.s.web.servlet.DispatcherServlet        : Initializing Servlet 'dispatcherServlet'
2025-01-14 23:06:19.613   INFO 1576 --- [nio-1217-exec-2] o.s.web.servlet.DispatcherServlet        : Completed initialization in 1 ms
2025-01-14 23:06:19.795   INFO 1576 --- [nio-1217-exec-2] com.alibaba.druid.pool.DruidDataSource   : {dataSource-1} inited
2025-01-14 23:07:58.796   INFO 1576 --- [ionShutdownHook] com.alibaba.druid.pool.DruidDataSource   : {dataSource-1} closing ...
2025-01-14 23:07:58.800   INFO 1576 --- [ionShutdownHook] com.alibaba.druid.pool.DruidDataSource   : {dataSource-1} closed
2025-01-14 23:08:03.119   INFO 26884 --- [           main] com.wms.WmsServerApplication             : Starting WmsServerApplication using Java 17.0.5 on Disney with PID 26884 (K:\GitHub\notes\project\wms-server\target\classes started by qe249 in K:\GitHub\notes\project\wms-server)
2025-01-14 23:08:03.122   INFO 26884 --- [           main] com.wms.WmsServerApplication             : The following 1 profile is active: "dev"
2025-01-14 23:08:03.888   INFO 26884 --- [           main] .s.d.r.c.RepositoryConfigurationDelegate : Multiple Spring Data modules found, entering strict repository configuration mode
2025-01-14 23:08:03.890   INFO 26884 --- [           main] .s.d.r.c.RepositoryConfigurationDelegate : Bootstrapping Spring Data Redis repositories in DEFAULT mode.
2025-01-14 23:08:03.914   INFO 26884 --- [           main] .s.d.r.c.RepositoryConfigurationDelegate : Finished Spring Data repository scanning in 12 ms. Found 0 Redis repository interfaces.
2025-01-14 23:08:04.623   INFO 26884 --- [           main] o.s.b.w.embedded.tomcat.TomcatWebServer  : Tomcat initialized with port(s): 1217 (http)
2025-01-14 23:08:04.633   INFO 26884 --- [           main] o.a.coyote.http11.Http11NioProtocol      : Initializing ProtocolHandler ["http-nio-1217"]
2025-01-14 23:08:04.633   INFO 26884 --- [           main] o.apache.catalina.core.StandardService   : Starting service [Tomcat]
2025-01-14 23:08:04.633   INFO 26884 --- [           main] org.apache.catalina.core.StandardEngine  : Starting Servlet engine: [Apache Tomcat/9.0.68]
2025-01-14 23:08:04.716   INFO 26884 --- [           main] o.a.c.c.C.[Tomcat].[localhost].[/]       : Initializing Spring embedded WebApplicationContext
2025-01-14 23:08:04.717   INFO 26884 --- [           main] w.s.c.ServletWebServerApplicationContext : Root WebApplicationContext: initialization completed in 1553 ms
2025-01-14 23:08:06.233   INFO 26884 --- [           main] o.s.b.a.w.s.WelcomePageHandlerMapping    : Adding welcome page: class path resource [static/index.html]
2025-01-14 23:08:06.704   INFO 26884 --- [           main] o.s.s.web.DefaultSecurityFilterChain     : Will secure any request with [org.springframework.security.web.context.request.async.WebAsyncManagerIntegrationFilter@747f0f34, org.springframework.security.web.context.SecurityContextPersistenceFilter@71634e64, org.springframework.security.web.header.HeaderWriterFilter@6b170692, org.springframework.web.filter.CorsFilter@556ae220, org.springframework.security.web.authentication.logout.LogoutFilter@51097500, com.wms.filter.jwt.JwtAuthenticationTokenFilter@11c3ce6a, org.springframework.security.web.session.ConcurrentSessionFilter@2ad6aeb8, org.springframework.security.web.savedrequest.RequestCacheAwareFilter@32f54c2a, org.springframework.security.web.servletapi.SecurityContextHolderAwareRequestFilter@912a644, org.springframework.security.web.authentication.AnonymousAuthenticationFilter@2689b752, org.springframework.security.web.session.SessionManagementFilter@25e24908, org.springframework.security.web.access.ExceptionTranslationFilter@fa689db, org.springframework.security.web.access.intercept.FilterSecurityInterceptor@51f009ef]
2025-01-14 23:08:06.774   INFO 26884 --- [           main] o.a.coyote.http11.Http11NioProtocol      : Starting ProtocolHandler ["http-nio-1217"]
2025-01-14 23:08:06.790   INFO 26884 --- [           main] o.s.b.w.embedded.tomcat.TomcatWebServer  : Tomcat started on port(s): 1217 (http) with context path ''
2025-01-14 23:08:07.135   INFO 26884 --- [           main] com.wms.WmsServerApplication             : Started WmsServerApplication in 4.41 seconds (JVM running for 5.287)
2025-01-14 23:08:12.453   INFO 26884 --- [nio-1217-exec-1] o.a.c.c.C.[Tomcat].[localhost].[/]       : Initializing Spring DispatcherServlet 'dispatcherServlet'
2025-01-14 23:08:12.453   INFO 26884 --- [nio-1217-exec-1] o.s.web.servlet.DispatcherServlet        : Initializing Servlet 'dispatcherServlet'
2025-01-14 23:08:12.454   INFO 26884 --- [nio-1217-exec-1] o.s.web.servlet.DispatcherServlet        : Completed initialization in 1 ms
2025-01-14 23:08:12.624   INFO 26884 --- [nio-1217-exec-1] com.alibaba.druid.pool.DruidDataSource   : {dataSource-1} inited
2025-01-14 23:11:14.001   INFO 26884 --- [ionShutdownHook] com.alibaba.druid.pool.DruidDataSource   : {dataSource-1} closing ...
2025-01-14 23:11:14.006   INFO 26884 --- [ionShutdownHook] com.alibaba.druid.pool.DruidDataSource   : {dataSource-1} closed
2025-01-14 23:11:19.350   INFO 21316 --- [           main] com.wms.WmsServerApplication             : Starting WmsServerApplication using Java 17.0.5 on Disney with PID 21316 (K:\GitHub\notes\project\wms-server\target\classes started by qe249 in K:\GitHub\notes\project\wms-server)
2025-01-14 23:11:19.352   INFO 21316 --- [           main] com.wms.WmsServerApplication             : The following 1 profile is active: "dev"
2025-01-14 23:11:20.182   INFO 21316 --- [           main] .s.d.r.c.RepositoryConfigurationDelegate : Multiple Spring Data modules found, entering strict repository configuration mode
2025-01-14 23:11:20.184   INFO 21316 --- [           main] .s.d.r.c.RepositoryConfigurationDelegate : Bootstrapping Spring Data Redis repositories in DEFAULT mode.
2025-01-14 23:11:20.209   INFO 21316 --- [           main] .s.d.r.c.RepositoryConfigurationDelegate : Finished Spring Data repository scanning in 13 ms. Found 0 Redis repository interfaces.
2025-01-14 23:11:20.924   INFO 21316 --- [           main] o.s.b.w.embedded.tomcat.TomcatWebServer  : Tomcat initialized with port(s): 1217 (http)
2025-01-14 23:11:20.932   INFO 21316 --- [           main] o.a.coyote.http11.Http11NioProtocol      : Initializing ProtocolHandler ["http-nio-1217"]
2025-01-14 23:11:20.932   INFO 21316 --- [           main] o.apache.catalina.core.StandardService   : Starting service [Tomcat]
2025-01-14 23:11:20.932   INFO 21316 --- [           main] org.apache.catalina.core.StandardEngine  : Starting Servlet engine: [Apache Tomcat/9.0.68]
2025-01-14 23:11:21.016   INFO 21316 --- [           main] o.a.c.c.C.[Tomcat].[localhost].[/]       : Initializing Spring embedded WebApplicationContext
2025-01-14 23:11:21.016   INFO 21316 --- [           main] w.s.c.ServletWebServerApplicationContext : Root WebApplicationContext: initialization completed in 1620 ms
2025-01-14 23:11:22.511   INFO 21316 --- [           main] o.s.b.a.w.s.WelcomePageHandlerMapping    : Adding welcome page: class path resource [static/index.html]
2025-01-14 23:11:23.051   INFO 21316 --- [           main] o.s.s.web.DefaultSecurityFilterChain     : Will secure any request with [org.springframework.security.web.context.request.async.WebAsyncManagerIntegrationFilter@6d658aa8, org.springframework.security.web.context.SecurityContextPersistenceFilter@4ebb7bab, org.springframework.security.web.header.HeaderWriterFilter@43120a77, org.springframework.web.filter.CorsFilter@10280879, org.springframework.security.web.authentication.logout.LogoutFilter@52463255, com.wms.filter.jwt.JwtAuthenticationTokenFilter@11c3ce6a, org.springframework.security.web.session.ConcurrentSessionFilter@8dc3019, org.springframework.security.web.savedrequest.RequestCacheAwareFilter@478cc5f1, org.springframework.security.web.servletapi.SecurityContextHolderAwareRequestFilter@7ab3f194, org.springframework.security.web.authentication.AnonymousAuthenticationFilter@3472f3ab, org.springframework.security.web.session.SessionManagementFilter@4e35a219, org.springframework.security.web.access.ExceptionTranslationFilter@656672fb, org.springframework.security.web.access.intercept.FilterSecurityInterceptor@5c552f08]
2025-01-14 23:11:23.124   INFO 21316 --- [           main] o.a.coyote.http11.Http11NioProtocol      : Starting ProtocolHandler ["http-nio-1217"]
2025-01-14 23:11:23.139   INFO 21316 --- [           main] o.s.b.w.embedded.tomcat.TomcatWebServer  : Tomcat started on port(s): 1217 (http) with context path ''
2025-01-14 23:11:23.469   INFO 21316 --- [           main] com.wms.WmsServerApplication             : Started WmsServerApplication in 4.541 seconds (JVM running for 5.326)
2025-01-14 23:11:32.840   INFO 21316 --- [nio-1217-exec-1] o.a.c.c.C.[Tomcat].[localhost].[/]       : Initializing Spring DispatcherServlet 'dispatcherServlet'
2025-01-14 23:11:32.840   INFO 21316 --- [nio-1217-exec-1] o.s.web.servlet.DispatcherServlet        : Initializing Servlet 'dispatcherServlet'
2025-01-14 23:11:32.842   INFO 21316 --- [nio-1217-exec-1] o.s.web.servlet.DispatcherServlet        : Completed initialization in 2 ms
2025-01-14 23:11:32.994   INFO 21316 --- [nio-1217-exec-1] com.alibaba.druid.pool.DruidDataSource   : {dataSource-1} inited
2025-01-14 23:12:39.728   INFO 21316 --- [ionShutdownHook] com.alibaba.druid.pool.DruidDataSource   : {dataSource-1} closing ...
2025-01-14 23:12:39.733   INFO 21316 --- [ionShutdownHook] com.alibaba.druid.pool.DruidDataSource   : {dataSource-1} closed
2025-01-14 23:12:43.995   INFO 13048 --- [           main] com.wms.WmsServerApplication             : Starting WmsServerApplication using Java 17.0.5 on Disney with PID 13048 (K:\GitHub\notes\project\wms-server\target\classes started by qe249 in K:\GitHub\notes\project\wms-server)
2025-01-14 23:12:43.998   INFO 13048 --- [           main] com.wms.WmsServerApplication             : The following 1 profile is active: "dev"
2025-01-14 23:12:44.804   INFO 13048 --- [           main] .s.d.r.c.RepositoryConfigurationDelegate : Multiple Spring Data modules found, entering strict repository configuration mode
2025-01-14 23:12:44.806   INFO 13048 --- [           main] .s.d.r.c.RepositoryConfigurationDelegate : Bootstrapping Spring Data Redis repositories in DEFAULT mode.
2025-01-14 23:12:44.830   INFO 13048 --- [           main] .s.d.r.c.RepositoryConfigurationDelegate : Finished Spring Data repository scanning in 12 ms. Found 0 Redis repository interfaces.
2025-01-14 23:12:45.558   INFO 13048 --- [           main] o.s.b.w.embedded.tomcat.TomcatWebServer  : Tomcat initialized with port(s): 1217 (http)
2025-01-14 23:12:45.567   INFO 13048 --- [           main] o.a.coyote.http11.Http11NioProtocol      : Initializing ProtocolHandler ["http-nio-1217"]
2025-01-14 23:12:45.568   INFO 13048 --- [           main] o.apache.catalina.core.StandardService   : Starting service [Tomcat]
2025-01-14 23:12:45.568   INFO 13048 --- [           main] org.apache.catalina.core.StandardEngine  : Starting Servlet engine: [Apache Tomcat/9.0.68]
2025-01-14 23:12:45.656   INFO 13048 --- [           main] o.a.c.c.C.[Tomcat].[localhost].[/]       : Initializing Spring embedded WebApplicationContext
2025-01-14 23:12:45.657   INFO 13048 --- [           main] w.s.c.ServletWebServerApplicationContext : Root WebApplicationContext: initialization completed in 1609 ms
2025-01-14 23:12:47.248   INFO 13048 --- [           main] o.s.b.a.w.s.WelcomePageHandlerMapping    : Adding welcome page: class path resource [static/index.html]
2025-01-14 23:12:47.740   INFO 13048 --- [           main] o.s.s.web.DefaultSecurityFilterChain     : Will secure any request with [org.springframework.security.web.context.request.async.WebAsyncManagerIntegrationFilter@370a935f, org.springframework.security.web.context.SecurityContextPersistenceFilter@2941631f, org.springframework.security.web.header.HeaderWriterFilter@34c07ecc, org.springframework.web.filter.CorsFilter@7e017f47, org.springframework.security.web.authentication.logout.LogoutFilter@575cfec1, com.wms.filter.jwt.JwtAuthenticationTokenFilter@16b7e04a, org.springframework.security.web.session.ConcurrentSessionFilter@75df4b1d, org.springframework.security.web.savedrequest.RequestCacheAwareFilter@34ab398b, org.springframework.security.web.servletapi.SecurityContextHolderAwareRequestFilter@a08e41b, org.springframework.security.web.authentication.AnonymousAuthenticationFilter@6166aac5, org.springframework.security.web.session.SessionManagementFilter@674fd531, org.springframework.security.web.access.ExceptionTranslationFilter@77622c82, org.springframework.security.web.access.intercept.FilterSecurityInterceptor@2e1c5d1f]
2025-01-14 23:12:47.810   INFO 13048 --- [           main] o.a.coyote.http11.Http11NioProtocol      : Starting ProtocolHandler ["http-nio-1217"]
2025-01-14 23:12:47.827   INFO 13048 --- [           main] o.s.b.w.embedded.tomcat.TomcatWebServer  : Tomcat started on port(s): 1217 (http) with context path ''
2025-01-14 23:12:48.186   INFO 13048 --- [           main] com.wms.WmsServerApplication             : Started WmsServerApplication in 4.582 seconds (JVM running for 5.355)
2025-01-14 23:12:50.634   INFO 13048 --- [nio-1217-exec-2] o.a.c.c.C.[Tomcat].[localhost].[/]       : Initializing Spring DispatcherServlet 'dispatcherServlet'
2025-01-14 23:12:50.634   INFO 13048 --- [nio-1217-exec-2] o.s.web.servlet.DispatcherServlet        : Initializing Servlet 'dispatcherServlet'
2025-01-14 23:12:50.636   INFO 13048 --- [nio-1217-exec-2] o.s.web.servlet.DispatcherServlet        : Completed initialization in 1 ms
2025-01-14 23:12:50.822   INFO 13048 --- [nio-1217-exec-2] com.alibaba.druid.pool.DruidDataSource   : {dataSource-1} inited
2025-01-14 23:15:32.720   INFO 13048 --- [ionShutdownHook] com.alibaba.druid.pool.DruidDataSource   : {dataSource-1} closing ...
2025-01-14 23:15:32.727   INFO 13048 --- [ionShutdownHook] com.alibaba.druid.pool.DruidDataSource   : {dataSource-1} closed
2025-01-14 23:15:37.647   INFO 2420 --- [           main] com.wms.WmsServerApplication             : Starting WmsServerApplication using Java 17.0.5 on Disney with PID 2420 (K:\GitHub\notes\project\wms-server\target\classes started by qe249 in K:\GitHub\notes\project\wms-server)
2025-01-14 23:15:37.650   INFO 2420 --- [           main] com.wms.WmsServerApplication             : The following 1 profile is active: "dev"
2025-01-14 23:15:38.401   INFO 2420 --- [           main] .s.d.r.c.RepositoryConfigurationDelegate : Multiple Spring Data modules found, entering strict repository configuration mode
2025-01-14 23:15:38.403   INFO 2420 --- [           main] .s.d.r.c.RepositoryConfigurationDelegate : Bootstrapping Spring Data Redis repositories in DEFAULT mode.
2025-01-14 23:15:38.426   INFO 2420 --- [           main] .s.d.r.c.RepositoryConfigurationDelegate : Finished Spring Data repository scanning in 12 ms. Found 0 Redis repository interfaces.
2025-01-14 23:15:39.138   INFO 2420 --- [           main] o.s.b.w.embedded.tomcat.TomcatWebServer  : Tomcat initialized with port(s): 1217 (http)
2025-01-14 23:15:39.146   INFO 2420 --- [           main] o.a.coyote.http11.Http11NioProtocol      : Initializing ProtocolHandler ["http-nio-1217"]
2025-01-14 23:15:39.146   INFO 2420 --- [           main] o.apache.catalina.core.StandardService   : Starting service [Tomcat]
2025-01-14 23:15:39.147   INFO 2420 --- [           main] org.apache.catalina.core.StandardEngine  : Starting Servlet engine: [Apache Tomcat/9.0.68]
2025-01-14 23:15:39.232   INFO 2420 --- [           main] o.a.c.c.C.[Tomcat].[localhost].[/]       : Initializing Spring embedded WebApplicationContext
2025-01-14 23:15:39.232   INFO 2420 --- [           main] w.s.c.ServletWebServerApplicationContext : Root WebApplicationContext: initialization completed in 1539 ms
2025-01-14 23:15:40.653   INFO 2420 --- [           main] o.s.b.a.w.s.WelcomePageHandlerMapping    : Adding welcome page: class path resource [static/index.html]
2025-01-14 23:15:41.114   INFO 2420 --- [           main] o.s.s.web.DefaultSecurityFilterChain     : Will secure any request with [org.springframework.security.web.context.request.async.WebAsyncManagerIntegrationFilter@684430c1, org.springframework.security.web.context.SecurityContextPersistenceFilter@4930213b, org.springframework.security.web.header.HeaderWriterFilter@78324e97, org.springframework.web.filter.CorsFilter@46eb2260, org.springframework.security.web.authentication.logout.LogoutFilter@7ab3f194, com.wms.filter.jwt.JwtAuthenticationTokenFilter@22899683, org.springframework.security.web.session.ConcurrentSessionFilter@76980c75, org.springframework.security.web.savedrequest.RequestCacheAwareFilter@be9cc86, org.springframework.security.web.servletapi.SecurityContextHolderAwareRequestFilter@65cc3902, org.springframework.security.web.authentication.AnonymousAuthenticationFilter@556944cd, org.springframework.security.web.session.SessionManagementFilter@ad585fb, org.springframework.security.web.access.ExceptionTranslationFilter@236f3885, org.springframework.security.web.access.intercept.FilterSecurityInterceptor@52ba21e4]
2025-01-14 23:15:41.184   INFO 2420 --- [           main] o.a.coyote.http11.Http11NioProtocol      : Starting ProtocolHandler ["http-nio-1217"]
2025-01-14 23:15:41.200   INFO 2420 --- [           main] o.s.b.w.embedded.tomcat.TomcatWebServer  : Tomcat started on port(s): 1217 (http) with context path ''
2025-01-14 23:15:41.536   INFO 2420 --- [           main] com.wms.WmsServerApplication             : Started WmsServerApplication in 4.268 seconds (JVM running for 5.057)
2025-01-14 23:15:46.406   INFO 2420 --- [nio-1217-exec-1] o.a.c.c.C.[Tomcat].[localhost].[/]       : Initializing Spring DispatcherServlet 'dispatcherServlet'
2025-01-14 23:15:46.406   INFO 2420 --- [nio-1217-exec-1] o.s.web.servlet.DispatcherServlet        : Initializing Servlet 'dispatcherServlet'
2025-01-14 23:15:46.407   INFO 2420 --- [nio-1217-exec-1] o.s.web.servlet.DispatcherServlet        : Completed initialization in 1 ms
2025-01-14 23:15:46.563   INFO 2420 --- [nio-1217-exec-1] com.alibaba.druid.pool.DruidDataSource   : {dataSource-1} inited
2025-01-14 23:22:45.066   INFO 2420 --- [ionShutdownHook] com.alibaba.druid.pool.DruidDataSource   : {dataSource-1} closing ...
2025-01-14 23:22:45.068   INFO 2420 --- [ionShutdownHook] com.alibaba.druid.pool.DruidDataSource   : {dataSource-1} closed
2025-01-14 23:22:49.269   INFO 11772 --- [           main] com.wms.WmsServerApplication             : Starting WmsServerApplication using Java 17.0.5 on Disney with PID 11772 (K:\GitHub\notes\project\wms-server\target\classes started by qe249 in K:\GitHub\notes\project\wms-server)
2025-01-14 23:22:49.272   INFO 11772 --- [           main] com.wms.WmsServerApplication             : The following 1 profile is active: "dev"
2025-01-14 23:22:50.037   INFO 11772 --- [           main] .s.d.r.c.RepositoryConfigurationDelegate : Multiple Spring Data modules found, entering strict repository configuration mode
2025-01-14 23:22:50.040   INFO 11772 --- [           main] .s.d.r.c.RepositoryConfigurationDelegate : Bootstrapping Spring Data Redis repositories in DEFAULT mode.
2025-01-14 23:22:50.062   INFO 11772 --- [           main] .s.d.r.c.RepositoryConfigurationDelegate : Finished Spring Data repository scanning in 12 ms. Found 0 Redis repository interfaces.
2025-01-14 23:22:50.783   INFO 11772 --- [           main] o.s.b.w.embedded.tomcat.TomcatWebServer  : Tomcat initialized with port(s): 1217 (http)
2025-01-14 23:22:50.791   INFO 11772 --- [           main] o.a.coyote.http11.Http11NioProtocol      : Initializing ProtocolHandler ["http-nio-1217"]
2025-01-14 23:22:50.793   INFO 11772 --- [           main] o.apache.catalina.core.StandardService   : Starting service [Tomcat]
2025-01-14 23:22:50.793   INFO 11772 --- [           main] org.apache.catalina.core.StandardEngine  : Starting Servlet engine: [Apache Tomcat/9.0.68]
2025-01-14 23:22:50.876   INFO 11772 --- [           main] o.a.c.c.C.[Tomcat].[localhost].[/]       : Initializing Spring embedded WebApplicationContext
2025-01-14 23:22:50.877   INFO 11772 --- [           main] w.s.c.ServletWebServerApplicationContext : Root WebApplicationContext: initialization completed in 1559 ms
2025-01-14 23:22:52.368   INFO 11772 --- [           main] o.s.b.a.w.s.WelcomePageHandlerMapping    : Adding welcome page: class path resource [static/index.html]
2025-01-14 23:22:52.928   INFO 11772 --- [           main] o.s.s.web.DefaultSecurityFilterChain     : Will secure any request with [org.springframework.security.web.context.request.async.WebAsyncManagerIntegrationFilter@31e84f10, org.springframework.security.web.context.SecurityContextPersistenceFilter@8dc3019, org.springframework.security.web.header.HeaderWriterFilter@fa689db, org.springframework.web.filter.CorsFilter@c4455b4, org.springframework.security.web.authentication.logout.LogoutFilter@7e741d6b, com.wms.filter.jwt.JwtAuthenticationTokenFilter@628b503a, org.springframework.security.web.session.ConcurrentSessionFilter@3fb0d9de, org.springframework.security.web.savedrequest.RequestCacheAwareFilter@3662c887, org.springframework.security.web.servletapi.SecurityContextHolderAwareRequestFilter@49654a35, org.springframework.security.web.authentication.AnonymousAuthenticationFilter@747f0f34, org.springframework.security.web.session.SessionManagementFilter@4930213b, org.springframework.security.web.access.ExceptionTranslationFilter@68feca3a, org.springframework.security.web.access.intercept.FilterSecurityInterceptor@453e1bba]
2025-01-14 23:22:52.996   INFO 11772 --- [           main] o.a.coyote.http11.Http11NioProtocol      : Starting ProtocolHandler ["http-nio-1217"]
2025-01-14 23:22:53.024   INFO 11772 --- [           main] o.s.b.w.embedded.tomcat.TomcatWebServer  : Tomcat started on port(s): 1217 (http) with context path ''
2025-01-14 23:22:53.362   INFO 11772 --- [           main] com.wms.WmsServerApplication             : Started WmsServerApplication in 4.478 seconds (JVM running for 5.3)
2025-01-14 23:22:56.562   INFO 11772 --- [nio-1217-exec-1] o.a.c.c.C.[Tomcat].[localhost].[/]       : Initializing Spring DispatcherServlet 'dispatcherServlet'
2025-01-14 23:22:56.563   INFO 11772 --- [nio-1217-exec-1] o.s.web.servlet.DispatcherServlet        : Initializing Servlet 'dispatcherServlet'
2025-01-14 23:22:56.564   INFO 11772 --- [nio-1217-exec-1] o.s.web.servlet.DispatcherServlet        : Completed initialization in 1 ms
2025-01-14 23:22:56.750   INFO 11772 --- [nio-1217-exec-1] com.alibaba.druid.pool.DruidDataSource   : {dataSource-1} inited
