2025-02-05 14:02:32.365   INFO 5432 --- [           main] com.wms.WmsServerApplication             : Starting WmsServerApplication using Java 17.0.5 on Disney with PID 5432 (K:\GitHub\notes\project\wms-server\target\classes started by qe249 in K:\GitHub\notes\project\wms-server)
2025-02-05 14:02:32.369   INFO 5432 --- [           main] com.wms.WmsServerApplication             : The following 1 profile is active: "dev"
2025-02-05 14:02:33.849   INFO 5432 --- [           main] .s.d.r.c.RepositoryConfigurationDelegate : Multiple Spring Data modules found, entering strict repository configuration mode
2025-02-05 14:02:33.852   INFO 5432 --- [           main] .s.d.r.c.RepositoryConfigurationDelegate : Bootstrapping Spring Data Redis repositories in DEFAULT mode.
2025-02-05 14:02:33.887   INFO 5432 --- [           main] .s.d.r.c.RepositoryConfigurationDelegate : Finished Spring Data repository scanning in 19 ms. Found 0 Redis repository interfaces.
2025-02-05 14:02:34.783   INFO 5432 --- [           main] o.s.b.w.embedded.tomcat.TomcatWebServer  : Tomcat initialized with port(s): 1217 (http)
2025-02-05 14:02:34.795   INFO 5432 --- [           main] o.a.coyote.http11.Http11NioProtocol      : Initializing ProtocolHandler ["http-nio-1217"]
2025-02-05 14:02:34.795   INFO 5432 --- [           main] o.apache.catalina.core.StandardService   : Starting service [Tomcat]
2025-02-05 14:02:34.795   INFO 5432 --- [           main] org.apache.catalina.core.StandardEngine  : Starting Servlet engine: [Apache Tomcat/9.0.68]
2025-02-05 14:02:34.892   INFO 5432 --- [           main] o.a.c.c.C.[Tomcat].[localhost].[/]       : Initializing Spring embedded WebApplicationContext
2025-02-05 14:02:34.893   INFO 5432 --- [           main] w.s.c.ServletWebServerApplicationContext : Root WebApplicationContext: initialization completed in 2482 ms
2025-02-05 14:02:36.723   INFO 5432 --- [           main] o.s.b.a.w.s.WelcomePageHandlerMapping    : Adding welcome page: class path resource [static/index.html]
2025-02-05 14:02:37.295   INFO 5432 --- [           main] o.s.s.web.DefaultSecurityFilterChain     : Will secure any request with [org.springframework.security.web.context.request.async.WebAsyncManagerIntegrationFilter@7f20dfd5, org.springframework.security.web.context.SecurityContextPersistenceFilter@6a7ab205, org.springframework.security.web.header.HeaderWriterFilter@23e573e, org.springframework.web.filter.CorsFilter@15651402, org.springframework.security.web.authentication.logout.LogoutFilter@747f0f34, com.wms.filter.jwt.JwtAuthenticationTokenFilter@dbc7e0a, org.springframework.security.web.session.ConcurrentSessionFilter@4a36a35d, org.springframework.security.web.savedrequest.RequestCacheAwareFilter@9734cae, org.springframework.security.web.servletapi.SecurityContextHolderAwareRequestFilter@7be1e187, org.springframework.security.web.authentication.AnonymousAuthenticationFilter@5c194652, org.springframework.security.web.session.SessionManagementFilter@46c475ba, org.springframework.security.web.access.ExceptionTranslationFilter@662e5590, org.springframework.security.web.access.intercept.FilterSecurityInterceptor@24536f07]
2025-02-05 14:02:37.384   INFO 5432 --- [           main] o.a.coyote.http11.Http11NioProtocol      : Starting ProtocolHandler ["http-nio-1217"]
2025-02-05 14:02:37.401   INFO 5432 --- [           main] o.s.b.w.embedded.tomcat.TomcatWebServer  : Tomcat started on port(s): 1217 (http) with context path ''
2025-02-05 14:02:37.778   INFO 5432 --- [           main] com.wms.WmsServerApplication             : Started WmsServerApplication in 5.967 seconds (JVM running for 7.815)
2025-02-05 14:28:35.547   INFO 5432 --- [ionShutdownHook] com.alibaba.druid.pool.DruidDataSource   : {dataSource-0} closing ...
2025-02-05 14:28:39.952   INFO 17540 --- [           main] com.wms.WmsServerApplication             : Starting WmsServerApplication using Java 17.0.5 on Disney with PID 17540 (K:\GitHub\notes\project\wms-server\target\classes started by qe249 in K:\GitHub\notes\project\wms-server)
2025-02-05 14:28:39.956   INFO 17540 --- [           main] com.wms.WmsServerApplication             : The following 1 profile is active: "dev"
2025-02-05 14:28:40.741   INFO 17540 --- [           main] .s.d.r.c.RepositoryConfigurationDelegate : Multiple Spring Data modules found, entering strict repository configuration mode
2025-02-05 14:28:40.743   INFO 17540 --- [           main] .s.d.r.c.RepositoryConfigurationDelegate : Bootstrapping Spring Data Redis repositories in DEFAULT mode.
2025-02-05 14:28:40.766   INFO 17540 --- [           main] .s.d.r.c.RepositoryConfigurationDelegate : Finished Spring Data repository scanning in 13 ms. Found 0 Redis repository interfaces.
2025-02-05 14:28:41.613   INFO 17540 --- [           main] o.s.b.w.embedded.tomcat.TomcatWebServer  : Tomcat initialized with port(s): 1217 (http)
2025-02-05 14:28:41.623   INFO 17540 --- [           main] o.a.coyote.http11.Http11NioProtocol      : Initializing ProtocolHandler ["http-nio-1217"]
2025-02-05 14:28:41.624   INFO 17540 --- [           main] o.apache.catalina.core.StandardService   : Starting service [Tomcat]
2025-02-05 14:28:41.624   INFO 17540 --- [           main] org.apache.catalina.core.StandardEngine  : Starting Servlet engine: [Apache Tomcat/9.0.68]
2025-02-05 14:28:41.744   INFO 17540 --- [           main] o.a.c.c.C.[Tomcat].[localhost].[/]       : Initializing Spring embedded WebApplicationContext
2025-02-05 14:28:41.745   INFO 17540 --- [           main] w.s.c.ServletWebServerApplicationContext : Root WebApplicationContext: initialization completed in 1735 ms
2025-02-05 14:28:43.523   INFO 17540 --- [           main] o.s.b.a.w.s.WelcomePageHandlerMapping    : Adding welcome page: class path resource [static/index.html]
2025-02-05 14:28:43.983   INFO 17540 --- [           main] o.s.s.web.DefaultSecurityFilterChain     : Will secure any request with [org.springframework.security.web.context.request.async.WebAsyncManagerIntegrationFilter@582b14e2, org.springframework.security.web.context.SecurityContextPersistenceFilter@46c475ba, org.springframework.security.web.header.HeaderWriterFilter@5b3a8bea, org.springframework.web.filter.CorsFilter@10e4ce98, org.springframework.security.web.authentication.logout.LogoutFilter@556944cd, com.wms.filter.jwt.JwtAuthenticationTokenFilter@6dbbdf92, org.springframework.security.web.session.ConcurrentSessionFilter@16024b49, org.springframework.security.web.savedrequest.RequestCacheAwareFilter@e2498a3, org.springframework.security.web.servletapi.SecurityContextHolderAwareRequestFilter@bc88295, org.springframework.security.web.authentication.AnonymousAuthenticationFilter@10466c55, org.springframework.security.web.session.SessionManagementFilter@1885905b, org.springframework.security.web.access.ExceptionTranslationFilter@32068aef, org.springframework.security.web.access.intercept.FilterSecurityInterceptor@74d776fb]
2025-02-05 14:28:44.054   INFO 17540 --- [           main] o.a.coyote.http11.Http11NioProtocol      : Starting ProtocolHandler ["http-nio-1217"]
2025-02-05 14:28:44.070   INFO 17540 --- [           main] o.s.b.w.embedded.tomcat.TomcatWebServer  : Tomcat started on port(s): 1217 (http) with context path ''
2025-02-05 14:28:44.458   INFO 17540 --- [           main] com.wms.WmsServerApplication             : Started WmsServerApplication in 4.912 seconds (JVM running for 5.737)
2025-02-05 14:28:47.090   INFO 17540 --- [nio-1217-exec-1] o.a.c.c.C.[Tomcat].[localhost].[/]       : Initializing Spring DispatcherServlet 'dispatcherServlet'
2025-02-05 14:28:47.090   INFO 17540 --- [nio-1217-exec-1] o.s.web.servlet.DispatcherServlet        : Initializing Servlet 'dispatcherServlet'
2025-02-05 14:28:47.092   INFO 17540 --- [nio-1217-exec-1] o.s.web.servlet.DispatcherServlet        : Completed initialization in 2 ms
2025-02-05 14:28:47.351   INFO 17540 --- [nio-1217-exec-2] com.alibaba.druid.pool.DruidDataSource   : {dataSource-1} inited
2025-02-05 14:32:44.613   INFO 17540 --- [ionShutdownHook] com.alibaba.druid.pool.DruidDataSource   : {dataSource-1} closing ...
2025-02-05 14:32:44.615   INFO 17540 --- [ionShutdownHook] com.alibaba.druid.pool.DruidDataSource   : {dataSource-1} closed
2025-02-05 14:32:48.955   INFO 8836 --- [           main] com.wms.WmsServerApplication             : Starting WmsServerApplication using Java 17.0.5 on Disney with PID 8836 (K:\GitHub\notes\project\wms-server\target\classes started by qe249 in K:\GitHub\notes\project\wms-server)
2025-02-05 14:32:48.959   INFO 8836 --- [           main] com.wms.WmsServerApplication             : The following 1 profile is active: "dev"
2025-02-05 14:32:49.711   INFO 8836 --- [           main] .s.d.r.c.RepositoryConfigurationDelegate : Multiple Spring Data modules found, entering strict repository configuration mode
2025-02-05 14:32:49.713   INFO 8836 --- [           main] .s.d.r.c.RepositoryConfigurationDelegate : Bootstrapping Spring Data Redis repositories in DEFAULT mode.
2025-02-05 14:32:49.738   INFO 8836 --- [           main] .s.d.r.c.RepositoryConfigurationDelegate : Finished Spring Data repository scanning in 14 ms. Found 0 Redis repository interfaces.
2025-02-05 14:32:50.426   INFO 8836 --- [           main] o.s.b.w.embedded.tomcat.TomcatWebServer  : Tomcat initialized with port(s): 1217 (http)
2025-02-05 14:32:50.435   INFO 8836 --- [           main] o.a.coyote.http11.Http11NioProtocol      : Initializing ProtocolHandler ["http-nio-1217"]
2025-02-05 14:32:50.435   INFO 8836 --- [           main] o.apache.catalina.core.StandardService   : Starting service [Tomcat]
2025-02-05 14:32:50.436   INFO 8836 --- [           main] org.apache.catalina.core.StandardEngine  : Starting Servlet engine: [Apache Tomcat/9.0.68]
2025-02-05 14:32:50.520   INFO 8836 --- [           main] o.a.c.c.C.[Tomcat].[localhost].[/]       : Initializing Spring embedded WebApplicationContext
2025-02-05 14:32:50.520   INFO 8836 --- [           main] w.s.c.ServletWebServerApplicationContext : Root WebApplicationContext: initialization completed in 1512 ms
2025-02-05 14:32:52.007   INFO 8836 --- [           main] o.s.b.a.w.s.WelcomePageHandlerMapping    : Adding welcome page: class path resource [static/index.html]
2025-02-05 14:32:52.434   INFO 8836 --- [           main] o.s.s.web.DefaultSecurityFilterChain     : Will secure any request with [org.springframework.security.web.context.request.async.WebAsyncManagerIntegrationFilter@63e0057a, org.springframework.security.web.context.SecurityContextPersistenceFilter@60251ddb, org.springframework.security.web.header.HeaderWriterFilter@575cfec1, org.springframework.web.filter.CorsFilter@5b76b891, org.springframework.security.web.authentication.logout.LogoutFilter@70a24463, com.wms.filter.jwt.JwtAuthenticationTokenFilter@9880a15, org.springframework.security.web.session.ConcurrentSessionFilter@46507dda, org.springframework.security.web.savedrequest.RequestCacheAwareFilter@514f2020, org.springframework.security.web.servletapi.SecurityContextHolderAwareRequestFilter@6a7ab205, org.springframework.security.web.authentication.AnonymousAuthenticationFilter@611a91df, org.springframework.security.web.session.SessionManagementFilter@51097500, org.springframework.security.web.access.ExceptionTranslationFilter@613a608e, org.springframework.security.web.access.intercept.FilterSecurityInterceptor@277474fc]
2025-02-05 14:32:52.507   INFO 8836 --- [           main] o.a.coyote.http11.Http11NioProtocol      : Starting ProtocolHandler ["http-nio-1217"]
2025-02-05 14:32:52.522   INFO 8836 --- [           main] o.s.b.w.embedded.tomcat.TomcatWebServer  : Tomcat started on port(s): 1217 (http) with context path ''
2025-02-05 14:32:52.855   INFO 8836 --- [           main] com.wms.WmsServerApplication             : Started WmsServerApplication in 4.339 seconds (JVM running for 5.166)
2025-02-05 14:32:59.022   INFO 8836 --- [nio-1217-exec-3] o.a.c.c.C.[Tomcat].[localhost].[/]       : Initializing Spring DispatcherServlet 'dispatcherServlet'
2025-02-05 14:32:59.022   INFO 8836 --- [nio-1217-exec-3] o.s.web.servlet.DispatcherServlet        : Initializing Servlet 'dispatcherServlet'
2025-02-05 14:32:59.023   INFO 8836 --- [nio-1217-exec-3] o.s.web.servlet.DispatcherServlet        : Completed initialization in 1 ms
2025-02-05 14:32:59.178   INFO 8836 --- [nio-1217-exec-3] com.alibaba.druid.pool.DruidDataSource   : {dataSource-1} inited
2025-02-05 14:35:41.549   INFO 8836 --- [ionShutdownHook] com.alibaba.druid.pool.DruidDataSource   : {dataSource-1} closing ...
2025-02-05 14:35:41.550   INFO 8836 --- [ionShutdownHook] com.alibaba.druid.pool.DruidDataSource   : {dataSource-1} closed
2025-02-05 14:35:45.402   INFO 5296 --- [           main] com.wms.WmsServerApplication             : Starting WmsServerApplication using Java 17.0.5 on Disney with PID 5296 (K:\GitHub\notes\project\wms-server\target\classes started by qe249 in K:\GitHub\notes\project\wms-server)
2025-02-05 14:35:45.405   INFO 5296 --- [           main] com.wms.WmsServerApplication             : The following 1 profile is active: "dev"
2025-02-05 14:35:46.118   INFO 5296 --- [           main] .s.d.r.c.RepositoryConfigurationDelegate : Multiple Spring Data modules found, entering strict repository configuration mode
2025-02-05 14:35:46.120   INFO 5296 --- [           main] .s.d.r.c.RepositoryConfigurationDelegate : Bootstrapping Spring Data Redis repositories in DEFAULT mode.
2025-02-05 14:35:46.142   INFO 5296 --- [           main] .s.d.r.c.RepositoryConfigurationDelegate : Finished Spring Data repository scanning in 12 ms. Found 0 Redis repository interfaces.
2025-02-05 14:35:46.814   INFO 5296 --- [           main] o.s.b.w.embedded.tomcat.TomcatWebServer  : Tomcat initialized with port(s): 1217 (http)
2025-02-05 14:35:46.822   INFO 5296 --- [           main] o.a.coyote.http11.Http11NioProtocol      : Initializing ProtocolHandler ["http-nio-1217"]
2025-02-05 14:35:46.822   INFO 5296 --- [           main] o.apache.catalina.core.StandardService   : Starting service [Tomcat]
2025-02-05 14:35:46.822   INFO 5296 --- [           main] org.apache.catalina.core.StandardEngine  : Starting Servlet engine: [Apache Tomcat/9.0.68]
2025-02-05 14:35:46.898   INFO 5296 --- [           main] o.a.c.c.C.[Tomcat].[localhost].[/]       : Initializing Spring embedded WebApplicationContext
2025-02-05 14:35:46.898   INFO 5296 --- [           main] w.s.c.ServletWebServerApplicationContext : Root WebApplicationContext: initialization completed in 1445 ms
2025-02-05 14:35:48.395   INFO 5296 --- [           main] o.s.b.a.w.s.WelcomePageHandlerMapping    : Adding welcome page: class path resource [static/index.html]
2025-02-05 14:35:48.866   INFO 5296 --- [           main] o.s.s.web.DefaultSecurityFilterChain     : Will secure any request with [org.springframework.security.web.context.request.async.WebAsyncManagerIntegrationFilter@582b14e2, org.springframework.security.web.context.SecurityContextPersistenceFilter@46c475ba, org.springframework.security.web.header.HeaderWriterFilter@5b3a8bea, org.springframework.web.filter.CorsFilter@10e4ce98, org.springframework.security.web.authentication.logout.LogoutFilter@556944cd, com.wms.filter.jwt.JwtAuthenticationTokenFilter@6dbbdf92, org.springframework.security.web.session.ConcurrentSessionFilter@16024b49, org.springframework.security.web.savedrequest.RequestCacheAwareFilter@e2498a3, org.springframework.security.web.servletapi.SecurityContextHolderAwareRequestFilter@bc88295, org.springframework.security.web.authentication.AnonymousAuthenticationFilter@10466c55, org.springframework.security.web.session.SessionManagementFilter@1885905b, org.springframework.security.web.access.ExceptionTranslationFilter@32068aef, org.springframework.security.web.access.intercept.FilterSecurityInterceptor@74d776fb]
2025-02-05 14:35:48.947   INFO 5296 --- [           main] o.a.coyote.http11.Http11NioProtocol      : Starting ProtocolHandler ["http-nio-1217"]
2025-02-05 14:35:48.974   INFO 5296 --- [           main] o.s.b.w.embedded.tomcat.TomcatWebServer  : Tomcat started on port(s): 1217 (http) with context path ''
2025-02-05 14:35:49.397   INFO 5296 --- [           main] com.wms.WmsServerApplication             : Started WmsServerApplication in 4.375 seconds (JVM running for 5.175)
2025-02-05 14:36:06.067   INFO 5296 --- [nio-1217-exec-2] o.a.c.c.C.[Tomcat].[localhost].[/]       : Initializing Spring DispatcherServlet 'dispatcherServlet'
2025-02-05 14:36:06.068   INFO 5296 --- [nio-1217-exec-2] o.s.web.servlet.DispatcherServlet        : Initializing Servlet 'dispatcherServlet'
2025-02-05 14:36:06.070   INFO 5296 --- [nio-1217-exec-2] o.s.web.servlet.DispatcherServlet        : Completed initialization in 2 ms
2025-02-05 14:36:06.284   INFO 5296 --- [nio-1217-exec-2] com.alibaba.druid.pool.DruidDataSource   : {dataSource-1} inited
2025-02-05 14:39:42.670   INFO 5296 --- [ionShutdownHook] com.alibaba.druid.pool.DruidDataSource   : {dataSource-1} closing ...
2025-02-05 14:39:42.675   INFO 5296 --- [ionShutdownHook] com.alibaba.druid.pool.DruidDataSource   : {dataSource-1} closed
2025-02-05 14:39:47.321   INFO 16452 --- [           main] com.wms.WmsServerApplication             : Starting WmsServerApplication using Java 17.0.5 on Disney with PID 16452 (K:\GitHub\notes\project\wms-server\target\classes started by qe249 in K:\GitHub\notes\project\wms-server)
2025-02-05 14:39:47.324   INFO 16452 --- [           main] com.wms.WmsServerApplication             : The following 1 profile is active: "dev"
2025-02-05 14:39:48.081   INFO 16452 --- [           main] .s.d.r.c.RepositoryConfigurationDelegate : Multiple Spring Data modules found, entering strict repository configuration mode
2025-02-05 14:39:48.083   INFO 16452 --- [           main] .s.d.r.c.RepositoryConfigurationDelegate : Bootstrapping Spring Data Redis repositories in DEFAULT mode.
2025-02-05 14:39:48.108   INFO 16452 --- [           main] .s.d.r.c.RepositoryConfigurationDelegate : Finished Spring Data repository scanning in 14 ms. Found 0 Redis repository interfaces.
2025-02-05 14:39:48.871   INFO 16452 --- [           main] o.s.b.w.embedded.tomcat.TomcatWebServer  : Tomcat initialized with port(s): 1217 (http)
2025-02-05 14:39:48.879   INFO 16452 --- [           main] o.a.coyote.http11.Http11NioProtocol      : Initializing ProtocolHandler ["http-nio-1217"]
2025-02-05 14:39:48.879   INFO 16452 --- [           main] o.apache.catalina.core.StandardService   : Starting service [Tomcat]
2025-02-05 14:39:48.880   INFO 16452 --- [           main] org.apache.catalina.core.StandardEngine  : Starting Servlet engine: [Apache Tomcat/9.0.68]
2025-02-05 14:39:48.968   INFO 16452 --- [           main] o.a.c.c.C.[Tomcat].[localhost].[/]       : Initializing Spring embedded WebApplicationContext
2025-02-05 14:39:48.968   INFO 16452 --- [           main] w.s.c.ServletWebServerApplicationContext : Root WebApplicationContext: initialization completed in 1604 ms
2025-02-05 14:39:50.406   INFO 16452 --- [           main] o.s.b.a.w.s.WelcomePageHandlerMapping    : Adding welcome page: class path resource [static/index.html]
2025-02-05 14:39:50.849   INFO 16452 --- [           main] o.s.s.web.DefaultSecurityFilterChain     : Will secure any request with [org.springframework.security.web.context.request.async.WebAsyncManagerIntegrationFilter@5ab3f611, org.springframework.security.web.context.SecurityContextPersistenceFilter@37d3e740, org.springframework.security.web.header.HeaderWriterFilter@a08e41b, org.springframework.web.filter.CorsFilter@33425171, org.springframework.security.web.authentication.logout.LogoutFilter@bc88295, com.wms.filter.jwt.JwtAuthenticationTokenFilter@28519bfb, org.springframework.security.web.session.ConcurrentSessionFilter@37b1218, org.springframework.security.web.savedrequest.RequestCacheAwareFilter@52463255, org.springframework.security.web.servletapi.SecurityContextHolderAwareRequestFilter@7d4e424e, org.springframework.security.web.authentication.AnonymousAuthenticationFilter@44aa5585, org.springframework.security.web.session.SessionManagementFilter@912a644, org.springframework.security.web.access.ExceptionTranslationFilter@c79915a, org.springframework.security.web.access.intercept.FilterSecurityInterceptor@84eafc2]
2025-02-05 14:39:50.920   INFO 16452 --- [           main] o.a.coyote.http11.Http11NioProtocol      : Starting ProtocolHandler ["http-nio-1217"]
2025-02-05 14:39:50.936   INFO 16452 --- [           main] o.s.b.w.embedded.tomcat.TomcatWebServer  : Tomcat started on port(s): 1217 (http) with context path ''
2025-02-05 14:39:51.266   INFO 16452 --- [           main] com.wms.WmsServerApplication             : Started WmsServerApplication in 4.341 seconds (JVM running for 5.445)
2025-02-05 14:39:56.055   INFO 16452 --- [nio-1217-exec-1] o.a.c.c.C.[Tomcat].[localhost].[/]       : Initializing Spring DispatcherServlet 'dispatcherServlet'
2025-02-05 14:39:56.055   INFO 16452 --- [nio-1217-exec-1] o.s.web.servlet.DispatcherServlet        : Initializing Servlet 'dispatcherServlet'
2025-02-05 14:39:56.057   INFO 16452 --- [nio-1217-exec-1] o.s.web.servlet.DispatcherServlet        : Completed initialization in 2 ms
2025-02-05 14:39:56.266   INFO 16452 --- [nio-1217-exec-1] com.alibaba.druid.pool.DruidDataSource   : {dataSource-1} inited
2025-02-05 14:55:18.359   INFO 16452 --- [ionShutdownHook] com.alibaba.druid.pool.DruidDataSource   : {dataSource-1} closing ...
2025-02-05 14:55:18.363   INFO 16452 --- [ionShutdownHook] com.alibaba.druid.pool.DruidDataSource   : {dataSource-1} closed
2025-02-05 14:55:23.003   INFO 15384 --- [           main] com.wms.WmsServerApplication             : Starting WmsServerApplication using Java 17.0.5 on Disney with PID 15384 (K:\GitHub\notes\project\wms-server\target\classes started by qe249 in K:\GitHub\notes\project\wms-server)
2025-02-05 14:55:23.007   INFO 15384 --- [           main] com.wms.WmsServerApplication             : The following 1 profile is active: "dev"
2025-02-05 14:55:23.760   INFO 15384 --- [           main] .s.d.r.c.RepositoryConfigurationDelegate : Multiple Spring Data modules found, entering strict repository configuration mode
2025-02-05 14:55:23.762   INFO 15384 --- [           main] .s.d.r.c.RepositoryConfigurationDelegate : Bootstrapping Spring Data Redis repositories in DEFAULT mode.
2025-02-05 14:55:23.786   INFO 15384 --- [           main] .s.d.r.c.RepositoryConfigurationDelegate : Finished Spring Data repository scanning in 13 ms. Found 0 Redis repository interfaces.
2025-02-05 14:55:24.478   INFO 15384 --- [           main] o.s.b.w.embedded.tomcat.TomcatWebServer  : Tomcat initialized with port(s): 1217 (http)
2025-02-05 14:55:24.487   INFO 15384 --- [           main] o.a.coyote.http11.Http11NioProtocol      : Initializing ProtocolHandler ["http-nio-1217"]
2025-02-05 14:55:24.488   INFO 15384 --- [           main] o.apache.catalina.core.StandardService   : Starting service [Tomcat]
2025-02-05 14:55:24.488   INFO 15384 --- [           main] org.apache.catalina.core.StandardEngine  : Starting Servlet engine: [Apache Tomcat/9.0.68]
2025-02-05 14:55:24.591   INFO 15384 --- [           main] o.a.c.c.C.[Tomcat].[localhost].[/]       : Initializing Spring embedded WebApplicationContext
2025-02-05 14:55:24.591   INFO 15384 --- [           main] w.s.c.ServletWebServerApplicationContext : Root WebApplicationContext: initialization completed in 1536 ms
2025-02-05 14:55:26.127   INFO 15384 --- [           main] o.s.b.a.w.s.WelcomePageHandlerMapping    : Adding welcome page: class path resource [static/index.html]
2025-02-05 14:55:26.564   INFO 15384 --- [           main] o.s.s.web.DefaultSecurityFilterChain     : Will secure any request with [org.springframework.security.web.context.request.async.WebAsyncManagerIntegrationFilter@5b76b891, org.springframework.security.web.context.SecurityContextPersistenceFilter@514f2020, org.springframework.security.web.header.HeaderWriterFilter@56351c02, org.springframework.web.filter.CorsFilter@611a91df, org.springframework.security.web.authentication.logout.LogoutFilter@74f92d14, com.wms.filter.jwt.JwtAuthenticationTokenFilter@66a472b9, org.springframework.security.web.session.ConcurrentSessionFilter@46c475ba, org.springframework.security.web.savedrequest.RequestCacheAwareFilter@453e1bba, org.springframework.security.web.servletapi.SecurityContextHolderAwareRequestFilter@9734cae, org.springframework.security.web.authentication.AnonymousAuthenticationFilter@47f5ab58, org.springframework.security.web.session.SessionManagementFilter@7d4e424e, org.springframework.security.web.access.ExceptionTranslationFilter@c4ca86a, org.springframework.security.web.access.intercept.FilterSecurityInterceptor@5ab3f611]
2025-02-05 14:55:26.636   INFO 15384 --- [           main] o.a.coyote.http11.Http11NioProtocol      : Starting ProtocolHandler ["http-nio-1217"]
2025-02-05 14:55:26.651   INFO 15384 --- [           main] o.s.b.w.embedded.tomcat.TomcatWebServer  : Tomcat started on port(s): 1217 (http) with context path ''
2025-02-05 14:55:26.981   INFO 15384 --- [           main] com.wms.WmsServerApplication             : Started WmsServerApplication in 4.373 seconds (JVM running for 5.193)
2025-02-05 14:55:45.075   INFO 15384 --- [nio-1217-exec-1] o.a.c.c.C.[Tomcat].[localhost].[/]       : Initializing Spring DispatcherServlet 'dispatcherServlet'
2025-02-05 14:55:45.075   INFO 15384 --- [nio-1217-exec-1] o.s.web.servlet.DispatcherServlet        : Initializing Servlet 'dispatcherServlet'
2025-02-05 14:55:45.076   INFO 15384 --- [nio-1217-exec-1] o.s.web.servlet.DispatcherServlet        : Completed initialization in 1 ms
2025-02-05 14:55:45.289   INFO 15384 --- [nio-1217-exec-1] com.alibaba.druid.pool.DruidDataSource   : {dataSource-1} inited
2025-02-05 14:57:59.818   INFO 15384 --- [ionShutdownHook] com.alibaba.druid.pool.DruidDataSource   : {dataSource-1} closing ...
2025-02-05 14:57:59.822   INFO 15384 --- [ionShutdownHook] com.alibaba.druid.pool.DruidDataSource   : {dataSource-1} closed
2025-02-05 14:58:03.995   INFO 16412 --- [           main] com.wms.WmsServerApplication             : Starting WmsServerApplication using Java 17.0.5 on Disney with PID 16412 (K:\GitHub\notes\project\wms-server\target\classes started by qe249 in K:\GitHub\notes\project\wms-server)
2025-02-05 14:58:03.997   INFO 16412 --- [           main] com.wms.WmsServerApplication             : The following 1 profile is active: "dev"
2025-02-05 14:58:04.736   INFO 16412 --- [           main] .s.d.r.c.RepositoryConfigurationDelegate : Multiple Spring Data modules found, entering strict repository configuration mode
2025-02-05 14:58:04.738   INFO 16412 --- [           main] .s.d.r.c.RepositoryConfigurationDelegate : Bootstrapping Spring Data Redis repositories in DEFAULT mode.
2025-02-05 14:58:04.760   INFO 16412 --- [           main] .s.d.r.c.RepositoryConfigurationDelegate : Finished Spring Data repository scanning in 12 ms. Found 0 Redis repository interfaces.
2025-02-05 14:58:05.457   INFO 16412 --- [           main] o.s.b.w.embedded.tomcat.TomcatWebServer  : Tomcat initialized with port(s): 1217 (http)
2025-02-05 14:58:05.465   INFO 16412 --- [           main] o.a.coyote.http11.Http11NioProtocol      : Initializing ProtocolHandler ["http-nio-1217"]
2025-02-05 14:58:05.465   INFO 16412 --- [           main] o.apache.catalina.core.StandardService   : Starting service [Tomcat]
2025-02-05 14:58:05.465   INFO 16412 --- [           main] org.apache.catalina.core.StandardEngine  : Starting Servlet engine: [Apache Tomcat/9.0.68]
2025-02-05 14:58:05.542   INFO 16412 --- [           main] o.a.c.c.C.[Tomcat].[localhost].[/]       : Initializing Spring embedded WebApplicationContext
2025-02-05 14:58:05.542   INFO 16412 --- [           main] w.s.c.ServletWebServerApplicationContext : Root WebApplicationContext: initialization completed in 1497 ms
2025-02-05 14:58:07.013   INFO 16412 --- [           main] o.s.b.a.w.s.WelcomePageHandlerMapping    : Adding welcome page: class path resource [static/index.html]
2025-02-05 14:58:07.463   INFO 16412 --- [           main] o.s.s.web.DefaultSecurityFilterChain     : Will secure any request with [org.springframework.security.web.context.request.async.WebAsyncManagerIntegrationFilter@10466c55, org.springframework.security.web.context.SecurityContextPersistenceFilter@606f0f70, org.springframework.security.web.header.HeaderWriterFilter@6d7772d3, org.springframework.web.filter.CorsFilter@2a5ed225, org.springframework.security.web.authentication.logout.LogoutFilter@7e017f47, com.wms.filter.jwt.JwtAuthenticationTokenFilter@66a472b9, org.springframework.security.web.session.ConcurrentSessionFilter@304e1e4e, org.springframework.security.web.savedrequest.RequestCacheAwareFilter@6a7ab205, org.springframework.security.web.servletapi.SecurityContextHolderAwareRequestFilter@7e9ed4df, org.springframework.security.web.authentication.AnonymousAuthenticationFilter@2a525f88, org.springframework.security.web.session.SessionManagementFilter@46507dda, org.springframework.security.web.access.ExceptionTranslationFilter@5b3a8bea, org.springframework.security.web.access.intercept.FilterSecurityInterceptor@122ea8dc]
2025-02-05 14:58:07.530   INFO 16412 --- [           main] o.a.coyote.http11.Http11NioProtocol      : Starting ProtocolHandler ["http-nio-1217"]
2025-02-05 14:58:07.546   INFO 16412 --- [           main] o.s.b.w.embedded.tomcat.TomcatWebServer  : Tomcat started on port(s): 1217 (http) with context path ''
2025-02-05 14:58:07.894   INFO 16412 --- [           main] com.wms.WmsServerApplication             : Started WmsServerApplication in 4.257 seconds (JVM running for 4.989)
2025-02-05 14:58:12.939   INFO 16412 --- [nio-1217-exec-1] o.a.c.c.C.[Tomcat].[localhost].[/]       : Initializing Spring DispatcherServlet 'dispatcherServlet'
2025-02-05 14:58:12.939   INFO 16412 --- [nio-1217-exec-1] o.s.web.servlet.DispatcherServlet        : Initializing Servlet 'dispatcherServlet'
2025-02-05 14:58:12.941   INFO 16412 --- [nio-1217-exec-1] o.s.web.servlet.DispatcherServlet        : Completed initialization in 2 ms
2025-02-05 14:58:13.170   INFO 16412 --- [nio-1217-exec-1] com.alibaba.druid.pool.DruidDataSource   : {dataSource-1} inited
2025-02-05 14:59:11.744   INFO 16412 --- [ionShutdownHook] com.alibaba.druid.pool.DruidDataSource   : {dataSource-1} closing ...
2025-02-05 14:59:11.749   INFO 16412 --- [ionShutdownHook] com.alibaba.druid.pool.DruidDataSource   : {dataSource-1} closed
2025-02-05 14:59:14.405   INFO 1256 --- [           main] com.wms.WmsServerApplication             : Starting WmsServerApplication using Java 17.0.5 on Disney with PID 1256 (K:\GitHub\notes\project\wms-server\target\classes started by qe249 in K:\GitHub\notes\project\wms-server)
2025-02-05 14:59:14.407   INFO 1256 --- [           main] com.wms.WmsServerApplication             : The following 1 profile is active: "dev"
2025-02-05 14:59:15.100   INFO 1256 --- [           main] .s.d.r.c.RepositoryConfigurationDelegate : Multiple Spring Data modules found, entering strict repository configuration mode
2025-02-05 14:59:15.102   INFO 1256 --- [           main] .s.d.r.c.RepositoryConfigurationDelegate : Bootstrapping Spring Data Redis repositories in DEFAULT mode.
2025-02-05 14:59:15.125   INFO 1256 --- [           main] .s.d.r.c.RepositoryConfigurationDelegate : Finished Spring Data repository scanning in 13 ms. Found 0 Redis repository interfaces.
2025-02-05 14:59:15.776   INFO 1256 --- [           main] o.s.b.w.embedded.tomcat.TomcatWebServer  : Tomcat initialized with port(s): 1217 (http)
2025-02-05 14:59:15.783   INFO 1256 --- [           main] o.a.coyote.http11.Http11NioProtocol      : Initializing ProtocolHandler ["http-nio-1217"]
2025-02-05 14:59:15.784   INFO 1256 --- [           main] o.apache.catalina.core.StandardService   : Starting service [Tomcat]
2025-02-05 14:59:15.784   INFO 1256 --- [           main] org.apache.catalina.core.StandardEngine  : Starting Servlet engine: [Apache Tomcat/9.0.68]
2025-02-05 14:59:15.861   INFO 1256 --- [           main] o.a.c.c.C.[Tomcat].[localhost].[/]       : Initializing Spring embedded WebApplicationContext
2025-02-05 14:59:15.861   INFO 1256 --- [           main] w.s.c.ServletWebServerApplicationContext : Root WebApplicationContext: initialization completed in 1414 ms
2025-02-05 14:59:17.349   INFO 1256 --- [           main] o.s.b.a.w.s.WelcomePageHandlerMapping    : Adding welcome page: class path resource [static/index.html]
2025-02-05 14:59:17.786   INFO 1256 --- [           main] o.s.s.web.DefaultSecurityFilterChain     : Will secure any request with [org.springframework.security.web.context.request.async.WebAsyncManagerIntegrationFilter@37a939bc, org.springframework.security.web.context.SecurityContextPersistenceFilter@613a608e, org.springframework.security.web.header.HeaderWriterFilter@8dc3019, org.springframework.web.filter.CorsFilter@74d776fb, org.springframework.security.web.authentication.logout.LogoutFilter@558ed473, com.wms.filter.jwt.JwtAuthenticationTokenFilter@66a472b9, org.springframework.security.web.session.ConcurrentSessionFilter@5169db2f, org.springframework.security.web.savedrequest.RequestCacheAwareFilter@c4ca86a, org.springframework.security.web.servletapi.SecurityContextHolderAwareRequestFilter@662e5590, org.springframework.security.web.authentication.AnonymousAuthenticationFilter@406decb2, org.springframework.security.web.session.SessionManagementFilter@23119bc3, org.springframework.security.web.access.ExceptionTranslationFilter@be9cc86, org.springframework.security.web.access.intercept.FilterSecurityInterceptor@3c2f310c]
2025-02-05 14:59:17.854   INFO 1256 --- [           main] o.a.coyote.http11.Http11NioProtocol      : Starting ProtocolHandler ["http-nio-1217"]
2025-02-05 14:59:17.869   INFO 1256 --- [           main] o.s.b.w.embedded.tomcat.TomcatWebServer  : Tomcat started on port(s): 1217 (http) with context path ''
2025-02-05 14:59:18.201   INFO 1256 --- [           main] com.wms.WmsServerApplication             : Started WmsServerApplication in 4.162 seconds (JVM running for 5.049)
2025-02-05 14:59:25.811   INFO 1256 --- [nio-1217-exec-1] o.a.c.c.C.[Tomcat].[localhost].[/]       : Initializing Spring DispatcherServlet 'dispatcherServlet'
2025-02-05 14:59:25.811   INFO 1256 --- [nio-1217-exec-1] o.s.web.servlet.DispatcherServlet        : Initializing Servlet 'dispatcherServlet'
2025-02-05 14:59:25.812   INFO 1256 --- [nio-1217-exec-1] o.s.web.servlet.DispatcherServlet        : Completed initialization in 1 ms
2025-02-05 14:59:25.927   INFO 1256 --- [nio-1217-exec-1] com.alibaba.druid.pool.DruidDataSource   : {dataSource-1} inited
2025-02-05 15:03:20.449   INFO 1256 --- [ionShutdownHook] com.alibaba.druid.pool.DruidDataSource   : {dataSource-1} closing ...
2025-02-05 15:03:20.451   INFO 1256 --- [ionShutdownHook] com.alibaba.druid.pool.DruidDataSource   : {dataSource-1} closed
2025-02-05 15:03:24.754   INFO 5436 --- [           main] com.wms.WmsServerApplication             : Starting WmsServerApplication using Java 17.0.5 on Disney with PID 5436 (K:\GitHub\notes\project\wms-server\target\classes started by qe249 in K:\GitHub\notes\project\wms-server)
2025-02-05 15:03:24.757   INFO 5436 --- [           main] com.wms.WmsServerApplication             : The following 1 profile is active: "dev"
2025-02-05 15:03:25.503   INFO 5436 --- [           main] .s.d.r.c.RepositoryConfigurationDelegate : Multiple Spring Data modules found, entering strict repository configuration mode
2025-02-05 15:03:25.505   INFO 5436 --- [           main] .s.d.r.c.RepositoryConfigurationDelegate : Bootstrapping Spring Data Redis repositories in DEFAULT mode.
2025-02-05 15:03:25.528   INFO 5436 --- [           main] .s.d.r.c.RepositoryConfigurationDelegate : Finished Spring Data repository scanning in 12 ms. Found 0 Redis repository interfaces.
2025-02-05 15:03:26.220   INFO 5436 --- [           main] o.s.b.w.embedded.tomcat.TomcatWebServer  : Tomcat initialized with port(s): 1217 (http)
2025-02-05 15:03:26.227   INFO 5436 --- [           main] o.a.coyote.http11.Http11NioProtocol      : Initializing ProtocolHandler ["http-nio-1217"]
2025-02-05 15:03:26.227   INFO 5436 --- [           main] o.apache.catalina.core.StandardService   : Starting service [Tomcat]
2025-02-05 15:03:26.227   INFO 5436 --- [           main] org.apache.catalina.core.StandardEngine  : Starting Servlet engine: [Apache Tomcat/9.0.68]
2025-02-05 15:03:26.307   INFO 5436 --- [           main] o.a.c.c.C.[Tomcat].[localhost].[/]       : Initializing Spring embedded WebApplicationContext
2025-02-05 15:03:26.307   INFO 5436 --- [           main] w.s.c.ServletWebServerApplicationContext : Root WebApplicationContext: initialization completed in 1505 ms
2025-02-05 15:03:27.800   INFO 5436 --- [           main] o.s.b.a.w.s.WelcomePageHandlerMapping    : Adding welcome page: class path resource [static/index.html]
2025-02-05 15:03:28.253   INFO 5436 --- [           main] o.s.s.web.DefaultSecurityFilterChain     : Will secure any request with [org.springframework.security.web.context.request.async.WebAsyncManagerIntegrationFilter@5b76b891, org.springframework.security.web.context.SecurityContextPersistenceFilter@514f2020, org.springframework.security.web.header.HeaderWriterFilter@56351c02, org.springframework.web.filter.CorsFilter@611a91df, org.springframework.security.web.authentication.logout.LogoutFilter@74f92d14, com.wms.filter.jwt.JwtAuthenticationTokenFilter@66a472b9, org.springframework.security.web.session.ConcurrentSessionFilter@46c475ba, org.springframework.security.web.savedrequest.RequestCacheAwareFilter@453e1bba, org.springframework.security.web.servletapi.SecurityContextHolderAwareRequestFilter@9734cae, org.springframework.security.web.authentication.AnonymousAuthenticationFilter@47f5ab58, org.springframework.security.web.session.SessionManagementFilter@7d4e424e, org.springframework.security.web.access.ExceptionTranslationFilter@c4ca86a, org.springframework.security.web.access.intercept.FilterSecurityInterceptor@5ab3f611]
2025-02-05 15:03:28.325   INFO 5436 --- [           main] o.a.coyote.http11.Http11NioProtocol      : Starting ProtocolHandler ["http-nio-1217"]
2025-02-05 15:03:28.341   INFO 5436 --- [           main] o.s.b.w.embedded.tomcat.TomcatWebServer  : Tomcat started on port(s): 1217 (http) with context path ''
2025-02-05 15:03:28.682   INFO 5436 --- [           main] com.wms.WmsServerApplication             : Started WmsServerApplication in 4.289 seconds (JVM running for 5.044)
2025-02-05 15:03:33.007   INFO 5436 --- [nio-1217-exec-1] o.a.c.c.C.[Tomcat].[localhost].[/]       : Initializing Spring DispatcherServlet 'dispatcherServlet'
2025-02-05 15:03:33.007   INFO 5436 --- [nio-1217-exec-1] o.s.web.servlet.DispatcherServlet        : Initializing Servlet 'dispatcherServlet'
2025-02-05 15:03:33.008   INFO 5436 --- [nio-1217-exec-1] o.s.web.servlet.DispatcherServlet        : Completed initialization in 1 ms
2025-02-05 15:03:33.210   INFO 5436 --- [nio-1217-exec-1] com.alibaba.druid.pool.DruidDataSource   : {dataSource-1} inited
2025-02-05 15:06:39.425   INFO 5436 --- [ionShutdownHook] com.alibaba.druid.pool.DruidDataSource   : {dataSource-1} closing ...
2025-02-05 15:06:39.430   INFO 5436 --- [ionShutdownHook] com.alibaba.druid.pool.DruidDataSource   : {dataSource-1} closed
2025-02-05 15:06:42.558   INFO 6128 --- [           main] com.wms.WmsServerApplication             : Starting WmsServerApplication using Java 17.0.5 on Disney with PID 6128 (K:\GitHub\notes\project\wms-server\target\classes started by qe249 in K:\GitHub\notes\project\wms-server)
2025-02-05 15:06:42.560   INFO 6128 --- [           main] com.wms.WmsServerApplication             : The following 1 profile is active: "dev"
2025-02-05 15:06:43.262   INFO 6128 --- [           main] .s.d.r.c.RepositoryConfigurationDelegate : Multiple Spring Data modules found, entering strict repository configuration mode
2025-02-05 15:06:43.264   INFO 6128 --- [           main] .s.d.r.c.RepositoryConfigurationDelegate : Bootstrapping Spring Data Redis repositories in DEFAULT mode.
2025-02-05 15:06:43.287   INFO 6128 --- [           main] .s.d.r.c.RepositoryConfigurationDelegate : Finished Spring Data repository scanning in 12 ms. Found 0 Redis repository interfaces.
2025-02-05 15:06:44.129   INFO 6128 --- [           main] o.s.b.w.embedded.tomcat.TomcatWebServer  : Tomcat initialized with port(s): 1217 (http)
2025-02-05 15:06:44.136   INFO 6128 --- [           main] o.a.coyote.http11.Http11NioProtocol      : Initializing ProtocolHandler ["http-nio-1217"]
2025-02-05 15:06:44.137   INFO 6128 --- [           main] o.apache.catalina.core.StandardService   : Starting service [Tomcat]
2025-02-05 15:06:44.137   INFO 6128 --- [           main] org.apache.catalina.core.StandardEngine  : Starting Servlet engine: [Apache Tomcat/9.0.68]
2025-02-05 15:06:44.214   INFO 6128 --- [           main] o.a.c.c.C.[Tomcat].[localhost].[/]       : Initializing Spring embedded WebApplicationContext
2025-02-05 15:06:44.214   INFO 6128 --- [           main] w.s.c.ServletWebServerApplicationContext : Root WebApplicationContext: initialization completed in 1617 ms
2025-02-05 15:06:45.825   INFO 6128 --- [           main] o.s.b.a.w.s.WelcomePageHandlerMapping    : Adding welcome page: class path resource [static/index.html]
2025-02-05 15:06:46.266   INFO 6128 --- [           main] o.s.s.web.DefaultSecurityFilterChain     : Will secure any request with [org.springframework.security.web.context.request.async.WebAsyncManagerIntegrationFilter@5b76b891, org.springframework.security.web.context.SecurityContextPersistenceFilter@514f2020, org.springframework.security.web.header.HeaderWriterFilter@56351c02, org.springframework.web.filter.CorsFilter@611a91df, org.springframework.security.web.authentication.logout.LogoutFilter@74f92d14, com.wms.filter.jwt.JwtAuthenticationTokenFilter@66a472b9, org.springframework.security.web.session.ConcurrentSessionFilter@46c475ba, org.springframework.security.web.savedrequest.RequestCacheAwareFilter@453e1bba, org.springframework.security.web.servletapi.SecurityContextHolderAwareRequestFilter@9734cae, org.springframework.security.web.authentication.AnonymousAuthenticationFilter@47f5ab58, org.springframework.security.web.session.SessionManagementFilter@7d4e424e, org.springframework.security.web.access.ExceptionTranslationFilter@c4ca86a, org.springframework.security.web.access.intercept.FilterSecurityInterceptor@5ab3f611]
2025-02-05 15:06:46.335   INFO 6128 --- [           main] o.a.coyote.http11.Http11NioProtocol      : Starting ProtocolHandler ["http-nio-1217"]
2025-02-05 15:06:46.349   INFO 6128 --- [           main] o.s.b.w.embedded.tomcat.TomcatWebServer  : Tomcat started on port(s): 1217 (http) with context path ''
2025-02-05 15:06:46.657   INFO 6128 --- [           main] com.wms.WmsServerApplication             : Started WmsServerApplication in 4.49 seconds (JVM running for 5.259)
2025-02-05 15:06:58.473   INFO 6128 --- [nio-1217-exec-1] o.a.c.c.C.[Tomcat].[localhost].[/]       : Initializing Spring DispatcherServlet 'dispatcherServlet'
2025-02-05 15:06:58.473   INFO 6128 --- [nio-1217-exec-1] o.s.web.servlet.DispatcherServlet        : Initializing Servlet 'dispatcherServlet'
2025-02-05 15:06:58.475   INFO 6128 --- [nio-1217-exec-1] o.s.web.servlet.DispatcherServlet        : Completed initialization in 2 ms
2025-02-05 15:06:58.650   INFO 6128 --- [nio-1217-exec-1] com.alibaba.druid.pool.DruidDataSource   : {dataSource-1} inited
2025-02-05 15:50:45.940   INFO 6128 --- [ionShutdownHook] com.alibaba.druid.pool.DruidDataSource   : {dataSource-1} closing ...
2025-02-05 15:50:45.942   INFO 6128 --- [ionShutdownHook] com.alibaba.druid.pool.DruidDataSource   : {dataSource-1} closed
2025-02-05 15:50:49.953   INFO 8000 --- [           main] com.wms.WmsServerApplication             : Starting WmsServerApplication using Java 17.0.5 on Disney with PID 8000 (K:\GitHub\notes\project\wms-server\target\classes started by qe249 in K:\GitHub\notes\project\wms-server)
2025-02-05 15:50:49.956   INFO 8000 --- [           main] com.wms.WmsServerApplication             : The following 1 profile is active: "dev"
2025-02-05 15:50:50.660   INFO 8000 --- [           main] .s.d.r.c.RepositoryConfigurationDelegate : Multiple Spring Data modules found, entering strict repository configuration mode
2025-02-05 15:50:50.662   INFO 8000 --- [           main] .s.d.r.c.RepositoryConfigurationDelegate : Bootstrapping Spring Data Redis repositories in DEFAULT mode.
2025-02-05 15:50:50.684   INFO 8000 --- [           main] .s.d.r.c.RepositoryConfigurationDelegate : Finished Spring Data repository scanning in 13 ms. Found 0 Redis repository interfaces.
2025-02-05 15:50:51.346   INFO 8000 --- [           main] o.s.b.w.embedded.tomcat.TomcatWebServer  : Tomcat initialized with port(s): 1217 (http)
2025-02-05 15:50:51.355   INFO 8000 --- [           main] o.a.coyote.http11.Http11NioProtocol      : Initializing ProtocolHandler ["http-nio-1217"]
2025-02-05 15:50:51.355   INFO 8000 --- [           main] o.apache.catalina.core.StandardService   : Starting service [Tomcat]
2025-02-05 15:50:51.355   INFO 8000 --- [           main] org.apache.catalina.core.StandardEngine  : Starting Servlet engine: [Apache Tomcat/9.0.68]
2025-02-05 15:50:51.433   INFO 8000 --- [           main] o.a.c.c.C.[Tomcat].[localhost].[/]       : Initializing Spring embedded WebApplicationContext
2025-02-05 15:50:51.433   INFO 8000 --- [           main] w.s.c.ServletWebServerApplicationContext : Root WebApplicationContext: initialization completed in 1434 ms
2025-02-05 15:50:52.844   INFO 8000 --- [           main] o.s.b.a.w.s.WelcomePageHandlerMapping    : Adding welcome page: class path resource [static/index.html]
2025-02-05 15:50:53.282   INFO 8000 --- [           main] o.s.s.web.DefaultSecurityFilterChain     : Will secure any request with [org.springframework.security.web.context.request.async.WebAsyncManagerIntegrationFilter@2a525f88, org.springframework.security.web.context.SecurityContextPersistenceFilter@7fdf7359, org.springframework.security.web.header.HeaderWriterFilter@37d3e740, org.springframework.web.filter.CorsFilter@1cf4d454, org.springframework.security.web.authentication.logout.LogoutFilter@7e36d508, com.wms.filter.jwt.JwtAuthenticationTokenFilter@48d5ca17, org.springframework.security.web.session.ConcurrentSessionFilter@799206ad, org.springframework.security.web.savedrequest.RequestCacheAwareFilter@3a00237d, org.springframework.security.web.servletapi.SecurityContextHolderAwareRequestFilter@aade5a2, org.springframework.security.web.authentication.AnonymousAuthenticationFilter@3ff3275b, org.springframework.security.web.session.SessionManagementFilter@66f5770e, org.springframework.security.web.access.ExceptionTranslationFilter@6d7772d3, org.springframework.security.web.access.intercept.FilterSecurityInterceptor@239bc43f]
2025-02-05 15:50:53.353   INFO 8000 --- [           main] o.a.coyote.http11.Http11NioProtocol      : Starting ProtocolHandler ["http-nio-1217"]
2025-02-05 15:50:53.377   INFO 8000 --- [           main] o.s.b.w.embedded.tomcat.TomcatWebServer  : Tomcat started on port(s): 1217 (http) with context path ''
2025-02-05 15:50:53.687   INFO 8000 --- [           main] com.wms.WmsServerApplication             : Started WmsServerApplication in 4.08 seconds (JVM running for 4.81)
2025-02-05 15:51:05.756   INFO 8000 --- [nio-1217-exec-1] o.a.c.c.C.[Tomcat].[localhost].[/]       : Initializing Spring DispatcherServlet 'dispatcherServlet'
2025-02-05 15:51:05.756   INFO 8000 --- [nio-1217-exec-1] o.s.web.servlet.DispatcherServlet        : Initializing Servlet 'dispatcherServlet'
2025-02-05 15:51:05.758   INFO 8000 --- [nio-1217-exec-1] o.s.web.servlet.DispatcherServlet        : Completed initialization in 1 ms
2025-02-05 15:51:05.931   INFO 8000 --- [nio-1217-exec-1] com.alibaba.druid.pool.DruidDataSource   : {dataSource-1} inited
2025-02-05 15:57:49.549   INFO 8000 --- [ionShutdownHook] com.alibaba.druid.pool.DruidDataSource   : {dataSource-1} closing ...
2025-02-05 15:57:49.551   INFO 8000 --- [ionShutdownHook] com.alibaba.druid.pool.DruidDataSource   : {dataSource-1} closed
2025-02-05 15:57:53.981   INFO 1376 --- [           main] com.wms.WmsServerApplication             : Starting WmsServerApplication using Java 17.0.5 on Disney with PID 1376 (K:\GitHub\notes\project\wms-server\target\classes started by qe249 in K:\GitHub\notes\project\wms-server)
2025-02-05 15:57:53.983   INFO 1376 --- [           main] com.wms.WmsServerApplication             : The following 1 profile is active: "dev"
2025-02-05 15:57:54.846   INFO 1376 --- [           main] .s.d.r.c.RepositoryConfigurationDelegate : Multiple Spring Data modules found, entering strict repository configuration mode
2025-02-05 15:57:54.849   INFO 1376 --- [           main] .s.d.r.c.RepositoryConfigurationDelegate : Bootstrapping Spring Data Redis repositories in DEFAULT mode.
2025-02-05 15:57:54.875   INFO 1376 --- [           main] .s.d.r.c.RepositoryConfigurationDelegate : Finished Spring Data repository scanning in 15 ms. Found 0 Redis repository interfaces.
2025-02-05 15:57:55.653   INFO 1376 --- [           main] o.s.b.w.embedded.tomcat.TomcatWebServer  : Tomcat initialized with port(s): 1217 (http)
2025-02-05 15:57:55.660   INFO 1376 --- [           main] o.a.coyote.http11.Http11NioProtocol      : Initializing ProtocolHandler ["http-nio-1217"]
2025-02-05 15:57:55.661   INFO 1376 --- [           main] o.apache.catalina.core.StandardService   : Starting service [Tomcat]
2025-02-05 15:57:55.661   INFO 1376 --- [           main] org.apache.catalina.core.StandardEngine  : Starting Servlet engine: [Apache Tomcat/9.0.68]
2025-02-05 15:57:55.743   INFO 1376 --- [           main] o.a.c.c.C.[Tomcat].[localhost].[/]       : Initializing Spring embedded WebApplicationContext
2025-02-05 15:57:55.744   INFO 1376 --- [           main] w.s.c.ServletWebServerApplicationContext : Root WebApplicationContext: initialization completed in 1712 ms
2025-02-05 15:57:57.316   INFO 1376 --- [           main] o.s.b.a.w.s.WelcomePageHandlerMapping    : Adding welcome page: class path resource [static/index.html]
2025-02-05 15:57:57.785   INFO 1376 --- [           main] o.s.s.web.DefaultSecurityFilterChain     : Will secure any request with [org.springframework.security.web.context.request.async.WebAsyncManagerIntegrationFilter@10466c55, org.springframework.security.web.context.SecurityContextPersistenceFilter@606f0f70, org.springframework.security.web.header.HeaderWriterFilter@6d7772d3, org.springframework.web.filter.CorsFilter@2a5ed225, org.springframework.security.web.authentication.logout.LogoutFilter@7e017f47, com.wms.filter.jwt.JwtAuthenticationTokenFilter@66a472b9, org.springframework.security.web.session.ConcurrentSessionFilter@304e1e4e, org.springframework.security.web.savedrequest.RequestCacheAwareFilter@6a7ab205, org.springframework.security.web.servletapi.SecurityContextHolderAwareRequestFilter@7e9ed4df, org.springframework.security.web.authentication.AnonymousAuthenticationFilter@2a525f88, org.springframework.security.web.session.SessionManagementFilter@46507dda, org.springframework.security.web.access.ExceptionTranslationFilter@5b3a8bea, org.springframework.security.web.access.intercept.FilterSecurityInterceptor@122ea8dc]
2025-02-05 15:57:57.904   INFO 1376 --- [           main] o.a.coyote.http11.Http11NioProtocol      : Starting ProtocolHandler ["http-nio-1217"]
2025-02-05 15:57:57.922   INFO 1376 --- [           main] o.s.b.w.embedded.tomcat.TomcatWebServer  : Tomcat started on port(s): 1217 (http) with context path ''
2025-02-05 15:57:58.272   INFO 1376 --- [           main] com.wms.WmsServerApplication             : Started WmsServerApplication in 4.648 seconds (JVM running for 5.409)
2025-02-05 15:58:11.131   INFO 1376 --- [nio-1217-exec-1] o.a.c.c.C.[Tomcat].[localhost].[/]       : Initializing Spring DispatcherServlet 'dispatcherServlet'
2025-02-05 15:58:11.132   INFO 1376 --- [nio-1217-exec-1] o.s.web.servlet.DispatcherServlet        : Initializing Servlet 'dispatcherServlet'
2025-02-05 15:58:11.133   INFO 1376 --- [nio-1217-exec-1] o.s.web.servlet.DispatcherServlet        : Completed initialization in 1 ms
2025-02-05 15:58:11.279   INFO 1376 --- [nio-1217-exec-1] com.alibaba.druid.pool.DruidDataSource   : {dataSource-1} inited
2025-02-05 16:25:06.741   INFO 1376 --- [ionShutdownHook] com.alibaba.druid.pool.DruidDataSource   : {dataSource-1} closing ...
2025-02-05 16:25:06.744   INFO 1376 --- [ionShutdownHook] com.alibaba.druid.pool.DruidDataSource   : {dataSource-1} closed
2025-02-05 16:25:11.084   INFO 18544 --- [           main] com.wms.WmsServerApplication             : Starting WmsServerApplication using Java 17.0.5 on Disney with PID 18544 (K:\GitHub\notes\project\wms-server\target\classes started by qe249 in K:\GitHub\notes\project\wms-server)
2025-02-05 16:25:11.087   INFO 18544 --- [           main] com.wms.WmsServerApplication             : The following 1 profile is active: "dev"
2025-02-05 16:25:11.927   INFO 18544 --- [           main] .s.d.r.c.RepositoryConfigurationDelegate : Multiple Spring Data modules found, entering strict repository configuration mode
2025-02-05 16:25:11.929   INFO 18544 --- [           main] .s.d.r.c.RepositoryConfigurationDelegate : Bootstrapping Spring Data Redis repositories in DEFAULT mode.
2025-02-05 16:25:11.953   INFO 18544 --- [           main] .s.d.r.c.RepositoryConfigurationDelegate : Finished Spring Data repository scanning in 12 ms. Found 0 Redis repository interfaces.
2025-02-05 16:25:12.663   INFO 18544 --- [           main] o.s.b.w.embedded.tomcat.TomcatWebServer  : Tomcat initialized with port(s): 1217 (http)
2025-02-05 16:25:12.671   INFO 18544 --- [           main] o.a.coyote.http11.Http11NioProtocol      : Initializing ProtocolHandler ["http-nio-1217"]
2025-02-05 16:25:12.672   INFO 18544 --- [           main] o.apache.catalina.core.StandardService   : Starting service [Tomcat]
2025-02-05 16:25:12.672   INFO 18544 --- [           main] org.apache.catalina.core.StandardEngine  : Starting Servlet engine: [Apache Tomcat/9.0.68]
2025-02-05 16:25:12.754   INFO 18544 --- [           main] o.a.c.c.C.[Tomcat].[localhost].[/]       : Initializing Spring embedded WebApplicationContext
2025-02-05 16:25:12.754   INFO 18544 --- [           main] w.s.c.ServletWebServerApplicationContext : Root WebApplicationContext: initialization completed in 1616 ms
2025-02-05 16:25:14.380   INFO 18544 --- [           main] o.s.b.a.w.s.WelcomePageHandlerMapping    : Adding welcome page: class path resource [static/index.html]
2025-02-05 16:25:14.868   INFO 18544 --- [           main] o.s.s.web.DefaultSecurityFilterChain     : Will secure any request with [org.springframework.security.web.context.request.async.WebAsyncManagerIntegrationFilter@58720eb9, org.springframework.security.web.context.SecurityContextPersistenceFilter@60251ddb, org.springframework.security.web.header.HeaderWriterFilter@575cfec1, org.springframework.web.filter.CorsFilter@24749ad3, org.springframework.security.web.authentication.logout.LogoutFilter@70a24463, com.wms.filter.jwt.JwtAuthenticationTokenFilter@66a472b9, org.springframework.security.web.session.ConcurrentSessionFilter@46507dda, org.springframework.security.web.savedrequest.RequestCacheAwareFilter@514f2020, org.springframework.security.web.servletapi.SecurityContextHolderAwareRequestFilter@6a7ab205, org.springframework.security.web.authentication.AnonymousAuthenticationFilter@1755aee6, org.springframework.security.web.session.SessionManagementFilter@51097500, org.springframework.security.web.access.ExceptionTranslationFilter@613a608e, org.springframework.security.web.access.intercept.FilterSecurityInterceptor@7298c2d9]
2025-02-05 16:25:14.940   INFO 18544 --- [           main] o.a.coyote.http11.Http11NioProtocol      : Starting ProtocolHandler ["http-nio-1217"]
2025-02-05 16:25:14.956   INFO 18544 --- [           main] o.s.b.w.embedded.tomcat.TomcatWebServer  : Tomcat started on port(s): 1217 (http) with context path ''
2025-02-05 16:25:15.291   INFO 18544 --- [           main] com.wms.WmsServerApplication             : Started WmsServerApplication in 4.621 seconds (JVM running for 5.451)
2025-02-05 16:28:30.070   INFO 18544 --- [nio-1217-exec-1] o.a.c.c.C.[Tomcat].[localhost].[/]       : Initializing Spring DispatcherServlet 'dispatcherServlet'
2025-02-05 16:28:30.071   INFO 18544 --- [nio-1217-exec-1] o.s.web.servlet.DispatcherServlet        : Initializing Servlet 'dispatcherServlet'
2025-02-05 16:28:30.073   INFO 18544 --- [nio-1217-exec-1] o.s.web.servlet.DispatcherServlet        : Completed initialization in 2 ms
2025-02-05 16:28:30.201   INFO 18544 --- [nio-1217-exec-1] com.alibaba.druid.pool.DruidDataSource   : {dataSource-1} inited
2025-02-05 16:28:47.178   INFO 18544 --- [ionShutdownHook] com.alibaba.druid.pool.DruidDataSource   : {dataSource-1} closing ...
2025-02-05 16:28:47.183   INFO 18544 --- [ionShutdownHook] com.alibaba.druid.pool.DruidDataSource   : {dataSource-1} closed
2025-02-05 16:28:50.920   INFO 7092 --- [           main] com.wms.WmsServerApplication             : Starting WmsServerApplication using Java 17.0.5 on Disney with PID 7092 (K:\GitHub\notes\project\wms-server\target\classes started by qe249 in K:\GitHub\notes\project\wms-server)
2025-02-05 16:28:50.922   INFO 7092 --- [           main] com.wms.WmsServerApplication             : The following 1 profile is active: "dev"
2025-02-05 16:28:51.612   INFO 7092 --- [           main] .s.d.r.c.RepositoryConfigurationDelegate : Multiple Spring Data modules found, entering strict repository configuration mode
2025-02-05 16:28:51.614   INFO 7092 --- [           main] .s.d.r.c.RepositoryConfigurationDelegate : Bootstrapping Spring Data Redis repositories in DEFAULT mode.
2025-02-05 16:28:51.635   INFO 7092 --- [           main] .s.d.r.c.RepositoryConfigurationDelegate : Finished Spring Data repository scanning in 12 ms. Found 0 Redis repository interfaces.
2025-02-05 16:28:52.285   INFO 7092 --- [           main] o.s.b.w.embedded.tomcat.TomcatWebServer  : Tomcat initialized with port(s): 1217 (http)
2025-02-05 16:28:52.292   INFO 7092 --- [           main] o.a.coyote.http11.Http11NioProtocol      : Initializing ProtocolHandler ["http-nio-1217"]
2025-02-05 16:28:52.292   INFO 7092 --- [           main] o.apache.catalina.core.StandardService   : Starting service [Tomcat]
2025-02-05 16:28:52.293   INFO 7092 --- [           main] org.apache.catalina.core.StandardEngine  : Starting Servlet engine: [Apache Tomcat/9.0.68]
2025-02-05 16:28:52.370   INFO 7092 --- [           main] o.a.c.c.C.[Tomcat].[localhost].[/]       : Initializing Spring embedded WebApplicationContext
2025-02-05 16:28:52.370   INFO 7092 --- [           main] w.s.c.ServletWebServerApplicationContext : Root WebApplicationContext: initialization completed in 1410 ms
2025-02-05 16:28:53.778   INFO 7092 --- [           main] o.s.b.a.w.s.WelcomePageHandlerMapping    : Adding welcome page: class path resource [static/index.html]
2025-02-05 16:28:54.207   INFO 7092 --- [           main] o.s.s.web.DefaultSecurityFilterChain     : Will secure any request with [org.springframework.security.web.context.request.async.WebAsyncManagerIntegrationFilter@7f20dfd5, org.springframework.security.web.context.SecurityContextPersistenceFilter@4a36a35d, org.springframework.security.web.header.HeaderWriterFilter@5afba80c, org.springframework.web.filter.CorsFilter@15651402, org.springframework.security.web.authentication.logout.LogoutFilter@747f0f34, com.wms.filter.jwt.JwtAuthenticationTokenFilter@66a472b9, org.springframework.security.web.session.ConcurrentSessionFilter@60251ddb, org.springframework.security.web.savedrequest.RequestCacheAwareFilter@bc88295, org.springframework.security.web.servletapi.SecurityContextHolderAwareRequestFilter@7be1e187, org.springframework.security.web.authentication.AnonymousAuthenticationFilter@5c194652, org.springframework.security.web.session.SessionManagementFilter@16024b49, org.springframework.security.web.access.ExceptionTranslationFilter@38394e76, org.springframework.security.web.access.intercept.FilterSecurityInterceptor@24536f07]
2025-02-05 16:28:54.279   INFO 7092 --- [           main] o.a.coyote.http11.Http11NioProtocol      : Starting ProtocolHandler ["http-nio-1217"]
2025-02-05 16:28:54.294   INFO 7092 --- [           main] o.s.b.w.embedded.tomcat.TomcatWebServer  : Tomcat started on port(s): 1217 (http) with context path ''
2025-02-05 16:28:54.628   INFO 7092 --- [           main] com.wms.WmsServerApplication             : Started WmsServerApplication in 4.041 seconds (JVM running for 4.766)
2025-02-05 16:29:02.008   INFO 7092 --- [nio-1217-exec-1] o.a.c.c.C.[Tomcat].[localhost].[/]       : Initializing Spring DispatcherServlet 'dispatcherServlet'
2025-02-05 16:29:02.008   INFO 7092 --- [nio-1217-exec-1] o.s.web.servlet.DispatcherServlet        : Initializing Servlet 'dispatcherServlet'
2025-02-05 16:29:02.010   INFO 7092 --- [nio-1217-exec-1] o.s.web.servlet.DispatcherServlet        : Completed initialization in 2 ms
2025-02-05 16:29:02.183   INFO 7092 --- [nio-1217-exec-1] com.alibaba.druid.pool.DruidDataSource   : {dataSource-1} inited
2025-02-05 16:59:53.747   INFO 7092 --- [ionShutdownHook] com.alibaba.druid.pool.DruidDataSource   : {dataSource-1} closing ...
2025-02-05 16:59:53.748   INFO 7092 --- [ionShutdownHook] com.alibaba.druid.pool.DruidDataSource   : {dataSource-1} closed
2025-02-05 16:59:58.389   INFO 17692 --- [           main] com.wms.WmsServerApplication             : Starting WmsServerApplication using Java 17.0.5 on Disney with PID 17692 (K:\GitHub\notes\project\wms-server\target\classes started by qe249 in K:\GitHub\notes\project\wms-server)
2025-02-05 16:59:58.392   INFO 17692 --- [           main] com.wms.WmsServerApplication             : The following 1 profile is active: "dev"
2025-02-05 16:59:59.121   INFO 17692 --- [           main] .s.d.r.c.RepositoryConfigurationDelegate : Multiple Spring Data modules found, entering strict repository configuration mode
2025-02-05 16:59:59.124   INFO 17692 --- [           main] .s.d.r.c.RepositoryConfigurationDelegate : Bootstrapping Spring Data Redis repositories in DEFAULT mode.
2025-02-05 16:59:59.147   INFO 17692 --- [           main] .s.d.r.c.RepositoryConfigurationDelegate : Finished Spring Data repository scanning in 12 ms. Found 0 Redis repository interfaces.
2025-02-05 16:59:59.822   INFO 17692 --- [           main] o.s.b.w.embedded.tomcat.TomcatWebServer  : Tomcat initialized with port(s): 1217 (http)
2025-02-05 16:59:59.830   INFO 17692 --- [           main] o.a.coyote.http11.Http11NioProtocol      : Initializing ProtocolHandler ["http-nio-1217"]
2025-02-05 16:59:59.830   INFO 17692 --- [           main] o.apache.catalina.core.StandardService   : Starting service [Tomcat]
2025-02-05 16:59:59.831   INFO 17692 --- [           main] org.apache.catalina.core.StandardEngine  : Starting Servlet engine: [Apache Tomcat/9.0.68]
2025-02-05 16:59:59.906   INFO 17692 --- [           main] o.a.c.c.C.[Tomcat].[localhost].[/]       : Initializing Spring embedded WebApplicationContext
2025-02-05 16:59:59.907   INFO 17692 --- [           main] w.s.c.ServletWebServerApplicationContext : Root WebApplicationContext: initialization completed in 1474 ms
2025-02-05 17:00:01.363   INFO 17692 --- [           main] o.s.b.a.w.s.WelcomePageHandlerMapping    : Adding welcome page: class path resource [static/index.html]
2025-02-05 17:00:01.797   INFO 17692 --- [           main] o.s.s.web.DefaultSecurityFilterChain     : Will secure any request with [org.springframework.security.web.context.request.async.WebAsyncManagerIntegrationFilter@c67a89, org.springframework.security.web.context.SecurityContextPersistenceFilter@7d4e424e, org.springframework.security.web.header.HeaderWriterFilter@613a608e, org.springframework.web.filter.CorsFilter@1e3a2177, org.springframework.security.web.authentication.logout.LogoutFilter@2b30b627, com.wms.filter.jwt.JwtAuthenticationTokenFilter@6dbbdf92, org.springframework.security.web.session.ConcurrentSessionFilter@1885905b, org.springframework.security.web.savedrequest.RequestCacheAwareFilter@52ba21e4, org.springframework.security.web.servletapi.SecurityContextHolderAwareRequestFilter@e2498a3, org.springframework.security.web.authentication.AnonymousAuthenticationFilter@58720eb9, org.springframework.security.web.session.SessionManagementFilter@7e741d6b, org.springframework.security.web.access.ExceptionTranslationFilter@64a4739, org.springframework.security.web.access.intercept.FilterSecurityInterceptor@646c872a]
2025-02-05 17:00:01.867   INFO 17692 --- [           main] o.a.coyote.http11.Http11NioProtocol      : Starting ProtocolHandler ["http-nio-1217"]
2025-02-05 17:00:01.881   INFO 17692 --- [           main] o.s.b.w.embedded.tomcat.TomcatWebServer  : Tomcat started on port(s): 1217 (http) with context path ''
2025-02-05 17:00:02.220   INFO 17692 --- [           main] com.wms.WmsServerApplication             : Started WmsServerApplication in 4.185 seconds (JVM running for 4.908)
2025-02-05 17:00:10.322   INFO 17692 --- [nio-1217-exec-1] o.a.c.c.C.[Tomcat].[localhost].[/]       : Initializing Spring DispatcherServlet 'dispatcherServlet'
2025-02-05 17:00:10.323   INFO 17692 --- [nio-1217-exec-1] o.s.web.servlet.DispatcherServlet        : Initializing Servlet 'dispatcherServlet'
2025-02-05 17:00:10.324   INFO 17692 --- [nio-1217-exec-1] o.s.web.servlet.DispatcherServlet        : Completed initialization in 1 ms
2025-02-05 17:00:10.491   INFO 17692 --- [nio-1217-exec-1] com.alibaba.druid.pool.DruidDataSource   : {dataSource-1} inited
2025-02-05 20:14:05.010   INFO 17692 --- [ionShutdownHook] com.alibaba.druid.pool.DruidDataSource   : {dataSource-1} closing ...
2025-02-05 20:14:05.013   INFO 17692 --- [ionShutdownHook] com.alibaba.druid.pool.DruidDataSource   : {dataSource-1} closed
2025-02-05 20:14:15.247   INFO 13112 --- [           main] com.wms.WmsServerApplication             : Starting WmsServerApplication using Java 17.0.5 on Disney with PID 13112 (K:\GitHub\notes\project\wms-server\target\classes started by qe249 in K:\GitHub\notes\project\wms-server)
2025-02-05 20:14:15.250   INFO 13112 --- [           main] com.wms.WmsServerApplication             : The following 1 profile is active: "dev"
2025-02-05 20:14:16.887   INFO 13112 --- [           main] .s.d.r.c.RepositoryConfigurationDelegate : Multiple Spring Data modules found, entering strict repository configuration mode
2025-02-05 20:14:16.890   INFO 13112 --- [           main] .s.d.r.c.RepositoryConfigurationDelegate : Bootstrapping Spring Data Redis repositories in DEFAULT mode.
2025-02-05 20:14:16.914   INFO 13112 --- [           main] .s.d.r.c.RepositoryConfigurationDelegate : Finished Spring Data repository scanning in 13 ms. Found 0 Redis repository interfaces.
2025-02-05 20:14:17.790   INFO 13112 --- [           main] o.s.b.w.embedded.tomcat.TomcatWebServer  : Tomcat initialized with port(s): 1217 (http)
2025-02-05 20:14:17.813   INFO 13112 --- [           main] o.a.coyote.http11.Http11NioProtocol      : Initializing ProtocolHandler ["http-nio-1217"]
2025-02-05 20:14:17.813   INFO 13112 --- [           main] o.apache.catalina.core.StandardService   : Starting service [Tomcat]
2025-02-05 20:14:17.813   INFO 13112 --- [           main] org.apache.catalina.core.StandardEngine  : Starting Servlet engine: [Apache Tomcat/9.0.68]
2025-02-05 20:14:17.926   INFO 13112 --- [           main] o.a.c.c.C.[Tomcat].[localhost].[/]       : Initializing Spring embedded WebApplicationContext
2025-02-05 20:14:17.926   INFO 13112 --- [           main] w.s.c.ServletWebServerApplicationContext : Root WebApplicationContext: initialization completed in 2631 ms
2025-02-05 20:14:19.556   INFO 13112 --- [           main] o.s.b.a.w.s.WelcomePageHandlerMapping    : Adding welcome page: class path resource [static/index.html]
2025-02-05 20:14:20.039   INFO 13112 --- [           main] o.s.s.web.DefaultSecurityFilterChain     : Will secure any request with [org.springframework.security.web.context.request.async.WebAsyncManagerIntegrationFilter@6f926d01, org.springframework.security.web.context.SecurityContextPersistenceFilter@304e1e4e, org.springframework.security.web.header.HeaderWriterFilter@7ab3f194, org.springframework.web.filter.CorsFilter@c67a89, org.springframework.security.web.authentication.logout.LogoutFilter@64df8422, com.wms.filter.jwt.JwtAuthenticationTokenFilter@66a472b9, org.springframework.security.web.session.ConcurrentSessionFilter@662e5590, org.springframework.security.web.savedrequest.RequestCacheAwareFilter@4a36a35d, org.springframework.security.web.servletapi.SecurityContextHolderAwareRequestFilter@2d2afc39, org.springframework.security.web.authentication.AnonymousAuthenticationFilter@1e3a2177, org.springframework.security.web.session.SessionManagementFilter@c4ca86a, org.springframework.security.web.access.ExceptionTranslationFilter@2748bd6c, org.springframework.security.web.access.intercept.FilterSecurityInterceptor@56226064]
2025-02-05 20:14:20.114   INFO 13112 --- [           main] o.a.coyote.http11.Http11NioProtocol      : Starting ProtocolHandler ["http-nio-1217"]
2025-02-05 20:14:20.132   INFO 13112 --- [           main] o.s.b.w.embedded.tomcat.TomcatWebServer  : Tomcat started on port(s): 1217 (http) with context path ''
2025-02-05 20:14:20.479   INFO 13112 --- [           main] com.wms.WmsServerApplication             : Started WmsServerApplication in 5.651 seconds (JVM running for 6.915)
2025-02-05 20:14:45.528   INFO 13112 --- [ionShutdownHook] com.alibaba.druid.pool.DruidDataSource   : {dataSource-0} closing ...
2025-02-05 20:14:50.058   INFO 2400 --- [           main] com.wms.WmsServerApplication             : Starting WmsServerApplication using Java 17.0.5 on Disney with PID 2400 (K:\GitHub\notes\project\wms-server\target\classes started by qe249 in K:\GitHub\notes\project\wms-server)
2025-02-05 20:14:50.062   INFO 2400 --- [           main] com.wms.WmsServerApplication             : The following 1 profile is active: "dev"
2025-02-05 20:14:50.923   INFO 2400 --- [           main] .s.d.r.c.RepositoryConfigurationDelegate : Multiple Spring Data modules found, entering strict repository configuration mode
2025-02-05 20:14:50.925   INFO 2400 --- [           main] .s.d.r.c.RepositoryConfigurationDelegate : Bootstrapping Spring Data Redis repositories in DEFAULT mode.
2025-02-05 20:14:50.949   INFO 2400 --- [           main] .s.d.r.c.RepositoryConfigurationDelegate : Finished Spring Data repository scanning in 14 ms. Found 0 Redis repository interfaces.
2025-02-05 20:14:51.635   INFO 2400 --- [           main] o.s.b.w.embedded.tomcat.TomcatWebServer  : Tomcat initialized with port(s): 1217 (http)
2025-02-05 20:14:51.646   INFO 2400 --- [           main] o.a.coyote.http11.Http11NioProtocol      : Initializing ProtocolHandler ["http-nio-1217"]
2025-02-05 20:14:51.646   INFO 2400 --- [           main] o.apache.catalina.core.StandardService   : Starting service [Tomcat]
2025-02-05 20:14:51.647   INFO 2400 --- [           main] org.apache.catalina.core.StandardEngine  : Starting Servlet engine: [Apache Tomcat/9.0.68]
2025-02-05 20:14:51.730   INFO 2400 --- [           main] o.a.c.c.C.[Tomcat].[localhost].[/]       : Initializing Spring embedded WebApplicationContext
2025-02-05 20:14:51.731   INFO 2400 --- [           main] w.s.c.ServletWebServerApplicationContext : Root WebApplicationContext: initialization completed in 1618 ms
2025-02-05 20:14:53.188   INFO 2400 --- [           main] o.s.b.a.w.s.WelcomePageHandlerMapping    : Adding welcome page: class path resource [static/index.html]
2025-02-05 20:14:53.629   INFO 2400 --- [           main] o.s.s.web.DefaultSecurityFilterChain     : Will secure any request with [org.springframework.security.web.context.request.async.WebAsyncManagerIntegrationFilter@c67a89, org.springframework.security.web.context.SecurityContextPersistenceFilter@7d4e424e, org.springframework.security.web.header.HeaderWriterFilter@613a608e, org.springframework.web.filter.CorsFilter@1e3a2177, org.springframework.security.web.authentication.logout.LogoutFilter@2b30b627, com.wms.filter.jwt.JwtAuthenticationTokenFilter@6dbbdf92, org.springframework.security.web.session.ConcurrentSessionFilter@1885905b, org.springframework.security.web.savedrequest.RequestCacheAwareFilter@52ba21e4, org.springframework.security.web.servletapi.SecurityContextHolderAwareRequestFilter@e2498a3, org.springframework.security.web.authentication.AnonymousAuthenticationFilter@58720eb9, org.springframework.security.web.session.SessionManagementFilter@7e741d6b, org.springframework.security.web.access.ExceptionTranslationFilter@64a4739, org.springframework.security.web.access.intercept.FilterSecurityInterceptor@646c872a]
2025-02-05 20:14:53.699   INFO 2400 --- [           main] o.a.coyote.http11.Http11NioProtocol      : Starting ProtocolHandler ["http-nio-1217"]
2025-02-05 20:14:53.714   INFO 2400 --- [           main] o.s.b.w.embedded.tomcat.TomcatWebServer  : Tomcat started on port(s): 1217 (http) with context path ''
2025-02-05 20:14:54.049   INFO 2400 --- [           main] com.wms.WmsServerApplication             : Started WmsServerApplication in 4.399 seconds (JVM running for 5.2)
2025-02-05 20:15:07.478   INFO 2400 --- [nio-1217-exec-3] o.a.c.c.C.[Tomcat].[localhost].[/]       : Initializing Spring DispatcherServlet 'dispatcherServlet'
2025-02-05 20:15:07.478   INFO 2400 --- [nio-1217-exec-3] o.s.web.servlet.DispatcherServlet        : Initializing Servlet 'dispatcherServlet'
2025-02-05 20:15:07.480   INFO 2400 --- [nio-1217-exec-3] o.s.web.servlet.DispatcherServlet        : Completed initialization in 2 ms
2025-02-05 20:15:07.748   INFO 2400 --- [nio-1217-exec-3] com.alibaba.druid.pool.DruidDataSource   : {dataSource-1} inited
2025-02-05 20:21:23.613   INFO 2400 --- [ionShutdownHook] com.alibaba.druid.pool.DruidDataSource   : {dataSource-1} closing ...
2025-02-05 20:21:23.616   INFO 2400 --- [ionShutdownHook] com.alibaba.druid.pool.DruidDataSource   : {dataSource-1} closed
2025-02-05 20:21:28.236   INFO 20440 --- [           main] com.wms.WmsServerApplication             : Starting WmsServerApplication using Java 17.0.5 on Disney with PID 20440 (K:\GitHub\notes\project\wms-server\target\classes started by qe249 in K:\GitHub\notes\project\wms-server)
2025-02-05 20:21:28.238   INFO 20440 --- [           main] com.wms.WmsServerApplication             : The following 1 profile is active: "dev"
2025-02-05 20:21:28.945   INFO 20440 --- [           main] .s.d.r.c.RepositoryConfigurationDelegate : Multiple Spring Data modules found, entering strict repository configuration mode
2025-02-05 20:21:28.948   INFO 20440 --- [           main] .s.d.r.c.RepositoryConfigurationDelegate : Bootstrapping Spring Data Redis repositories in DEFAULT mode.
2025-02-05 20:21:28.978   INFO 20440 --- [           main] .s.d.r.c.RepositoryConfigurationDelegate : Finished Spring Data repository scanning in 20 ms. Found 0 Redis repository interfaces.
2025-02-05 20:21:29.652   INFO 20440 --- [           main] o.s.b.w.embedded.tomcat.TomcatWebServer  : Tomcat initialized with port(s): 1217 (http)
2025-02-05 20:21:29.659   INFO 20440 --- [           main] o.a.coyote.http11.Http11NioProtocol      : Initializing ProtocolHandler ["http-nio-1217"]
2025-02-05 20:21:29.660   INFO 20440 --- [           main] o.apache.catalina.core.StandardService   : Starting service [Tomcat]
2025-02-05 20:21:29.660   INFO 20440 --- [           main] org.apache.catalina.core.StandardEngine  : Starting Servlet engine: [Apache Tomcat/9.0.68]
2025-02-05 20:21:29.742   INFO 20440 --- [           main] o.a.c.c.C.[Tomcat].[localhost].[/]       : Initializing Spring embedded WebApplicationContext
2025-02-05 20:21:29.742   INFO 20440 --- [           main] w.s.c.ServletWebServerApplicationContext : Root WebApplicationContext: initialization completed in 1464 ms
2025-02-05 20:21:31.178   INFO 20440 --- [           main] o.s.b.a.w.s.WelcomePageHandlerMapping    : Adding welcome page: class path resource [static/index.html]
2025-02-05 20:21:31.626   INFO 20440 --- [           main] o.s.s.web.DefaultSecurityFilterChain     : Will secure any request with [org.springframework.security.web.context.request.async.WebAsyncManagerIntegrationFilter@c67a89, org.springframework.security.web.context.SecurityContextPersistenceFilter@7d4e424e, org.springframework.security.web.header.HeaderWriterFilter@613a608e, org.springframework.web.filter.CorsFilter@1e3a2177, org.springframework.security.web.authentication.logout.LogoutFilter@2b30b627, com.wms.filter.jwt.JwtAuthenticationTokenFilter@6dbbdf92, org.springframework.security.web.session.ConcurrentSessionFilter@1885905b, org.springframework.security.web.savedrequest.RequestCacheAwareFilter@52ba21e4, org.springframework.security.web.servletapi.SecurityContextHolderAwareRequestFilter@e2498a3, org.springframework.security.web.authentication.AnonymousAuthenticationFilter@58720eb9, org.springframework.security.web.session.SessionManagementFilter@7e741d6b, org.springframework.security.web.access.ExceptionTranslationFilter@64a4739, org.springframework.security.web.access.intercept.FilterSecurityInterceptor@646c872a]
2025-02-05 20:21:31.697   INFO 20440 --- [           main] o.a.coyote.http11.Http11NioProtocol      : Starting ProtocolHandler ["http-nio-1217"]
2025-02-05 20:21:31.713   INFO 20440 --- [           main] o.s.b.w.embedded.tomcat.TomcatWebServer  : Tomcat started on port(s): 1217 (http) with context path ''
2025-02-05 20:21:32.041   INFO 20440 --- [           main] com.wms.WmsServerApplication             : Started WmsServerApplication in 4.157 seconds (JVM running for 4.936)
2025-02-05 20:21:59.527   INFO 20440 --- [nio-1217-exec-2] o.a.c.c.C.[Tomcat].[localhost].[/]       : Initializing Spring DispatcherServlet 'dispatcherServlet'
2025-02-05 20:21:59.527   INFO 20440 --- [nio-1217-exec-2] o.s.web.servlet.DispatcherServlet        : Initializing Servlet 'dispatcherServlet'
2025-02-05 20:21:59.539   INFO 20440 --- [nio-1217-exec-2] o.s.web.servlet.DispatcherServlet        : Completed initialization in 11 ms
2025-02-05 20:21:59.722   INFO 20440 --- [nio-1217-exec-2] com.alibaba.druid.pool.DruidDataSource   : {dataSource-1} inited
2025-02-05 20:22:30.973   INFO 20440 --- [ionShutdownHook] com.alibaba.druid.pool.DruidDataSource   : {dataSource-1} closing ...
2025-02-05 20:22:30.978   INFO 20440 --- [ionShutdownHook] com.alibaba.druid.pool.DruidDataSource   : {dataSource-1} closed
2025-02-05 20:22:33.961   INFO 13556 --- [           main] com.wms.WmsServerApplication             : Starting WmsServerApplication using Java 17.0.5 on Disney with PID 13556 (K:\GitHub\notes\project\wms-server\target\classes started by qe249 in K:\GitHub\notes\project\wms-server)
2025-02-05 20:22:33.964   INFO 13556 --- [           main] com.wms.WmsServerApplication             : The following 1 profile is active: "dev"
2025-02-05 20:22:34.731   INFO 13556 --- [           main] .s.d.r.c.RepositoryConfigurationDelegate : Multiple Spring Data modules found, entering strict repository configuration mode
2025-02-05 20:22:34.734   INFO 13556 --- [           main] .s.d.r.c.RepositoryConfigurationDelegate : Bootstrapping Spring Data Redis repositories in DEFAULT mode.
2025-02-05 20:22:34.758   INFO 13556 --- [           main] .s.d.r.c.RepositoryConfigurationDelegate : Finished Spring Data repository scanning in 13 ms. Found 0 Redis repository interfaces.
2025-02-05 20:22:35.640   INFO 13556 --- [           main] o.s.b.w.embedded.tomcat.TomcatWebServer  : Tomcat initialized with port(s): 1217 (http)
2025-02-05 20:22:35.650   INFO 13556 --- [           main] o.a.coyote.http11.Http11NioProtocol      : Initializing ProtocolHandler ["http-nio-1217"]
2025-02-05 20:22:35.652   INFO 13556 --- [           main] o.apache.catalina.core.StandardService   : Starting service [Tomcat]
2025-02-05 20:22:35.652   INFO 13556 --- [           main] org.apache.catalina.core.StandardEngine  : Starting Servlet engine: [Apache Tomcat/9.0.68]
2025-02-05 20:22:35.742   INFO 13556 --- [           main] o.a.c.c.C.[Tomcat].[localhost].[/]       : Initializing Spring embedded WebApplicationContext
2025-02-05 20:22:35.743   INFO 13556 --- [           main] w.s.c.ServletWebServerApplicationContext : Root WebApplicationContext: initialization completed in 1740 ms
2025-02-05 20:22:37.241   INFO 13556 --- [           main] o.s.b.a.w.s.WelcomePageHandlerMapping    : Adding welcome page: class path resource [static/index.html]
2025-02-05 20:22:37.684   INFO 13556 --- [           main] o.s.s.web.DefaultSecurityFilterChain     : Will secure any request with [org.springframework.security.web.context.request.async.WebAsyncManagerIntegrationFilter@786cc1df, org.springframework.security.web.context.SecurityContextPersistenceFilter@51097500, org.springframework.security.web.header.HeaderWriterFilter@4603c412, org.springframework.web.filter.CorsFilter@1ddb6abb, org.springframework.security.web.authentication.logout.LogoutFilter@51f009ef, com.wms.filter.jwt.JwtAuthenticationTokenFilter@66a472b9, org.springframework.security.web.session.ConcurrentSessionFilter@6ba0dcba, org.springframework.security.web.savedrequest.RequestCacheAwareFilter@7d4e424e, org.springframework.security.web.servletapi.SecurityContextHolderAwareRequestFilter@46c475ba, org.springframework.security.web.authentication.AnonymousAuthenticationFilter@6f926d01, org.springframework.security.web.session.SessionManagementFilter@37b1218, org.springframework.security.web.access.ExceptionTranslationFilter@23119bc3, org.springframework.security.web.access.intercept.FilterSecurityInterceptor@638341b0]
2025-02-05 20:22:37.757   INFO 13556 --- [           main] o.a.coyote.http11.Http11NioProtocol      : Starting ProtocolHandler ["http-nio-1217"]
2025-02-05 20:22:37.772   INFO 13556 --- [           main] o.s.b.w.embedded.tomcat.TomcatWebServer  : Tomcat started on port(s): 1217 (http) with context path ''
2025-02-05 20:22:38.107   INFO 13556 --- [           main] com.wms.WmsServerApplication             : Started WmsServerApplication in 4.506 seconds (JVM running for 5.543)
2025-02-05 20:22:58.633   INFO 13556 --- [nio-1217-exec-1] o.a.c.c.C.[Tomcat].[localhost].[/]       : Initializing Spring DispatcherServlet 'dispatcherServlet'
2025-02-05 20:22:58.633   INFO 13556 --- [nio-1217-exec-1] o.s.web.servlet.DispatcherServlet        : Initializing Servlet 'dispatcherServlet'
2025-02-05 20:22:58.634   INFO 13556 --- [nio-1217-exec-1] o.s.web.servlet.DispatcherServlet        : Completed initialization in 1 ms
2025-02-05 20:22:58.774   INFO 13556 --- [nio-1217-exec-1] com.alibaba.druid.pool.DruidDataSource   : {dataSource-1} inited
2025-02-05 20:23:14.837   INFO 13556 --- [ionShutdownHook] com.alibaba.druid.pool.DruidDataSource   : {dataSource-1} closing ...
2025-02-05 20:23:14.843   INFO 13556 --- [ionShutdownHook] com.alibaba.druid.pool.DruidDataSource   : {dataSource-1} closed
2025-02-05 20:23:19.645   INFO 14564 --- [           main] com.wms.WmsServerApplication             : Starting WmsServerApplication using Java 17.0.5 on Disney with PID 14564 (K:\GitHub\notes\project\wms-server\target\classes started by qe249 in K:\GitHub\notes\project\wms-server)
2025-02-05 20:23:19.648   INFO 14564 --- [           main] com.wms.WmsServerApplication             : The following 1 profile is active: "dev"
2025-02-05 20:23:20.384   INFO 14564 --- [           main] .s.d.r.c.RepositoryConfigurationDelegate : Multiple Spring Data modules found, entering strict repository configuration mode
2025-02-05 20:23:20.386   INFO 14564 --- [           main] .s.d.r.c.RepositoryConfigurationDelegate : Bootstrapping Spring Data Redis repositories in DEFAULT mode.
2025-02-05 20:23:20.414   INFO 14564 --- [           main] .s.d.r.c.RepositoryConfigurationDelegate : Finished Spring Data repository scanning in 14 ms. Found 0 Redis repository interfaces.
2025-02-05 20:23:21.112   INFO 14564 --- [           main] o.s.b.w.embedded.tomcat.TomcatWebServer  : Tomcat initialized with port(s): 1217 (http)
2025-02-05 20:23:21.120   INFO 14564 --- [           main] o.a.coyote.http11.Http11NioProtocol      : Initializing ProtocolHandler ["http-nio-1217"]
2025-02-05 20:23:21.121   INFO 14564 --- [           main] o.apache.catalina.core.StandardService   : Starting service [Tomcat]
2025-02-05 20:23:21.121   INFO 14564 --- [           main] org.apache.catalina.core.StandardEngine  : Starting Servlet engine: [Apache Tomcat/9.0.68]
2025-02-05 20:23:21.200   INFO 14564 --- [           main] o.a.c.c.C.[Tomcat].[localhost].[/]       : Initializing Spring embedded WebApplicationContext
2025-02-05 20:23:21.200   INFO 14564 --- [           main] w.s.c.ServletWebServerApplicationContext : Root WebApplicationContext: initialization completed in 1514 ms
2025-02-05 20:23:22.604   INFO 14564 --- [           main] o.s.b.a.w.s.WelcomePageHandlerMapping    : Adding welcome page: class path resource [static/index.html]
2025-02-05 20:23:23.045   INFO 14564 --- [           main] o.s.s.web.DefaultSecurityFilterChain     : Will secure any request with [org.springframework.security.web.context.request.async.WebAsyncManagerIntegrationFilter@58720eb9, org.springframework.security.web.context.SecurityContextPersistenceFilter@60251ddb, org.springframework.security.web.header.HeaderWriterFilter@575cfec1, org.springframework.web.filter.CorsFilter@24749ad3, org.springframework.security.web.authentication.logout.LogoutFilter@70a24463, com.wms.filter.jwt.JwtAuthenticationTokenFilter@66a472b9, org.springframework.security.web.session.ConcurrentSessionFilter@46507dda, org.springframework.security.web.savedrequest.RequestCacheAwareFilter@514f2020, org.springframework.security.web.servletapi.SecurityContextHolderAwareRequestFilter@6a7ab205, org.springframework.security.web.authentication.AnonymousAuthenticationFilter@1755aee6, org.springframework.security.web.session.SessionManagementFilter@51097500, org.springframework.security.web.access.ExceptionTranslationFilter@613a608e, org.springframework.security.web.access.intercept.FilterSecurityInterceptor@7298c2d9]
2025-02-05 20:23:23.117   INFO 14564 --- [           main] o.a.coyote.http11.Http11NioProtocol      : Starting ProtocolHandler ["http-nio-1217"]
2025-02-05 20:23:23.132   INFO 14564 --- [           main] o.s.b.w.embedded.tomcat.TomcatWebServer  : Tomcat started on port(s): 1217 (http) with context path ''
2025-02-05 20:23:23.470   INFO 14564 --- [           main] com.wms.WmsServerApplication             : Started WmsServerApplication in 4.171 seconds (JVM running for 4.908)
2025-02-05 20:23:27.774   INFO 14564 --- [nio-1217-exec-1] o.a.c.c.C.[Tomcat].[localhost].[/]       : Initializing Spring DispatcherServlet 'dispatcherServlet'
2025-02-05 20:23:27.774   INFO 14564 --- [nio-1217-exec-1] o.s.web.servlet.DispatcherServlet        : Initializing Servlet 'dispatcherServlet'
2025-02-05 20:23:27.776   INFO 14564 --- [nio-1217-exec-1] o.s.web.servlet.DispatcherServlet        : Completed initialization in 2 ms
2025-02-05 20:23:27.931   INFO 14564 --- [nio-1217-exec-1] com.alibaba.druid.pool.DruidDataSource   : {dataSource-1} inited
2025-02-05 20:30:55.683   INFO 14564 --- [ionShutdownHook] com.alibaba.druid.pool.DruidDataSource   : {dataSource-1} closing ...
2025-02-05 20:30:55.685   INFO 14564 --- [ionShutdownHook] com.alibaba.druid.pool.DruidDataSource   : {dataSource-1} closed
2025-02-05 20:30:59.432   INFO 17020 --- [           main] com.wms.WmsServerApplication             : Starting WmsServerApplication using Java 17.0.5 on Disney with PID 17020 (K:\GitHub\notes\project\wms-server\target\classes started by qe249 in K:\GitHub\notes\project\wms-server)
2025-02-05 20:30:59.435   INFO 17020 --- [           main] com.wms.WmsServerApplication             : The following 1 profile is active: "dev"
2025-02-05 20:31:00.153   INFO 17020 --- [           main] .s.d.r.c.RepositoryConfigurationDelegate : Multiple Spring Data modules found, entering strict repository configuration mode
2025-02-05 20:31:00.156   INFO 17020 --- [           main] .s.d.r.c.RepositoryConfigurationDelegate : Bootstrapping Spring Data Redis repositories in DEFAULT mode.
2025-02-05 20:31:00.176   INFO 17020 --- [           main] .s.d.r.c.RepositoryConfigurationDelegate : Finished Spring Data repository scanning in 12 ms. Found 0 Redis repository interfaces.
2025-02-05 20:31:00.863   INFO 17020 --- [           main] o.s.b.w.embedded.tomcat.TomcatWebServer  : Tomcat initialized with port(s): 1217 (http)
2025-02-05 20:31:00.870   INFO 17020 --- [           main] o.a.coyote.http11.Http11NioProtocol      : Initializing ProtocolHandler ["http-nio-1217"]
2025-02-05 20:31:00.871   INFO 17020 --- [           main] o.apache.catalina.core.StandardService   : Starting service [Tomcat]
2025-02-05 20:31:00.871   INFO 17020 --- [           main] org.apache.catalina.core.StandardEngine  : Starting Servlet engine: [Apache Tomcat/9.0.68]
2025-02-05 20:31:00.949   INFO 17020 --- [           main] o.a.c.c.C.[Tomcat].[localhost].[/]       : Initializing Spring embedded WebApplicationContext
2025-02-05 20:31:00.950   INFO 17020 --- [           main] w.s.c.ServletWebServerApplicationContext : Root WebApplicationContext: initialization completed in 1469 ms
2025-02-05 20:31:02.396   INFO 17020 --- [           main] o.s.b.a.w.s.WelcomePageHandlerMapping    : Adding welcome page: class path resource [static/index.html]
2025-02-05 20:31:02.828   INFO 17020 --- [           main] o.s.s.web.DefaultSecurityFilterChain     : Will secure any request with [org.springframework.security.web.context.request.async.WebAsyncManagerIntegrationFilter@2a525f88, org.springframework.security.web.context.SecurityContextPersistenceFilter@7fdf7359, org.springframework.security.web.header.HeaderWriterFilter@37d3e740, org.springframework.web.filter.CorsFilter@1cf4d454, org.springframework.security.web.authentication.logout.LogoutFilter@7e36d508, com.wms.filter.jwt.JwtAuthenticationTokenFilter@66a472b9, org.springframework.security.web.session.ConcurrentSessionFilter@799206ad, org.springframework.security.web.savedrequest.RequestCacheAwareFilter@3a00237d, org.springframework.security.web.servletapi.SecurityContextHolderAwareRequestFilter@aade5a2, org.springframework.security.web.authentication.AnonymousAuthenticationFilter@3ff3275b, org.springframework.security.web.session.SessionManagementFilter@66f5770e, org.springframework.security.web.access.ExceptionTranslationFilter@6d7772d3, org.springframework.security.web.access.intercept.FilterSecurityInterceptor@239bc43f]
2025-02-05 20:31:02.898   INFO 17020 --- [           main] o.a.coyote.http11.Http11NioProtocol      : Starting ProtocolHandler ["http-nio-1217"]
2025-02-05 20:31:02.914   INFO 17020 --- [           main] o.s.b.w.embedded.tomcat.TomcatWebServer  : Tomcat started on port(s): 1217 (http) with context path ''
2025-02-05 20:31:03.245   INFO 17020 --- [           main] com.wms.WmsServerApplication             : Started WmsServerApplication in 4.162 seconds (JVM running for 4.913)
2025-02-05 20:31:20.808   INFO 17020 --- [ionShutdownHook] com.alibaba.druid.pool.DruidDataSource   : {dataSource-0} closing ...
2025-02-05 20:31:24.898   INFO 17192 --- [           main] com.wms.WmsServerApplication             : Starting WmsServerApplication using Java 17.0.5 on Disney with PID 17192 (K:\GitHub\notes\project\wms-server\target\classes started by qe249 in K:\GitHub\notes\project\wms-server)
2025-02-05 20:31:24.903   INFO 17192 --- [           main] com.wms.WmsServerApplication             : The following 1 profile is active: "dev"
2025-02-05 20:31:25.678   INFO 17192 --- [           main] .s.d.r.c.RepositoryConfigurationDelegate : Multiple Spring Data modules found, entering strict repository configuration mode
2025-02-05 20:31:25.680   INFO 17192 --- [           main] .s.d.r.c.RepositoryConfigurationDelegate : Bootstrapping Spring Data Redis repositories in DEFAULT mode.
2025-02-05 20:31:25.702   INFO 17192 --- [           main] .s.d.r.c.RepositoryConfigurationDelegate : Finished Spring Data repository scanning in 12 ms. Found 0 Redis repository interfaces.
2025-02-05 20:31:26.373   INFO 17192 --- [           main] o.s.b.w.embedded.tomcat.TomcatWebServer  : Tomcat initialized with port(s): 1217 (http)
2025-02-05 20:31:26.381   INFO 17192 --- [           main] o.a.coyote.http11.Http11NioProtocol      : Initializing ProtocolHandler ["http-nio-1217"]
2025-02-05 20:31:26.382   INFO 17192 --- [           main] o.apache.catalina.core.StandardService   : Starting service [Tomcat]
2025-02-05 20:31:26.382   INFO 17192 --- [           main] org.apache.catalina.core.StandardEngine  : Starting Servlet engine: [Apache Tomcat/9.0.68]
2025-02-05 20:31:26.463   INFO 17192 --- [           main] o.a.c.c.C.[Tomcat].[localhost].[/]       : Initializing Spring embedded WebApplicationContext
2025-02-05 20:31:26.464   INFO 17192 --- [           main] w.s.c.ServletWebServerApplicationContext : Root WebApplicationContext: initialization completed in 1502 ms
2025-02-05 20:31:28.505   INFO 17192 --- [           main] o.s.b.a.w.s.WelcomePageHandlerMapping    : Adding welcome page: class path resource [static/index.html]
2025-02-05 20:31:28.985   INFO 17192 --- [           main] o.s.s.web.DefaultSecurityFilterChain     : Will secure any request with [org.springframework.security.web.context.request.async.WebAsyncManagerIntegrationFilter@2a525f88, org.springframework.security.web.context.SecurityContextPersistenceFilter@7fdf7359, org.springframework.security.web.header.HeaderWriterFilter@37d3e740, org.springframework.web.filter.CorsFilter@1cf4d454, org.springframework.security.web.authentication.logout.LogoutFilter@7e36d508, com.wms.filter.jwt.JwtAuthenticationTokenFilter@66a472b9, org.springframework.security.web.session.ConcurrentSessionFilter@799206ad, org.springframework.security.web.savedrequest.RequestCacheAwareFilter@3a00237d, org.springframework.security.web.servletapi.SecurityContextHolderAwareRequestFilter@aade5a2, org.springframework.security.web.authentication.AnonymousAuthenticationFilter@3ff3275b, org.springframework.security.web.session.SessionManagementFilter@66f5770e, org.springframework.security.web.access.ExceptionTranslationFilter@6d7772d3, org.springframework.security.web.access.intercept.FilterSecurityInterceptor@239bc43f]
2025-02-05 20:31:29.057   INFO 17192 --- [           main] o.a.coyote.http11.Http11NioProtocol      : Starting ProtocolHandler ["http-nio-1217"]
2025-02-05 20:31:29.074   INFO 17192 --- [           main] o.s.b.w.embedded.tomcat.TomcatWebServer  : Tomcat started on port(s): 1217 (http) with context path ''
2025-02-05 20:31:29.453   INFO 17192 --- [           main] com.wms.WmsServerApplication             : Started WmsServerApplication in 4.956 seconds (JVM running for 5.727)
2025-02-05 20:33:14.122   INFO 17192 --- [nio-1217-exec-1] o.a.c.c.C.[Tomcat].[localhost].[/]       : Initializing Spring DispatcherServlet 'dispatcherServlet'
2025-02-05 20:33:14.123   INFO 17192 --- [nio-1217-exec-1] o.s.web.servlet.DispatcherServlet        : Initializing Servlet 'dispatcherServlet'
2025-02-05 20:33:14.125   INFO 17192 --- [nio-1217-exec-1] o.s.web.servlet.DispatcherServlet        : Completed initialization in 2 ms
2025-02-05 20:33:14.337   INFO 17192 --- [nio-1217-exec-1] com.alibaba.druid.pool.DruidDataSource   : {dataSource-1} inited
2025-02-05 22:11:49.247   INFO 17192 --- [ionShutdownHook] com.alibaba.druid.pool.DruidDataSource   : {dataSource-1} closing ...
2025-02-05 22:11:49.249   INFO 17192 --- [ionShutdownHook] com.alibaba.druid.pool.DruidDataSource   : {dataSource-1} closed
