2025-01-20 00:29:29.067   INFO 4264 --- [ionShutdownHook] com.alibaba.druid.pool.DruidDataSource   : {dataSource-1} closing ...
2025-01-20 00:29:29.071   INFO 4264 --- [ionShutdownHook] com.alibaba.druid.pool.DruidDataSource   : {dataSource-1} closed
2025-01-20 15:04:37.475   INFO 25692 --- [           main] com.wms.WmsServerApplication             : Starting WmsServerApplication using Java 17.0.5 on Disney with PID 25692 (K:\GitHub\notes\project\wms-server\target\classes started by qe249 in K:\GitHub\notes\project\wms-server)
2025-01-20 15:04:37.478   INFO 25692 --- [           main] com.wms.WmsServerApplication             : The following 1 profile is active: "dev"
2025-01-20 15:04:39.952   INFO 25692 --- [           main] .s.d.r.c.RepositoryConfigurationDelegate : Multiple Spring Data modules found, entering strict repository configuration mode
2025-01-20 15:04:39.955   INFO 25692 --- [           main] .s.d.r.c.RepositoryConfigurationDelegate : Bootstrapping Spring Data Redis repositories in DEFAULT mode.
2025-01-20 15:04:39.984   INFO 25692 --- [           main] .s.d.r.c.RepositoryConfigurationDelegate : Finished Spring Data repository scanning in 14 ms. Found 0 Redis repository interfaces.
2025-01-20 15:04:40.928   INFO 25692 --- [           main] o.s.b.w.embedded.tomcat.TomcatWebServer  : Tomcat initialized with port(s): 1217 (http)
2025-01-20 15:04:40.941   INFO 25692 --- [           main] o.a.coyote.http11.Http11NioProtocol      : Initializing ProtocolHandler ["http-nio-1217"]
2025-01-20 15:04:40.941   INFO 25692 --- [           main] o.apache.catalina.core.StandardService   : Starting service [Tomcat]
2025-01-20 15:04:40.942   INFO 25692 --- [           main] org.apache.catalina.core.StandardEngine  : Starting Servlet engine: [Apache Tomcat/9.0.68]
2025-01-20 15:04:41.045   INFO 25692 --- [           main] o.a.c.c.C.[Tomcat].[localhost].[/]       : Initializing Spring embedded WebApplicationContext
2025-01-20 15:04:41.046   INFO 25692 --- [           main] w.s.c.ServletWebServerApplicationContext : Root WebApplicationContext: initialization completed in 3505 ms
2025-01-20 15:04:42.982   INFO 25692 --- [           main] o.s.b.a.w.s.WelcomePageHandlerMapping    : Adding welcome page: class path resource [static/index.html]
2025-01-20 15:04:43.583   INFO 25692 --- [           main] o.s.s.web.DefaultSecurityFilterChain     : Will secure any request with [org.springframework.security.web.context.request.async.WebAsyncManagerIntegrationFilter@79aba813, org.springframework.security.web.context.SecurityContextPersistenceFilter@7be1e187, org.springframework.security.web.header.HeaderWriterFilter@7fdf7359, org.springframework.web.filter.CorsFilter@20a18cc9, org.springframework.security.web.authentication.logout.LogoutFilter@638341b0, com.wms.filter.jwt.JwtAuthenticationTokenFilter@226e07e7, org.springframework.security.web.session.ConcurrentSessionFilter@51f009ef, org.springframework.security.web.savedrequest.RequestCacheAwareFilter@6166aac5, org.springframework.security.web.servletapi.SecurityContextHolderAwareRequestFilter@74f92d14, org.springframework.security.web.authentication.AnonymousAuthenticationFilter@61555218, org.springframework.security.web.session.SessionManagementFilter@bc88295, org.springframework.security.web.access.ExceptionTranslationFilter@606f0f70, org.springframework.security.web.access.intercept.FilterSecurityInterceptor@582b14e2]
2025-01-20 15:04:43.664   INFO 25692 --- [           main] o.a.coyote.http11.Http11NioProtocol      : Starting ProtocolHandler ["http-nio-1217"]
2025-01-20 15:04:43.685   INFO 25692 --- [           main] o.s.b.w.embedded.tomcat.TomcatWebServer  : Tomcat started on port(s): 1217 (http) with context path ''
2025-01-20 15:04:44.060   INFO 25692 --- [           main] com.wms.WmsServerApplication             : Started WmsServerApplication in 7.24 seconds (JVM running for 9.635)
2025-01-20 15:04:50.036   INFO 25692 --- [nio-1217-exec-1] o.a.c.c.C.[Tomcat].[localhost].[/]       : Initializing Spring DispatcherServlet 'dispatcherServlet'
2025-01-20 15:04:50.036   INFO 25692 --- [nio-1217-exec-1] o.s.web.servlet.DispatcherServlet        : Initializing Servlet 'dispatcherServlet'
2025-01-20 15:04:50.038   INFO 25692 --- [nio-1217-exec-1] o.s.web.servlet.DispatcherServlet        : Completed initialization in 1 ms
2025-01-20 15:04:50.229   INFO 25692 --- [nio-1217-exec-2] com.alibaba.druid.pool.DruidDataSource   : {dataSource-1} inited
2025-01-20 17:14:38.407   INFO 25692 --- [ionShutdownHook] com.alibaba.druid.pool.DruidDataSource   : {dataSource-1} closing ...
2025-01-20 17:14:38.407   INFO 25692 --- [ionShutdownHook] com.alibaba.druid.pool.DruidDataSource   : {dataSource-1} closed
2025-01-20 17:14:50.301   INFO 6104 --- [           main] com.wms.WmsServerApplication             : Starting WmsServerApplication using Java 17.0.5 on Disney with PID 6104 (K:\GitHub\notes\project\wms-server\target\classes started by qe249 in K:\GitHub\notes\project\wms-server)
2025-01-20 17:14:50.303   INFO 6104 --- [           main] com.wms.WmsServerApplication             : The following 1 profile is active: "dev"
2025-01-20 17:14:52.429   INFO 6104 --- [           main] .s.d.r.c.RepositoryConfigurationDelegate : Multiple Spring Data modules found, entering strict repository configuration mode
2025-01-20 17:14:52.431   INFO 6104 --- [           main] .s.d.r.c.RepositoryConfigurationDelegate : Bootstrapping Spring Data Redis repositories in DEFAULT mode.
2025-01-20 17:14:52.459   INFO 6104 --- [           main] .s.d.r.c.RepositoryConfigurationDelegate : Finished Spring Data repository scanning in 16 ms. Found 0 Redis repository interfaces.
2025-01-20 17:14:53.233   INFO 6104 --- [           main] o.s.b.w.embedded.tomcat.TomcatWebServer  : Tomcat initialized with port(s): 1217 (http)
2025-01-20 17:14:53.241   INFO 6104 --- [           main] o.a.coyote.http11.Http11NioProtocol      : Initializing ProtocolHandler ["http-nio-1217"]
2025-01-20 17:14:53.242   INFO 6104 --- [           main] o.apache.catalina.core.StandardService   : Starting service [Tomcat]
2025-01-20 17:14:53.242   INFO 6104 --- [           main] org.apache.catalina.core.StandardEngine  : Starting Servlet engine: [Apache Tomcat/9.0.68]
2025-01-20 17:14:53.334   INFO 6104 --- [           main] o.a.c.c.C.[Tomcat].[localhost].[/]       : Initializing Spring embedded WebApplicationContext
2025-01-20 17:14:53.335   INFO 6104 --- [           main] w.s.c.ServletWebServerApplicationContext : Root WebApplicationContext: initialization completed in 2977 ms
2025-01-20 17:14:55.837   INFO 6104 --- [           main] o.s.b.a.w.s.WelcomePageHandlerMapping    : Adding welcome page: class path resource [static/index.html]
2025-01-20 17:14:56.532   INFO 6104 --- [           main] o.s.s.web.DefaultSecurityFilterChain     : Will secure any request with [org.springframework.security.web.context.request.async.WebAsyncManagerIntegrationFilter@20a18cc9, org.springframework.security.web.context.SecurityContextPersistenceFilter@1107c465, org.springframework.security.web.header.HeaderWriterFilter@4a36a35d, org.springframework.web.filter.CorsFilter@61555218, org.springframework.security.web.authentication.logout.LogoutFilter@7962c1d5, com.wms.filter.jwt.JwtAuthenticationTokenFilter@226e07e7, org.springframework.security.web.session.ConcurrentSessionFilter@59c00722, org.springframework.security.web.savedrequest.RequestCacheAwareFilter@7e36d508, org.springframework.security.web.servletapi.SecurityContextHolderAwareRequestFilter@40071890, org.springframework.security.web.authentication.AnonymousAuthenticationFilter@1fcf73b9, org.springframework.security.web.session.SessionManagementFilter@341df373, org.springframework.security.web.access.ExceptionTranslationFilter@1a53ac0c, org.springframework.security.web.access.intercept.FilterSecurityInterceptor@10e4ce98]
2025-01-20 17:14:56.625   INFO 6104 --- [           main] o.a.coyote.http11.Http11NioProtocol      : Starting ProtocolHandler ["http-nio-1217"]
2025-01-20 17:14:56.644   INFO 6104 --- [           main] o.s.b.w.embedded.tomcat.TomcatWebServer  : Tomcat started on port(s): 1217 (http) with context path ''
2025-01-20 17:14:56.730   INFO 6104 --- [nio-1217-exec-1] o.a.c.c.C.[Tomcat].[localhost].[/]       : Initializing Spring DispatcherServlet 'dispatcherServlet'
2025-01-20 17:14:56.730   INFO 6104 --- [nio-1217-exec-1] o.s.web.servlet.DispatcherServlet        : Initializing Servlet 'dispatcherServlet'
2025-01-20 17:14:56.732   INFO 6104 --- [nio-1217-exec-1] o.s.web.servlet.DispatcherServlet        : Completed initialization in 2 ms
2025-01-20 17:14:56.971   INFO 6104 --- [nio-1217-exec-3] com.alibaba.druid.pool.DruidDataSource   : {dataSource-1} inited
2025-01-20 17:14:57.186   INFO 6104 --- [           main] com.wms.WmsServerApplication             : Started WmsServerApplication in 7.309 seconds (JVM running for 8.764)
