2025-02-04 17:34:41.756   INFO 8152 --- [           main] com.wms.WmsServerApplication             : Starting WmsServerApplication using Java 17.0.5 on Disney with PID 8152 (K:\GitHub\notes\project\wms-server\target\classes started by qe249 in K:\GitHub\notes\project\wms-server)
2025-02-04 17:34:41.761   INFO 8152 --- [           main] com.wms.WmsServerApplication             : The following 1 profile is active: "dev"
2025-02-04 17:34:43.770   INFO 8152 --- [           main] .s.d.r.c.RepositoryConfigurationDelegate : Multiple Spring Data modules found, entering strict repository configuration mode
2025-02-04 17:34:43.772   INFO 8152 --- [           main] .s.d.r.c.RepositoryConfigurationDelegate : Bootstrapping Spring Data Redis repositories in DEFAULT mode.
2025-02-04 17:34:43.805   INFO 8152 --- [           main] .s.d.r.c.RepositoryConfigurationDelegate : Finished Spring Data repository scanning in 16 ms. Found 0 Redis repository interfaces.
2025-02-04 17:34:44.814   INFO 8152 --- [           main] o.s.b.w.embedded.tomcat.TomcatWebServer  : Tomcat initialized with port(s): 1217 (http)
2025-02-04 17:34:44.824   INFO 8152 --- [           main] o.a.coyote.http11.Http11NioProtocol      : Initializing ProtocolHandler ["http-nio-1217"]
2025-02-04 17:34:44.824   INFO 8152 --- [           main] o.apache.catalina.core.StandardService   : Starting service [Tomcat]
2025-02-04 17:34:44.825   INFO 8152 --- [           main] org.apache.catalina.core.StandardEngine  : Starting Servlet engine: [Apache Tomcat/9.0.68]
2025-02-04 17:34:44.933   INFO 8152 --- [           main] o.a.c.c.C.[Tomcat].[localhost].[/]       : Initializing Spring embedded WebApplicationContext
2025-02-04 17:34:44.933   INFO 8152 --- [           main] w.s.c.ServletWebServerApplicationContext : Root WebApplicationContext: initialization completed in 3089 ms
2025-02-04 17:34:47.098   INFO 8152 --- [           main] o.s.b.a.w.s.WelcomePageHandlerMapping    : Adding welcome page: class path resource [static/index.html]
2025-02-04 17:34:47.734   INFO 8152 --- [           main] o.s.s.web.DefaultSecurityFilterChain     : Will secure any request with [org.springframework.security.web.context.request.async.WebAsyncManagerIntegrationFilter@61555218, org.springframework.security.web.context.SecurityContextPersistenceFilter@64df8422, org.springframework.security.web.header.HeaderWriterFilter@52ba21e4, org.springframework.web.filter.CorsFilter@1fcf73b9, org.springframework.security.web.authentication.logout.LogoutFilter@56226064, com.wms.filter.jwt.JwtAuthenticationTokenFilter@226e07e7, org.springframework.security.web.session.ConcurrentSessionFilter@6c96346b, org.springframework.security.web.savedrequest.RequestCacheAwareFilter@1d4531fa, org.springframework.security.web.servletapi.SecurityContextHolderAwareRequestFilter@748aa7dc, org.springframework.security.web.authentication.AnonymousAuthenticationFilter@3b80bb63, org.springframework.security.web.session.SessionManagementFilter@7e9ed4df, org.springframework.security.web.access.ExceptionTranslationFilter@7fdf7359, org.springframework.security.web.access.intercept.FilterSecurityInterceptor@10466c55]
2025-02-04 17:34:47.819   INFO 8152 --- [           main] o.a.coyote.http11.Http11NioProtocol      : Starting ProtocolHandler ["http-nio-1217"]
2025-02-04 17:34:47.837   INFO 8152 --- [           main] o.s.b.w.embedded.tomcat.TomcatWebServer  : Tomcat started on port(s): 1217 (http) with context path ''
2025-02-04 17:34:48.257   INFO 8152 --- [           main] com.wms.WmsServerApplication             : Started WmsServerApplication in 7.075 seconds (JVM running for 9.747)
2025-02-04 17:37:26.743   INFO 8152 --- [nio-1217-exec-1] o.a.c.c.C.[Tomcat].[localhost].[/]       : Initializing Spring DispatcherServlet 'dispatcherServlet'
2025-02-04 17:37:26.743   INFO 8152 --- [nio-1217-exec-1] o.s.web.servlet.DispatcherServlet        : Initializing Servlet 'dispatcherServlet'
2025-02-04 17:37:26.745   INFO 8152 --- [nio-1217-exec-1] o.s.web.servlet.DispatcherServlet        : Completed initialization in 2 ms
2025-02-04 17:37:26.929   INFO 8152 --- [nio-1217-exec-4] com.alibaba.druid.pool.DruidDataSource   : {dataSource-1} inited
2025-02-04 17:37:27.063   INFO 8152 --- [eate-1514726071] c.a.druid.pool.DruidAbstractDataSource   : {dataSource-1} failContinuous is true
2025-02-04 17:37:40.786   INFO 8152 --- [ionShutdownHook] com.alibaba.druid.pool.DruidDataSource   : {dataSource-1} closing ...
2025-02-04 17:37:40.787   INFO 8152 --- [ionShutdownHook] com.alibaba.druid.pool.DruidDataSource   : {dataSource-1} closed
2025-02-04 17:37:58.178   INFO 7976 --- [           main] com.wms.WmsServerApplication             : Starting WmsServerApplication using Java 17.0.5 on Disney with PID 7976 (K:\GitHub\notes\project\wms-server\target\classes started by qe249 in K:\GitHub\notes\project\wms-server)
2025-02-04 17:37:58.181   INFO 7976 --- [           main] com.wms.WmsServerApplication             : The following 1 profile is active: "dev"
2025-02-04 17:37:58.984   INFO 7976 --- [           main] .s.d.r.c.RepositoryConfigurationDelegate : Multiple Spring Data modules found, entering strict repository configuration mode
2025-02-04 17:37:58.986   INFO 7976 --- [           main] .s.d.r.c.RepositoryConfigurationDelegate : Bootstrapping Spring Data Redis repositories in DEFAULT mode.
2025-02-04 17:37:59.011   INFO 7976 --- [           main] .s.d.r.c.RepositoryConfigurationDelegate : Finished Spring Data repository scanning in 13 ms. Found 0 Redis repository interfaces.
2025-02-04 17:37:59.745   INFO 7976 --- [           main] o.s.b.w.embedded.tomcat.TomcatWebServer  : Tomcat initialized with port(s): 1217 (http)
2025-02-04 17:37:59.752   INFO 7976 --- [           main] o.a.coyote.http11.Http11NioProtocol      : Initializing ProtocolHandler ["http-nio-1217"]
2025-02-04 17:37:59.753   INFO 7976 --- [           main] o.apache.catalina.core.StandardService   : Starting service [Tomcat]
2025-02-04 17:37:59.753   INFO 7976 --- [           main] org.apache.catalina.core.StandardEngine  : Starting Servlet engine: [Apache Tomcat/9.0.68]
2025-02-04 17:37:59.846   INFO 7976 --- [           main] o.a.c.c.C.[Tomcat].[localhost].[/]       : Initializing Spring embedded WebApplicationContext
2025-02-04 17:37:59.846   INFO 7976 --- [           main] w.s.c.ServletWebServerApplicationContext : Root WebApplicationContext: initialization completed in 1618 ms
2025-02-04 17:38:01.414   INFO 7976 --- [           main] o.s.b.a.w.s.WelcomePageHandlerMapping    : Adding welcome page: class path resource [static/index.html]
2025-02-04 17:38:01.922   INFO 7976 --- [           main] o.s.s.web.DefaultSecurityFilterChain     : Will secure any request with [org.springframework.security.web.context.request.async.WebAsyncManagerIntegrationFilter@786cc1df, org.springframework.security.web.context.SecurityContextPersistenceFilter@16024b49, org.springframework.security.web.header.HeaderWriterFilter@2748bd6c, org.springframework.web.filter.CorsFilter@1ddb6abb, org.springframework.security.web.authentication.logout.LogoutFilter@7be1e187, com.wms.filter.jwt.JwtAuthenticationTokenFilter@9880a15, org.springframework.security.web.session.ConcurrentSessionFilter@51097500, org.springframework.security.web.savedrequest.RequestCacheAwareFilter@1a53ac0c, org.springframework.security.web.servletapi.SecurityContextHolderAwareRequestFilter@514f2020, org.springframework.security.web.authentication.AnonymousAuthenticationFilter@6f926d01, org.springframework.security.web.session.SessionManagementFilter@37d3e740, org.springframework.security.web.access.ExceptionTranslationFilter@245b0bd7, org.springframework.security.web.access.intercept.FilterSecurityInterceptor@638341b0]
2025-02-04 17:38:01.997   INFO 7976 --- [           main] o.a.coyote.http11.Http11NioProtocol      : Starting ProtocolHandler ["http-nio-1217"]
2025-02-04 17:38:02.014   INFO 7976 --- [           main] o.s.b.w.embedded.tomcat.TomcatWebServer  : Tomcat started on port(s): 1217 (http) with context path ''
2025-02-04 17:38:02.381   INFO 7976 --- [           main] com.wms.WmsServerApplication             : Started WmsServerApplication in 4.599 seconds (JVM running for 5.496)
2025-02-04 17:38:12.333   INFO 7976 --- [nio-1217-exec-2] o.a.c.c.C.[Tomcat].[localhost].[/]       : Initializing Spring DispatcherServlet 'dispatcherServlet'
2025-02-04 17:38:12.333   INFO 7976 --- [nio-1217-exec-2] o.s.web.servlet.DispatcherServlet        : Initializing Servlet 'dispatcherServlet'
2025-02-04 17:38:12.335   INFO 7976 --- [nio-1217-exec-2] o.s.web.servlet.DispatcherServlet        : Completed initialization in 0 ms
2025-02-04 17:38:12.565   INFO 7976 --- [nio-1217-exec-2] com.alibaba.druid.pool.DruidDataSource   : {dataSource-1} inited
2025-02-04 19:15:09.681   INFO 7976 --- [ionShutdownHook] com.alibaba.druid.pool.DruidDataSource   : {dataSource-1} closing ...
2025-02-04 19:15:09.684   INFO 7976 --- [ionShutdownHook] com.alibaba.druid.pool.DruidDataSource   : {dataSource-1} closed
2025-02-04 19:15:22.478   INFO 17692 --- [           main] com.wms.WmsServerApplication             : Starting WmsServerApplication using Java 17.0.5 on Disney with PID 17692 (K:\GitHub\notes\project\wms-server\target\classes started by qe249 in K:\GitHub\notes\project\wms-server)
2025-02-04 19:15:22.481   INFO 17692 --- [           main] com.wms.WmsServerApplication             : The following 1 profile is active: "dev"
2025-02-04 19:15:24.151   INFO 17692 --- [           main] .s.d.r.c.RepositoryConfigurationDelegate : Multiple Spring Data modules found, entering strict repository configuration mode
2025-02-04 19:15:24.153   INFO 17692 --- [           main] .s.d.r.c.RepositoryConfigurationDelegate : Bootstrapping Spring Data Redis repositories in DEFAULT mode.
2025-02-04 19:15:24.183   INFO 17692 --- [           main] .s.d.r.c.RepositoryConfigurationDelegate : Finished Spring Data repository scanning in 15 ms. Found 0 Redis repository interfaces.
2025-02-04 19:15:25.015   INFO 17692 --- [           main] o.s.b.w.embedded.tomcat.TomcatWebServer  : Tomcat initialized with port(s): 1217 (http)
2025-02-04 19:15:25.027   INFO 17692 --- [           main] o.a.coyote.http11.Http11NioProtocol      : Initializing ProtocolHandler ["http-nio-1217"]
2025-02-04 19:15:25.028   INFO 17692 --- [           main] o.apache.catalina.core.StandardService   : Starting service [Tomcat]
2025-02-04 19:15:25.028   INFO 17692 --- [           main] org.apache.catalina.core.StandardEngine  : Starting Servlet engine: [Apache Tomcat/9.0.68]
2025-02-04 19:15:25.125   INFO 17692 --- [           main] o.a.c.c.C.[Tomcat].[localhost].[/]       : Initializing Spring embedded WebApplicationContext
2025-02-04 19:15:25.125   INFO 17692 --- [           main] w.s.c.ServletWebServerApplicationContext : Root WebApplicationContext: initialization completed in 2605 ms
2025-02-04 19:15:27.043   INFO 17692 --- [           main] o.s.b.a.w.s.WelcomePageHandlerMapping    : Adding welcome page: class path resource [static/index.html]
2025-02-04 19:15:27.534   INFO 17692 --- [           main] o.s.s.web.DefaultSecurityFilterChain     : Will secure any request with [org.springframework.security.web.context.request.async.WebAsyncManagerIntegrationFilter@24536f07, org.springframework.security.web.context.SecurityContextPersistenceFilter@51097500, org.springframework.security.web.header.HeaderWriterFilter@4603c412, org.springframework.web.filter.CorsFilter@32430075, org.springframework.security.web.authentication.logout.LogoutFilter@51f009ef, com.wms.filter.jwt.JwtAuthenticationTokenFilter@429f0ca8, org.springframework.security.web.session.ConcurrentSessionFilter@6ba0dcba, org.springframework.security.web.savedrequest.RequestCacheAwareFilter@7d4e424e, org.springframework.security.web.servletapi.SecurityContextHolderAwareRequestFilter@46c475ba, org.springframework.security.web.authentication.AnonymousAuthenticationFilter@1a45e29f, org.springframework.security.web.session.SessionManagementFilter@37b1218, org.springframework.security.web.access.ExceptionTranslationFilter@23119bc3, org.springframework.security.web.access.intercept.FilterSecurityInterceptor@3472f3ab]
2025-02-04 19:15:27.615   INFO 17692 --- [           main] o.a.coyote.http11.Http11NioProtocol      : Starting ProtocolHandler ["http-nio-1217"]
2025-02-04 19:15:27.634   INFO 17692 --- [           main] o.s.b.w.embedded.tomcat.TomcatWebServer  : Tomcat started on port(s): 1217 (http) with context path ''
2025-02-04 19:15:27.994   INFO 17692 --- [           main] com.wms.WmsServerApplication             : Started WmsServerApplication in 5.957 seconds (JVM running for 8.129)
2025-02-04 19:15:43.776   INFO 17692 --- [nio-1217-exec-5] o.a.c.c.C.[Tomcat].[localhost].[/]       : Initializing Spring DispatcherServlet 'dispatcherServlet'
2025-02-04 19:15:43.776   INFO 17692 --- [nio-1217-exec-5] o.s.web.servlet.DispatcherServlet        : Initializing Servlet 'dispatcherServlet'
2025-02-04 19:15:43.777   INFO 17692 --- [nio-1217-exec-5] o.s.web.servlet.DispatcherServlet        : Completed initialization in 1 ms
2025-02-04 19:15:44.033   INFO 17692 --- [nio-1217-exec-5] com.alibaba.druid.pool.DruidDataSource   : {dataSource-1} inited
2025-02-04 19:20:21.831   INFO 17692 --- [ionShutdownHook] com.alibaba.druid.pool.DruidDataSource   : {dataSource-1} closing ...
2025-02-04 19:20:21.834   INFO 17692 --- [ionShutdownHook] com.alibaba.druid.pool.DruidDataSource   : {dataSource-1} closed
2025-02-04 19:20:26.150   INFO 14368 --- [           main] com.wms.WmsServerApplication             : Starting WmsServerApplication using Java 17.0.5 on Disney with PID 14368 (K:\GitHub\notes\project\wms-server\target\classes started by qe249 in K:\GitHub\notes\project\wms-server)
2025-02-04 19:20:26.154   INFO 14368 --- [           main] com.wms.WmsServerApplication             : The following 1 profile is active: "dev"
2025-02-04 19:20:27.042   INFO 14368 --- [           main] .s.d.r.c.RepositoryConfigurationDelegate : Multiple Spring Data modules found, entering strict repository configuration mode
2025-02-04 19:20:27.044   INFO 14368 --- [           main] .s.d.r.c.RepositoryConfigurationDelegate : Bootstrapping Spring Data Redis repositories in DEFAULT mode.
2025-02-04 19:20:27.066   INFO 14368 --- [           main] .s.d.r.c.RepositoryConfigurationDelegate : Finished Spring Data repository scanning in 12 ms. Found 0 Redis repository interfaces.
2025-02-04 19:20:27.826   INFO 14368 --- [           main] o.s.b.w.embedded.tomcat.TomcatWebServer  : Tomcat initialized with port(s): 1217 (http)
2025-02-04 19:20:27.837   INFO 14368 --- [           main] o.a.coyote.http11.Http11NioProtocol      : Initializing ProtocolHandler ["http-nio-1217"]
2025-02-04 19:20:27.838   INFO 14368 --- [           main] o.apache.catalina.core.StandardService   : Starting service [Tomcat]
2025-02-04 19:20:27.838   INFO 14368 --- [           main] org.apache.catalina.core.StandardEngine  : Starting Servlet engine: [Apache Tomcat/9.0.68]
2025-02-04 19:20:27.921   INFO 14368 --- [           main] o.a.c.c.C.[Tomcat].[localhost].[/]       : Initializing Spring embedded WebApplicationContext
2025-02-04 19:20:27.921   INFO 14368 --- [           main] w.s.c.ServletWebServerApplicationContext : Root WebApplicationContext: initialization completed in 1702 ms
2025-02-04 19:20:29.492   INFO 14368 --- [           main] o.s.b.a.w.s.WelcomePageHandlerMapping    : Adding welcome page: class path resource [static/index.html]
2025-02-04 19:20:29.945   INFO 14368 --- [           main] o.s.s.web.DefaultSecurityFilterChain     : Will secure any request with [org.springframework.security.web.context.request.async.WebAsyncManagerIntegrationFilter@3ff3275b, org.springframework.security.web.context.SecurityContextPersistenceFilter@52ba21e4, org.springframework.security.web.header.HeaderWriterFilter@c4ca86a, org.springframework.web.filter.CorsFilter@63e0057a, org.springframework.security.web.authentication.logout.LogoutFilter@68cb8e52, com.wms.filter.jwt.JwtAuthenticationTokenFilter@9880a15, org.springframework.security.web.session.ConcurrentSessionFilter@2059c3ff, org.springframework.security.web.savedrequest.RequestCacheAwareFilter@341df373, org.springframework.security.web.servletapi.SecurityContextHolderAwareRequestFilter@59c00722, org.springframework.security.web.authentication.AnonymousAuthenticationFilter@5b76b891, org.springframework.security.web.session.SessionManagementFilter@53f94afe, org.springframework.security.web.access.ExceptionTranslationFilter@37d3e740, org.springframework.security.web.access.intercept.FilterSecurityInterceptor@6b338591]
2025-02-04 19:20:30.026   INFO 14368 --- [           main] o.a.coyote.http11.Http11NioProtocol      : Starting ProtocolHandler ["http-nio-1217"]
2025-02-04 19:20:30.054   INFO 14368 --- [           main] o.s.b.w.embedded.tomcat.TomcatWebServer  : Tomcat started on port(s): 1217 (http) with context path ''
2025-02-04 19:20:30.387   INFO 14368 --- [           main] com.wms.WmsServerApplication             : Started WmsServerApplication in 4.621 seconds (JVM running for 5.431)
2025-02-04 19:20:34.697   INFO 14368 --- [nio-1217-exec-1] o.a.c.c.C.[Tomcat].[localhost].[/]       : Initializing Spring DispatcherServlet 'dispatcherServlet'
2025-02-04 19:20:34.697   INFO 14368 --- [nio-1217-exec-1] o.s.web.servlet.DispatcherServlet        : Initializing Servlet 'dispatcherServlet'
2025-02-04 19:20:34.698   INFO 14368 --- [nio-1217-exec-1] o.s.web.servlet.DispatcherServlet        : Completed initialization in 1 ms
2025-02-04 19:20:34.880   INFO 14368 --- [nio-1217-exec-1] com.alibaba.druid.pool.DruidDataSource   : {dataSource-1} inited
2025-02-04 19:35:15.384   INFO 14368 --- [ionShutdownHook] com.alibaba.druid.pool.DruidDataSource   : {dataSource-1} closing ...
2025-02-04 19:35:15.385   INFO 14368 --- [ionShutdownHook] com.alibaba.druid.pool.DruidDataSource   : {dataSource-1} closed
2025-02-04 19:35:19.735   INFO 10532 --- [           main] com.wms.WmsServerApplication             : Starting WmsServerApplication using Java 17.0.5 on Disney with PID 10532 (K:\GitHub\notes\project\wms-server\target\classes started by qe249 in K:\GitHub\notes\project\wms-server)
2025-02-04 19:35:19.737   INFO 10532 --- [           main] com.wms.WmsServerApplication             : The following 1 profile is active: "dev"
2025-02-04 19:35:20.588   INFO 10532 --- [           main] .s.d.r.c.RepositoryConfigurationDelegate : Multiple Spring Data modules found, entering strict repository configuration mode
2025-02-04 19:35:20.592   INFO 10532 --- [           main] .s.d.r.c.RepositoryConfigurationDelegate : Bootstrapping Spring Data Redis repositories in DEFAULT mode.
2025-02-04 19:35:20.619   INFO 10532 --- [           main] .s.d.r.c.RepositoryConfigurationDelegate : Finished Spring Data repository scanning in 14 ms. Found 0 Redis repository interfaces.
2025-02-04 19:35:21.345   INFO 10532 --- [           main] o.s.b.w.embedded.tomcat.TomcatWebServer  : Tomcat initialized with port(s): 1217 (http)
2025-02-04 19:35:21.354   INFO 10532 --- [           main] o.a.coyote.http11.Http11NioProtocol      : Initializing ProtocolHandler ["http-nio-1217"]
2025-02-04 19:35:21.354   INFO 10532 --- [           main] o.apache.catalina.core.StandardService   : Starting service [Tomcat]
2025-02-04 19:35:21.354   INFO 10532 --- [           main] org.apache.catalina.core.StandardEngine  : Starting Servlet engine: [Apache Tomcat/9.0.68]
2025-02-04 19:35:21.440   INFO 10532 --- [           main] o.a.c.c.C.[Tomcat].[localhost].[/]       : Initializing Spring embedded WebApplicationContext
2025-02-04 19:35:21.440   INFO 10532 --- [           main] w.s.c.ServletWebServerApplicationContext : Root WebApplicationContext: initialization completed in 1667 ms
2025-02-04 19:35:23.226   INFO 10532 --- [           main] o.s.b.a.w.s.WelcomePageHandlerMapping    : Adding welcome page: class path resource [static/index.html]
2025-02-04 19:35:23.748   INFO 10532 --- [           main] o.s.s.web.DefaultSecurityFilterChain     : Will secure any request with [org.springframework.security.web.context.request.async.WebAsyncManagerIntegrationFilter@51a69e8f, org.springframework.security.web.context.SecurityContextPersistenceFilter@46507dda, org.springframework.security.web.header.HeaderWriterFilter@478cc5f1, org.springframework.web.filter.CorsFilter@6442cf3e, org.springframework.security.web.authentication.logout.LogoutFilter@1bd6638, com.wms.filter.jwt.JwtAuthenticationTokenFilter@5ddd84d2, org.springframework.security.web.session.ConcurrentSessionFilter@c4ca86a, org.springframework.security.web.savedrequest.RequestCacheAwareFilter@46c475ba, org.springframework.security.web.servletapi.SecurityContextHolderAwareRequestFilter@4a36a35d, org.springframework.security.web.authentication.AnonymousAuthenticationFilter@60f1f95b, org.springframework.security.web.session.SessionManagementFilter@6ba0dcba, org.springframework.security.web.access.ExceptionTranslationFilter@5169db2f, org.springframework.security.web.access.intercept.FilterSecurityInterceptor@19c06762]
2025-02-04 19:35:23.823   INFO 10532 --- [           main] o.a.coyote.http11.Http11NioProtocol      : Starting ProtocolHandler ["http-nio-1217"]
2025-02-04 19:35:23.839   INFO 10532 --- [           main] o.s.b.w.embedded.tomcat.TomcatWebServer  : Tomcat started on port(s): 1217 (http) with context path ''
2025-02-04 19:35:24.165   INFO 10532 --- [           main] com.wms.WmsServerApplication             : Started WmsServerApplication in 4.821 seconds (JVM running for 5.698)
2025-02-04 19:35:25.718   INFO 10532 --- [nio-1217-exec-1] o.a.c.c.C.[Tomcat].[localhost].[/]       : Initializing Spring DispatcherServlet 'dispatcherServlet'
2025-02-04 19:35:25.719   INFO 10532 --- [nio-1217-exec-1] o.s.web.servlet.DispatcherServlet        : Initializing Servlet 'dispatcherServlet'
2025-02-04 19:35:25.720   INFO 10532 --- [nio-1217-exec-1] o.s.web.servlet.DispatcherServlet        : Completed initialization in 1 ms
2025-02-04 19:35:25.897   INFO 10532 --- [nio-1217-exec-1] com.alibaba.druid.pool.DruidDataSource   : {dataSource-1} inited
2025-02-04 22:04:19.182   INFO 10532 --- [ionShutdownHook] com.alibaba.druid.pool.DruidDataSource   : {dataSource-1} closing ...
2025-02-04 22:04:19.185   INFO 10532 --- [ionShutdownHook] com.alibaba.druid.pool.DruidDataSource   : {dataSource-1} closed
2025-02-04 22:04:24.472   INFO 9208 --- [           main] com.wms.WmsServerApplication             : Starting WmsServerApplication using Java 17.0.5 on Disney with PID 9208 (K:\GitHub\notes\project\wms-server\target\classes started by qe249 in K:\GitHub\notes\project\wms-server)
2025-02-04 22:04:24.475   INFO 9208 --- [           main] com.wms.WmsServerApplication             : The following 1 profile is active: "dev"
2025-02-04 22:04:25.324   INFO 9208 --- [           main] .s.d.r.c.RepositoryConfigurationDelegate : Multiple Spring Data modules found, entering strict repository configuration mode
2025-02-04 22:04:25.326   INFO 9208 --- [           main] .s.d.r.c.RepositoryConfigurationDelegate : Bootstrapping Spring Data Redis repositories in DEFAULT mode.
2025-02-04 22:04:25.349   INFO 9208 --- [           main] .s.d.r.c.RepositoryConfigurationDelegate : Finished Spring Data repository scanning in 13 ms. Found 0 Redis repository interfaces.
2025-02-04 22:04:26.051   INFO 9208 --- [           main] o.s.b.w.embedded.tomcat.TomcatWebServer  : Tomcat initialized with port(s): 1217 (http)
2025-02-04 22:04:26.062   INFO 9208 --- [           main] o.a.coyote.http11.Http11NioProtocol      : Initializing ProtocolHandler ["http-nio-1217"]
2025-02-04 22:04:26.062   INFO 9208 --- [           main] o.apache.catalina.core.StandardService   : Starting service [Tomcat]
2025-02-04 22:04:26.063   INFO 9208 --- [           main] org.apache.catalina.core.StandardEngine  : Starting Servlet engine: [Apache Tomcat/9.0.68]
2025-02-04 22:04:26.150   INFO 9208 --- [           main] o.a.c.c.C.[Tomcat].[localhost].[/]       : Initializing Spring embedded WebApplicationContext
2025-02-04 22:04:26.150   INFO 9208 --- [           main] w.s.c.ServletWebServerApplicationContext : Root WebApplicationContext: initialization completed in 1624 ms
2025-02-04 22:04:27.659   INFO 9208 --- [           main] o.s.b.a.w.s.WelcomePageHandlerMapping    : Adding welcome page: class path resource [static/index.html]
2025-02-04 22:04:28.109   INFO 9208 --- [           main] o.s.s.web.DefaultSecurityFilterChain     : Will secure any request with [org.springframework.security.web.context.request.async.WebAsyncManagerIntegrationFilter@1e3a2177, org.springframework.security.web.context.SecurityContextPersistenceFilter@799206ad, org.springframework.security.web.header.HeaderWriterFilter@37b1218, org.springframework.web.filter.CorsFilter@58720eb9, org.springframework.security.web.authentication.logout.LogoutFilter@5fa9971f, com.wms.filter.jwt.JwtAuthenticationTokenFilter@dbc7e0a, org.springframework.security.web.session.ConcurrentSessionFilter@23e573e, org.springframework.security.web.savedrequest.RequestCacheAwareFilter@558ed473, org.springframework.security.web.servletapi.SecurityContextHolderAwareRequestFilter@26c2f767, org.springframework.security.web.authentication.AnonymousAuthenticationFilter@24749ad3, org.springframework.security.web.session.SessionManagementFilter@56351c02, org.springframework.security.web.access.ExceptionTranslationFilter@7ab3f194, org.springframework.security.web.access.intercept.FilterSecurityInterceptor@1d9bd4d6]
2025-02-04 22:04:28.181   INFO 9208 --- [           main] o.a.coyote.http11.Http11NioProtocol      : Starting ProtocolHandler ["http-nio-1217"]
2025-02-04 22:04:28.196   INFO 9208 --- [           main] o.s.b.w.embedded.tomcat.TomcatWebServer  : Tomcat started on port(s): 1217 (http) with context path ''
2025-02-04 22:04:28.532   INFO 9208 --- [           main] com.wms.WmsServerApplication             : Started WmsServerApplication in 4.476 seconds (JVM running for 5.669)
2025-02-04 22:04:35.040   INFO 9208 --- [nio-1217-exec-1] o.a.c.c.C.[Tomcat].[localhost].[/]       : Initializing Spring DispatcherServlet 'dispatcherServlet'
2025-02-04 22:04:35.040   INFO 9208 --- [nio-1217-exec-1] o.s.web.servlet.DispatcherServlet        : Initializing Servlet 'dispatcherServlet'
2025-02-04 22:04:35.041   INFO 9208 --- [nio-1217-exec-1] o.s.web.servlet.DispatcherServlet        : Completed initialization in 1 ms
2025-02-04 22:04:35.221   INFO 9208 --- [nio-1217-exec-1] com.alibaba.druid.pool.DruidDataSource   : {dataSource-1} inited
