2025-02-12 15:22:23.680   INFO 19792 --- [           main] com.wms.WmsServerApplication             : Starting WmsServerApplication using Java 17.0.5 on Disney with PID 19792 (K:\GitHub\notes\project\wms-server\target\classes started by qe249 in K:\GitHub\notes\project\wms-server)
2025-02-12 15:22:23.685   INFO 19792 --- [           main] com.wms.WmsServerApplication             : The following 1 profile is active: "dev"
2025-02-12 15:22:26.474   INFO 19792 --- [           main] .s.d.r.c.RepositoryConfigurationDelegate : Multiple Spring Data modules found, entering strict repository configuration mode
2025-02-12 15:22:26.478   INFO 19792 --- [           main] .s.d.r.c.RepositoryConfigurationDelegate : Bootstrapping Spring Data Redis repositories in DEFAULT mode.
2025-02-12 15:22:26.514   INFO 19792 --- [           main] .s.d.r.c.RepositoryConfigurationDelegate : Finished Spring Data repository scanning in 21 ms. Found 0 Redis repository interfaces.
2025-02-12 15:22:27.473   INFO 19792 --- [           main] o.s.b.w.embedded.tomcat.TomcatWebServer  : Tomcat initialized with port(s): 1217 (http)
2025-02-12 15:22:27.487   INFO 19792 --- [           main] o.a.coyote.http11.Http11NioProtocol      : Initializing ProtocolHandler ["http-nio-1217"]
2025-02-12 15:22:27.487   INFO 19792 --- [           main] o.apache.catalina.core.StandardService   : Starting service [Tomcat]
2025-02-12 15:22:27.488   INFO 19792 --- [           main] org.apache.catalina.core.StandardEngine  : Starting Servlet engine: [Apache Tomcat/9.0.68]
2025-02-12 15:22:27.606   INFO 19792 --- [           main] o.a.c.c.C.[Tomcat].[localhost].[/]       : Initializing Spring embedded WebApplicationContext
2025-02-12 15:22:27.606   INFO 19792 --- [           main] w.s.c.ServletWebServerApplicationContext : Root WebApplicationContext: initialization completed in 3831 ms
2025-02-12 15:22:30.498   INFO 19792 --- [           main] o.s.s.web.DefaultSecurityFilterChain     : Will not secure Ant [pattern='/websocket']
2025-02-12 15:22:30.542   INFO 19792 --- [           main] o.s.s.web.DefaultSecurityFilterChain     : Will secure com.wms.config.SecurityConfig$$Lambda$1031/0x00000008012fe858@6c4e486e with [org.springframework.security.web.context.request.async.WebAsyncManagerIntegrationFilter@27ac3b6d, org.springframework.security.web.context.SecurityContextPersistenceFilter@53c9541c, org.springframework.security.web.header.HeaderWriterFilter@1a06b95, org.springframework.web.filter.CorsFilter@598f1faf, org.springframework.security.web.authentication.logout.LogoutFilter@5b29d699, com.wms.filter.jwt.JwtAuthenticationTokenFilter@2e426dd2, org.springframework.security.web.session.ConcurrentSessionFilter@3c04ddda, org.springframework.security.web.savedrequest.RequestCacheAwareFilter@38834000, org.springframework.security.web.servletapi.SecurityContextHolderAwareRequestFilter@67e628b, org.springframework.security.web.authentication.AnonymousAuthenticationFilter@464abed, org.springframework.security.web.session.SessionManagementFilter@459df48d, org.springframework.security.web.access.ExceptionTranslationFilter@70f8d217, org.springframework.security.web.access.intercept.FilterSecurityInterceptor@75d95b67]
2025-02-12 15:22:30.642   INFO 19792 --- [           main] o.a.coyote.http11.Http11NioProtocol      : Starting ProtocolHandler ["http-nio-1217"]
2025-02-12 15:22:30.661   INFO 19792 --- [           main] o.s.b.w.embedded.tomcat.TomcatWebServer  : Tomcat started on port(s): 1217 (http) with context path ''
2025-02-12 15:22:31.275   INFO 19792 --- [           main] com.wms.WmsServerApplication             : Started WmsServerApplication in 8.569 seconds (JVM running for 11.968)
2025-02-12 15:23:57.187   INFO 19792 --- [nio-1217-exec-1] o.a.c.c.C.[Tomcat].[localhost].[/]       : Initializing Spring DispatcherServlet 'dispatcherServlet'
2025-02-12 15:23:57.187   INFO 19792 --- [nio-1217-exec-1] o.s.web.servlet.DispatcherServlet        : Initializing Servlet 'dispatcherServlet'
2025-02-12 15:23:57.188   INFO 19792 --- [nio-1217-exec-1] o.s.web.servlet.DispatcherServlet        : Completed initialization in 1 ms
2025-02-12 15:23:57.380   INFO 19792 --- [nio-1217-exec-3] com.alibaba.druid.pool.DruidDataSource   : {dataSource-1} inited
2025-02-12 15:23:57.796   INFO 19792 --- [nio-1217-exec-5] c.wms.connect.websocket.WebSocketServer  : 有新窗口开始监听:admin,当前在线人数为1
2025-02-12 15:44:38.756   INFO 19792 --- [ionShutdownHook] c.wms.connect.websocket.WebSocketServer  : 有一连接关闭！当前在线人数为0
2025-02-12 15:44:38.787   INFO 19792 --- [ionShutdownHook] com.alibaba.druid.pool.DruidDataSource   : {dataSource-1} closing ...
2025-02-12 15:44:38.789   INFO 19792 --- [ionShutdownHook] com.alibaba.druid.pool.DruidDataSource   : {dataSource-1} closed
2025-02-12 15:44:43.243   INFO 21684 --- [           main] com.wms.WmsServerApplication             : Starting WmsServerApplication using Java 17.0.5 on Disney with PID 21684 (K:\GitHub\notes\project\wms-server\target\classes started by qe249 in K:\GitHub\notes\project\wms-server)
2025-02-12 15:44:43.245   INFO 21684 --- [           main] com.wms.WmsServerApplication             : The following 1 profile is active: "dev"
2025-02-12 15:44:44.006   INFO 21684 --- [           main] .s.d.r.c.RepositoryConfigurationDelegate : Multiple Spring Data modules found, entering strict repository configuration mode
2025-02-12 15:44:44.008   INFO 21684 --- [           main] .s.d.r.c.RepositoryConfigurationDelegate : Bootstrapping Spring Data Redis repositories in DEFAULT mode.
2025-02-12 15:44:44.034   INFO 21684 --- [           main] .s.d.r.c.RepositoryConfigurationDelegate : Finished Spring Data repository scanning in 16 ms. Found 0 Redis repository interfaces.
2025-02-12 15:44:44.711   INFO 21684 --- [           main] o.s.b.w.embedded.tomcat.TomcatWebServer  : Tomcat initialized with port(s): 1217 (http)
2025-02-12 15:44:44.718   INFO 21684 --- [           main] o.a.coyote.http11.Http11NioProtocol      : Initializing ProtocolHandler ["http-nio-1217"]
2025-02-12 15:44:44.719   INFO 21684 --- [           main] o.apache.catalina.core.StandardService   : Starting service [Tomcat]
2025-02-12 15:44:44.719   INFO 21684 --- [           main] org.apache.catalina.core.StandardEngine  : Starting Servlet engine: [Apache Tomcat/9.0.68]
2025-02-12 15:44:44.797   INFO 21684 --- [           main] o.a.c.c.C.[Tomcat].[localhost].[/]       : Initializing Spring embedded WebApplicationContext
2025-02-12 15:44:44.797   INFO 21684 --- [           main] w.s.c.ServletWebServerApplicationContext : Root WebApplicationContext: initialization completed in 1505 ms
2025-02-12 15:44:46.801   INFO 21684 --- [           main] o.s.s.web.DefaultSecurityFilterChain     : Will not secure Ant [pattern='/websocket']
2025-02-12 15:44:46.834   INFO 21684 --- [           main] o.s.s.web.DefaultSecurityFilterChain     : Will secure com.wms.config.SecurityConfig$$Lambda$1044/0x0000000801322ff0@b53ce18 with [org.springframework.security.web.context.request.async.WebAsyncManagerIntegrationFilter@2a666c8e, org.springframework.security.web.context.SecurityContextPersistenceFilter@7b364f47, org.springframework.security.web.header.HeaderWriterFilter@33bf2602, org.springframework.web.filter.CorsFilter@18adc20a, org.springframework.security.web.authentication.logout.LogoutFilter@67e628b, com.wms.filter.jwt.JwtAuthenticationTokenFilter@6480a063, org.springframework.security.web.session.ConcurrentSessionFilter@7f958d4a, org.springframework.security.web.savedrequest.RequestCacheAwareFilter@15d2ea6b, org.springframework.security.web.servletapi.SecurityContextHolderAwareRequestFilter@4f5bfbca, org.springframework.security.web.authentication.AnonymousAuthenticationFilter@7e7987b8, org.springframework.security.web.session.SessionManagementFilter@68e094c9, org.springframework.security.web.access.ExceptionTranslationFilter@59db8216, org.springframework.security.web.access.intercept.FilterSecurityInterceptor@6c3a7b84]
2025-02-12 15:44:46.921   INFO 21684 --- [           main] o.a.coyote.http11.Http11NioProtocol      : Starting ProtocolHandler ["http-nio-1217"]
2025-02-12 15:44:46.937   INFO 21684 --- [           main] o.s.b.w.embedded.tomcat.TomcatWebServer  : Tomcat started on port(s): 1217 (http) with context path ''
2025-02-12 15:44:47.325   INFO 21684 --- [           main] com.wms.WmsServerApplication             : Started WmsServerApplication in 4.46 seconds (JVM running for 5.313)
2025-02-12 15:44:51.688   INFO 21684 --- [nio-1217-exec-1] o.a.c.c.C.[Tomcat].[localhost].[/]       : Initializing Spring DispatcherServlet 'dispatcherServlet'
2025-02-12 15:44:51.688   INFO 21684 --- [nio-1217-exec-1] o.s.web.servlet.DispatcherServlet        : Initializing Servlet 'dispatcherServlet'
2025-02-12 15:44:51.690   INFO 21684 --- [nio-1217-exec-1] o.s.web.servlet.DispatcherServlet        : Completed initialization in 2 ms
2025-02-12 15:44:51.830   INFO 21684 --- [nio-1217-exec-1] com.alibaba.druid.pool.DruidDataSource   : {dataSource-1} inited
2025-02-12 15:44:51.983   INFO 21684 --- [nio-1217-exec-1] c.wms.connect.websocket.WebSocketServer  : 有新窗口开始监听:admin,当前在线人数为1
2025-02-12 15:44:53.633   INFO 21684 --- [nio-1217-exec-3] c.wms.connect.websocket.WebSocketServer  : 有一连接关闭！当前在线人数为0
2025-02-12 15:44:55.054   INFO 21684 --- [nio-1217-exec-7] c.wms.connect.websocket.WebSocketServer  : 有新窗口开始监听:admin,当前在线人数为1
2025-02-12 15:47:33.285   INFO 21684 --- [ionShutdownHook] c.wms.connect.websocket.WebSocketServer  : 有一连接关闭！当前在线人数为0
2025-02-12 15:47:33.314   INFO 21684 --- [ionShutdownHook] com.alibaba.druid.pool.DruidDataSource   : {dataSource-1} closing ...
2025-02-12 15:47:33.319   INFO 21684 --- [ionShutdownHook] com.alibaba.druid.pool.DruidDataSource   : {dataSource-1} closed
2025-02-12 15:47:37.576   INFO 12016 --- [           main] com.wms.WmsServerApplication             : Starting WmsServerApplication using Java 17.0.5 on Disney with PID 12016 (K:\GitHub\notes\project\wms-server\target\classes started by qe249 in K:\GitHub\notes\project\wms-server)
2025-02-12 15:47:37.578   INFO 12016 --- [           main] com.wms.WmsServerApplication             : The following 1 profile is active: "dev"
2025-02-12 15:47:38.318   INFO 12016 --- [           main] .s.d.r.c.RepositoryConfigurationDelegate : Multiple Spring Data modules found, entering strict repository configuration mode
2025-02-12 15:47:38.320   INFO 12016 --- [           main] .s.d.r.c.RepositoryConfigurationDelegate : Bootstrapping Spring Data Redis repositories in DEFAULT mode.
2025-02-12 15:47:38.346   INFO 12016 --- [           main] .s.d.r.c.RepositoryConfigurationDelegate : Finished Spring Data repository scanning in 17 ms. Found 0 Redis repository interfaces.
2025-02-12 15:47:39.014   INFO 12016 --- [           main] o.s.b.w.embedded.tomcat.TomcatWebServer  : Tomcat initialized with port(s): 1217 (http)
2025-02-12 15:47:39.021   INFO 12016 --- [           main] o.a.coyote.http11.Http11NioProtocol      : Initializing ProtocolHandler ["http-nio-1217"]
2025-02-12 15:47:39.022   INFO 12016 --- [           main] o.apache.catalina.core.StandardService   : Starting service [Tomcat]
2025-02-12 15:47:39.022   INFO 12016 --- [           main] org.apache.catalina.core.StandardEngine  : Starting Servlet engine: [Apache Tomcat/9.0.68]
2025-02-12 15:47:39.119   INFO 12016 --- [           main] o.a.c.c.C.[Tomcat].[localhost].[/]       : Initializing Spring embedded WebApplicationContext
2025-02-12 15:47:39.119   INFO 12016 --- [           main] w.s.c.ServletWebServerApplicationContext : Root WebApplicationContext: initialization completed in 1494 ms
2025-02-12 15:47:41.291   INFO 12016 --- [           main] o.s.s.web.DefaultSecurityFilterChain     : Will not secure Ant [pattern='/websocket']
2025-02-12 15:47:41.324   INFO 12016 --- [           main] o.s.s.web.DefaultSecurityFilterChain     : Will secure com.wms.config.SecurityConfig$$Lambda$1044/0x0000000801322ff0@3ee2d546 with [org.springframework.security.web.context.request.async.WebAsyncManagerIntegrationFilter@58be583e, org.springframework.security.web.context.SecurityContextPersistenceFilter@2f6d8c9, org.springframework.security.web.header.HeaderWriterFilter@1f235a0a, org.springframework.web.filter.CorsFilter@1a34772e, org.springframework.security.web.authentication.logout.LogoutFilter@459df48d, com.wms.filter.jwt.JwtAuthenticationTokenFilter@6480a063, org.springframework.security.web.session.ConcurrentSessionFilter@6ae6a77b, org.springframework.security.web.savedrequest.RequestCacheAwareFilter@410f1452, org.springframework.security.web.servletapi.SecurityContextHolderAwareRequestFilter@68e094c9, org.springframework.security.web.authentication.AnonymousAuthenticationFilter@401002ce, org.springframework.security.web.session.SessionManagementFilter@6a262980, org.springframework.security.web.access.ExceptionTranslationFilter@1f1e15de, org.springframework.security.web.access.intercept.FilterSecurityInterceptor@1fdd5517]
2025-02-12 15:47:41.410   INFO 12016 --- [           main] o.a.coyote.http11.Http11NioProtocol      : Starting ProtocolHandler ["http-nio-1217"]
2025-02-12 15:47:41.425   INFO 12016 --- [           main] o.s.b.w.embedded.tomcat.TomcatWebServer  : Tomcat started on port(s): 1217 (http) with context path ''
2025-02-12 15:47:41.830   INFO 12016 --- [           main] com.wms.WmsServerApplication             : Started WmsServerApplication in 4.615 seconds (JVM running for 5.339)
2025-02-12 15:47:47.042   INFO 12016 --- [nio-1217-exec-1] o.a.c.c.C.[Tomcat].[localhost].[/]       : Initializing Spring DispatcherServlet 'dispatcherServlet'
2025-02-12 15:47:47.042   INFO 12016 --- [nio-1217-exec-1] o.s.web.servlet.DispatcherServlet        : Initializing Servlet 'dispatcherServlet'
2025-02-12 15:47:47.043   INFO 12016 --- [nio-1217-exec-1] o.s.web.servlet.DispatcherServlet        : Completed initialization in 1 ms
2025-02-12 15:47:47.176   INFO 12016 --- [nio-1217-exec-1] com.alibaba.druid.pool.DruidDataSource   : {dataSource-1} inited
2025-02-12 15:47:47.310   INFO 12016 --- [nio-1217-exec-1] c.wms.connect.websocket.WebSocketServer  : 有新窗口开始监听:admin,当前在线人数为1
2025-02-12 15:48:14.109   INFO 12016 --- [nio-1217-exec-2] c.wms.connect.websocket.WebSocketServer  : 有一连接关闭！当前在线人数为0
2025-02-12 15:48:15.912   INFO 12016 --- [nio-1217-exec-8] c.wms.connect.websocket.WebSocketServer  : 有新窗口开始监听:admin,当前在线人数为1
2025-02-12 15:51:37.707   INFO 12016 --- [nio-1217-exec-6] c.wms.connect.websocket.WebSocketServer  : 有一连接关闭！当前在线人数为0
2025-02-12 15:51:38.208   INFO 12016 --- [nio-1217-exec-9] c.wms.connect.websocket.WebSocketServer  : 有新窗口开始监听:admin,当前在线人数为1
2025-02-12 15:51:50.646   INFO 12016 --- [nio-1217-exec-5] c.wms.connect.websocket.WebSocketServer  : 有一连接关闭！当前在线人数为0
2025-02-12 15:51:51.105   INFO 12016 --- [nio-1217-exec-6] c.wms.connect.websocket.WebSocketServer  : 有新窗口开始监听:admin,当前在线人数为1
2025-02-12 15:59:56.712   INFO   --- [           main] .b.t.c.SpringBootTestContextBootstrapper : Neither @ContextConfiguration nor @ContextHierarchy found for test class [com.wms.WmsServerApplicationTests], using SpringBootContextLoader
2025-02-12 15:59:56.717   INFO   --- [           main] o.s.t.c.support.AbstractContextLoader    : Could not detect default resource locations for test class [com.wms.WmsServerApplicationTests]: no resource found for suffixes {-context.xml, Context.groovy}.
2025-02-12 15:59:56.718   INFO   --- [           main] t.c.s.AnnotationConfigContextLoaderUtils : Could not detect default configuration classes for test class [com.wms.WmsServerApplicationTests]: WmsServerApplicationTests does not declare any static, non-private, non-final, nested classes annotated with @Configuration.
2025-02-12 15:59:56.810   INFO   --- [           main] .b.t.c.SpringBootTestContextBootstrapper : Found @SpringBootConfiguration com.wms.WmsServerApplication for test class com.wms.WmsServerApplicationTests
2025-02-12 15:59:56.899   INFO   --- [           main] .b.t.c.SpringBootTestContextBootstrapper : Loaded default TestExecutionListener class names from location [META-INF/spring.factories]: [org.springframework.boot.test.mock.mockito.MockitoTestExecutionListener, org.springframework.boot.test.mock.mockito.ResetMocksTestExecutionListener, org.springframework.boot.test.autoconfigure.restdocs.RestDocsTestExecutionListener, org.springframework.boot.test.autoconfigure.web.client.MockRestServiceServerResetTestExecutionListener, org.springframework.boot.test.autoconfigure.web.servlet.MockMvcPrintOnlyOnFailureTestExecutionListener, org.springframework.boot.test.autoconfigure.web.servlet.WebDriverTestExecutionListener, org.springframework.boot.test.autoconfigure.webservices.client.MockWebServiceServerTestExecutionListener, org.springframework.test.context.web.ServletTestExecutionListener, org.springframework.test.context.support.DirtiesContextBeforeModesTestExecutionListener, org.springframework.test.context.event.ApplicationEventsTestExecutionListener, org.springframework.test.context.support.DependencyInjectionTestExecutionListener, org.springframework.test.context.support.DirtiesContextTestExecutionListener, org.springframework.test.context.transaction.TransactionalTestExecutionListener, org.springframework.test.context.jdbc.SqlScriptsTestExecutionListener, org.springframework.test.context.event.EventPublishingTestExecutionListener, org.springframework.security.test.context.support.WithSecurityContextTestExecutionListener, org.springframework.security.test.context.support.ReactorContextTestExecutionListener]
2025-02-12 15:59:56.923   INFO   --- [           main] .b.t.c.SpringBootTestContextBootstrapper : Using TestExecutionListeners: [org.springframework.test.context.web.ServletTestExecutionListener@4795ded0, org.springframework.test.context.support.DirtiesContextBeforeModesTestExecutionListener@53dacd14, org.springframework.test.context.event.ApplicationEventsTestExecutionListener@14d14731, org.springframework.boot.test.mock.mockito.MockitoTestExecutionListener@2eced48b, org.springframework.boot.test.autoconfigure.SpringBootDependencyInjectionTestExecutionListener@47c4ecdc, org.springframework.test.context.support.DirtiesContextTestExecutionListener@42f33b5d, org.springframework.test.context.transaction.TransactionalTestExecutionListener@5c8504fd, org.springframework.test.context.jdbc.SqlScriptsTestExecutionListener@4b7e96a, org.springframework.test.context.event.EventPublishingTestExecutionListener@6475472c, org.springframework.security.test.context.support.WithSecurityContextTestExecutionListener@3f07b12c, org.springframework.security.test.context.support.ReactorContextTestExecutionListener@4bd1f8dd, org.springframework.boot.test.mock.mockito.ResetMocksTestExecutionListener@7096b474, org.springframework.boot.test.autoconfigure.restdocs.RestDocsTestExecutionListener@3e14c16d, org.springframework.boot.test.autoconfigure.web.client.MockRestServiceServerResetTestExecutionListener@3c989952, org.springframework.boot.test.autoconfigure.web.servlet.MockMvcPrintOnlyOnFailureTestExecutionListener@784b990c, org.springframework.boot.test.autoconfigure.web.servlet.WebDriverTestExecutionListener@3d3ba765, org.springframework.boot.test.autoconfigure.webservices.client.MockWebServiceServerTestExecutionListener@25bc0606]
2025-02-12 15:59:57.296   INFO 5552 --- [           main] com.wms.WmsServerApplicationTests        : Starting WmsServerApplicationTests using Java 17.0.5 on Disney with PID 5552 (started by qe249 in K:\GitHub\notes\project\wms-server)
2025-02-12 15:59:57.297   INFO 5552 --- [           main] com.wms.WmsServerApplicationTests        : The following 1 profile is active: "dev"
2025-02-12 15:59:58.291   INFO 5552 --- [           main] .s.d.r.c.RepositoryConfigurationDelegate : Multiple Spring Data modules found, entering strict repository configuration mode
2025-02-12 15:59:58.294   INFO 5552 --- [           main] .s.d.r.c.RepositoryConfigurationDelegate : Bootstrapping Spring Data Redis repositories in DEFAULT mode.
2025-02-12 15:59:58.326   INFO 5552 --- [           main] .s.d.r.c.RepositoryConfigurationDelegate : Finished Spring Data repository scanning in 19 ms. Found 0 Redis repository interfaces.
2025-02-12 16:00:01.745   INFO 5552 --- [           main] com.alibaba.druid.pool.DruidDataSource   : {dataSource-0} closing ...
2025-02-12 16:00:01.754   INFO 5552 --- [           main] ConditionEvaluationReportLoggingListener : 

Error starting ApplicationContext. To display the conditions report re-run your application with 'debug' enabled.
2025-02-12 16:00:24.800   INFO 12016 --- [ionShutdownHook] c.wms.connect.websocket.WebSocketServer  : 有一连接关闭！当前在线人数为0
2025-02-12 16:00:24.829   INFO 12016 --- [ionShutdownHook] com.alibaba.druid.pool.DruidDataSource   : {dataSource-1} closing ...
2025-02-12 16:00:24.830   INFO 12016 --- [ionShutdownHook] com.alibaba.druid.pool.DruidDataSource   : {dataSource-1} closed
2025-02-12 16:00:30.199   INFO   --- [           main] .b.t.c.SpringBootTestContextBootstrapper : Neither @ContextConfiguration nor @ContextHierarchy found for test class [com.wms.WmsServerApplicationTests], using SpringBootContextLoader
2025-02-12 16:00:30.205   INFO   --- [           main] o.s.t.c.support.AbstractContextLoader    : Could not detect default resource locations for test class [com.wms.WmsServerApplicationTests]: no resource found for suffixes {-context.xml, Context.groovy}.
2025-02-12 16:00:30.205   INFO   --- [           main] t.c.s.AnnotationConfigContextLoaderUtils : Could not detect default configuration classes for test class [com.wms.WmsServerApplicationTests]: WmsServerApplicationTests does not declare any static, non-private, non-final, nested classes annotated with @Configuration.
2025-02-12 16:00:30.326   INFO   --- [           main] .b.t.c.SpringBootTestContextBootstrapper : Found @SpringBootConfiguration com.wms.WmsServerApplication for test class com.wms.WmsServerApplicationTests
2025-02-12 16:00:30.418   INFO   --- [           main] .b.t.c.SpringBootTestContextBootstrapper : Loaded default TestExecutionListener class names from location [META-INF/spring.factories]: [org.springframework.boot.test.mock.mockito.MockitoTestExecutionListener, org.springframework.boot.test.mock.mockito.ResetMocksTestExecutionListener, org.springframework.boot.test.autoconfigure.restdocs.RestDocsTestExecutionListener, org.springframework.boot.test.autoconfigure.web.client.MockRestServiceServerResetTestExecutionListener, org.springframework.boot.test.autoconfigure.web.servlet.MockMvcPrintOnlyOnFailureTestExecutionListener, org.springframework.boot.test.autoconfigure.web.servlet.WebDriverTestExecutionListener, org.springframework.boot.test.autoconfigure.webservices.client.MockWebServiceServerTestExecutionListener, org.springframework.test.context.web.ServletTestExecutionListener, org.springframework.test.context.support.DirtiesContextBeforeModesTestExecutionListener, org.springframework.test.context.event.ApplicationEventsTestExecutionListener, org.springframework.test.context.support.DependencyInjectionTestExecutionListener, org.springframework.test.context.support.DirtiesContextTestExecutionListener, org.springframework.test.context.transaction.TransactionalTestExecutionListener, org.springframework.test.context.jdbc.SqlScriptsTestExecutionListener, org.springframework.test.context.event.EventPublishingTestExecutionListener, org.springframework.security.test.context.support.WithSecurityContextTestExecutionListener, org.springframework.security.test.context.support.ReactorContextTestExecutionListener]
2025-02-12 16:00:30.444   INFO   --- [           main] .b.t.c.SpringBootTestContextBootstrapper : Using TestExecutionListeners: [org.springframework.test.context.web.ServletTestExecutionListener@4795ded0, org.springframework.test.context.support.DirtiesContextBeforeModesTestExecutionListener@53dacd14, org.springframework.test.context.event.ApplicationEventsTestExecutionListener@14d14731, org.springframework.boot.test.mock.mockito.MockitoTestExecutionListener@2eced48b, org.springframework.boot.test.autoconfigure.SpringBootDependencyInjectionTestExecutionListener@47c4ecdc, org.springframework.test.context.support.DirtiesContextTestExecutionListener@42f33b5d, org.springframework.test.context.transaction.TransactionalTestExecutionListener@5c8504fd, org.springframework.test.context.jdbc.SqlScriptsTestExecutionListener@4b7e96a, org.springframework.test.context.event.EventPublishingTestExecutionListener@6475472c, org.springframework.security.test.context.support.WithSecurityContextTestExecutionListener@3f07b12c, org.springframework.security.test.context.support.ReactorContextTestExecutionListener@4bd1f8dd, org.springframework.boot.test.mock.mockito.ResetMocksTestExecutionListener@7096b474, org.springframework.boot.test.autoconfigure.restdocs.RestDocsTestExecutionListener@3e14c16d, org.springframework.boot.test.autoconfigure.web.client.MockRestServiceServerResetTestExecutionListener@3c989952, org.springframework.boot.test.autoconfigure.web.servlet.MockMvcPrintOnlyOnFailureTestExecutionListener@784b990c, org.springframework.boot.test.autoconfigure.web.servlet.WebDriverTestExecutionListener@3d3ba765, org.springframework.boot.test.autoconfigure.webservices.client.MockWebServiceServerTestExecutionListener@25bc0606]
2025-02-12 16:00:30.846   INFO 11852 --- [           main] com.wms.WmsServerApplicationTests        : Starting WmsServerApplicationTests using Java 17.0.5 on Disney with PID 11852 (started by qe249 in K:\GitHub\notes\project\wms-server)
2025-02-12 16:00:30.847   INFO 11852 --- [           main] com.wms.WmsServerApplicationTests        : The following 1 profile is active: "dev"
2025-02-12 16:00:31.843   INFO 11852 --- [           main] .s.d.r.c.RepositoryConfigurationDelegate : Multiple Spring Data modules found, entering strict repository configuration mode
2025-02-12 16:00:31.845   INFO 11852 --- [           main] .s.d.r.c.RepositoryConfigurationDelegate : Bootstrapping Spring Data Redis repositories in DEFAULT mode.
2025-02-12 16:00:31.887   INFO 11852 --- [           main] .s.d.r.c.RepositoryConfigurationDelegate : Finished Spring Data repository scanning in 25 ms. Found 0 Redis repository interfaces.
2025-02-12 16:00:35.097   INFO 11852 --- [           main] com.alibaba.druid.pool.DruidDataSource   : {dataSource-0} closing ...
2025-02-12 16:00:35.106   INFO 11852 --- [           main] ConditionEvaluationReportLoggingListener : 

Error starting ApplicationContext. To display the conditions report re-run your application with 'debug' enabled.
2025-02-12 16:00:59.567   INFO   --- [           main] .b.t.c.SpringBootTestContextBootstrapper : Neither @ContextConfiguration nor @ContextHierarchy found for test class [com.wms.WmsServerApplicationTests], using SpringBootContextLoader
2025-02-12 16:00:59.575   INFO   --- [           main] o.s.t.c.support.AbstractContextLoader    : Could not detect default resource locations for test class [com.wms.WmsServerApplicationTests]: no resource found for suffixes {-context.xml, Context.groovy}.
2025-02-12 16:00:59.575   INFO   --- [           main] t.c.s.AnnotationConfigContextLoaderUtils : Could not detect default configuration classes for test class [com.wms.WmsServerApplicationTests]: WmsServerApplicationTests does not declare any static, non-private, non-final, nested classes annotated with @Configuration.
2025-02-12 16:00:59.668   INFO   --- [           main] .b.t.c.SpringBootTestContextBootstrapper : Found @SpringBootConfiguration com.wms.WmsServerApplication for test class com.wms.WmsServerApplicationTests
2025-02-12 16:00:59.763   INFO   --- [           main] .b.t.c.SpringBootTestContextBootstrapper : Loaded default TestExecutionListener class names from location [META-INF/spring.factories]: [org.springframework.boot.test.mock.mockito.MockitoTestExecutionListener, org.springframework.boot.test.mock.mockito.ResetMocksTestExecutionListener, org.springframework.boot.test.autoconfigure.restdocs.RestDocsTestExecutionListener, org.springframework.boot.test.autoconfigure.web.client.MockRestServiceServerResetTestExecutionListener, org.springframework.boot.test.autoconfigure.web.servlet.MockMvcPrintOnlyOnFailureTestExecutionListener, org.springframework.boot.test.autoconfigure.web.servlet.WebDriverTestExecutionListener, org.springframework.boot.test.autoconfigure.webservices.client.MockWebServiceServerTestExecutionListener, org.springframework.test.context.web.ServletTestExecutionListener, org.springframework.test.context.support.DirtiesContextBeforeModesTestExecutionListener, org.springframework.test.context.event.ApplicationEventsTestExecutionListener, org.springframework.test.context.support.DependencyInjectionTestExecutionListener, org.springframework.test.context.support.DirtiesContextTestExecutionListener, org.springframework.test.context.transaction.TransactionalTestExecutionListener, org.springframework.test.context.jdbc.SqlScriptsTestExecutionListener, org.springframework.test.context.event.EventPublishingTestExecutionListener, org.springframework.security.test.context.support.WithSecurityContextTestExecutionListener, org.springframework.security.test.context.support.ReactorContextTestExecutionListener]
2025-02-12 16:00:59.792   INFO   --- [           main] .b.t.c.SpringBootTestContextBootstrapper : Using TestExecutionListeners: [org.springframework.test.context.web.ServletTestExecutionListener@47c4ecdc, org.springframework.test.context.support.DirtiesContextBeforeModesTestExecutionListener@42f33b5d, org.springframework.test.context.event.ApplicationEventsTestExecutionListener@5c8504fd, org.springframework.boot.test.mock.mockito.MockitoTestExecutionListener@4b7e96a, org.springframework.boot.test.autoconfigure.SpringBootDependencyInjectionTestExecutionListener@6475472c, org.springframework.test.context.support.DirtiesContextTestExecutionListener@3f07b12c, org.springframework.test.context.transaction.TransactionalTestExecutionListener@4bd1f8dd, org.springframework.test.context.jdbc.SqlScriptsTestExecutionListener@7096b474, org.springframework.test.context.event.EventPublishingTestExecutionListener@3e14c16d, org.springframework.security.test.context.support.WithSecurityContextTestExecutionListener@3c989952, org.springframework.security.test.context.support.ReactorContextTestExecutionListener@784b990c, org.springframework.boot.test.mock.mockito.ResetMocksTestExecutionListener@3d3ba765, org.springframework.boot.test.autoconfigure.restdocs.RestDocsTestExecutionListener@25bc0606, org.springframework.boot.test.autoconfigure.web.client.MockRestServiceServerResetTestExecutionListener@5d1659ea, org.springframework.boot.test.autoconfigure.web.servlet.MockMvcPrintOnlyOnFailureTestExecutionListener@793138bd, org.springframework.boot.test.autoconfigure.web.servlet.WebDriverTestExecutionListener@1951b871, org.springframework.boot.test.autoconfigure.webservices.client.MockWebServiceServerTestExecutionListener@5c18016b]
2025-02-12 16:01:00.217   INFO 18296 --- [           main] com.wms.WmsServerApplicationTests        : Starting WmsServerApplicationTests using Java 17.0.5 on Disney with PID 18296 (started by qe249 in K:\GitHub\notes\project\wms-server)
2025-02-12 16:01:00.217   INFO 18296 --- [           main] com.wms.WmsServerApplicationTests        : The following 1 profile is active: "dev"
2025-02-12 16:01:01.086   INFO 18296 --- [           main] .s.d.r.c.RepositoryConfigurationDelegate : Multiple Spring Data modules found, entering strict repository configuration mode
2025-02-12 16:01:01.089   INFO 18296 --- [           main] .s.d.r.c.RepositoryConfigurationDelegate : Bootstrapping Spring Data Redis repositories in DEFAULT mode.
2025-02-12 16:01:01.124   INFO 18296 --- [           main] .s.d.r.c.RepositoryConfigurationDelegate : Finished Spring Data repository scanning in 20 ms. Found 0 Redis repository interfaces.
2025-02-12 16:01:04.348   INFO 18296 --- [           main] com.alibaba.druid.pool.DruidDataSource   : {dataSource-0} closing ...
2025-02-12 16:01:04.358   INFO 18296 --- [           main] ConditionEvaluationReportLoggingListener : 

Error starting ApplicationContext. To display the conditions report re-run your application with 'debug' enabled.
2025-02-12 16:03:01.037   INFO   --- [           main] .b.t.c.SpringBootTestContextBootstrapper : Neither @ContextConfiguration nor @ContextHierarchy found for test class [com.wms.WmsServerApplicationTests], using SpringBootContextLoader
2025-02-12 16:03:01.044   INFO   --- [           main] o.s.t.c.support.AbstractContextLoader    : Could not detect default resource locations for test class [com.wms.WmsServerApplicationTests]: no resource found for suffixes {-context.xml, Context.groovy}.
2025-02-12 16:03:01.044   INFO   --- [           main] t.c.s.AnnotationConfigContextLoaderUtils : Could not detect default configuration classes for test class [com.wms.WmsServerApplicationTests]: WmsServerApplicationTests does not declare any static, non-private, non-final, nested classes annotated with @Configuration.
2025-02-12 16:03:01.136   INFO   --- [           main] .b.t.c.SpringBootTestContextBootstrapper : Found @SpringBootConfiguration com.wms.WmsServerApplication for test class com.wms.WmsServerApplicationTests
2025-02-12 16:03:01.230   INFO   --- [           main] .b.t.c.SpringBootTestContextBootstrapper : Loaded default TestExecutionListener class names from location [META-INF/spring.factories]: [org.springframework.boot.test.mock.mockito.MockitoTestExecutionListener, org.springframework.boot.test.mock.mockito.ResetMocksTestExecutionListener, org.springframework.boot.test.autoconfigure.restdocs.RestDocsTestExecutionListener, org.springframework.boot.test.autoconfigure.web.client.MockRestServiceServerResetTestExecutionListener, org.springframework.boot.test.autoconfigure.web.servlet.MockMvcPrintOnlyOnFailureTestExecutionListener, org.springframework.boot.test.autoconfigure.web.servlet.WebDriverTestExecutionListener, org.springframework.boot.test.autoconfigure.webservices.client.MockWebServiceServerTestExecutionListener, org.springframework.test.context.web.ServletTestExecutionListener, org.springframework.test.context.support.DirtiesContextBeforeModesTestExecutionListener, org.springframework.test.context.event.ApplicationEventsTestExecutionListener, org.springframework.test.context.support.DependencyInjectionTestExecutionListener, org.springframework.test.context.support.DirtiesContextTestExecutionListener, org.springframework.test.context.transaction.TransactionalTestExecutionListener, org.springframework.test.context.jdbc.SqlScriptsTestExecutionListener, org.springframework.test.context.event.EventPublishingTestExecutionListener, org.springframework.security.test.context.support.WithSecurityContextTestExecutionListener, org.springframework.security.test.context.support.ReactorContextTestExecutionListener]
2025-02-12 16:03:01.252   INFO   --- [           main] .b.t.c.SpringBootTestContextBootstrapper : Using TestExecutionListeners: [org.springframework.test.context.web.ServletTestExecutionListener@47c4ecdc, org.springframework.test.context.support.DirtiesContextBeforeModesTestExecutionListener@42f33b5d, org.springframework.test.context.event.ApplicationEventsTestExecutionListener@5c8504fd, org.springframework.boot.test.mock.mockito.MockitoTestExecutionListener@4b7e96a, org.springframework.boot.test.autoconfigure.SpringBootDependencyInjectionTestExecutionListener@6475472c, org.springframework.test.context.support.DirtiesContextTestExecutionListener@3f07b12c, org.springframework.test.context.transaction.TransactionalTestExecutionListener@4bd1f8dd, org.springframework.test.context.jdbc.SqlScriptsTestExecutionListener@7096b474, org.springframework.test.context.event.EventPublishingTestExecutionListener@3e14c16d, org.springframework.security.test.context.support.WithSecurityContextTestExecutionListener@3c989952, org.springframework.security.test.context.support.ReactorContextTestExecutionListener@784b990c, org.springframework.boot.test.mock.mockito.ResetMocksTestExecutionListener@3d3ba765, org.springframework.boot.test.autoconfigure.restdocs.RestDocsTestExecutionListener@25bc0606, org.springframework.boot.test.autoconfigure.web.client.MockRestServiceServerResetTestExecutionListener@5d1659ea, org.springframework.boot.test.autoconfigure.web.servlet.MockMvcPrintOnlyOnFailureTestExecutionListener@793138bd, org.springframework.boot.test.autoconfigure.web.servlet.WebDriverTestExecutionListener@1951b871, org.springframework.boot.test.autoconfigure.webservices.client.MockWebServiceServerTestExecutionListener@5c18016b]
2025-02-12 16:03:01.636   INFO 7680 --- [           main] com.wms.WmsServerApplicationTests        : Starting WmsServerApplicationTests using Java 17.0.5 on Disney with PID 7680 (started by qe249 in K:\GitHub\notes\project\wms-server)
2025-02-12 16:03:01.638   INFO 7680 --- [           main] com.wms.WmsServerApplicationTests        : The following 1 profile is active: "dev"
2025-02-12 16:03:02.548   INFO 7680 --- [           main] .s.d.r.c.RepositoryConfigurationDelegate : Multiple Spring Data modules found, entering strict repository configuration mode
2025-02-12 16:03:02.551   INFO 7680 --- [           main] .s.d.r.c.RepositoryConfigurationDelegate : Bootstrapping Spring Data Redis repositories in DEFAULT mode.
2025-02-12 16:03:02.581   INFO 7680 --- [           main] .s.d.r.c.RepositoryConfigurationDelegate : Finished Spring Data repository scanning in 19 ms. Found 0 Redis repository interfaces.
2025-02-12 16:03:06.607   INFO 7680 --- [           main] o.s.s.web.DefaultSecurityFilterChain     : Will not secure Ant [pattern='/websocket']
2025-02-12 16:03:06.746   INFO 7680 --- [           main] o.s.s.web.DefaultSecurityFilterChain     : Will secure com.wms.config.SecurityConfig$$Lambda$1258/0x000000080130de00@1185b0b7 with [org.springframework.security.web.context.request.async.WebAsyncManagerIntegrationFilter@ec70725, org.springframework.security.web.context.SecurityContextPersistenceFilter@54224125, org.springframework.security.web.header.HeaderWriterFilter@28befd62, org.springframework.web.filter.CorsFilter@2082e0e4, org.springframework.security.web.authentication.logout.LogoutFilter@ea40c9f, com.wms.filter.jwt.JwtAuthenticationTokenFilter@15f229e8, org.springframework.security.web.session.ConcurrentSessionFilter@75559cd9, org.springframework.security.web.savedrequest.RequestCacheAwareFilter@52b6561b, org.springframework.security.web.servletapi.SecurityContextHolderAwareRequestFilter@1f602930, org.springframework.security.web.authentication.AnonymousAuthenticationFilter@29ce33e9, org.springframework.security.web.session.SessionManagementFilter@7a689979, org.springframework.security.web.access.ExceptionTranslationFilter@5e643402, org.springframework.security.web.access.intercept.FilterSecurityInterceptor@22f7bf36]
2025-02-12 16:03:07.506   INFO 7680 --- [           main] com.wms.WmsServerApplicationTests        : Started WmsServerApplicationTests in 6.215 seconds (JVM running for 7.195)
2025-02-12 16:03:08.101   INFO 7680 --- [           main] com.alibaba.druid.pool.DruidDataSource   : {dataSource-1} inited
2025-02-12 16:03:08.669   INFO 7680 --- [ionShutdownHook] com.alibaba.druid.pool.DruidDataSource   : {dataSource-1} closing ...
2025-02-12 16:03:08.677   INFO 7680 --- [ionShutdownHook] com.alibaba.druid.pool.DruidDataSource   : {dataSource-1} closed
2025-02-12 16:03:17.084   INFO 18048 --- [           main] com.wms.WmsServerApplication             : Starting WmsServerApplication using Java 17.0.5 on Disney with PID 18048 (K:\GitHub\notes\project\wms-server\target\classes started by qe249 in K:\GitHub\notes\project\wms-server)
2025-02-12 16:03:17.086   INFO 18048 --- [           main] com.wms.WmsServerApplication             : The following 1 profile is active: "dev"
2025-02-12 16:03:17.826   INFO 18048 --- [           main] .s.d.r.c.RepositoryConfigurationDelegate : Multiple Spring Data modules found, entering strict repository configuration mode
2025-02-12 16:03:17.828   INFO 18048 --- [           main] .s.d.r.c.RepositoryConfigurationDelegate : Bootstrapping Spring Data Redis repositories in DEFAULT mode.
2025-02-12 16:03:17.850   INFO 18048 --- [           main] .s.d.r.c.RepositoryConfigurationDelegate : Finished Spring Data repository scanning in 13 ms. Found 0 Redis repository interfaces.
2025-02-12 16:03:18.590   INFO 18048 --- [           main] o.s.b.w.embedded.tomcat.TomcatWebServer  : Tomcat initialized with port(s): 1217 (http)
2025-02-12 16:03:18.597   INFO 18048 --- [           main] o.a.coyote.http11.Http11NioProtocol      : Initializing ProtocolHandler ["http-nio-1217"]
2025-02-12 16:03:18.598   INFO 18048 --- [           main] o.apache.catalina.core.StandardService   : Starting service [Tomcat]
2025-02-12 16:03:18.598   INFO 18048 --- [           main] org.apache.catalina.core.StandardEngine  : Starting Servlet engine: [Apache Tomcat/9.0.68]
2025-02-12 16:03:18.679   INFO 18048 --- [           main] o.a.c.c.C.[Tomcat].[localhost].[/]       : Initializing Spring embedded WebApplicationContext
2025-02-12 16:03:18.679   INFO 18048 --- [           main] w.s.c.ServletWebServerApplicationContext : Root WebApplicationContext: initialization completed in 1554 ms
2025-02-12 16:03:20.712   INFO 18048 --- [           main] o.s.s.web.DefaultSecurityFilterChain     : Will not secure Ant [pattern='/websocket']
2025-02-12 16:03:20.744   INFO 18048 --- [           main] o.s.s.web.DefaultSecurityFilterChain     : Will secure com.wms.config.SecurityConfig$$Lambda$1044/0x0000000801323708@3ee2d546 with [org.springframework.security.web.context.request.async.WebAsyncManagerIntegrationFilter@58be583e, org.springframework.security.web.context.SecurityContextPersistenceFilter@2f6d8c9, org.springframework.security.web.header.HeaderWriterFilter@1f235a0a, org.springframework.web.filter.CorsFilter@1a34772e, org.springframework.security.web.authentication.logout.LogoutFilter@459df48d, com.wms.filter.jwt.JwtAuthenticationTokenFilter@6480a063, org.springframework.security.web.session.ConcurrentSessionFilter@6ae6a77b, org.springframework.security.web.savedrequest.RequestCacheAwareFilter@410f1452, org.springframework.security.web.servletapi.SecurityContextHolderAwareRequestFilter@68e094c9, org.springframework.security.web.authentication.AnonymousAuthenticationFilter@401002ce, org.springframework.security.web.session.SessionManagementFilter@6a262980, org.springframework.security.web.access.ExceptionTranslationFilter@1f1e15de, org.springframework.security.web.access.intercept.FilterSecurityInterceptor@1fdd5517]
2025-02-12 16:03:20.830   INFO 18048 --- [           main] o.a.coyote.http11.Http11NioProtocol      : Starting ProtocolHandler ["http-nio-1217"]
2025-02-12 16:03:20.845   INFO 18048 --- [           main] o.s.b.w.embedded.tomcat.TomcatWebServer  : Tomcat started on port(s): 1217 (http) with context path ''
2025-02-12 16:03:21.233   INFO 18048 --- [           main] com.wms.WmsServerApplication             : Started WmsServerApplication in 4.51 seconds (JVM running for 5.272)
2025-02-12 16:03:21.603   INFO 18048 --- [nio-1217-exec-2] o.a.c.c.C.[Tomcat].[localhost].[/]       : Initializing Spring DispatcherServlet 'dispatcherServlet'
2025-02-12 16:03:21.604   INFO 18048 --- [nio-1217-exec-2] o.s.web.servlet.DispatcherServlet        : Initializing Servlet 'dispatcherServlet'
2025-02-12 16:03:21.605   INFO 18048 --- [nio-1217-exec-2] o.s.web.servlet.DispatcherServlet        : Completed initialization in 1 ms
2025-02-12 16:03:21.779   INFO 18048 --- [nio-1217-exec-2] com.alibaba.druid.pool.DruidDataSource   : {dataSource-1} inited
2025-02-12 16:03:21.924   INFO 18048 --- [nio-1217-exec-2] c.wms.connect.websocket.WebSocketServer  : 有新窗口开始监听:admin,当前在线人数为1
2025-02-12 16:03:23.647   INFO 18048 --- [nio-1217-exec-1] c.wms.connect.websocket.WebSocketServer  : 有一连接关闭！当前在线人数为0
2025-02-12 16:03:25.271   INFO 18048 --- [nio-1217-exec-8] c.wms.connect.websocket.WebSocketServer  : 有新窗口开始监听:admin,当前在线人数为1
2025-02-12 16:04:23.156   INFO 18048 --- [nio-1217-exec-8] c.wms.connect.websocket.WebSocketServer  : 有一连接关闭！当前在线人数为0
2025-02-12 16:04:23.620   INFO 18048 --- [io-1217-exec-10] c.wms.connect.websocket.WebSocketServer  : 有新窗口开始监听:admin,当前在线人数为1
2025-02-12 16:12:44.673   INFO 18048 --- [nio-1217-exec-7] c.wms.connect.websocket.WebSocketServer  : 有一连接关闭！当前在线人数为0
2025-02-12 16:12:45.387   INFO 18048 --- [nio-1217-exec-9] c.wms.connect.websocket.WebSocketServer  : 有新窗口开始监听:admin,当前在线人数为1
2025-02-12 16:14:09.915   INFO 18048 --- [ionShutdownHook] c.wms.connect.websocket.WebSocketServer  : 有一连接关闭！当前在线人数为0
2025-02-12 16:14:09.944   INFO 18048 --- [ionShutdownHook] com.alibaba.druid.pool.DruidDataSource   : {dataSource-1} closing ...
2025-02-12 16:14:09.946   INFO 18048 --- [ionShutdownHook] com.alibaba.druid.pool.DruidDataSource   : {dataSource-1} closed
2025-02-12 16:14:36.602   INFO   --- [           main] .b.t.c.SpringBootTestContextBootstrapper : Neither @ContextConfiguration nor @ContextHierarchy found for test class [com.wms.WmsServerApplicationTests], using SpringBootContextLoader
2025-02-12 16:14:36.610   INFO   --- [           main] o.s.t.c.support.AbstractContextLoader    : Could not detect default resource locations for test class [com.wms.WmsServerApplicationTests]: no resource found for suffixes {-context.xml, Context.groovy}.
2025-02-12 16:14:36.611   INFO   --- [           main] t.c.s.AnnotationConfigContextLoaderUtils : Could not detect default configuration classes for test class [com.wms.WmsServerApplicationTests]: WmsServerApplicationTests does not declare any static, non-private, non-final, nested classes annotated with @Configuration.
2025-02-12 16:14:36.712   INFO   --- [           main] .b.t.c.SpringBootTestContextBootstrapper : Found @SpringBootConfiguration com.wms.WmsServerApplication for test class com.wms.WmsServerApplicationTests
2025-02-12 16:14:36.798   INFO   --- [           main] .b.t.c.SpringBootTestContextBootstrapper : Loaded default TestExecutionListener class names from location [META-INF/spring.factories]: [org.springframework.boot.test.mock.mockito.MockitoTestExecutionListener, org.springframework.boot.test.mock.mockito.ResetMocksTestExecutionListener, org.springframework.boot.test.autoconfigure.restdocs.RestDocsTestExecutionListener, org.springframework.boot.test.autoconfigure.web.client.MockRestServiceServerResetTestExecutionListener, org.springframework.boot.test.autoconfigure.web.servlet.MockMvcPrintOnlyOnFailureTestExecutionListener, org.springframework.boot.test.autoconfigure.web.servlet.WebDriverTestExecutionListener, org.springframework.boot.test.autoconfigure.webservices.client.MockWebServiceServerTestExecutionListener, org.springframework.test.context.web.ServletTestExecutionListener, org.springframework.test.context.support.DirtiesContextBeforeModesTestExecutionListener, org.springframework.test.context.event.ApplicationEventsTestExecutionListener, org.springframework.test.context.support.DependencyInjectionTestExecutionListener, org.springframework.test.context.support.DirtiesContextTestExecutionListener, org.springframework.test.context.transaction.TransactionalTestExecutionListener, org.springframework.test.context.jdbc.SqlScriptsTestExecutionListener, org.springframework.test.context.event.EventPublishingTestExecutionListener, org.springframework.security.test.context.support.WithSecurityContextTestExecutionListener, org.springframework.security.test.context.support.ReactorContextTestExecutionListener]
2025-02-12 16:14:36.824   INFO   --- [           main] .b.t.c.SpringBootTestContextBootstrapper : Using TestExecutionListeners: [org.springframework.test.context.web.ServletTestExecutionListener@47c4ecdc, org.springframework.test.context.support.DirtiesContextBeforeModesTestExecutionListener@42f33b5d, org.springframework.test.context.event.ApplicationEventsTestExecutionListener@5c8504fd, org.springframework.boot.test.mock.mockito.MockitoTestExecutionListener@4b7e96a, org.springframework.boot.test.autoconfigure.SpringBootDependencyInjectionTestExecutionListener@6475472c, org.springframework.test.context.support.DirtiesContextTestExecutionListener@3f07b12c, org.springframework.test.context.transaction.TransactionalTestExecutionListener@4bd1f8dd, org.springframework.test.context.jdbc.SqlScriptsTestExecutionListener@7096b474, org.springframework.test.context.event.EventPublishingTestExecutionListener@3e14c16d, org.springframework.security.test.context.support.WithSecurityContextTestExecutionListener@3c989952, org.springframework.security.test.context.support.ReactorContextTestExecutionListener@784b990c, org.springframework.boot.test.mock.mockito.ResetMocksTestExecutionListener@3d3ba765, org.springframework.boot.test.autoconfigure.restdocs.RestDocsTestExecutionListener@25bc0606, org.springframework.boot.test.autoconfigure.web.client.MockRestServiceServerResetTestExecutionListener@5d1659ea, org.springframework.boot.test.autoconfigure.web.servlet.MockMvcPrintOnlyOnFailureTestExecutionListener@793138bd, org.springframework.boot.test.autoconfigure.web.servlet.WebDriverTestExecutionListener@1951b871, org.springframework.boot.test.autoconfigure.webservices.client.MockWebServiceServerTestExecutionListener@5c18016b]
2025-02-12 16:14:37.167   INFO 9016 --- [           main] com.wms.WmsServerApplicationTests        : Starting WmsServerApplicationTests using Java 17.0.5 on Disney with PID 9016 (started by qe249 in K:\GitHub\notes\project\wms-server)
2025-02-12 16:14:37.168   INFO 9016 --- [           main] com.wms.WmsServerApplicationTests        : The following 1 profile is active: "dev"
2025-02-12 16:14:38.053   INFO 9016 --- [           main] .s.d.r.c.RepositoryConfigurationDelegate : Multiple Spring Data modules found, entering strict repository configuration mode
2025-02-12 16:14:38.056   INFO 9016 --- [           main] .s.d.r.c.RepositoryConfigurationDelegate : Bootstrapping Spring Data Redis repositories in DEFAULT mode.
2025-02-12 16:14:38.088   INFO 9016 --- [           main] .s.d.r.c.RepositoryConfigurationDelegate : Finished Spring Data repository scanning in 20 ms. Found 0 Redis repository interfaces.
2025-02-12 16:14:40.986   INFO 9016 --- [           main] com.alibaba.druid.pool.DruidDataSource   : {dataSource-0} closing ...
2025-02-12 16:14:40.993   INFO 9016 --- [           main] ConditionEvaluationReportLoggingListener : 

Error starting ApplicationContext. To display the conditions report re-run your application with 'debug' enabled.
2025-02-12 16:14:54.502   INFO   --- [           main] .b.t.c.SpringBootTestContextBootstrapper : Neither @ContextConfiguration nor @ContextHierarchy found for test class [com.wms.WmsServerApplicationTests], using SpringBootContextLoader
2025-02-12 16:14:54.512   INFO   --- [           main] o.s.t.c.support.AbstractContextLoader    : Could not detect default resource locations for test class [com.wms.WmsServerApplicationTests]: no resource found for suffixes {-context.xml, Context.groovy}.
2025-02-12 16:14:54.513   INFO   --- [           main] t.c.s.AnnotationConfigContextLoaderUtils : Could not detect default configuration classes for test class [com.wms.WmsServerApplicationTests]: WmsServerApplicationTests does not declare any static, non-private, non-final, nested classes annotated with @Configuration.
2025-02-12 16:14:54.610   INFO   --- [           main] .b.t.c.SpringBootTestContextBootstrapper : Found @SpringBootConfiguration com.wms.WmsServerApplication for test class com.wms.WmsServerApplicationTests
2025-02-12 16:14:54.697   INFO   --- [           main] .b.t.c.SpringBootTestContextBootstrapper : Loaded default TestExecutionListener class names from location [META-INF/spring.factories]: [org.springframework.boot.test.mock.mockito.MockitoTestExecutionListener, org.springframework.boot.test.mock.mockito.ResetMocksTestExecutionListener, org.springframework.boot.test.autoconfigure.restdocs.RestDocsTestExecutionListener, org.springframework.boot.test.autoconfigure.web.client.MockRestServiceServerResetTestExecutionListener, org.springframework.boot.test.autoconfigure.web.servlet.MockMvcPrintOnlyOnFailureTestExecutionListener, org.springframework.boot.test.autoconfigure.web.servlet.WebDriverTestExecutionListener, org.springframework.boot.test.autoconfigure.webservices.client.MockWebServiceServerTestExecutionListener, org.springframework.test.context.web.ServletTestExecutionListener, org.springframework.test.context.support.DirtiesContextBeforeModesTestExecutionListener, org.springframework.test.context.event.ApplicationEventsTestExecutionListener, org.springframework.test.context.support.DependencyInjectionTestExecutionListener, org.springframework.test.context.support.DirtiesContextTestExecutionListener, org.springframework.test.context.transaction.TransactionalTestExecutionListener, org.springframework.test.context.jdbc.SqlScriptsTestExecutionListener, org.springframework.test.context.event.EventPublishingTestExecutionListener, org.springframework.security.test.context.support.WithSecurityContextTestExecutionListener, org.springframework.security.test.context.support.ReactorContextTestExecutionListener]
2025-02-12 16:14:54.715   INFO   --- [           main] .b.t.c.SpringBootTestContextBootstrapper : Using TestExecutionListeners: [org.springframework.test.context.web.ServletTestExecutionListener@47c4ecdc, org.springframework.test.context.support.DirtiesContextBeforeModesTestExecutionListener@42f33b5d, org.springframework.test.context.event.ApplicationEventsTestExecutionListener@5c8504fd, org.springframework.boot.test.mock.mockito.MockitoTestExecutionListener@4b7e96a, org.springframework.boot.test.autoconfigure.SpringBootDependencyInjectionTestExecutionListener@6475472c, org.springframework.test.context.support.DirtiesContextTestExecutionListener@3f07b12c, org.springframework.test.context.transaction.TransactionalTestExecutionListener@4bd1f8dd, org.springframework.test.context.jdbc.SqlScriptsTestExecutionListener@7096b474, org.springframework.test.context.event.EventPublishingTestExecutionListener@3e14c16d, org.springframework.security.test.context.support.WithSecurityContextTestExecutionListener@3c989952, org.springframework.security.test.context.support.ReactorContextTestExecutionListener@784b990c, org.springframework.boot.test.mock.mockito.ResetMocksTestExecutionListener@3d3ba765, org.springframework.boot.test.autoconfigure.restdocs.RestDocsTestExecutionListener@25bc0606, org.springframework.boot.test.autoconfigure.web.client.MockRestServiceServerResetTestExecutionListener@5d1659ea, org.springframework.boot.test.autoconfigure.web.servlet.MockMvcPrintOnlyOnFailureTestExecutionListener@793138bd, org.springframework.boot.test.autoconfigure.web.servlet.WebDriverTestExecutionListener@1951b871, org.springframework.boot.test.autoconfigure.webservices.client.MockWebServiceServerTestExecutionListener@5c18016b]
2025-02-12 16:14:55.052   INFO 13024 --- [           main] com.wms.WmsServerApplicationTests        : Starting WmsServerApplicationTests using Java 17.0.5 on Disney with PID 13024 (started by qe249 in K:\GitHub\notes\project\wms-server)
2025-02-12 16:14:55.052   INFO 13024 --- [           main] com.wms.WmsServerApplicationTests        : The following 1 profile is active: "dev"
2025-02-12 16:14:55.943   INFO 13024 --- [           main] .s.d.r.c.RepositoryConfigurationDelegate : Multiple Spring Data modules found, entering strict repository configuration mode
2025-02-12 16:14:55.946   INFO 13024 --- [           main] .s.d.r.c.RepositoryConfigurationDelegate : Bootstrapping Spring Data Redis repositories in DEFAULT mode.
2025-02-12 16:14:55.978   INFO 13024 --- [           main] .s.d.r.c.RepositoryConfigurationDelegate : Finished Spring Data repository scanning in 20 ms. Found 0 Redis repository interfaces.
2025-02-12 16:14:59.872   INFO 13024 --- [           main] o.s.s.web.DefaultSecurityFilterChain     : Will not secure Ant [pattern='/websocket']
2025-02-12 16:15:00.012   INFO 13024 --- [           main] o.s.s.web.DefaultSecurityFilterChain     : Will secure com.wms.config.SecurityConfig$$Lambda$1258/0x000000080130dbe0@7a85454b with [org.springframework.security.web.context.request.async.WebAsyncManagerIntegrationFilter@3ecbfba1, org.springframework.security.web.context.SecurityContextPersistenceFilter@1f6d3a81, org.springframework.security.web.header.HeaderWriterFilter@64de9fa4, org.springframework.web.filter.CorsFilter@739be7ec, org.springframework.security.web.authentication.logout.LogoutFilter@18139a43, com.wms.filter.jwt.JwtAuthenticationTokenFilter@1df2e767, org.springframework.security.web.session.ConcurrentSessionFilter@612531a3, org.springframework.security.web.savedrequest.RequestCacheAwareFilter@44d6f9cf, org.springframework.security.web.servletapi.SecurityContextHolderAwareRequestFilter@229fe7ab, org.springframework.security.web.authentication.AnonymousAuthenticationFilter@4d0d568f, org.springframework.security.web.session.SessionManagementFilter@7010c9e4, org.springframework.security.web.access.ExceptionTranslationFilter@46146832, org.springframework.security.web.access.intercept.FilterSecurityInterceptor@78e4fa1]
2025-02-12 16:15:00.700   INFO 13024 --- [           main] com.wms.WmsServerApplicationTests        : Started WmsServerApplicationTests in 5.945 seconds (JVM running for 6.923)
2025-02-12 16:15:01.261   INFO 13024 --- [           main] com.alibaba.druid.pool.DruidDataSource   : {dataSource-1} inited
2025-02-12 16:15:01.659   INFO 13024 --- [ionShutdownHook] com.alibaba.druid.pool.DruidDataSource   : {dataSource-1} closing ...
2025-02-12 16:15:01.665   INFO 13024 --- [ionShutdownHook] com.alibaba.druid.pool.DruidDataSource   : {dataSource-1} closed
2025-02-12 16:15:57.543   INFO 18908 --- [           main] com.wms.WmsServerApplication             : Starting WmsServerApplication using Java 17.0.5 on Disney with PID 18908 (K:\GitHub\notes\project\wms-server\target\classes started by qe249 in K:\GitHub\notes\project\wms-server)
2025-02-12 16:15:57.545   INFO 18908 --- [           main] com.wms.WmsServerApplication             : The following 1 profile is active: "dev"
2025-02-12 16:15:58.270   INFO 18908 --- [           main] .s.d.r.c.RepositoryConfigurationDelegate : Multiple Spring Data modules found, entering strict repository configuration mode
2025-02-12 16:15:58.272   INFO 18908 --- [           main] .s.d.r.c.RepositoryConfigurationDelegate : Bootstrapping Spring Data Redis repositories in DEFAULT mode.
2025-02-12 16:15:58.294   INFO 18908 --- [           main] .s.d.r.c.RepositoryConfigurationDelegate : Finished Spring Data repository scanning in 12 ms. Found 0 Redis repository interfaces.
2025-02-12 16:15:58.998   INFO 18908 --- [           main] o.s.b.w.embedded.tomcat.TomcatWebServer  : Tomcat initialized with port(s): 1217 (http)
2025-02-12 16:15:59.007   INFO 18908 --- [           main] o.a.coyote.http11.Http11NioProtocol      : Initializing ProtocolHandler ["http-nio-1217"]
2025-02-12 16:15:59.007   INFO 18908 --- [           main] o.apache.catalina.core.StandardService   : Starting service [Tomcat]
2025-02-12 16:15:59.007   INFO 18908 --- [           main] org.apache.catalina.core.StandardEngine  : Starting Servlet engine: [Apache Tomcat/9.0.68]
2025-02-12 16:15:59.084   INFO 18908 --- [           main] o.a.c.c.C.[Tomcat].[localhost].[/]       : Initializing Spring embedded WebApplicationContext
2025-02-12 16:15:59.085   INFO 18908 --- [           main] w.s.c.ServletWebServerApplicationContext : Root WebApplicationContext: initialization completed in 1504 ms
2025-02-12 16:16:01.089   INFO 18908 --- [           main] o.s.s.web.DefaultSecurityFilterChain     : Will not secure Ant [pattern='/websocket']
2025-02-12 16:16:01.122   INFO 18908 --- [           main] o.s.s.web.DefaultSecurityFilterChain     : Will secure com.wms.config.SecurityConfig$$Lambda$1044/0x00000008013236a0@b53ce18 with [org.springframework.security.web.context.request.async.WebAsyncManagerIntegrationFilter@2a666c8e, org.springframework.security.web.context.SecurityContextPersistenceFilter@7b364f47, org.springframework.security.web.header.HeaderWriterFilter@33bf2602, org.springframework.web.filter.CorsFilter@18adc20a, org.springframework.security.web.authentication.logout.LogoutFilter@67e628b, com.wms.filter.jwt.JwtAuthenticationTokenFilter@6480a063, org.springframework.security.web.session.ConcurrentSessionFilter@7f958d4a, org.springframework.security.web.savedrequest.RequestCacheAwareFilter@15d2ea6b, org.springframework.security.web.servletapi.SecurityContextHolderAwareRequestFilter@4f5bfbca, org.springframework.security.web.authentication.AnonymousAuthenticationFilter@7e7987b8, org.springframework.security.web.session.SessionManagementFilter@68e094c9, org.springframework.security.web.access.ExceptionTranslationFilter@59db8216, org.springframework.security.web.access.intercept.FilterSecurityInterceptor@6c3a7b84]
2025-02-12 16:16:01.210   INFO 18908 --- [           main] o.a.coyote.http11.Http11NioProtocol      : Starting ProtocolHandler ["http-nio-1217"]
2025-02-12 16:16:01.225   INFO 18908 --- [           main] o.s.b.w.embedded.tomcat.TomcatWebServer  : Tomcat started on port(s): 1217 (http) with context path ''
2025-02-12 16:16:01.598   INFO 18908 --- [           main] com.wms.WmsServerApplication             : Started WmsServerApplication in 4.411 seconds (JVM running for 5.239)
2025-02-12 16:16:07.029   INFO 18908 --- [nio-1217-exec-2] o.a.c.c.C.[Tomcat].[localhost].[/]       : Initializing Spring DispatcherServlet 'dispatcherServlet'
2025-02-12 16:16:07.029   INFO 18908 --- [nio-1217-exec-2] o.s.web.servlet.DispatcherServlet        : Initializing Servlet 'dispatcherServlet'
2025-02-12 16:16:07.030   INFO 18908 --- [nio-1217-exec-2] o.s.web.servlet.DispatcherServlet        : Completed initialization in 1 ms
2025-02-12 16:16:07.162   INFO 18908 --- [nio-1217-exec-2] com.alibaba.druid.pool.DruidDataSource   : {dataSource-1} inited
2025-02-12 16:16:07.301   INFO 18908 --- [nio-1217-exec-2] c.wms.connect.websocket.WebSocketServer  : 有新窗口开始监听:admin,当前在线人数为1
2025-02-12 16:16:21.358   INFO 18908 --- [nio-1217-exec-1] c.wms.connect.websocket.WebSocketServer  : 有一连接关闭！当前在线人数为0
2025-02-12 16:16:23.029   INFO 18908 --- [nio-1217-exec-8] c.wms.connect.websocket.WebSocketServer  : 有新窗口开始监听:admin,当前在线人数为1
2025-02-12 16:18:17.384   INFO 18908 --- [io-1217-exec-10] c.wms.connect.websocket.WebSocketServer  : 有一连接关闭！当前在线人数为0
2025-02-12 16:18:17.862   INFO 18908 --- [nio-1217-exec-1] c.wms.connect.websocket.WebSocketServer  : 有新窗口开始监听:admin,当前在线人数为1
2025-02-12 16:20:47.355   INFO 18908 --- [nio-1217-exec-4] c.wms.connect.websocket.WebSocketServer  : 有一连接关闭！当前在线人数为0
2025-02-12 16:20:47.828   INFO 18908 --- [nio-1217-exec-6] c.wms.connect.websocket.WebSocketServer  : 有新窗口开始监听:admin,当前在线人数为1
2025-02-12 16:27:58.195   INFO 18908 --- [nio-1217-exec-1] c.wms.connect.websocket.WebSocketServer  : 有一连接关闭！当前在线人数为0
2025-02-12 16:27:58.623   INFO 18908 --- [nio-1217-exec-5] c.wms.connect.websocket.WebSocketServer  : 有新窗口开始监听:admin,当前在线人数为1
2025-02-12 16:35:39.186   INFO 18908 --- [nio-1217-exec-2] c.wms.connect.websocket.WebSocketServer  : 有一连接关闭！当前在线人数为0
2025-02-12 16:35:39.662   INFO 18908 --- [io-1217-exec-10] c.wms.connect.websocket.WebSocketServer  : 有新窗口开始监听:admin,当前在线人数为1
2025-02-12 16:36:32.403   INFO 18908 --- [nio-1217-exec-5] c.wms.connect.websocket.WebSocketServer  : 有一连接关闭！当前在线人数为0
2025-02-12 16:36:32.865   INFO 18908 --- [nio-1217-exec-2] c.wms.connect.websocket.WebSocketServer  : 有新窗口开始监听:admin,当前在线人数为1
2025-02-12 16:36:54.953   INFO 18908 --- [nio-1217-exec-1] c.wms.connect.websocket.WebSocketServer  : 有一连接关闭！当前在线人数为0
2025-02-12 16:36:55.257   INFO 18908 --- [nio-1217-exec-5] c.wms.connect.websocket.WebSocketServer  : 有新窗口开始监听:admin,当前在线人数为1
2025-02-12 16:37:21.843   INFO 18908 --- [nio-1217-exec-9] c.wms.connect.websocket.WebSocketServer  : 有一连接关闭！当前在线人数为0
2025-02-12 16:37:22.128   INFO 18908 --- [nio-1217-exec-1] c.wms.connect.websocket.WebSocketServer  : 有新窗口开始监听:admin,当前在线人数为1
2025-02-12 16:37:41.064   INFO 18908 --- [io-1217-exec-10] c.wms.connect.websocket.WebSocketServer  : 有一连接关闭！当前在线人数为0
2025-02-12 16:37:41.324   INFO 18908 --- [nio-1217-exec-9] c.wms.connect.websocket.WebSocketServer  : 有新窗口开始监听:admin,当前在线人数为1
2025-02-12 16:37:49.723   INFO 18908 --- [nio-1217-exec-4] c.wms.connect.websocket.WebSocketServer  : 有一连接关闭！当前在线人数为0
2025-02-12 16:37:49.983   INFO 18908 --- [nio-1217-exec-8] c.wms.connect.websocket.WebSocketServer  : 有新窗口开始监听:admin,当前在线人数为1
2025-02-12 16:37:54.137   INFO 18908 --- [nio-1217-exec-3] c.wms.connect.websocket.WebSocketServer  : 有一连接关闭！当前在线人数为0
2025-02-12 16:37:54.448   INFO 18908 --- [nio-1217-exec-5] c.wms.connect.websocket.WebSocketServer  : 有新窗口开始监听:admin,当前在线人数为1
2025-02-12 16:37:58.527   INFO 18908 --- [nio-1217-exec-9] c.wms.connect.websocket.WebSocketServer  : 有一连接关闭！当前在线人数为0
2025-02-12 16:37:58.815   INFO 18908 --- [nio-1217-exec-1] c.wms.connect.websocket.WebSocketServer  : 有新窗口开始监听:admin,当前在线人数为1
2025-02-12 16:38:17.156   INFO 18908 --- [nio-1217-exec-8] c.wms.connect.websocket.WebSocketServer  : 有一连接关闭！当前在线人数为0
2025-02-12 16:38:17.547   INFO 18908 --- [nio-1217-exec-9] c.wms.connect.websocket.WebSocketServer  : 有新窗口开始监听:admin,当前在线人数为1
2025-02-12 16:39:42.359   INFO 18908 --- [nio-1217-exec-9] c.wms.connect.websocket.WebSocketServer  : 有一连接关闭！当前在线人数为0
2025-02-12 16:39:42.749   INFO 18908 --- [nio-1217-exec-1] c.wms.connect.websocket.WebSocketServer  : 有新窗口开始监听:admin,当前在线人数为1
2025-02-12 16:40:00.933   INFO 18908 --- [nio-1217-exec-4] c.wms.connect.websocket.WebSocketServer  : 有一连接关闭！当前在线人数为0
2025-02-12 16:40:01.318   INFO 18908 --- [nio-1217-exec-9] c.wms.connect.websocket.WebSocketServer  : 有新窗口开始监听:admin,当前在线人数为1
2025-02-12 16:40:40.136   INFO 18908 --- [nio-1217-exec-2] c.wms.connect.websocket.WebSocketServer  : 有一连接关闭！当前在线人数为0
2025-02-12 16:40:40.397   INFO 18908 --- [nio-1217-exec-4] c.wms.connect.websocket.WebSocketServer  : 有新窗口开始监听:admin,当前在线人数为1
2025-02-12 16:40:44.942   INFO 18908 --- [nio-1217-exec-3] c.wms.connect.websocket.WebSocketServer  : 有一连接关闭！当前在线人数为0
2025-02-12 16:40:45.239   INFO 18908 --- [nio-1217-exec-5] c.wms.connect.websocket.WebSocketServer  : 有新窗口开始监听:admin,当前在线人数为1
2025-02-12 16:40:50.343   INFO 18908 --- [nio-1217-exec-9] c.wms.connect.websocket.WebSocketServer  : 有一连接关闭！当前在线人数为0
2025-02-12 16:40:50.665   INFO 18908 --- [nio-1217-exec-1] c.wms.connect.websocket.WebSocketServer  : 有新窗口开始监听:admin,当前在线人数为1
2025-02-12 16:41:24.727   INFO 18908 --- [nio-1217-exec-8] c.wms.connect.websocket.WebSocketServer  : 有一连接关闭！当前在线人数为0
2025-02-12 16:41:25.147   INFO 18908 --- [nio-1217-exec-9] c.wms.connect.websocket.WebSocketServer  : 有新窗口开始监听:admin,当前在线人数为1
2025-02-12 16:42:00.547   INFO 18908 --- [nio-1217-exec-2] c.wms.connect.websocket.WebSocketServer  : 有一连接关闭！当前在线人数为0
2025-02-12 16:42:00.888   INFO 18908 --- [nio-1217-exec-8] c.wms.connect.websocket.WebSocketServer  : 有新窗口开始监听:admin,当前在线人数为1
2025-02-12 16:53:23.479   INFO 18908 --- [nio-1217-exec-7] c.wms.connect.websocket.WebSocketServer  : 有一连接关闭！当前在线人数为0
2025-02-12 16:53:23.945   INFO 18908 --- [nio-1217-exec-1] c.wms.connect.websocket.WebSocketServer  : 有新窗口开始监听:admin,当前在线人数为1
2025-02-12 16:53:45.469   INFO 18908 --- [nio-1217-exec-1] c.wms.connect.websocket.WebSocketServer  : 有一连接关闭！当前在线人数为0
2025-02-12 16:53:45.860   INFO 18908 --- [nio-1217-exec-4] c.wms.connect.websocket.WebSocketServer  : 有新窗口开始监听:admin,当前在线人数为1
2025-02-12 16:54:03.740   INFO 18908 --- [io-1217-exec-10] c.wms.connect.websocket.WebSocketServer  : 有一连接关闭！当前在线人数为0
2025-02-12 16:54:04.022   INFO 18908 --- [nio-1217-exec-1] c.wms.connect.websocket.WebSocketServer  : 有新窗口开始监听:admin,当前在线人数为1
2025-02-12 16:56:44.485   INFO 18908 --- [nio-1217-exec-8] c.wms.connect.websocket.WebSocketServer  : 有一连接关闭！当前在线人数为0
2025-02-12 16:56:44.914   INFO 18908 --- [nio-1217-exec-6] c.wms.connect.websocket.WebSocketServer  : 有新窗口开始监听:admin,当前在线人数为1
2025-02-12 17:02:41.926   INFO 18908 --- [nio-1217-exec-4] c.wms.connect.websocket.WebSocketServer  : 有一连接关闭！当前在线人数为0
2025-02-12 17:02:42.519   INFO 18908 --- [nio-1217-exec-2] c.wms.connect.websocket.WebSocketServer  : 有新窗口开始监听:admin,当前在线人数为1
2025-02-12 17:03:26.130   INFO 18908 --- [nio-1217-exec-1] c.wms.connect.websocket.WebSocketServer  : 有一连接关闭！当前在线人数为0
2025-02-12 17:03:26.655   INFO 18908 --- [nio-1217-exec-4] c.wms.connect.websocket.WebSocketServer  : 有新窗口开始监听:admin,当前在线人数为1
2025-02-12 17:04:46.598   INFO 18908 --- [nio-1217-exec-4] c.wms.connect.websocket.WebSocketServer  : 有一连接关闭！当前在线人数为0
2025-02-12 17:04:47.045   INFO 18908 --- [nio-1217-exec-2] c.wms.connect.websocket.WebSocketServer  : 有新窗口开始监听:admin,当前在线人数为1
2025-02-12 17:06:02.424   INFO 18908 --- [nio-1217-exec-2] c.wms.connect.websocket.WebSocketServer  : 有一连接关闭！当前在线人数为0
2025-02-12 17:06:02.871   INFO 18908 --- [nio-1217-exec-7] c.wms.connect.websocket.WebSocketServer  : 有新窗口开始监听:admin,当前在线人数为1
2025-02-12 17:06:42.348   INFO 18908 --- [nio-1217-exec-2] c.wms.connect.websocket.WebSocketServer  : 有一连接关闭！当前在线人数为0
2025-02-12 17:06:42.817   INFO 18908 --- [nio-1217-exec-7] c.wms.connect.websocket.WebSocketServer  : 有新窗口开始监听:admin,当前在线人数为1
2025-02-12 19:55:09.190   INFO 18908 --- [nio-1217-exec-7] c.wms.connect.websocket.WebSocketServer  : 有一连接关闭！当前在线人数为0
2025-02-12 19:55:12.646   INFO 18908 --- [ionShutdownHook] com.alibaba.druid.pool.DruidDataSource   : {dataSource-1} closing ...
2025-02-12 19:55:12.647   INFO 18908 --- [ionShutdownHook] com.alibaba.druid.pool.DruidDataSource   : {dataSource-1} closed
