2025-02-10 09:04:58.211   INFO 6156 --- [           main] com.wms.WmsServerApplication             : Starting WmsServerApplication using Java 17.0.5 on Disney with PID 6156 (K:\GitHub\notes\project\wms-server\target\classes started by qe249 in K:\GitHub\notes\project\wms-server)
2025-02-10 09:04:58.214   INFO 6156 --- [           main] com.wms.WmsServerApplication             : The following 1 profile is active: "dev"
2025-02-10 09:04:59.260   INFO 6156 --- [           main] .s.d.r.c.RepositoryConfigurationDelegate : Multiple Spring Data modules found, entering strict repository configuration mode
2025-02-10 09:04:59.263   INFO 6156 --- [           main] .s.d.r.c.RepositoryConfigurationDelegate : Bootstrapping Spring Data Redis repositories in DEFAULT mode.
2025-02-10 09:04:59.298   INFO 6156 --- [           main] .s.d.r.c.RepositoryConfigurationDelegate : Finished Spring Data repository scanning in 20 ms. Found 0 Redis repository interfaces.
2025-02-10 09:05:00.239   INFO 6156 --- [           main] o.s.b.w.embedded.tomcat.TomcatWebServer  : Tomcat initialized with port(s): 1217 (http)
2025-02-10 09:05:00.248   INFO 6156 --- [           main] o.a.coyote.http11.Http11NioProtocol      : Initializing ProtocolHandler ["http-nio-1217"]
2025-02-10 09:05:00.248   INFO 6156 --- [           main] o.apache.catalina.core.StandardService   : Starting service [Tomcat]
2025-02-10 09:05:00.249   INFO 6156 --- [           main] org.apache.catalina.core.StandardEngine  : Starting Servlet engine: [Apache Tomcat/9.0.68]
2025-02-10 09:05:00.341   INFO 6156 --- [           main] o.a.c.c.C.[Tomcat].[localhost].[/]       : Initializing Spring embedded WebApplicationContext
2025-02-10 09:05:00.341   INFO 6156 --- [           main] w.s.c.ServletWebServerApplicationContext : Root WebApplicationContext: initialization completed in 2081 ms
2025-02-10 09:05:02.873   INFO 6156 --- [           main] o.s.s.web.DefaultSecurityFilterChain     : Will not secure Ant [pattern='/websocket']
2025-02-10 09:05:02.918   INFO 6156 --- [           main] o.s.s.web.DefaultSecurityFilterChain     : Will secure com.wms.config.SecurityConfig$$Lambda$1044/0x000000080131eeb0@27107a97 with [org.springframework.security.web.context.request.async.WebAsyncManagerIntegrationFilter@eb1e868, org.springframework.security.web.context.SecurityContextPersistenceFilter@3d5e0bf0, org.springframework.security.web.header.HeaderWriterFilter@426940f9, org.springframework.web.filter.CorsFilter@71a7cf7c, org.springframework.security.web.authentication.logout.LogoutFilter@3c34c491, com.wms.filter.jwt.JwtAuthenticationTokenFilter@304744a1, org.springframework.security.web.session.ConcurrentSessionFilter@2ea0161f, org.springframework.security.web.savedrequest.RequestCacheAwareFilter@32e9c3af, org.springframework.security.web.servletapi.SecurityContextHolderAwareRequestFilter@48cd8e71, org.springframework.security.web.authentication.AnonymousAuthenticationFilter@7f49df25, org.springframework.security.web.session.SessionManagementFilter@38d308e7, org.springframework.security.web.access.ExceptionTranslationFilter@3cb376a3, org.springframework.security.web.access.intercept.FilterSecurityInterceptor@49c947f7]
2025-02-10 09:05:03.029   INFO 6156 --- [           main] o.a.coyote.http11.Http11NioProtocol      : Starting ProtocolHandler ["http-nio-1217"]
2025-02-10 09:05:03.049   INFO 6156 --- [           main] o.s.b.w.embedded.tomcat.TomcatWebServer  : Tomcat started on port(s): 1217 (http) with context path ''
2025-02-10 09:05:03.621   INFO 6156 --- [           main] com.wms.WmsServerApplication             : Started WmsServerApplication in 5.902 seconds (JVM running for 7.722)
2025-02-10 09:06:21.499   INFO 6156 --- [nio-1217-exec-1] o.a.c.c.C.[Tomcat].[localhost].[/]       : Initializing Spring DispatcherServlet 'dispatcherServlet'
2025-02-10 09:06:21.499   INFO 6156 --- [nio-1217-exec-1] o.s.web.servlet.DispatcherServlet        : Initializing Servlet 'dispatcherServlet'
2025-02-10 09:06:21.503   INFO 6156 --- [nio-1217-exec-1] o.s.web.servlet.DispatcherServlet        : Completed initialization in 4 ms
2025-02-10 09:06:21.815   INFO 6156 --- [nio-1217-exec-3] com.alibaba.druid.pool.DruidDataSource   : {dataSource-1} inited
2025-02-10 09:06:22.373   INFO 6156 --- [nio-1217-exec-5] c.wms.connect.websocket.WebSocketServer  : 有新窗口开始监听:admin,当前在线人数为1
2025-02-10 09:59:01.414   INFO 6156 --- [io-1217-exec-10] c.wms.connect.websocket.WebSocketServer  : 有一连接关闭！当前在线人数为0
2025-02-10 09:59:01.911   INFO 6156 --- [nio-1217-exec-2] c.wms.connect.websocket.WebSocketServer  : 有新窗口开始监听:admin,当前在线人数为1
2025-02-10 10:21:19.224   INFO 6156 --- [nio-1217-exec-4] c.wms.connect.websocket.WebSocketServer  : 有一连接关闭！当前在线人数为0
2025-02-10 10:21:28.602   INFO 6156 --- [nio-1217-exec-5] c.wms.connect.websocket.WebSocketServer  : 有新窗口开始监听:admin,当前在线人数为1
2025-02-10 10:24:01.490   INFO 6156 --- [nio-1217-exec-1] c.wms.connect.websocket.WebSocketServer  : 有一连接关闭！当前在线人数为0
2025-02-10 10:24:01.973   INFO 6156 --- [nio-1217-exec-3] c.wms.connect.websocket.WebSocketServer  : 有新窗口开始监听:admin,当前在线人数为1
2025-02-10 10:34:56.742   INFO 6156 --- [nio-1217-exec-3] c.wms.connect.websocket.WebSocketServer  : 有一连接关闭！当前在线人数为0
2025-02-10 10:34:57.256   INFO 6156 --- [nio-1217-exec-4] c.wms.connect.websocket.WebSocketServer  : 有新窗口开始监听:admin,当前在线人数为1
2025-02-10 10:35:43.903   INFO 6156 --- [nio-1217-exec-6] c.wms.connect.websocket.WebSocketServer  : 有一连接关闭！当前在线人数为0
2025-02-10 10:35:44.403   INFO 6156 --- [io-1217-exec-10] c.wms.connect.websocket.WebSocketServer  : 有新窗口开始监听:admin,当前在线人数为1
2025-02-10 10:42:00.687   INFO 6156 --- [io-1217-exec-10] c.wms.connect.websocket.WebSocketServer  : 有一连接关闭！当前在线人数为0
2025-02-10 10:42:01.252   INFO 6156 --- [nio-1217-exec-3] c.wms.connect.websocket.WebSocketServer  : 有新窗口开始监听:admin,当前在线人数为1
2025-02-10 10:42:24.743   INFO 6156 --- [nio-1217-exec-6] c.wms.connect.websocket.WebSocketServer  : 有一连接关闭！当前在线人数为0
2025-02-10 10:42:25.651   INFO 6156 --- [io-1217-exec-10] c.wms.connect.websocket.WebSocketServer  : 有新窗口开始监听:admin,当前在线人数为1
2025-02-10 10:45:30.824   INFO 6156 --- [io-1217-exec-10] c.wms.connect.websocket.WebSocketServer  : 有一连接关闭！当前在线人数为0
2025-02-10 10:45:31.329   INFO 6156 --- [nio-1217-exec-4] c.wms.connect.websocket.WebSocketServer  : 有新窗口开始监听:admin,当前在线人数为1
2025-02-10 11:00:45.422   INFO 6156 --- [ionShutdownHook] c.wms.connect.websocket.WebSocketServer  : 有一连接关闭！当前在线人数为0
2025-02-10 11:00:45.498   INFO 6156 --- [ionShutdownHook] com.alibaba.druid.pool.DruidDataSource   : {dataSource-1} closing ...
2025-02-10 11:00:45.503   INFO 6156 --- [ionShutdownHook] com.alibaba.druid.pool.DruidDataSource   : {dataSource-1} closed
2025-02-10 11:00:55.017   INFO 14764 --- [           main] com.wms.WmsServerApplication             : Starting WmsServerApplication using Java 17.0.5 on Disney with PID 14764 (K:\GitHub\notes\project\wms-server\target\classes started by qe249 in K:\GitHub\notes\project\wms-server)
2025-02-10 11:00:55.020   INFO 14764 --- [           main] com.wms.WmsServerApplication             : The following 1 profile is active: "dev"
2025-02-10 11:00:56.638   INFO 14764 --- [           main] .s.d.r.c.RepositoryConfigurationDelegate : Multiple Spring Data modules found, entering strict repository configuration mode
2025-02-10 11:00:56.641   INFO 14764 --- [           main] .s.d.r.c.RepositoryConfigurationDelegate : Bootstrapping Spring Data Redis repositories in DEFAULT mode.
2025-02-10 11:00:56.666   INFO 14764 --- [           main] .s.d.r.c.RepositoryConfigurationDelegate : Finished Spring Data repository scanning in 14 ms. Found 0 Redis repository interfaces.
2025-02-10 11:00:57.322   INFO 14764 --- [           main] o.s.b.w.embedded.tomcat.TomcatWebServer  : Tomcat initialized with port(s): 1217 (http)
2025-02-10 11:00:57.329   INFO 14764 --- [           main] o.a.coyote.http11.Http11NioProtocol      : Initializing ProtocolHandler ["http-nio-1217"]
2025-02-10 11:00:57.330   INFO 14764 --- [           main] o.apache.catalina.core.StandardService   : Starting service [Tomcat]
2025-02-10 11:00:57.330   INFO 14764 --- [           main] org.apache.catalina.core.StandardEngine  : Starting Servlet engine: [Apache Tomcat/9.0.68]
2025-02-10 11:00:57.406   INFO 14764 --- [           main] o.a.c.c.C.[Tomcat].[localhost].[/]       : Initializing Spring embedded WebApplicationContext
2025-02-10 11:00:57.407   INFO 14764 --- [           main] w.s.c.ServletWebServerApplicationContext : Root WebApplicationContext: initialization completed in 2349 ms
2025-02-10 11:00:59.476   INFO 14764 --- [           main] o.s.s.web.DefaultSecurityFilterChain     : Will not secure Ant [pattern='/websocket']
2025-02-10 11:00:59.514   INFO 14764 --- [           main] o.s.s.web.DefaultSecurityFilterChain     : Will secure com.wms.config.SecurityConfig$$Lambda$1031/0x00000008012ff338@5b2ade46 with [org.springframework.security.web.context.request.async.WebAsyncManagerIntegrationFilter@2087c939, org.springframework.security.web.context.SecurityContextPersistenceFilter@7d4135c9, org.springframework.security.web.header.HeaderWriterFilter@75d402d4, org.springframework.web.filter.CorsFilter@6c3a7b84, org.springframework.security.web.authentication.logout.LogoutFilter@790f4933, com.wms.filter.jwt.JwtAuthenticationTokenFilter@116fc29e, org.springframework.security.web.session.ConcurrentSessionFilter@32e9c3af, org.springframework.security.web.savedrequest.RequestCacheAwareFilter@463a1f47, org.springframework.security.web.servletapi.SecurityContextHolderAwareRequestFilter@243162b1, org.springframework.security.web.authentication.AnonymousAuthenticationFilter@123e9094, org.springframework.security.web.session.SessionManagementFilter@10230657, org.springframework.security.web.access.ExceptionTranslationFilter@2ea0161f, org.springframework.security.web.access.intercept.FilterSecurityInterceptor@2cd877d3]
2025-02-10 11:00:59.602   INFO 14764 --- [           main] o.a.coyote.http11.Http11NioProtocol      : Starting ProtocolHandler ["http-nio-1217"]
2025-02-10 11:00:59.619   INFO 14764 --- [           main] o.s.b.w.embedded.tomcat.TomcatWebServer  : Tomcat started on port(s): 1217 (http) with context path ''
2025-02-10 11:01:00.053   INFO 14764 --- [           main] com.wms.WmsServerApplication             : Started WmsServerApplication in 5.383 seconds (JVM running for 6.542)
2025-02-10 11:01:00.077   INFO 14764 --- [nio-1217-exec-1] o.a.c.c.C.[Tomcat].[localhost].[/]       : Initializing Spring DispatcherServlet 'dispatcherServlet'
2025-02-10 11:01:00.077   INFO 14764 --- [nio-1217-exec-1] o.s.web.servlet.DispatcherServlet        : Initializing Servlet 'dispatcherServlet'
2025-02-10 11:01:00.078   INFO 14764 --- [nio-1217-exec-1] o.s.web.servlet.DispatcherServlet        : Completed initialization in 1 ms
2025-02-10 11:01:00.257   INFO 14764 --- [nio-1217-exec-1] com.alibaba.druid.pool.DruidDataSource   : {dataSource-1} inited
2025-02-10 11:01:00.397   INFO 14764 --- [nio-1217-exec-1] c.wms.connect.websocket.WebSocketServer  : 有新窗口开始监听:admin,当前在线人数为1
2025-02-10 11:01:28.864   INFO 14764 --- [nio-1217-exec-3] c.wms.connect.websocket.WebSocketServer  : 有一连接关闭！当前在线人数为0
2025-02-10 11:01:31.045   INFO 14764 --- [nio-1217-exec-9] c.wms.connect.websocket.WebSocketServer  : 有新窗口开始监听:admin,当前在线人数为1
2025-02-10 11:31:01.393   INFO 14764 --- [ionShutdownHook] c.wms.connect.websocket.WebSocketServer  : 有一连接关闭！当前在线人数为0
2025-02-10 11:31:01.423   INFO 14764 --- [ionShutdownHook] com.alibaba.druid.pool.DruidDataSource   : {dataSource-1} closing ...
2025-02-10 11:31:01.428   INFO 14764 --- [ionShutdownHook] com.alibaba.druid.pool.DruidDataSource   : {dataSource-1} closed
2025-02-10 11:31:05.940   INFO 19436 --- [           main] com.wms.WmsServerApplication             : Starting WmsServerApplication using Java 17.0.5 on Disney with PID 19436 (K:\GitHub\notes\project\wms-server\target\classes started by qe249 in K:\GitHub\notes\project\wms-server)
2025-02-10 11:31:05.943   INFO 19436 --- [           main] com.wms.WmsServerApplication             : The following 1 profile is active: "dev"
2025-02-10 11:31:06.742   INFO 19436 --- [           main] .s.d.r.c.RepositoryConfigurationDelegate : Multiple Spring Data modules found, entering strict repository configuration mode
2025-02-10 11:31:06.745   INFO 19436 --- [           main] .s.d.r.c.RepositoryConfigurationDelegate : Bootstrapping Spring Data Redis repositories in DEFAULT mode.
2025-02-10 11:31:06.774   INFO 19436 --- [           main] .s.d.r.c.RepositoryConfigurationDelegate : Finished Spring Data repository scanning in 17 ms. Found 0 Redis repository interfaces.
2025-02-10 11:31:07.820   INFO 19436 --- [           main] o.s.b.w.embedded.tomcat.TomcatWebServer  : Tomcat initialized with port(s): 1217 (http)
2025-02-10 11:31:07.829   INFO 19436 --- [           main] o.a.coyote.http11.Http11NioProtocol      : Initializing ProtocolHandler ["http-nio-1217"]
2025-02-10 11:31:07.830   INFO 19436 --- [           main] o.apache.catalina.core.StandardService   : Starting service [Tomcat]
2025-02-10 11:31:07.830   INFO 19436 --- [           main] org.apache.catalina.core.StandardEngine  : Starting Servlet engine: [Apache Tomcat/9.0.68]
2025-02-10 11:31:07.953   INFO 19436 --- [           main] o.a.c.c.C.[Tomcat].[localhost].[/]       : Initializing Spring embedded WebApplicationContext
2025-02-10 11:31:07.953   INFO 19436 --- [           main] w.s.c.ServletWebServerApplicationContext : Root WebApplicationContext: initialization completed in 1960 ms
2025-02-10 11:31:10.605   INFO 19436 --- [           main] o.s.s.web.DefaultSecurityFilterChain     : Will not secure Ant [pattern='/websocket']
2025-02-10 11:31:10.638   INFO 19436 --- [           main] o.s.s.web.DefaultSecurityFilterChain     : Will secure com.wms.config.SecurityConfig$$Lambda$1043/0x000000080131f7e8@71a7cf7c with [org.springframework.security.web.context.request.async.WebAsyncManagerIntegrationFilter@7f49df25, org.springframework.security.web.context.SecurityContextPersistenceFilter@53153d5e, org.springframework.security.web.header.HeaderWriterFilter@63d75087, org.springframework.web.filter.CorsFilter@5b29d699, org.springframework.security.web.authentication.logout.LogoutFilter@7f958d4a, com.wms.filter.jwt.JwtAuthenticationTokenFilter@7d7d8911, org.springframework.security.web.session.ConcurrentSessionFilter@75d402d4, org.springframework.security.web.savedrequest.RequestCacheAwareFilter@632d1b1b, org.springframework.security.web.servletapi.SecurityContextHolderAwareRequestFilter@2f6d8c9, org.springframework.security.web.authentication.AnonymousAuthenticationFilter@5a5a973c, org.springframework.security.web.session.SessionManagementFilter@4c6fabba, org.springframework.security.web.access.ExceptionTranslationFilter@426940f9, org.springframework.security.web.access.intercept.FilterSecurityInterceptor@50dd1e3a]
2025-02-10 11:31:10.741   INFO 19436 --- [           main] o.a.coyote.http11.Http11NioProtocol      : Starting ProtocolHandler ["http-nio-1217"]
2025-02-10 11:31:10.758   INFO 19436 --- [           main] o.s.b.w.embedded.tomcat.TomcatWebServer  : Tomcat started on port(s): 1217 (http) with context path ''
2025-02-10 11:31:11.185   INFO 19436 --- [           main] com.wms.WmsServerApplication             : Started WmsServerApplication in 5.617 seconds (JVM running for 6.403)
2025-02-10 11:31:14.094   INFO 19436 --- [nio-1217-exec-1] o.a.c.c.C.[Tomcat].[localhost].[/]       : Initializing Spring DispatcherServlet 'dispatcherServlet'
2025-02-10 11:31:14.094   INFO 19436 --- [nio-1217-exec-1] o.s.web.servlet.DispatcherServlet        : Initializing Servlet 'dispatcherServlet'
2025-02-10 11:31:14.095   INFO 19436 --- [nio-1217-exec-1] o.s.web.servlet.DispatcherServlet        : Completed initialization in 1 ms
2025-02-10 11:31:14.225   INFO 19436 --- [nio-1217-exec-1] com.alibaba.druid.pool.DruidDataSource   : {dataSource-1} inited
2025-02-10 11:31:14.361   INFO 19436 --- [nio-1217-exec-1] c.wms.connect.websocket.WebSocketServer  : 有新窗口开始监听:admin,当前在线人数为1
2025-02-10 11:31:15.763   INFO 19436 --- [nio-1217-exec-2] c.wms.connect.websocket.WebSocketServer  : 有一连接关闭！当前在线人数为0
2025-02-10 11:31:17.412   INFO 19436 --- [nio-1217-exec-7] c.wms.connect.websocket.WebSocketServer  : 有新窗口开始监听:admin,当前在线人数为1
2025-02-10 11:39:31.654   INFO 19436 --- [nio-1217-exec-3] c.wms.connect.websocket.WebSocketServer  : 有一连接关闭！当前在线人数为0
2025-02-10 11:39:32.308   INFO 19436 --- [nio-1217-exec-5] c.wms.connect.websocket.WebSocketServer  : 有新窗口开始监听:admin,当前在线人数为1
2025-02-10 11:41:57.820   INFO 19436 --- [nio-1217-exec-4] c.wms.connect.websocket.WebSocketServer  : 有一连接关闭！当前在线人数为0
2025-02-10 11:41:58.704   INFO 19436 --- [nio-1217-exec-5] c.wms.connect.websocket.WebSocketServer  : 有新窗口开始监听:admin,当前在线人数为1
2025-02-10 11:47:55.320   INFO 19436 --- [io-1217-exec-10] c.wms.connect.websocket.WebSocketServer  : 有一连接关闭！当前在线人数为0
2025-02-10 11:47:55.784   INFO 19436 --- [nio-1217-exec-2] c.wms.connect.websocket.WebSocketServer  : 有新窗口开始监听:admin,当前在线人数为1
2025-02-10 11:48:01.902   INFO 19436 --- [nio-1217-exec-1] c.wms.connect.websocket.WebSocketServer  : 有一连接关闭！当前在线人数为0
2025-02-10 11:48:02.788   INFO 19436 --- [nio-1217-exec-4] c.wms.connect.websocket.WebSocketServer  : 有新窗口开始监听:admin,当前在线人数为1
2025-02-10 11:48:16.131   INFO 19436 --- [nio-1217-exec-8] c.wms.connect.websocket.WebSocketServer  : 有一连接关闭！当前在线人数为0
2025-02-10 11:48:16.882   INFO 19436 --- [io-1217-exec-10] c.wms.connect.websocket.WebSocketServer  : 有新窗口开始监听:admin,当前在线人数为1
2025-02-10 11:48:28.814   INFO 19436 --- [nio-1217-exec-7] c.wms.connect.websocket.WebSocketServer  : 有一连接关闭！当前在线人数为0
2025-02-10 11:48:29.562   INFO 19436 --- [nio-1217-exec-8] c.wms.connect.websocket.WebSocketServer  : 有新窗口开始监听:admin,当前在线人数为1
2025-02-10 11:49:39.412   INFO 19436 --- [nio-1217-exec-8] c.wms.connect.websocket.WebSocketServer  : 有一连接关闭！当前在线人数为0
2025-02-10 11:49:40.284   INFO 19436 --- [io-1217-exec-10] c.wms.connect.websocket.WebSocketServer  : 有新窗口开始监听:admin,当前在线人数为1
2025-02-10 11:54:39.461   INFO 19436 --- [nio-1217-exec-9] c.wms.connect.websocket.WebSocketServer  : 有一连接关闭！当前在线人数为0
2025-02-10 11:54:40.412   INFO 19436 --- [nio-1217-exec-1] c.wms.connect.websocket.WebSocketServer  : 有新窗口开始监听:admin,当前在线人数为1
2025-02-10 11:57:09.247   INFO 19436 --- [ionShutdownHook] c.wms.connect.websocket.WebSocketServer  : 有一连接关闭！当前在线人数为0
2025-02-10 11:57:09.277   INFO 19436 --- [ionShutdownHook] com.alibaba.druid.pool.DruidDataSource   : {dataSource-1} closing ...
2025-02-10 11:57:09.280   INFO 19436 --- [ionShutdownHook] com.alibaba.druid.pool.DruidDataSource   : {dataSource-1} closed
2025-02-10 11:57:13.804   INFO 1988 --- [           main] com.wms.WmsServerApplication             : Starting WmsServerApplication using Java 17.0.5 on Disney with PID 1988 (K:\GitHub\notes\project\wms-server\target\classes started by qe249 in K:\GitHub\notes\project\wms-server)
2025-02-10 11:57:13.808   INFO 1988 --- [           main] com.wms.WmsServerApplication             : The following 1 profile is active: "dev"
2025-02-10 11:57:14.568   INFO 1988 --- [           main] .s.d.r.c.RepositoryConfigurationDelegate : Multiple Spring Data modules found, entering strict repository configuration mode
2025-02-10 11:57:14.570   INFO 1988 --- [           main] .s.d.r.c.RepositoryConfigurationDelegate : Bootstrapping Spring Data Redis repositories in DEFAULT mode.
2025-02-10 11:57:14.593   INFO 1988 --- [           main] .s.d.r.c.RepositoryConfigurationDelegate : Finished Spring Data repository scanning in 13 ms. Found 0 Redis repository interfaces.
2025-02-10 11:57:15.341   INFO 1988 --- [           main] o.s.b.w.embedded.tomcat.TomcatWebServer  : Tomcat initialized with port(s): 1217 (http)
2025-02-10 11:57:15.350   INFO 1988 --- [           main] o.a.coyote.http11.Http11NioProtocol      : Initializing ProtocolHandler ["http-nio-1217"]
2025-02-10 11:57:15.350   INFO 1988 --- [           main] o.apache.catalina.core.StandardService   : Starting service [Tomcat]
2025-02-10 11:57:15.350   INFO 1988 --- [           main] org.apache.catalina.core.StandardEngine  : Starting Servlet engine: [Apache Tomcat/9.0.68]
2025-02-10 11:57:15.443   INFO 1988 --- [           main] o.a.c.c.C.[Tomcat].[localhost].[/]       : Initializing Spring embedded WebApplicationContext
2025-02-10 11:57:15.443   INFO 1988 --- [           main] w.s.c.ServletWebServerApplicationContext : Root WebApplicationContext: initialization completed in 1591 ms
2025-02-10 11:57:17.755   INFO 1988 --- [           main] o.s.s.web.DefaultSecurityFilterChain     : Will not secure Ant [pattern='/websocket']
2025-02-10 11:57:17.791   INFO 1988 --- [           main] o.s.s.web.DefaultSecurityFilterChain     : Will secure com.wms.config.SecurityConfig$$Lambda$1044/0x0000000801320cc8@30221cfa with [org.springframework.security.web.context.request.async.WebAsyncManagerIntegrationFilter@662061e3, org.springframework.security.web.context.SecurityContextPersistenceFilter@796e2187, org.springframework.security.web.header.HeaderWriterFilter@38d308e7, org.springframework.web.filter.CorsFilter@1921b43c, org.springframework.security.web.authentication.logout.LogoutFilter@3d42b756, com.wms.filter.jwt.JwtAuthenticationTokenFilter@4e5d5ac1, org.springframework.security.web.session.ConcurrentSessionFilter@160cf225, org.springframework.security.web.savedrequest.RequestCacheAwareFilter@4724b2c1, org.springframework.security.web.servletapi.SecurityContextHolderAwareRequestFilter@2148b47e, org.springframework.security.web.authentication.AnonymousAuthenticationFilter@79e15c4a, org.springframework.security.web.session.SessionManagementFilter@24558113, org.springframework.security.web.access.ExceptionTranslationFilter@17ebbf1e, org.springframework.security.web.access.intercept.FilterSecurityInterceptor@7bf16972]
2025-02-10 11:57:17.882   INFO 1988 --- [           main] o.a.coyote.http11.Http11NioProtocol      : Starting ProtocolHandler ["http-nio-1217"]
2025-02-10 11:57:17.903   INFO 1988 --- [           main] o.s.b.w.embedded.tomcat.TomcatWebServer  : Tomcat started on port(s): 1217 (http) with context path ''
2025-02-10 11:57:18.419   INFO 1988 --- [           main] com.wms.WmsServerApplication             : Started WmsServerApplication in 4.973 seconds (JVM running for 5.709)
2025-02-10 11:57:22.433   INFO 1988 --- [nio-1217-exec-2] o.a.c.c.C.[Tomcat].[localhost].[/]       : Initializing Spring DispatcherServlet 'dispatcherServlet'
2025-02-10 11:57:22.433   INFO 1988 --- [nio-1217-exec-2] o.s.web.servlet.DispatcherServlet        : Initializing Servlet 'dispatcherServlet'
2025-02-10 11:57:22.435   INFO 1988 --- [nio-1217-exec-2] o.s.web.servlet.DispatcherServlet        : Completed initialization in 2 ms
2025-02-10 11:57:22.593   INFO 1988 --- [nio-1217-exec-2] com.alibaba.druid.pool.DruidDataSource   : {dataSource-1} inited
2025-02-10 11:57:22.738   INFO 1988 --- [nio-1217-exec-2] c.wms.connect.websocket.WebSocketServer  : 有新窗口开始监听:admin,当前在线人数为1
2025-02-10 11:57:23.378   INFO 1988 --- [nio-1217-exec-1] c.wms.connect.websocket.WebSocketServer  : 有一连接关闭！当前在线人数为0
2025-02-10 11:57:25.373   INFO 1988 --- [nio-1217-exec-7] c.wms.connect.websocket.WebSocketServer  : 有新窗口开始监听:admin,当前在线人数为1
2025-02-10 11:58:51.837   INFO 1988 --- [io-1217-exec-10] c.wms.connect.websocket.WebSocketServer  : 有一连接关闭！当前在线人数为0
2025-02-10 11:58:52.321   INFO 1988 --- [nio-1217-exec-2] c.wms.connect.websocket.WebSocketServer  : 有新窗口开始监听:admin,当前在线人数为1
2025-02-10 14:30:59.154   INFO 1988 --- [io-1217-exec-10] c.wms.connect.websocket.WebSocketServer  : 有一连接关闭！当前在线人数为0
2025-02-10 14:30:59.698   INFO 1988 --- [nio-1217-exec-1] c.wms.connect.websocket.WebSocketServer  : 有新窗口开始监听:admin,当前在线人数为1
2025-02-10 14:32:25.379   INFO 1988 --- [nio-1217-exec-6] c.wms.connect.websocket.WebSocketServer  : 有一连接关闭！当前在线人数为0
2025-02-10 14:32:25.869   INFO 1988 --- [nio-1217-exec-7] c.wms.connect.websocket.WebSocketServer  : 有新窗口开始监听:admin,当前在线人数为1
2025-02-10 14:32:31.251   INFO 1988 --- [nio-1217-exec-3] c.wms.connect.websocket.WebSocketServer  : 有一连接关闭！当前在线人数为0
2025-02-10 14:32:32.138   INFO 1988 --- [nio-1217-exec-5] c.wms.connect.websocket.WebSocketServer  : 有新窗口开始监听:admin,当前在线人数为1
2025-02-10 14:37:48.097   INFO 1988 --- [ionShutdownHook] c.wms.connect.websocket.WebSocketServer  : 有一连接关闭！当前在线人数为0
2025-02-10 14:37:48.128   INFO 1988 --- [ionShutdownHook] com.alibaba.druid.pool.DruidDataSource   : {dataSource-1} closing ...
2025-02-10 14:37:48.129   INFO 1988 --- [ionShutdownHook] com.alibaba.druid.pool.DruidDataSource   : {dataSource-1} closed
2025-02-10 14:37:51.837   INFO 20860 --- [           main] com.wms.WmsServerApplication             : Starting WmsServerApplication using Java 17.0.5 on Disney with PID 20860 (K:\GitHub\notes\project\wms-server\target\classes started by qe249 in K:\GitHub\notes\project\wms-server)
2025-02-10 14:37:51.842   INFO 20860 --- [           main] com.wms.WmsServerApplication             : The following 1 profile is active: "dev"
2025-02-10 14:37:52.583   INFO 20860 --- [           main] .s.d.r.c.RepositoryConfigurationDelegate : Multiple Spring Data modules found, entering strict repository configuration mode
2025-02-10 14:37:52.585   INFO 20860 --- [           main] .s.d.r.c.RepositoryConfigurationDelegate : Bootstrapping Spring Data Redis repositories in DEFAULT mode.
2025-02-10 14:37:52.608   INFO 20860 --- [           main] .s.d.r.c.RepositoryConfigurationDelegate : Finished Spring Data repository scanning in 13 ms. Found 0 Redis repository interfaces.
2025-02-10 14:37:53.358   INFO 20860 --- [           main] o.s.b.w.embedded.tomcat.TomcatWebServer  : Tomcat initialized with port(s): 1217 (http)
2025-02-10 14:37:53.365   INFO 20860 --- [           main] o.a.coyote.http11.Http11NioProtocol      : Initializing ProtocolHandler ["http-nio-1217"]
2025-02-10 14:37:53.366   INFO 20860 --- [           main] o.apache.catalina.core.StandardService   : Starting service [Tomcat]
2025-02-10 14:37:53.366   INFO 20860 --- [           main] org.apache.catalina.core.StandardEngine  : Starting Servlet engine: [Apache Tomcat/9.0.68]
2025-02-10 14:37:53.450   INFO 20860 --- [           main] o.a.c.c.C.[Tomcat].[localhost].[/]       : Initializing Spring embedded WebApplicationContext
2025-02-10 14:37:53.450   INFO 20860 --- [           main] w.s.c.ServletWebServerApplicationContext : Root WebApplicationContext: initialization completed in 1558 ms
2025-02-10 14:37:55.642   INFO 20860 --- [           main] o.s.s.web.DefaultSecurityFilterChain     : Will not secure Ant [pattern='/websocket']
2025-02-10 14:37:55.679   INFO 20860 --- [           main] o.s.s.web.DefaultSecurityFilterChain     : Will secure com.wms.config.SecurityConfig$$Lambda$1044/0x0000000801320cc8@27107a97 with [org.springframework.security.web.context.request.async.WebAsyncManagerIntegrationFilter@eb1e868, org.springframework.security.web.context.SecurityContextPersistenceFilter@3d5e0bf0, org.springframework.security.web.header.HeaderWriterFilter@426940f9, org.springframework.web.filter.CorsFilter@71a7cf7c, org.springframework.security.web.authentication.logout.LogoutFilter@3c34c491, com.wms.filter.jwt.JwtAuthenticationTokenFilter@70777a65, org.springframework.security.web.session.ConcurrentSessionFilter@2ea0161f, org.springframework.security.web.savedrequest.RequestCacheAwareFilter@32e9c3af, org.springframework.security.web.servletapi.SecurityContextHolderAwareRequestFilter@48cd8e71, org.springframework.security.web.authentication.AnonymousAuthenticationFilter@7f49df25, org.springframework.security.web.session.SessionManagementFilter@38d308e7, org.springframework.security.web.access.ExceptionTranslationFilter@3cb376a3, org.springframework.security.web.access.intercept.FilterSecurityInterceptor@49c947f7]
2025-02-10 14:37:55.765   INFO 20860 --- [           main] o.a.coyote.http11.Http11NioProtocol      : Starting ProtocolHandler ["http-nio-1217"]
2025-02-10 14:37:55.782   INFO 20860 --- [           main] o.s.b.w.embedded.tomcat.TomcatWebServer  : Tomcat started on port(s): 1217 (http) with context path ''
2025-02-10 14:37:56.096   INFO 20860 --- [nio-1217-exec-2] o.a.c.c.C.[Tomcat].[localhost].[/]       : Initializing Spring DispatcherServlet 'dispatcherServlet'
2025-02-10 14:37:56.096   INFO 20860 --- [nio-1217-exec-2] o.s.web.servlet.DispatcherServlet        : Initializing Servlet 'dispatcherServlet'
2025-02-10 14:37:56.097   INFO 20860 --- [nio-1217-exec-2] o.s.web.servlet.DispatcherServlet        : Completed initialization in 1 ms
2025-02-10 14:37:56.175   INFO 20860 --- [           main] com.wms.WmsServerApplication             : Started WmsServerApplication in 4.731 seconds (JVM running for 5.52)
2025-02-10 14:37:56.266   INFO 20860 --- [nio-1217-exec-2] com.alibaba.druid.pool.DruidDataSource   : {dataSource-1} inited
2025-02-10 14:37:56.402   INFO 20860 --- [nio-1217-exec-2] c.wms.connect.websocket.WebSocketServer  : 有新窗口开始监听:admin,当前在线人数为1
2025-02-10 14:38:52.283   INFO 20860 --- [ionShutdownHook] c.wms.connect.websocket.WebSocketServer  : 有一连接关闭！当前在线人数为0
2025-02-10 14:38:52.312   INFO 20860 --- [ionShutdownHook] com.alibaba.druid.pool.DruidDataSource   : {dataSource-1} closing ...
2025-02-10 14:38:52.317   INFO 20860 --- [ionShutdownHook] com.alibaba.druid.pool.DruidDataSource   : {dataSource-1} closed
2025-02-10 14:38:56.616   INFO 16540 --- [           main] com.wms.WmsServerApplication             : Starting WmsServerApplication using Java 17.0.5 on Disney with PID 16540 (K:\GitHub\notes\project\wms-server\target\classes started by qe249 in K:\GitHub\notes\project\wms-server)
2025-02-10 14:38:56.619   INFO 16540 --- [           main] com.wms.WmsServerApplication             : The following 1 profile is active: "dev"
2025-02-10 14:38:57.349   INFO 16540 --- [           main] .s.d.r.c.RepositoryConfigurationDelegate : Multiple Spring Data modules found, entering strict repository configuration mode
2025-02-10 14:38:57.351   INFO 16540 --- [           main] .s.d.r.c.RepositoryConfigurationDelegate : Bootstrapping Spring Data Redis repositories in DEFAULT mode.
2025-02-10 14:38:57.373   INFO 16540 --- [           main] .s.d.r.c.RepositoryConfigurationDelegate : Finished Spring Data repository scanning in 13 ms. Found 0 Redis repository interfaces.
2025-02-10 14:38:58.074   INFO 16540 --- [           main] o.s.b.w.embedded.tomcat.TomcatWebServer  : Tomcat initialized with port(s): 1217 (http)
2025-02-10 14:38:58.086   INFO 16540 --- [           main] o.a.coyote.http11.Http11NioProtocol      : Initializing ProtocolHandler ["http-nio-1217"]
2025-02-10 14:38:58.086   INFO 16540 --- [           main] o.apache.catalina.core.StandardService   : Starting service [Tomcat]
2025-02-10 14:38:58.087   INFO 16540 --- [           main] org.apache.catalina.core.StandardEngine  : Starting Servlet engine: [Apache Tomcat/9.0.68]
2025-02-10 14:38:58.186   INFO 16540 --- [           main] o.a.c.c.C.[Tomcat].[localhost].[/]       : Initializing Spring embedded WebApplicationContext
2025-02-10 14:38:58.186   INFO 16540 --- [           main] w.s.c.ServletWebServerApplicationContext : Root WebApplicationContext: initialization completed in 1520 ms
2025-02-10 14:39:00.383   INFO 16540 --- [           main] o.s.s.web.DefaultSecurityFilterChain     : Will not secure Ant [pattern='/websocket']
2025-02-10 14:39:00.417   INFO 16540 --- [           main] o.s.s.web.DefaultSecurityFilterChain     : Will secure com.wms.config.SecurityConfig$$Lambda$1044/0x0000000801320cc8@27107a97 with [org.springframework.security.web.context.request.async.WebAsyncManagerIntegrationFilter@eb1e868, org.springframework.security.web.context.SecurityContextPersistenceFilter@3d5e0bf0, org.springframework.security.web.header.HeaderWriterFilter@426940f9, org.springframework.web.filter.CorsFilter@71a7cf7c, org.springframework.security.web.authentication.logout.LogoutFilter@3c34c491, com.wms.filter.jwt.JwtAuthenticationTokenFilter@70777a65, org.springframework.security.web.session.ConcurrentSessionFilter@2ea0161f, org.springframework.security.web.savedrequest.RequestCacheAwareFilter@32e9c3af, org.springframework.security.web.servletapi.SecurityContextHolderAwareRequestFilter@48cd8e71, org.springframework.security.web.authentication.AnonymousAuthenticationFilter@7f49df25, org.springframework.security.web.session.SessionManagementFilter@38d308e7, org.springframework.security.web.access.ExceptionTranslationFilter@3cb376a3, org.springframework.security.web.access.intercept.FilterSecurityInterceptor@49c947f7]
2025-02-10 14:39:00.516   INFO 16540 --- [           main] o.a.coyote.http11.Http11NioProtocol      : Starting ProtocolHandler ["http-nio-1217"]
2025-02-10 14:39:00.532   INFO 16540 --- [           main] o.s.b.w.embedded.tomcat.TomcatWebServer  : Tomcat started on port(s): 1217 (http) with context path ''
2025-02-10 14:39:00.968   INFO 16540 --- [           main] com.wms.WmsServerApplication             : Started WmsServerApplication in 4.706 seconds (JVM running for 5.432)
2025-02-10 14:39:05.090   INFO 16540 --- [nio-1217-exec-2] o.a.c.c.C.[Tomcat].[localhost].[/]       : Initializing Spring DispatcherServlet 'dispatcherServlet'
2025-02-10 14:39:05.090   INFO 16540 --- [nio-1217-exec-2] o.s.web.servlet.DispatcherServlet        : Initializing Servlet 'dispatcherServlet'
2025-02-10 14:39:05.091   INFO 16540 --- [nio-1217-exec-2] o.s.web.servlet.DispatcherServlet        : Completed initialization in 1 ms
2025-02-10 14:39:05.239   INFO 16540 --- [nio-1217-exec-2] com.alibaba.druid.pool.DruidDataSource   : {dataSource-1} inited
2025-02-10 14:39:05.369   INFO 16540 --- [nio-1217-exec-2] c.wms.connect.websocket.WebSocketServer  : 有新窗口开始监听:admin,当前在线人数为1
2025-02-10 14:39:06.249   INFO 16540 --- [nio-1217-exec-1] c.wms.connect.websocket.WebSocketServer  : 有一连接关闭！当前在线人数为0
2025-02-10 14:39:08.348   INFO 16540 --- [nio-1217-exec-8] c.wms.connect.websocket.WebSocketServer  : 有新窗口开始监听:admin,当前在线人数为1
2025-02-10 14:39:54.780   INFO 16540 --- [ionShutdownHook] c.wms.connect.websocket.WebSocketServer  : 有一连接关闭！当前在线人数为0
2025-02-10 14:39:54.806   INFO 16540 --- [ionShutdownHook] com.alibaba.druid.pool.DruidDataSource   : {dataSource-1} closing ...
2025-02-10 14:39:54.813   INFO 16540 --- [ionShutdownHook] com.alibaba.druid.pool.DruidDataSource   : {dataSource-1} closed
2025-02-10 14:39:58.488   INFO 14920 --- [           main] com.wms.WmsServerApplication             : Starting WmsServerApplication using Java 17.0.5 on Disney with PID 14920 (K:\GitHub\notes\project\wms-server\target\classes started by qe249 in K:\GitHub\notes\project\wms-server)
2025-02-10 14:39:58.491   INFO 14920 --- [           main] com.wms.WmsServerApplication             : The following 1 profile is active: "dev"
2025-02-10 14:39:59.822   INFO 14920 --- [           main] .s.d.r.c.RepositoryConfigurationDelegate : Multiple Spring Data modules found, entering strict repository configuration mode
2025-02-10 14:39:59.824   INFO 14920 --- [           main] .s.d.r.c.RepositoryConfigurationDelegate : Bootstrapping Spring Data Redis repositories in DEFAULT mode.
2025-02-10 14:39:59.851   INFO 14920 --- [           main] .s.d.r.c.RepositoryConfigurationDelegate : Finished Spring Data repository scanning in 17 ms. Found 0 Redis repository interfaces.
2025-02-10 14:40:00.703   INFO 14920 --- [           main] o.s.b.w.embedded.tomcat.TomcatWebServer  : Tomcat initialized with port(s): 1217 (http)
2025-02-10 14:40:00.716   INFO 14920 --- [           main] o.a.coyote.http11.Http11NioProtocol      : Initializing ProtocolHandler ["http-nio-1217"]
2025-02-10 14:40:00.716   INFO 14920 --- [           main] o.apache.catalina.core.StandardService   : Starting service [Tomcat]
2025-02-10 14:40:00.717   INFO 14920 --- [           main] org.apache.catalina.core.StandardEngine  : Starting Servlet engine: [Apache Tomcat/9.0.68]
2025-02-10 14:40:00.807   INFO 14920 --- [           main] o.a.c.c.C.[Tomcat].[localhost].[/]       : Initializing Spring embedded WebApplicationContext
2025-02-10 14:40:00.808   INFO 14920 --- [           main] w.s.c.ServletWebServerApplicationContext : Root WebApplicationContext: initialization completed in 2273 ms
2025-02-10 14:40:03.482   INFO 14920 --- [           main] o.s.s.web.DefaultSecurityFilterChain     : Will not secure Ant [pattern='/websocket']
2025-02-10 14:40:03.527   INFO 14920 --- [           main] o.s.s.web.DefaultSecurityFilterChain     : Will secure com.wms.config.SecurityConfig$$Lambda$1044/0x0000000801320658@2a666c8e with [org.springframework.security.web.context.request.async.WebAsyncManagerIntegrationFilter@18adc20a, org.springframework.security.web.context.SecurityContextPersistenceFilter@5c8d631, org.springframework.security.web.header.HeaderWriterFilter@4724b2c1, org.springframework.web.filter.CorsFilter@7e7987b8, org.springframework.security.web.authentication.logout.LogoutFilter@578c99ac, com.wms.filter.jwt.JwtAuthenticationTokenFilter@116fc29e, org.springframework.security.web.session.ConcurrentSessionFilter@6af29394, org.springframework.security.web.savedrequest.RequestCacheAwareFilter@3fc14dc0, org.springframework.security.web.servletapi.SecurityContextHolderAwareRequestFilter@552b15f6, org.springframework.security.web.authentication.AnonymousAuthenticationFilter@6bcfb561, org.springframework.security.web.session.SessionManagementFilter@243162b1, org.springframework.security.web.access.ExceptionTranslationFilter@7bb86ac, org.springframework.security.web.access.intercept.FilterSecurityInterceptor@123e9094]
2025-02-10 14:40:03.625   INFO 14920 --- [           main] o.a.coyote.http11.Http11NioProtocol      : Starting ProtocolHandler ["http-nio-1217"]
2025-02-10 14:40:03.645   INFO 14920 --- [           main] o.s.b.w.embedded.tomcat.TomcatWebServer  : Tomcat started on port(s): 1217 (http) with context path ''
2025-02-10 14:40:04.586   INFO 14920 --- [           main] com.wms.WmsServerApplication             : Started WmsServerApplication in 6.484 seconds (JVM running for 7.196)
2025-02-10 14:40:08.035   INFO 14920 --- [nio-1217-exec-2] o.a.c.c.C.[Tomcat].[localhost].[/]       : Initializing Spring DispatcherServlet 'dispatcherServlet'
2025-02-10 14:40:08.035   INFO 14920 --- [nio-1217-exec-2] o.s.web.servlet.DispatcherServlet        : Initializing Servlet 'dispatcherServlet'
2025-02-10 14:40:08.036   INFO 14920 --- [nio-1217-exec-2] o.s.web.servlet.DispatcherServlet        : Completed initialization in 1 ms
2025-02-10 14:40:08.280   INFO 14920 --- [nio-1217-exec-2] com.alibaba.druid.pool.DruidDataSource   : {dataSource-1} inited
2025-02-10 14:40:08.615   INFO 14920 --- [nio-1217-exec-2] c.wms.connect.websocket.WebSocketServer  : 有新窗口开始监听:admin,当前在线人数为1
2025-02-10 14:40:31.130   INFO 14920 --- [nio-1217-exec-4] c.wms.connect.websocket.WebSocketServer  : 有一连接关闭！当前在线人数为0
2025-02-10 14:40:32.767   INFO 14920 --- [nio-1217-exec-9] c.wms.connect.websocket.WebSocketServer  : 有新窗口开始监听:admin,当前在线人数为1
2025-02-10 14:58:04.539   INFO 14920 --- [nio-1217-exec-8] c.wms.connect.websocket.WebSocketServer  : 有一连接关闭！当前在线人数为0
2025-02-10 14:58:05.080   INFO 14920 --- [io-1217-exec-10] c.wms.connect.websocket.WebSocketServer  : 有新窗口开始监听:admin,当前在线人数为1
2025-02-10 14:59:04.212   INFO 14920 --- [nio-1217-exec-8] c.wms.connect.websocket.WebSocketServer  : 有一连接关闭！当前在线人数为0
2025-02-10 14:59:04.738   INFO 14920 --- [io-1217-exec-10] c.wms.connect.websocket.WebSocketServer  : 有新窗口开始监听:admin,当前在线人数为1
2025-02-10 15:03:53.950   INFO 14920 --- [nio-1217-exec-3] c.wms.connect.websocket.WebSocketServer  : 有一连接关闭！当前在线人数为0
2025-02-10 15:03:54.436   INFO 14920 --- [nio-1217-exec-5] c.wms.connect.websocket.WebSocketServer  : 有新窗口开始监听:admin,当前在线人数为1
2025-02-10 15:06:06.000   INFO 14920 --- [nio-1217-exec-1] c.wms.connect.websocket.WebSocketServer  : 有一连接关闭！当前在线人数为0
2025-02-10 15:06:06.385   INFO 14920 --- [nio-1217-exec-7] c.wms.connect.websocket.WebSocketServer  : 有新窗口开始监听:admin,当前在线人数为1
2025-02-10 15:07:01.724   INFO 14920 --- [nio-1217-exec-5] c.wms.connect.websocket.WebSocketServer  : 有一连接关闭！当前在线人数为0
2025-02-10 15:07:02.116   INFO 14920 --- [nio-1217-exec-8] c.wms.connect.websocket.WebSocketServer  : 有新窗口开始监听:admin,当前在线人数为1
2025-02-10 15:15:32.217   INFO 14920 --- [nio-1217-exec-2] c.wms.connect.websocket.WebSocketServer  : 有一连接关闭！当前在线人数为0
2025-02-10 15:15:33.128   INFO 14920 --- [nio-1217-exec-3] c.wms.connect.websocket.WebSocketServer  : 有新窗口开始监听:admin,当前在线人数为1
2025-02-10 15:18:04.320   INFO 14920 --- [nio-1217-exec-5] c.wms.connect.websocket.WebSocketServer  : 有一连接关闭！当前在线人数为0
2025-02-10 15:18:05.239   INFO 14920 --- [nio-1217-exec-8] c.wms.connect.websocket.WebSocketServer  : 有新窗口开始监听:admin,当前在线人数为1
2025-02-10 15:21:44.962   INFO 14920 --- [nio-1217-exec-8] c.wms.connect.websocket.WebSocketServer  : 有一连接关闭！当前在线人数为0
2025-02-10 15:21:45.827   INFO 14920 --- [io-1217-exec-10] c.wms.connect.websocket.WebSocketServer  : 有新窗口开始监听:admin,当前在线人数为1
2025-02-10 15:22:00.457   INFO 14920 --- [nio-1217-exec-5] c.wms.connect.websocket.WebSocketServer  : 有一连接关闭！当前在线人数为0
2025-02-10 15:22:01.348   INFO 14920 --- [nio-1217-exec-8] c.wms.connect.websocket.WebSocketServer  : 有新窗口开始监听:admin,当前在线人数为1
2025-02-10 15:23:15.064   INFO 14920 --- [nio-1217-exec-4] c.wms.connect.websocket.WebSocketServer  : 有一连接关闭！当前在线人数为0
2025-02-10 15:23:15.547   INFO 14920 --- [nio-1217-exec-6] c.wms.connect.websocket.WebSocketServer  : 有新窗口开始监听:admin,当前在线人数为1
2025-02-10 15:23:28.489   INFO 14920 --- [nio-1217-exec-3] c.wms.connect.websocket.WebSocketServer  : 有一连接关闭！当前在线人数为0
2025-02-10 15:23:29.372   INFO 14920 --- [nio-1217-exec-4] c.wms.connect.websocket.WebSocketServer  : 有新窗口开始监听:admin,当前在线人数为1
2025-02-10 15:24:51.326   INFO 14920 --- [nio-1217-exec-5] c.wms.connect.websocket.WebSocketServer  : 有一连接关闭！当前在线人数为0
2025-02-10 15:24:51.816   INFO 14920 --- [nio-1217-exec-8] c.wms.connect.websocket.WebSocketServer  : 有新窗口开始监听:admin,当前在线人数为1
2025-02-10 15:45:27.339   INFO 14920 --- [ionShutdownHook] c.wms.connect.websocket.WebSocketServer  : 有一连接关闭！当前在线人数为0
2025-02-10 15:45:27.387   INFO 14920 --- [ionShutdownHook] com.alibaba.druid.pool.DruidDataSource   : {dataSource-1} closing ...
2025-02-10 15:45:27.390   INFO 14920 --- [ionShutdownHook] com.alibaba.druid.pool.DruidDataSource   : {dataSource-1} closed
2025-02-10 15:45:31.579   INFO 8904 --- [           main] com.wms.WmsServerApplication             : Starting WmsServerApplication using Java 17.0.5 on Disney with PID 8904 (K:\GitHub\notes\project\wms-server\target\classes started by qe249 in K:\GitHub\notes\project\wms-server)
2025-02-10 15:45:31.582   INFO 8904 --- [           main] com.wms.WmsServerApplication             : The following 1 profile is active: "dev"
2025-02-10 15:45:32.381   INFO 8904 --- [           main] .s.d.r.c.RepositoryConfigurationDelegate : Multiple Spring Data modules found, entering strict repository configuration mode
2025-02-10 15:45:32.383   INFO 8904 --- [           main] .s.d.r.c.RepositoryConfigurationDelegate : Bootstrapping Spring Data Redis repositories in DEFAULT mode.
2025-02-10 15:45:32.408   INFO 8904 --- [           main] .s.d.r.c.RepositoryConfigurationDelegate : Finished Spring Data repository scanning in 13 ms. Found 0 Redis repository interfaces.
2025-02-10 15:45:33.090   INFO 8904 --- [           main] o.s.b.w.embedded.tomcat.TomcatWebServer  : Tomcat initialized with port(s): 1217 (http)
2025-02-10 15:45:33.103   INFO 8904 --- [           main] o.a.coyote.http11.Http11NioProtocol      : Initializing ProtocolHandler ["http-nio-1217"]
2025-02-10 15:45:33.104   INFO 8904 --- [           main] o.apache.catalina.core.StandardService   : Starting service [Tomcat]
2025-02-10 15:45:33.104   INFO 8904 --- [           main] org.apache.catalina.core.StandardEngine  : Starting Servlet engine: [Apache Tomcat/9.0.68]
2025-02-10 15:45:33.202   INFO 8904 --- [           main] o.a.c.c.C.[Tomcat].[localhost].[/]       : Initializing Spring embedded WebApplicationContext
2025-02-10 15:45:33.202   INFO 8904 --- [           main] w.s.c.ServletWebServerApplicationContext : Root WebApplicationContext: initialization completed in 1575 ms
2025-02-10 15:45:35.486   INFO 8904 --- [           main] o.s.s.web.DefaultSecurityFilterChain     : Will not secure Ant [pattern='/websocket']
2025-02-10 15:45:35.520   INFO 8904 --- [           main] o.s.s.web.DefaultSecurityFilterChain     : Will secure com.wms.config.SecurityConfig$$Lambda$1044/0x0000000801320620@27107a97 with [org.springframework.security.web.context.request.async.WebAsyncManagerIntegrationFilter@eb1e868, org.springframework.security.web.context.SecurityContextPersistenceFilter@3d5e0bf0, org.springframework.security.web.header.HeaderWriterFilter@426940f9, org.springframework.web.filter.CorsFilter@71a7cf7c, org.springframework.security.web.authentication.logout.LogoutFilter@3c34c491, com.wms.filter.jwt.JwtAuthenticationTokenFilter@70777a65, org.springframework.security.web.session.ConcurrentSessionFilter@2ea0161f, org.springframework.security.web.savedrequest.RequestCacheAwareFilter@32e9c3af, org.springframework.security.web.servletapi.SecurityContextHolderAwareRequestFilter@48cd8e71, org.springframework.security.web.authentication.AnonymousAuthenticationFilter@7f49df25, org.springframework.security.web.session.SessionManagementFilter@38d308e7, org.springframework.security.web.access.ExceptionTranslationFilter@3cb376a3, org.springframework.security.web.access.intercept.FilterSecurityInterceptor@49c947f7]
2025-02-10 15:45:35.602   INFO 8904 --- [           main] o.a.coyote.http11.Http11NioProtocol      : Starting ProtocolHandler ["http-nio-1217"]
2025-02-10 15:45:35.618   INFO 8904 --- [           main] o.s.b.w.embedded.tomcat.TomcatWebServer  : Tomcat started on port(s): 1217 (http) with context path ''
2025-02-10 15:45:35.994   INFO 8904 --- [           main] com.wms.WmsServerApplication             : Started WmsServerApplication in 4.762 seconds (JVM running for 5.54)
2025-02-10 15:45:41.026   INFO 8904 --- [nio-1217-exec-1] o.a.c.c.C.[Tomcat].[localhost].[/]       : Initializing Spring DispatcherServlet 'dispatcherServlet'
2025-02-10 15:45:41.026   INFO 8904 --- [nio-1217-exec-1] o.s.web.servlet.DispatcherServlet        : Initializing Servlet 'dispatcherServlet'
2025-02-10 15:45:41.027   INFO 8904 --- [nio-1217-exec-1] o.s.web.servlet.DispatcherServlet        : Completed initialization in 1 ms
2025-02-10 15:45:41.162   INFO 8904 --- [nio-1217-exec-1] com.alibaba.druid.pool.DruidDataSource   : {dataSource-1} inited
2025-02-10 15:45:41.293   INFO 8904 --- [nio-1217-exec-1] c.wms.connect.websocket.WebSocketServer  : 有新窗口开始监听:admin,当前在线人数为1
2025-02-10 15:48:08.923   INFO 8904 --- [ionShutdownHook] c.wms.connect.websocket.WebSocketServer  : 有一连接关闭！当前在线人数为0
2025-02-10 15:48:08.950   INFO 8904 --- [ionShutdownHook] com.alibaba.druid.pool.DruidDataSource   : {dataSource-1} closing ...
2025-02-10 15:48:08.952   INFO 8904 --- [ionShutdownHook] com.alibaba.druid.pool.DruidDataSource   : {dataSource-1} closed
2025-02-10 15:48:12.734   INFO 9328 --- [           main] com.wms.WmsServerApplication             : Starting WmsServerApplication using Java 17.0.5 on Disney with PID 9328 (K:\GitHub\notes\project\wms-server\target\classes started by qe249 in K:\GitHub\notes\project\wms-server)
2025-02-10 15:48:12.737   INFO 9328 --- [           main] com.wms.WmsServerApplication             : The following 1 profile is active: "dev"
2025-02-10 15:48:13.536   INFO 9328 --- [           main] .s.d.r.c.RepositoryConfigurationDelegate : Multiple Spring Data modules found, entering strict repository configuration mode
2025-02-10 15:48:13.539   INFO 9328 --- [           main] .s.d.r.c.RepositoryConfigurationDelegate : Bootstrapping Spring Data Redis repositories in DEFAULT mode.
2025-02-10 15:48:13.567   INFO 9328 --- [           main] .s.d.r.c.RepositoryConfigurationDelegate : Finished Spring Data repository scanning in 15 ms. Found 0 Redis repository interfaces.
2025-02-10 15:48:14.278   INFO 9328 --- [           main] o.s.b.w.embedded.tomcat.TomcatWebServer  : Tomcat initialized with port(s): 1217 (http)
2025-02-10 15:48:14.286   INFO 9328 --- [           main] o.a.coyote.http11.Http11NioProtocol      : Initializing ProtocolHandler ["http-nio-1217"]
2025-02-10 15:48:14.286   INFO 9328 --- [           main] o.apache.catalina.core.StandardService   : Starting service [Tomcat]
2025-02-10 15:48:14.286   INFO 9328 --- [           main] org.apache.catalina.core.StandardEngine  : Starting Servlet engine: [Apache Tomcat/9.0.68]
2025-02-10 15:48:14.373   INFO 9328 --- [           main] o.a.c.c.C.[Tomcat].[localhost].[/]       : Initializing Spring embedded WebApplicationContext
2025-02-10 15:48:14.374   INFO 9328 --- [           main] w.s.c.ServletWebServerApplicationContext : Root WebApplicationContext: initialization completed in 1586 ms
2025-02-10 15:48:16.439   INFO 9328 --- [           main] o.s.s.web.DefaultSecurityFilterChain     : Will not secure Ant [pattern='/websocket']
2025-02-10 15:48:16.487   INFO 9328 --- [           main] o.s.s.web.DefaultSecurityFilterChain     : Will secure com.wms.config.SecurityConfig$$Lambda$1044/0x00000008013212c8@3140ad41 with [org.springframework.security.web.context.request.async.WebAsyncManagerIntegrationFilter@3f2d2f22, org.springframework.security.web.context.SecurityContextPersistenceFilter@394e504d, org.springframework.security.web.header.HeaderWriterFilter@1fcf73b9, org.springframework.web.filter.CorsFilter@61c3d7ac, org.springframework.security.web.authentication.logout.LogoutFilter@49ee3b8d, com.wms.filter.jwt.JwtAuthenticationTokenFilter@70777a65, org.springframework.security.web.session.ConcurrentSessionFilter@3d5e0bf0, org.springframework.security.web.savedrequest.RequestCacheAwareFilter@7d4135c9, org.springframework.security.web.servletapi.SecurityContextHolderAwareRequestFilter@426a4301, org.springframework.security.web.authentication.AnonymousAuthenticationFilter@4bc9389, org.springframework.security.web.session.SessionManagementFilter@1a0b4955, org.springframework.security.web.access.ExceptionTranslationFilter@20a18cc9, org.springframework.security.web.access.intercept.FilterSecurityInterceptor@48cbe1c9]
2025-02-10 15:48:16.596   INFO 9328 --- [           main] o.a.coyote.http11.Http11NioProtocol      : Starting ProtocolHandler ["http-nio-1217"]
2025-02-10 15:48:16.618   INFO 9328 --- [           main] o.s.b.w.embedded.tomcat.TomcatWebServer  : Tomcat started on port(s): 1217 (http) with context path ''
2025-02-10 15:48:17.000   INFO 9328 --- [           main] com.wms.WmsServerApplication             : Started WmsServerApplication in 4.659 seconds (JVM running for 5.403)
2025-02-10 15:48:22.034   INFO 9328 --- [nio-1217-exec-2] o.a.c.c.C.[Tomcat].[localhost].[/]       : Initializing Spring DispatcherServlet 'dispatcherServlet'
2025-02-10 15:48:22.034   INFO 9328 --- [nio-1217-exec-2] o.s.web.servlet.DispatcherServlet        : Initializing Servlet 'dispatcherServlet'
2025-02-10 15:48:22.035   INFO 9328 --- [nio-1217-exec-2] o.s.web.servlet.DispatcherServlet        : Completed initialization in 1 ms
2025-02-10 15:48:22.179   INFO 9328 --- [nio-1217-exec-2] com.alibaba.druid.pool.DruidDataSource   : {dataSource-1} inited
2025-02-10 15:48:22.320   INFO 9328 --- [nio-1217-exec-2] c.wms.connect.websocket.WebSocketServer  : 有新窗口开始监听:admin,当前在线人数为1
2025-02-10 15:48:59.075   INFO 9328 --- [nio-1217-exec-5] c.wms.connect.websocket.WebSocketServer  : 有一连接关闭！当前在线人数为0
2025-02-10 15:49:01.132   INFO 9328 --- [nio-1217-exec-2] c.wms.connect.websocket.WebSocketServer  : 有新窗口开始监听:admin,当前在线人数为1
2025-02-10 15:49:32.461   INFO 9328 --- [ionShutdownHook] c.wms.connect.websocket.WebSocketServer  : 有一连接关闭！当前在线人数为0
2025-02-10 15:49:32.492   INFO 9328 --- [ionShutdownHook] com.alibaba.druid.pool.DruidDataSource   : {dataSource-1} closing ...
2025-02-10 15:49:32.496   INFO 9328 --- [ionShutdownHook] com.alibaba.druid.pool.DruidDataSource   : {dataSource-1} closed
2025-02-10 15:49:36.215   INFO 4724 --- [           main] com.wms.WmsServerApplication             : Starting WmsServerApplication using Java 17.0.5 on Disney with PID 4724 (K:\GitHub\notes\project\wms-server\target\classes started by qe249 in K:\GitHub\notes\project\wms-server)
2025-02-10 15:49:36.217   INFO 4724 --- [           main] com.wms.WmsServerApplication             : The following 1 profile is active: "dev"
2025-02-10 15:49:36.947   INFO 4724 --- [           main] .s.d.r.c.RepositoryConfigurationDelegate : Multiple Spring Data modules found, entering strict repository configuration mode
2025-02-10 15:49:36.949   INFO 4724 --- [           main] .s.d.r.c.RepositoryConfigurationDelegate : Bootstrapping Spring Data Redis repositories in DEFAULT mode.
2025-02-10 15:49:36.978   INFO 4724 --- [           main] .s.d.r.c.RepositoryConfigurationDelegate : Finished Spring Data repository scanning in 18 ms. Found 0 Redis repository interfaces.
2025-02-10 15:49:37.648   INFO 4724 --- [           main] o.s.b.w.embedded.tomcat.TomcatWebServer  : Tomcat initialized with port(s): 1217 (http)
2025-02-10 15:49:37.656   INFO 4724 --- [           main] o.a.coyote.http11.Http11NioProtocol      : Initializing ProtocolHandler ["http-nio-1217"]
2025-02-10 15:49:37.656   INFO 4724 --- [           main] o.apache.catalina.core.StandardService   : Starting service [Tomcat]
2025-02-10 15:49:37.657   INFO 4724 --- [           main] org.apache.catalina.core.StandardEngine  : Starting Servlet engine: [Apache Tomcat/9.0.68]
2025-02-10 15:49:37.735   INFO 4724 --- [           main] o.a.c.c.C.[Tomcat].[localhost].[/]       : Initializing Spring embedded WebApplicationContext
2025-02-10 15:49:37.736   INFO 4724 --- [           main] w.s.c.ServletWebServerApplicationContext : Root WebApplicationContext: initialization completed in 1479 ms
2025-02-10 15:49:39.907   INFO 4724 --- [           main] o.s.s.web.DefaultSecurityFilterChain     : Will not secure Ant [pattern='/websocket']
2025-02-10 15:49:39.940   INFO 4724 --- [           main] o.s.s.web.DefaultSecurityFilterChain     : Will secure com.wms.config.SecurityConfig$$Lambda$1044/0x0000000801320848@27107a97 with [org.springframework.security.web.context.request.async.WebAsyncManagerIntegrationFilter@eb1e868, org.springframework.security.web.context.SecurityContextPersistenceFilter@3d5e0bf0, org.springframework.security.web.header.HeaderWriterFilter@426940f9, org.springframework.web.filter.CorsFilter@71a7cf7c, org.springframework.security.web.authentication.logout.LogoutFilter@3c34c491, com.wms.filter.jwt.JwtAuthenticationTokenFilter@70777a65, org.springframework.security.web.session.ConcurrentSessionFilter@2ea0161f, org.springframework.security.web.savedrequest.RequestCacheAwareFilter@32e9c3af, org.springframework.security.web.servletapi.SecurityContextHolderAwareRequestFilter@48cd8e71, org.springframework.security.web.authentication.AnonymousAuthenticationFilter@7f49df25, org.springframework.security.web.session.SessionManagementFilter@38d308e7, org.springframework.security.web.access.ExceptionTranslationFilter@3cb376a3, org.springframework.security.web.access.intercept.FilterSecurityInterceptor@49c947f7]
2025-02-10 15:49:40.029   INFO 4724 --- [           main] o.a.coyote.http11.Http11NioProtocol      : Starting ProtocolHandler ["http-nio-1217"]
2025-02-10 15:49:40.046   INFO 4724 --- [           main] o.s.b.w.embedded.tomcat.TomcatWebServer  : Tomcat started on port(s): 1217 (http) with context path ''
2025-02-10 15:49:40.398   INFO 4724 --- [           main] com.wms.WmsServerApplication             : Started WmsServerApplication in 4.526 seconds (JVM running for 5.266)
2025-02-10 15:49:46.025   INFO 4724 --- [nio-1217-exec-1] o.a.c.c.C.[Tomcat].[localhost].[/]       : Initializing Spring DispatcherServlet 'dispatcherServlet'
2025-02-10 15:49:46.026   INFO 4724 --- [nio-1217-exec-1] o.s.web.servlet.DispatcherServlet        : Initializing Servlet 'dispatcherServlet'
2025-02-10 15:49:46.027   INFO 4724 --- [nio-1217-exec-1] o.s.web.servlet.DispatcherServlet        : Completed initialization in 1 ms
2025-02-10 15:49:46.157   INFO 4724 --- [nio-1217-exec-1] com.alibaba.druid.pool.DruidDataSource   : {dataSource-1} inited
2025-02-10 15:49:46.288   INFO 4724 --- [nio-1217-exec-1] c.wms.connect.websocket.WebSocketServer  : 有新窗口开始监听:admin,当前在线人数为1
2025-02-10 15:50:24.307   INFO 4724 --- [nio-1217-exec-3] c.wms.connect.websocket.WebSocketServer  : 有一连接关闭！当前在线人数为0
2025-02-10 15:50:26.656   INFO 4724 --- [nio-1217-exec-8] c.wms.connect.websocket.WebSocketServer  : 有新窗口开始监听:admin,当前在线人数为1
2025-02-10 15:59:01.656   INFO 4724 --- [nio-1217-exec-3] c.wms.connect.websocket.WebSocketServer  : 有一连接关闭！当前在线人数为0
2025-02-10 15:59:02.166   INFO 4724 --- [nio-1217-exec-5] c.wms.connect.websocket.WebSocketServer  : 有新窗口开始监听:admin,当前在线人数为1
2025-02-10 15:59:04.267   INFO 4724 --- [nio-1217-exec-9] c.wms.connect.websocket.WebSocketServer  : 有一连接关闭！当前在线人数为0
2025-02-10 15:59:05.189   INFO 4724 --- [nio-1217-exec-1] c.wms.connect.websocket.WebSocketServer  : 有新窗口开始监听:admin,当前在线人数为1
2025-02-10 16:00:00.486   INFO 4724 --- [nio-1217-exec-8] c.wms.connect.websocket.WebSocketServer  : 有一连接关闭！当前在线人数为0
2025-02-10 16:00:01.032   INFO 4724 --- [io-1217-exec-10] c.wms.connect.websocket.WebSocketServer  : 有新窗口开始监听:admin,当前在线人数为1
2025-02-10 16:03:27.643   INFO 4724 --- [nio-1217-exec-1] c.wms.connect.websocket.WebSocketServer  : 有一连接关闭！当前在线人数为0
2025-02-10 16:03:28.138   INFO 4724 --- [nio-1217-exec-3] c.wms.connect.websocket.WebSocketServer  : 有新窗口开始监听:admin,当前在线人数为1
2025-02-10 16:31:05.479   INFO 4724 --- [nio-1217-exec-9] c.wms.connect.websocket.WebSocketServer  : 有一连接关闭！当前在线人数为0
2025-02-10 16:31:06.357   INFO 4724 --- [nio-1217-exec-1] c.wms.connect.websocket.WebSocketServer  : 有新窗口开始监听:admin,当前在线人数为1
2025-02-10 16:36:40.490   INFO 4724 --- [ionShutdownHook] c.wms.connect.websocket.WebSocketServer  : 有一连接关闭！当前在线人数为0
2025-02-10 16:36:40.526   INFO 4724 --- [ionShutdownHook] com.alibaba.druid.pool.DruidDataSource   : {dataSource-1} closing ...
2025-02-10 16:36:40.528   INFO 4724 --- [ionShutdownHook] com.alibaba.druid.pool.DruidDataSource   : {dataSource-1} closed
2025-02-10 16:36:50.788   INFO 10180 --- [           main] com.wms.WmsServerApplication             : Starting WmsServerApplication using Java 17.0.5 on Disney with PID 10180 (K:\GitHub\notes\project\wms-server\target\classes started by qe249 in K:\GitHub\notes\project\wms-server)
2025-02-10 16:36:50.790   INFO 10180 --- [           main] com.wms.WmsServerApplication             : The following 1 profile is active: "dev"
2025-02-10 16:36:52.451   INFO 10180 --- [           main] .s.d.r.c.RepositoryConfigurationDelegate : Multiple Spring Data modules found, entering strict repository configuration mode
2025-02-10 16:36:52.453   INFO 10180 --- [           main] .s.d.r.c.RepositoryConfigurationDelegate : Bootstrapping Spring Data Redis repositories in DEFAULT mode.
2025-02-10 16:36:52.476   INFO 10180 --- [           main] .s.d.r.c.RepositoryConfigurationDelegate : Finished Spring Data repository scanning in 13 ms. Found 0 Redis repository interfaces.
2025-02-10 16:36:53.149   INFO 10180 --- [           main] o.s.b.w.embedded.tomcat.TomcatWebServer  : Tomcat initialized with port(s): 1217 (http)
2025-02-10 16:36:53.156   INFO 10180 --- [           main] o.a.coyote.http11.Http11NioProtocol      : Initializing ProtocolHandler ["http-nio-1217"]
2025-02-10 16:36:53.157   INFO 10180 --- [           main] o.apache.catalina.core.StandardService   : Starting service [Tomcat]
2025-02-10 16:36:53.157   INFO 10180 --- [           main] org.apache.catalina.core.StandardEngine  : Starting Servlet engine: [Apache Tomcat/9.0.68]
2025-02-10 16:36:53.234   INFO 10180 --- [           main] o.a.c.c.C.[Tomcat].[localhost].[/]       : Initializing Spring embedded WebApplicationContext
2025-02-10 16:36:53.234   INFO 10180 --- [           main] w.s.c.ServletWebServerApplicationContext : Root WebApplicationContext: initialization completed in 2404 ms
2025-02-10 16:36:55.358   INFO 10180 --- [           main] o.s.s.web.DefaultSecurityFilterChain     : Will not secure Ant [pattern='/websocket']
2025-02-10 16:36:55.391   INFO 10180 --- [           main] o.s.s.web.DefaultSecurityFilterChain     : Will secure com.wms.config.SecurityConfig$$Lambda$1031/0x0000000801300000@6870a76f with [org.springframework.security.web.context.request.async.WebAsyncManagerIntegrationFilter@42257df7, org.springframework.security.web.context.SecurityContextPersistenceFilter@410f1452, org.springframework.security.web.header.HeaderWriterFilter@160cf225, org.springframework.web.filter.CorsFilter@7b11ff9a, org.springframework.security.web.authentication.logout.LogoutFilter@4ed5492c, com.wms.filter.jwt.JwtAuthenticationTokenFilter@50f3ba6a, org.springframework.security.web.session.ConcurrentSessionFilter@7bb86ac, org.springframework.security.web.savedrequest.RequestCacheAwareFilter@6af29394, org.springframework.security.web.servletapi.SecurityContextHolderAwareRequestFilter@49ee3b8d, org.springframework.security.web.authentication.AnonymousAuthenticationFilter@3bd79444, org.springframework.security.web.session.SessionManagementFilter@48cd8e71, org.springframework.security.web.access.ExceptionTranslationFilter@53153d5e, org.springframework.security.web.access.intercept.FilterSecurityInterceptor@7f49df25]
2025-02-10 16:36:55.482   INFO 10180 --- [           main] o.a.coyote.http11.Http11NioProtocol      : Starting ProtocolHandler ["http-nio-1217"]
2025-02-10 16:36:55.498   INFO 10180 --- [           main] o.s.b.w.embedded.tomcat.TomcatWebServer  : Tomcat started on port(s): 1217 (http) with context path ''
2025-02-10 16:36:55.867   INFO 10180 --- [           main] com.wms.WmsServerApplication             : Started WmsServerApplication in 5.475 seconds (JVM running for 6.602)
2025-02-10 16:36:58.652   INFO 10180 --- [nio-1217-exec-1] o.a.c.c.C.[Tomcat].[localhost].[/]       : Initializing Spring DispatcherServlet 'dispatcherServlet'
2025-02-10 16:36:58.652   INFO 10180 --- [nio-1217-exec-1] o.s.web.servlet.DispatcherServlet        : Initializing Servlet 'dispatcherServlet'
2025-02-10 16:36:58.653   INFO 10180 --- [nio-1217-exec-1] o.s.web.servlet.DispatcherServlet        : Completed initialization in 1 ms
2025-02-10 16:36:58.820   INFO 10180 --- [nio-1217-exec-1] com.alibaba.druid.pool.DruidDataSource   : {dataSource-1} inited
2025-02-10 16:37:00.331   INFO 10180 --- [nio-1217-exec-5] c.wms.connect.websocket.WebSocketServer  : 有新窗口开始监听:admin,当前在线人数为1
2025-02-10 16:42:17.943   INFO 10180 --- [nio-1217-exec-7] c.wms.connect.websocket.WebSocketServer  : 有一连接关闭！当前在线人数为0
2025-02-10 16:42:18.828   INFO 10180 --- [nio-1217-exec-9] c.wms.connect.websocket.WebSocketServer  : 有新窗口开始监听:admin,当前在线人数为1
2025-02-10 16:57:08.486   INFO 10180 --- [nio-1217-exec-5] c.wms.connect.websocket.WebSocketServer  : 有一连接关闭！当前在线人数为0
2025-02-10 16:57:09.368   INFO 10180 --- [nio-1217-exec-7] c.wms.connect.websocket.WebSocketServer  : 有新窗口开始监听:admin,当前在线人数为1
2025-02-10 16:58:12.328   INFO 10180 --- [nio-1217-exec-6] c.wms.connect.websocket.WebSocketServer  : 有一连接关闭！当前在线人数为0
2025-02-10 16:58:13.296   INFO 10180 --- [nio-1217-exec-8] c.wms.connect.websocket.WebSocketServer  : 有新窗口开始监听:admin,当前在线人数为1
2025-02-10 16:59:02.468   INFO 10180 --- [nio-1217-exec-5] c.wms.connect.websocket.WebSocketServer  : 有一连接关闭！当前在线人数为0
2025-02-10 16:59:02.925   INFO 10180 --- [nio-1217-exec-7] c.wms.connect.websocket.WebSocketServer  : 有新窗口开始监听:admin,当前在线人数为1
2025-02-10 17:18:25.692   INFO 10180 --- [ionShutdownHook] c.wms.connect.websocket.WebSocketServer  : 有一连接关闭！当前在线人数为0
2025-02-10 17:18:25.726   INFO 10180 --- [ionShutdownHook] com.alibaba.druid.pool.DruidDataSource   : {dataSource-1} closing ...
2025-02-10 17:18:25.728   INFO 10180 --- [ionShutdownHook] com.alibaba.druid.pool.DruidDataSource   : {dataSource-1} closed
2025-02-10 17:18:30.256   INFO 15232 --- [           main] com.wms.WmsServerApplication             : Starting WmsServerApplication using Java 17.0.5 on Disney with PID 15232 (K:\GitHub\notes\project\wms-server\target\classes started by qe249 in K:\GitHub\notes\project\wms-server)
2025-02-10 17:18:30.258   INFO 15232 --- [           main] com.wms.WmsServerApplication             : The following 1 profile is active: "dev"
2025-02-10 17:18:31.126   INFO 15232 --- [           main] .s.d.r.c.RepositoryConfigurationDelegate : Multiple Spring Data modules found, entering strict repository configuration mode
2025-02-10 17:18:31.128   INFO 15232 --- [           main] .s.d.r.c.RepositoryConfigurationDelegate : Bootstrapping Spring Data Redis repositories in DEFAULT mode.
2025-02-10 17:18:31.157   INFO 15232 --- [           main] .s.d.r.c.RepositoryConfigurationDelegate : Finished Spring Data repository scanning in 18 ms. Found 0 Redis repository interfaces.
2025-02-10 17:18:31.950   INFO 15232 --- [           main] o.s.b.w.embedded.tomcat.TomcatWebServer  : Tomcat initialized with port(s): 1217 (http)
2025-02-10 17:18:31.959   INFO 15232 --- [           main] o.a.coyote.http11.Http11NioProtocol      : Initializing ProtocolHandler ["http-nio-1217"]
2025-02-10 17:18:31.960   INFO 15232 --- [           main] o.apache.catalina.core.StandardService   : Starting service [Tomcat]
2025-02-10 17:18:31.960   INFO 15232 --- [           main] org.apache.catalina.core.StandardEngine  : Starting Servlet engine: [Apache Tomcat/9.0.68]
2025-02-10 17:18:32.049   INFO 15232 --- [           main] o.a.c.c.C.[Tomcat].[localhost].[/]       : Initializing Spring embedded WebApplicationContext
2025-02-10 17:18:32.049   INFO 15232 --- [           main] w.s.c.ServletWebServerApplicationContext : Root WebApplicationContext: initialization completed in 1738 ms
2025-02-10 17:18:34.257   INFO 15232 --- [           main] o.s.s.web.DefaultSecurityFilterChain     : Will not secure Ant [pattern='/websocket']
2025-02-10 17:18:34.291   INFO 15232 --- [           main] o.s.s.web.DefaultSecurityFilterChain     : Will secure com.wms.config.SecurityConfig$$Lambda$1044/0x0000000801321920@27107a97 with [org.springframework.security.web.context.request.async.WebAsyncManagerIntegrationFilter@eb1e868, org.springframework.security.web.context.SecurityContextPersistenceFilter@3d5e0bf0, org.springframework.security.web.header.HeaderWriterFilter@426940f9, org.springframework.web.filter.CorsFilter@71a7cf7c, org.springframework.security.web.authentication.logout.LogoutFilter@3c34c491, com.wms.filter.jwt.JwtAuthenticationTokenFilter@402f61f5, org.springframework.security.web.session.ConcurrentSessionFilter@2ea0161f, org.springframework.security.web.savedrequest.RequestCacheAwareFilter@32e9c3af, org.springframework.security.web.servletapi.SecurityContextHolderAwareRequestFilter@48cd8e71, org.springframework.security.web.authentication.AnonymousAuthenticationFilter@7f49df25, org.springframework.security.web.session.SessionManagementFilter@38d308e7, org.springframework.security.web.access.ExceptionTranslationFilter@3cb376a3, org.springframework.security.web.access.intercept.FilterSecurityInterceptor@49c947f7]
2025-02-10 17:18:34.387   INFO 15232 --- [           main] o.a.coyote.http11.Http11NioProtocol      : Starting ProtocolHandler ["http-nio-1217"]
2025-02-10 17:18:34.402   INFO 15232 --- [           main] o.s.b.w.embedded.tomcat.TomcatWebServer  : Tomcat started on port(s): 1217 (http) with context path ''
2025-02-10 17:18:34.806   INFO 15232 --- [           main] com.wms.WmsServerApplication             : Started WmsServerApplication in 4.946 seconds (JVM running for 5.75)
2025-02-10 17:18:37.783   INFO 15232 --- [nio-1217-exec-2] o.a.c.c.C.[Tomcat].[localhost].[/]       : Initializing Spring DispatcherServlet 'dispatcherServlet'
2025-02-10 17:18:37.783   INFO 15232 --- [nio-1217-exec-2] o.s.web.servlet.DispatcherServlet        : Initializing Servlet 'dispatcherServlet'
2025-02-10 17:18:37.784   INFO 15232 --- [nio-1217-exec-2] o.s.web.servlet.DispatcherServlet        : Completed initialization in 1 ms
2025-02-10 17:18:37.915   INFO 15232 --- [nio-1217-exec-2] com.alibaba.druid.pool.DruidDataSource   : {dataSource-1} inited
2025-02-10 17:18:38.042   INFO 15232 --- [nio-1217-exec-2] c.wms.connect.websocket.WebSocketServer  : 有新窗口开始监听:admin,当前在线人数为1
2025-02-10 17:20:21.789   INFO 15232 --- [nio-1217-exec-3] c.wms.connect.websocket.WebSocketServer  : 有一连接关闭！当前在线人数为0
2025-02-10 17:20:23.624   INFO 15232 --- [nio-1217-exec-9] c.wms.connect.websocket.WebSocketServer  : 有新窗口开始监听:admin,当前在线人数为1
2025-02-10 17:21:12.313   INFO 15232 --- [ionShutdownHook] c.wms.connect.websocket.WebSocketServer  : 有一连接关闭！当前在线人数为0
2025-02-10 17:21:12.339   INFO 15232 --- [ionShutdownHook] com.alibaba.druid.pool.DruidDataSource   : {dataSource-1} closing ...
2025-02-10 17:21:12.342   INFO 15232 --- [ionShutdownHook] com.alibaba.druid.pool.DruidDataSource   : {dataSource-1} closed
2025-02-10 17:21:16.419   INFO 11224 --- [           main] com.wms.WmsServerApplication             : Starting WmsServerApplication using Java 17.0.5 on Disney with PID 11224 (K:\GitHub\notes\project\wms-server\target\classes started by qe249 in K:\GitHub\notes\project\wms-server)
2025-02-10 17:21:16.422   INFO 11224 --- [           main] com.wms.WmsServerApplication             : The following 1 profile is active: "dev"
2025-02-10 17:21:17.138   INFO 11224 --- [           main] .s.d.r.c.RepositoryConfigurationDelegate : Multiple Spring Data modules found, entering strict repository configuration mode
2025-02-10 17:21:17.139   INFO 11224 --- [           main] .s.d.r.c.RepositoryConfigurationDelegate : Bootstrapping Spring Data Redis repositories in DEFAULT mode.
2025-02-10 17:21:17.165   INFO 11224 --- [           main] .s.d.r.c.RepositoryConfigurationDelegate : Finished Spring Data repository scanning in 15 ms. Found 0 Redis repository interfaces.
2025-02-10 17:21:17.821   INFO 11224 --- [           main] o.s.b.w.embedded.tomcat.TomcatWebServer  : Tomcat initialized with port(s): 1217 (http)
2025-02-10 17:21:17.828   INFO 11224 --- [           main] o.a.coyote.http11.Http11NioProtocol      : Initializing ProtocolHandler ["http-nio-1217"]
2025-02-10 17:21:17.829   INFO 11224 --- [           main] o.apache.catalina.core.StandardService   : Starting service [Tomcat]
2025-02-10 17:21:17.829   INFO 11224 --- [           main] org.apache.catalina.core.StandardEngine  : Starting Servlet engine: [Apache Tomcat/9.0.68]
2025-02-10 17:21:17.903   INFO 11224 --- [           main] o.a.c.c.C.[Tomcat].[localhost].[/]       : Initializing Spring embedded WebApplicationContext
2025-02-10 17:21:17.904   INFO 11224 --- [           main] w.s.c.ServletWebServerApplicationContext : Root WebApplicationContext: initialization completed in 1442 ms
2025-02-10 17:21:20.135   INFO 11224 --- [           main] o.s.s.web.DefaultSecurityFilterChain     : Will not secure Ant [pattern='/websocket']
2025-02-10 17:21:20.170   INFO 11224 --- [           main] o.s.s.web.DefaultSecurityFilterChain     : Will secure com.wms.config.SecurityConfig$$Lambda$1044/0x00000008013208d0@61c3d7ac with [org.springframework.security.web.context.request.async.WebAsyncManagerIntegrationFilter@4bc9389, org.springframework.security.web.context.SecurityContextPersistenceFilter@6ae6a77b, org.springframework.security.web.header.HeaderWriterFilter@17ebbf1e, org.springframework.web.filter.CorsFilter@30221cfa, org.springframework.security.web.authentication.logout.LogoutFilter@7b364f47, com.wms.filter.jwt.JwtAuthenticationTokenFilter@6480a063, org.springframework.security.web.session.ConcurrentSessionFilter@53153d5e, org.springframework.security.web.savedrequest.RequestCacheAwareFilter@7bb86ac, org.springframework.security.web.servletapi.SecurityContextHolderAwareRequestFilter@537a8915, org.springframework.security.web.authentication.AnonymousAuthenticationFilter@662061e3, org.springframework.security.web.session.SessionManagementFilter@31434b63, org.springframework.security.web.access.ExceptionTranslationFilter@1fcf73b9, org.springframework.security.web.access.intercept.FilterSecurityInterceptor@578c99ac]
2025-02-10 17:21:20.265   INFO 11224 --- [           main] o.a.coyote.http11.Http11NioProtocol      : Starting ProtocolHandler ["http-nio-1217"]
2025-02-10 17:21:20.282   INFO 11224 --- [           main] o.s.b.w.embedded.tomcat.TomcatWebServer  : Tomcat started on port(s): 1217 (http) with context path ''
2025-02-10 17:21:20.636   INFO 11224 --- [           main] com.wms.WmsServerApplication             : Started WmsServerApplication in 4.574 seconds (JVM running for 5.307)
2025-02-10 17:21:26.029   INFO 11224 --- [nio-1217-exec-1] o.a.c.c.C.[Tomcat].[localhost].[/]       : Initializing Spring DispatcherServlet 'dispatcherServlet'
2025-02-10 17:21:26.030   INFO 11224 --- [nio-1217-exec-1] o.s.web.servlet.DispatcherServlet        : Initializing Servlet 'dispatcherServlet'
2025-02-10 17:21:26.031   INFO 11224 --- [nio-1217-exec-1] o.s.web.servlet.DispatcherServlet        : Completed initialization in 1 ms
2025-02-10 17:21:26.164   INFO 11224 --- [nio-1217-exec-1] com.alibaba.druid.pool.DruidDataSource   : {dataSource-1} inited
2025-02-10 17:21:26.298   INFO 11224 --- [nio-1217-exec-1] c.wms.connect.websocket.WebSocketServer  : 有新窗口开始监听:admin,当前在线人数为1
2025-02-10 17:21:32.069   INFO 11224 --- [nio-1217-exec-3] c.wms.connect.websocket.WebSocketServer  : 有一连接关闭！当前在线人数为0
2025-02-10 17:21:33.565   INFO 11224 --- [nio-1217-exec-7] c.wms.connect.websocket.WebSocketServer  : 有新窗口开始监听:admin,当前在线人数为1
2025-02-10 17:29:56.428   INFO 11224 --- [ionShutdownHook] c.wms.connect.websocket.WebSocketServer  : 有一连接关闭！当前在线人数为0
2025-02-10 17:29:56.458   INFO 11224 --- [ionShutdownHook] com.alibaba.druid.pool.DruidDataSource   : {dataSource-1} closing ...
2025-02-10 17:29:56.462   INFO 11224 --- [ionShutdownHook] com.alibaba.druid.pool.DruidDataSource   : {dataSource-1} closed
2025-02-10 17:30:00.444   INFO 19996 --- [           main] com.wms.WmsServerApplication             : Starting WmsServerApplication using Java 17.0.5 on Disney with PID 19996 (K:\GitHub\notes\project\wms-server\target\classes started by qe249 in K:\GitHub\notes\project\wms-server)
2025-02-10 17:30:00.447   INFO 19996 --- [           main] com.wms.WmsServerApplication             : The following 1 profile is active: "dev"
2025-02-10 17:30:01.153   INFO 19996 --- [           main] .s.d.r.c.RepositoryConfigurationDelegate : Multiple Spring Data modules found, entering strict repository configuration mode
2025-02-10 17:30:01.155   INFO 19996 --- [           main] .s.d.r.c.RepositoryConfigurationDelegate : Bootstrapping Spring Data Redis repositories in DEFAULT mode.
2025-02-10 17:30:01.178   INFO 19996 --- [           main] .s.d.r.c.RepositoryConfigurationDelegate : Finished Spring Data repository scanning in 13 ms. Found 0 Redis repository interfaces.
2025-02-10 17:30:01.918   INFO 19996 --- [           main] o.s.b.w.embedded.tomcat.TomcatWebServer  : Tomcat initialized with port(s): 1217 (http)
2025-02-10 17:30:01.926   INFO 19996 --- [           main] o.a.coyote.http11.Http11NioProtocol      : Initializing ProtocolHandler ["http-nio-1217"]
2025-02-10 17:30:01.927   INFO 19996 --- [           main] o.apache.catalina.core.StandardService   : Starting service [Tomcat]
2025-02-10 17:30:01.927   INFO 19996 --- [           main] org.apache.catalina.core.StandardEngine  : Starting Servlet engine: [Apache Tomcat/9.0.68]
2025-02-10 17:30:02.023   INFO 19996 --- [           main] o.a.c.c.C.[Tomcat].[localhost].[/]       : Initializing Spring embedded WebApplicationContext
2025-02-10 17:30:02.023   INFO 19996 --- [           main] w.s.c.ServletWebServerApplicationContext : Root WebApplicationContext: initialization completed in 1530 ms
2025-02-10 17:30:02.819   INFO 19996 --- [           main] o.apache.catalina.core.StandardService   : Stopping service [Tomcat]
2025-02-10 17:30:02.839   INFO 19996 --- [           main] com.alibaba.druid.pool.DruidDataSource   : {dataSource-0} closing ...
2025-02-10 17:30:02.849   INFO 19996 --- [           main] ConditionEvaluationReportLoggingListener : 

Error starting ApplicationContext. To display the conditions report re-run your application with 'debug' enabled.
2025-02-10 17:31:25.104   INFO 7188 --- [           main] com.wms.WmsServerApplication             : Starting WmsServerApplication using Java 17.0.5 on Disney with PID 7188 (K:\GitHub\notes\project\wms-server\target\classes started by qe249 in K:\GitHub\notes\project\wms-server)
2025-02-10 17:31:25.106   INFO 7188 --- [           main] com.wms.WmsServerApplication             : The following 1 profile is active: "dev"
2025-02-10 17:31:25.924   INFO 7188 --- [           main] .s.d.r.c.RepositoryConfigurationDelegate : Multiple Spring Data modules found, entering strict repository configuration mode
2025-02-10 17:31:25.926   INFO 7188 --- [           main] .s.d.r.c.RepositoryConfigurationDelegate : Bootstrapping Spring Data Redis repositories in DEFAULT mode.
2025-02-10 17:31:25.957   INFO 7188 --- [           main] .s.d.r.c.RepositoryConfigurationDelegate : Finished Spring Data repository scanning in 20 ms. Found 0 Redis repository interfaces.
2025-02-10 17:31:26.705   INFO 7188 --- [           main] o.s.b.w.embedded.tomcat.TomcatWebServer  : Tomcat initialized with port(s): 1217 (http)
2025-02-10 17:31:26.713   INFO 7188 --- [           main] o.a.coyote.http11.Http11NioProtocol      : Initializing ProtocolHandler ["http-nio-1217"]
2025-02-10 17:31:26.714   INFO 7188 --- [           main] o.apache.catalina.core.StandardService   : Starting service [Tomcat]
2025-02-10 17:31:26.714   INFO 7188 --- [           main] org.apache.catalina.core.StandardEngine  : Starting Servlet engine: [Apache Tomcat/9.0.68]
2025-02-10 17:31:26.793   INFO 7188 --- [           main] o.a.c.c.C.[Tomcat].[localhost].[/]       : Initializing Spring embedded WebApplicationContext
2025-02-10 17:31:26.793   INFO 7188 --- [           main] w.s.c.ServletWebServerApplicationContext : Root WebApplicationContext: initialization completed in 1650 ms
2025-02-10 17:31:27.397   INFO 7188 --- [           main] o.apache.catalina.core.StandardService   : Stopping service [Tomcat]
2025-02-10 17:31:27.416   INFO 7188 --- [           main] com.alibaba.druid.pool.DruidDataSource   : {dataSource-0} closing ...
2025-02-10 17:31:27.423   INFO 7188 --- [           main] ConditionEvaluationReportLoggingListener : 

Error starting ApplicationContext. To display the conditions report re-run your application with 'debug' enabled.
2025-02-10 17:36:58.519   INFO 2848 --- [           main] com.wms.WmsServerApplication             : Starting WmsServerApplication using Java 17.0.5 on Disney with PID 2848 (K:\GitHub\notes\project\wms-server\target\classes started by qe249 in K:\GitHub\notes\project\wms-server)
2025-02-10 17:36:58.522   INFO 2848 --- [           main] com.wms.WmsServerApplication             : The following 1 profile is active: "dev"
2025-02-10 17:36:59.241   INFO 2848 --- [           main] .s.d.r.c.RepositoryConfigurationDelegate : Multiple Spring Data modules found, entering strict repository configuration mode
2025-02-10 17:36:59.243   INFO 2848 --- [           main] .s.d.r.c.RepositoryConfigurationDelegate : Bootstrapping Spring Data Redis repositories in DEFAULT mode.
2025-02-10 17:36:59.271   INFO 2848 --- [           main] .s.d.r.c.RepositoryConfigurationDelegate : Finished Spring Data repository scanning in 17 ms. Found 0 Redis repository interfaces.
2025-02-10 17:36:59.967   INFO 2848 --- [           main] o.s.b.w.embedded.tomcat.TomcatWebServer  : Tomcat initialized with port(s): 1217 (http)
2025-02-10 17:36:59.975   INFO 2848 --- [           main] o.a.coyote.http11.Http11NioProtocol      : Initializing ProtocolHandler ["http-nio-1217"]
2025-02-10 17:36:59.976   INFO 2848 --- [           main] o.apache.catalina.core.StandardService   : Starting service [Tomcat]
2025-02-10 17:36:59.976   INFO 2848 --- [           main] org.apache.catalina.core.StandardEngine  : Starting Servlet engine: [Apache Tomcat/9.0.68]
2025-02-10 17:37:00.061   INFO 2848 --- [           main] o.a.c.c.C.[Tomcat].[localhost].[/]       : Initializing Spring embedded WebApplicationContext
2025-02-10 17:37:00.061   INFO 2848 --- [           main] w.s.c.ServletWebServerApplicationContext : Root WebApplicationContext: initialization completed in 1501 ms
2025-02-10 17:37:00.685   INFO 2848 --- [           main] o.apache.catalina.core.StandardService   : Stopping service [Tomcat]
2025-02-10 17:37:00.702   INFO 2848 --- [           main] com.alibaba.druid.pool.DruidDataSource   : {dataSource-0} closing ...
2025-02-10 17:37:00.709   INFO 2848 --- [           main] ConditionEvaluationReportLoggingListener : 

Error starting ApplicationContext. To display the conditions report re-run your application with 'debug' enabled.
2025-02-10 17:42:41.856   INFO 4892 --- [           main] com.wms.WmsServerApplication             : Starting WmsServerApplication using Java 17.0.5 on Disney with PID 4892 (K:\GitHub\notes\project\wms-server\target\classes started by qe249 in K:\GitHub\notes\project\wms-server)
2025-02-10 17:42:41.859   INFO 4892 --- [           main] com.wms.WmsServerApplication             : The following 1 profile is active: "dev"
2025-02-10 17:42:42.557   INFO 4892 --- [           main] .s.d.r.c.RepositoryConfigurationDelegate : Multiple Spring Data modules found, entering strict repository configuration mode
2025-02-10 17:42:42.559   INFO 4892 --- [           main] .s.d.r.c.RepositoryConfigurationDelegate : Bootstrapping Spring Data Redis repositories in DEFAULT mode.
2025-02-10 17:42:42.582   INFO 4892 --- [           main] .s.d.r.c.RepositoryConfigurationDelegate : Finished Spring Data repository scanning in 14 ms. Found 0 Redis repository interfaces.
2025-02-10 17:42:43.269   INFO 4892 --- [           main] o.s.b.w.embedded.tomcat.TomcatWebServer  : Tomcat initialized with port(s): 1217 (http)
2025-02-10 17:42:43.277   INFO 4892 --- [           main] o.a.coyote.http11.Http11NioProtocol      : Initializing ProtocolHandler ["http-nio-1217"]
2025-02-10 17:42:43.277   INFO 4892 --- [           main] o.apache.catalina.core.StandardService   : Starting service [Tomcat]
2025-02-10 17:42:43.277   INFO 4892 --- [           main] org.apache.catalina.core.StandardEngine  : Starting Servlet engine: [Apache Tomcat/9.0.68]
2025-02-10 17:42:43.355   INFO 4892 --- [           main] o.a.c.c.C.[Tomcat].[localhost].[/]       : Initializing Spring embedded WebApplicationContext
2025-02-10 17:42:43.355   INFO 4892 --- [           main] w.s.c.ServletWebServerApplicationContext : Root WebApplicationContext: initialization completed in 1456 ms
2025-02-10 17:42:45.588   INFO 4892 --- [           main] o.s.s.web.DefaultSecurityFilterChain     : Will not secure Ant [pattern='/websocket']
2025-02-10 17:42:45.626   INFO 4892 --- [           main] o.s.s.web.DefaultSecurityFilterChain     : Will secure com.wms.config.SecurityConfig$$Lambda$1044/0x0000000801320ac0@61c3d7ac with [org.springframework.security.web.context.request.async.WebAsyncManagerIntegrationFilter@4bc9389, org.springframework.security.web.context.SecurityContextPersistenceFilter@6ae6a77b, org.springframework.security.web.header.HeaderWriterFilter@17ebbf1e, org.springframework.web.filter.CorsFilter@30221cfa, org.springframework.security.web.authentication.logout.LogoutFilter@7b364f47, com.wms.filter.jwt.JwtAuthenticationTokenFilter@6480a063, org.springframework.security.web.session.ConcurrentSessionFilter@53153d5e, org.springframework.security.web.savedrequest.RequestCacheAwareFilter@7bb86ac, org.springframework.security.web.servletapi.SecurityContextHolderAwareRequestFilter@537a8915, org.springframework.security.web.authentication.AnonymousAuthenticationFilter@662061e3, org.springframework.security.web.session.SessionManagementFilter@31434b63, org.springframework.security.web.access.ExceptionTranslationFilter@1fcf73b9, org.springframework.security.web.access.intercept.FilterSecurityInterceptor@578c99ac]
2025-02-10 17:42:45.716   INFO 4892 --- [           main] o.a.coyote.http11.Http11NioProtocol      : Starting ProtocolHandler ["http-nio-1217"]
2025-02-10 17:42:45.731   INFO 4892 --- [           main] o.s.b.w.embedded.tomcat.TomcatWebServer  : Tomcat started on port(s): 1217 (http) with context path ''
2025-02-10 17:42:46.089   INFO 4892 --- [           main] com.wms.WmsServerApplication             : Started WmsServerApplication in 4.648 seconds (JVM running for 5.369)
2025-02-10 17:42:49.902   INFO 4892 --- [nio-1217-exec-1] o.a.c.c.C.[Tomcat].[localhost].[/]       : Initializing Spring DispatcherServlet 'dispatcherServlet'
2025-02-10 17:42:49.902   INFO 4892 --- [nio-1217-exec-1] o.s.web.servlet.DispatcherServlet        : Initializing Servlet 'dispatcherServlet'
2025-02-10 17:42:49.903   INFO 4892 --- [nio-1217-exec-1] o.s.web.servlet.DispatcherServlet        : Completed initialization in 1 ms
2025-02-10 17:42:50.033   INFO 4892 --- [nio-1217-exec-1] com.alibaba.druid.pool.DruidDataSource   : {dataSource-1} inited
2025-02-10 17:42:50.168   INFO 4892 --- [nio-1217-exec-1] c.wms.connect.websocket.WebSocketServer  : 有新窗口开始监听:admin,当前在线人数为1
2025-02-10 19:49:07.936   INFO 4892 --- [nio-1217-exec-3] c.wms.connect.websocket.WebSocketServer  : 有一连接关闭！当前在线人数为0
2025-02-10 19:49:09.881   INFO 4892 --- [nio-1217-exec-9] c.wms.connect.websocket.WebSocketServer  : 有新窗口开始监听:admin,当前在线人数为1
2025-02-10 19:49:26.073   INFO 4892 --- [nio-1217-exec-8] c.wms.connect.websocket.WebSocketServer  : 有一连接关闭！当前在线人数为0
2025-02-10 19:49:26.612   INFO 4892 --- [io-1217-exec-10] c.wms.connect.websocket.WebSocketServer  : 有新窗口开始监听:admin,当前在线人数为1
2025-02-10 19:52:35.950   INFO 4892 --- [nio-1217-exec-9] c.wms.connect.websocket.WebSocketServer  : 有一连接关闭！当前在线人数为0
2025-02-10 19:52:36.924   INFO 4892 --- [nio-1217-exec-1] c.wms.connect.websocket.WebSocketServer  : 有新窗口开始监听:admin,当前在线人数为1
2025-02-10 19:53:41.814   INFO 4892 --- [nio-1217-exec-1] c.wms.connect.websocket.WebSocketServer  : 有一连接关闭！当前在线人数为0
2025-02-10 19:53:42.379   INFO 4892 --- [nio-1217-exec-2] c.wms.connect.websocket.WebSocketServer  : 有新窗口开始监听:admin,当前在线人数为1
2025-02-10 19:53:54.808   INFO 4892 --- [nio-1217-exec-8] c.wms.connect.websocket.WebSocketServer  : 有一连接关闭！当前在线人数为0
2025-02-10 19:53:57.712   INFO 4892 --- [ionShutdownHook] com.alibaba.druid.pool.DruidDataSource   : {dataSource-1} closing ...
2025-02-10 19:53:57.716   INFO 4892 --- [ionShutdownHook] com.alibaba.druid.pool.DruidDataSource   : {dataSource-1} closed
