2025-02-06 09:41:47.888   INFO 18908 --- [           main] com.wms.WmsServerApplication             : Starting WmsServerApplication using Java 17.0.5 on Disney with PID 18908 (K:\GitHub\notes\project\wms-server\target\classes started by qe249 in K:\GitHub\notes\project\wms-server)
2025-02-06 09:41:47.891   INFO 18908 --- [           main] com.wms.WmsServerApplication             : The following 1 profile is active: "dev"
2025-02-06 09:41:49.601   INFO 18908 --- [           main] .s.d.r.c.RepositoryConfigurationDelegate : Multiple Spring Data modules found, entering strict repository configuration mode
2025-02-06 09:41:49.604   INFO 18908 --- [           main] .s.d.r.c.RepositoryConfigurationDelegate : Bootstrapping Spring Data Redis repositories in DEFAULT mode.
2025-02-06 09:41:49.631   INFO 18908 --- [           main] .s.d.r.c.RepositoryConfigurationDelegate : Finished Spring Data repository scanning in 13 ms. Found 0 Redis repository interfaces.
2025-02-06 09:41:50.509   INFO 18908 --- [           main] o.s.b.w.embedded.tomcat.TomcatWebServer  : Tomcat initialized with port(s): 1217 (http)
2025-02-06 09:41:50.518   INFO 18908 --- [           main] o.a.coyote.http11.Http11NioProtocol      : Initializing ProtocolHandler ["http-nio-1217"]
2025-02-06 09:41:50.519   INFO 18908 --- [           main] o.apache.catalina.core.StandardService   : Starting service [Tomcat]
2025-02-06 09:41:50.519   INFO 18908 --- [           main] org.apache.catalina.core.StandardEngine  : Starting Servlet engine: [Apache Tomcat/9.0.68]
2025-02-06 09:41:50.617   INFO 18908 --- [           main] o.a.c.c.C.[Tomcat].[localhost].[/]       : Initializing Spring embedded WebApplicationContext
2025-02-06 09:41:50.618   INFO 18908 --- [           main] w.s.c.ServletWebServerApplicationContext : Root WebApplicationContext: initialization completed in 2665 ms
2025-02-06 09:41:52.734   INFO 18908 --- [           main] o.s.b.a.w.s.WelcomePageHandlerMapping    : Adding welcome page: class path resource [static/index.html]
2025-02-06 09:41:53.396   INFO 18908 --- [           main] o.s.s.web.DefaultSecurityFilterChain     : Will secure any request with [org.springframework.security.web.context.request.async.WebAsyncManagerIntegrationFilter@15651402, org.springframework.security.web.context.SecurityContextPersistenceFilter@10cb5047, org.springframework.security.web.header.HeaderWriterFilter@46507dda, org.springframework.web.filter.CorsFilter@5c194652, org.springframework.security.web.authentication.logout.LogoutFilter@556ae220, com.wms.filter.jwt.JwtAuthenticationTokenFilter@62b786dc, org.springframework.security.web.session.ConcurrentSessionFilter@52ba21e4, org.springframework.security.web.savedrequest.RequestCacheAwareFilter@589d831e, org.springframework.security.web.servletapi.SecurityContextHolderAwareRequestFilter@1107c465, org.springframework.security.web.authentication.AnonymousAuthenticationFilter@1f02b6d1, org.springframework.security.web.session.SessionManagementFilter@e47637c, org.springframework.security.web.access.ExceptionTranslationFilter@1885905b, org.springframework.security.web.access.intercept.FilterSecurityInterceptor@32430075]
2025-02-06 09:41:53.486   INFO 18908 --- [           main] o.a.coyote.http11.Http11NioProtocol      : Starting ProtocolHandler ["http-nio-1217"]
2025-02-06 09:41:53.507   INFO 18908 --- [           main] o.s.b.w.embedded.tomcat.TomcatWebServer  : Tomcat started on port(s): 1217 (http) with context path ''
2025-02-06 09:41:53.912   INFO 18908 --- [           main] com.wms.WmsServerApplication             : Started WmsServerApplication in 6.578 seconds (JVM running for 8.462)
2025-02-06 09:43:00.316   INFO 18908 --- [nio-1217-exec-1] o.a.c.c.C.[Tomcat].[localhost].[/]       : Initializing Spring DispatcherServlet 'dispatcherServlet'
2025-02-06 09:43:00.316   INFO 18908 --- [nio-1217-exec-1] o.s.web.servlet.DispatcherServlet        : Initializing Servlet 'dispatcherServlet'
2025-02-06 09:43:00.317   INFO 18908 --- [nio-1217-exec-1] o.s.web.servlet.DispatcherServlet        : Completed initialization in 1 ms
2025-02-06 09:43:00.546   INFO 18908 --- [nio-1217-exec-5] com.alibaba.druid.pool.DruidDataSource   : {dataSource-1} inited
2025-02-06 09:45:31.127   INFO 18908 --- [ionShutdownHook] com.alibaba.druid.pool.DruidDataSource   : {dataSource-1} closing ...
2025-02-06 09:45:31.129   INFO 18908 --- [ionShutdownHook] com.alibaba.druid.pool.DruidDataSource   : {dataSource-1} closed
2025-02-06 09:45:36.045   INFO 3824 --- [           main] com.wms.WmsServerApplication             : Starting WmsServerApplication using Java 17.0.5 on Disney with PID 3824 (K:\GitHub\notes\project\wms-server\target\classes started by qe249 in K:\GitHub\notes\project\wms-server)
2025-02-06 09:45:36.049   INFO 3824 --- [           main] com.wms.WmsServerApplication             : The following 1 profile is active: "dev"
2025-02-06 09:45:36.791   INFO 3824 --- [           main] .s.d.r.c.RepositoryConfigurationDelegate : Multiple Spring Data modules found, entering strict repository configuration mode
2025-02-06 09:45:36.793   INFO 3824 --- [           main] .s.d.r.c.RepositoryConfigurationDelegate : Bootstrapping Spring Data Redis repositories in DEFAULT mode.
2025-02-06 09:45:36.819   INFO 3824 --- [           main] .s.d.r.c.RepositoryConfigurationDelegate : Finished Spring Data repository scanning in 16 ms. Found 0 Redis repository interfaces.
2025-02-06 09:45:37.486   INFO 3824 --- [           main] o.s.b.w.embedded.tomcat.TomcatWebServer  : Tomcat initialized with port(s): 1217 (http)
2025-02-06 09:45:37.494   INFO 3824 --- [           main] o.a.coyote.http11.Http11NioProtocol      : Initializing ProtocolHandler ["http-nio-1217"]
2025-02-06 09:45:37.494   INFO 3824 --- [           main] o.apache.catalina.core.StandardService   : Starting service [Tomcat]
2025-02-06 09:45:37.494   INFO 3824 --- [           main] org.apache.catalina.core.StandardEngine  : Starting Servlet engine: [Apache Tomcat/9.0.68]
2025-02-06 09:45:37.571   INFO 3824 --- [           main] o.a.c.c.C.[Tomcat].[localhost].[/]       : Initializing Spring embedded WebApplicationContext
2025-02-06 09:45:37.571   INFO 3824 --- [           main] w.s.c.ServletWebServerApplicationContext : Root WebApplicationContext: initialization completed in 1470 ms
2025-02-06 09:45:39.170   INFO 3824 --- [           main] o.s.b.a.w.s.WelcomePageHandlerMapping    : Adding welcome page: class path resource [static/index.html]
2025-02-06 09:45:39.618   INFO 3824 --- [           main] o.s.s.web.DefaultSecurityFilterChain     : Will secure any request with [org.springframework.security.web.context.request.async.WebAsyncManagerIntegrationFilter@15651402, org.springframework.security.web.context.SecurityContextPersistenceFilter@10cb5047, org.springframework.security.web.header.HeaderWriterFilter@37d3e740, org.springframework.web.filter.CorsFilter@5c194652, org.springframework.security.web.authentication.logout.LogoutFilter@556ae220, com.wms.filter.jwt.JwtAuthenticationTokenFilter@4e8afdad, org.springframework.security.web.session.ConcurrentSessionFilter@2059c3ff, org.springframework.security.web.savedrequest.RequestCacheAwareFilter@589d831e, org.springframework.security.web.servletapi.SecurityContextHolderAwareRequestFilter@1107c465, org.springframework.security.web.authentication.AnonymousAuthenticationFilter@1f02b6d1, org.springframework.security.web.session.SessionManagementFilter@66f5770e, org.springframework.security.web.access.ExceptionTranslationFilter@6d7772d3, org.springframework.security.web.access.intercept.FilterSecurityInterceptor@32430075]
2025-02-06 09:45:39.690   INFO 3824 --- [           main] o.a.coyote.http11.Http11NioProtocol      : Starting ProtocolHandler ["http-nio-1217"]
2025-02-06 09:45:39.705   INFO 3824 --- [           main] o.s.b.w.embedded.tomcat.TomcatWebServer  : Tomcat started on port(s): 1217 (http) with context path ''
2025-02-06 09:45:40.035   INFO 3824 --- [           main] com.wms.WmsServerApplication             : Started WmsServerApplication in 4.368 seconds (JVM running for 5.19)
2025-02-06 09:46:03.327   INFO 3824 --- [nio-1217-exec-1] o.a.c.c.C.[Tomcat].[localhost].[/]       : Initializing Spring DispatcherServlet 'dispatcherServlet'
2025-02-06 09:46:03.328   INFO 3824 --- [nio-1217-exec-1] o.s.web.servlet.DispatcherServlet        : Initializing Servlet 'dispatcherServlet'
2025-02-06 09:46:03.330   INFO 3824 --- [nio-1217-exec-1] o.s.web.servlet.DispatcherServlet        : Completed initialization in 2 ms
2025-02-06 09:46:03.482   INFO 3824 --- [nio-1217-exec-1] com.alibaba.druid.pool.DruidDataSource   : {dataSource-1} inited
2025-02-06 09:48:56.182   INFO 3824 --- [ionShutdownHook] com.alibaba.druid.pool.DruidDataSource   : {dataSource-1} closing ...
2025-02-06 09:48:56.183   INFO 3824 --- [ionShutdownHook] com.alibaba.druid.pool.DruidDataSource   : {dataSource-1} closed
2025-02-06 09:49:00.506   INFO 16800 --- [           main] com.wms.WmsServerApplication             : Starting WmsServerApplication using Java 17.0.5 on Disney with PID 16800 (K:\GitHub\notes\project\wms-server\target\classes started by qe249 in K:\GitHub\notes\project\wms-server)
2025-02-06 09:49:00.509   INFO 16800 --- [           main] com.wms.WmsServerApplication             : The following 1 profile is active: "dev"
2025-02-06 09:49:01.225   INFO 16800 --- [           main] .s.d.r.c.RepositoryConfigurationDelegate : Multiple Spring Data modules found, entering strict repository configuration mode
2025-02-06 09:49:01.227   INFO 16800 --- [           main] .s.d.r.c.RepositoryConfigurationDelegate : Bootstrapping Spring Data Redis repositories in DEFAULT mode.
2025-02-06 09:49:01.250   INFO 16800 --- [           main] .s.d.r.c.RepositoryConfigurationDelegate : Finished Spring Data repository scanning in 13 ms. Found 0 Redis repository interfaces.
2025-02-06 09:49:01.920   INFO 16800 --- [           main] o.s.b.w.embedded.tomcat.TomcatWebServer  : Tomcat initialized with port(s): 1217 (http)
2025-02-06 09:49:01.928   INFO 16800 --- [           main] o.a.coyote.http11.Http11NioProtocol      : Initializing ProtocolHandler ["http-nio-1217"]
2025-02-06 09:49:01.928   INFO 16800 --- [           main] o.apache.catalina.core.StandardService   : Starting service [Tomcat]
2025-02-06 09:49:01.928   INFO 16800 --- [           main] org.apache.catalina.core.StandardEngine  : Starting Servlet engine: [Apache Tomcat/9.0.68]
2025-02-06 09:49:02.011   INFO 16800 --- [           main] o.a.c.c.C.[Tomcat].[localhost].[/]       : Initializing Spring embedded WebApplicationContext
2025-02-06 09:49:02.012   INFO 16800 --- [           main] w.s.c.ServletWebServerApplicationContext : Root WebApplicationContext: initialization completed in 1462 ms
2025-02-06 09:49:03.524   INFO 16800 --- [           main] o.s.b.a.w.s.WelcomePageHandlerMapping    : Adding welcome page: class path resource [static/index.html]
2025-02-06 09:49:03.966   INFO 16800 --- [           main] o.s.s.web.DefaultSecurityFilterChain     : Will secure any request with [org.springframework.security.web.context.request.async.WebAsyncManagerIntegrationFilter@63e0057a, org.springframework.security.web.context.SecurityContextPersistenceFilter@558ed473, org.springframework.security.web.header.HeaderWriterFilter@7e741d6b, org.springframework.web.filter.CorsFilter@5b76b891, org.springframework.security.web.authentication.logout.LogoutFilter@3c2f310c, com.wms.filter.jwt.JwtAuthenticationTokenFilter@57b63253, org.springframework.security.web.session.ConcurrentSessionFilter@2f8ab988, org.springframework.security.web.savedrequest.RequestCacheAwareFilter@7e9ed4df, org.springframework.security.web.servletapi.SecurityContextHolderAwareRequestFilter@6c96346b, org.springframework.security.web.authentication.AnonymousAuthenticationFilter@611a91df, org.springframework.security.web.session.SessionManagementFilter@304e1e4e, org.springframework.security.web.access.ExceptionTranslationFilter@5afba80c, org.springframework.security.web.access.intercept.FilterSecurityInterceptor@277474fc]
2025-02-06 09:49:04.042   INFO 16800 --- [           main] o.a.coyote.http11.Http11NioProtocol      : Starting ProtocolHandler ["http-nio-1217"]
2025-02-06 09:49:04.058   INFO 16800 --- [           main] o.s.b.w.embedded.tomcat.TomcatWebServer  : Tomcat started on port(s): 1217 (http) with context path ''
2025-02-06 09:49:04.394   INFO 16800 --- [           main] com.wms.WmsServerApplication             : Started WmsServerApplication in 4.247 seconds (JVM running for 5.021)
2025-02-06 09:49:08.472   INFO 16800 --- [nio-1217-exec-1] o.a.c.c.C.[Tomcat].[localhost].[/]       : Initializing Spring DispatcherServlet 'dispatcherServlet'
2025-02-06 09:49:08.472   INFO 16800 --- [nio-1217-exec-1] o.s.web.servlet.DispatcherServlet        : Initializing Servlet 'dispatcherServlet'
2025-02-06 09:49:08.474   INFO 16800 --- [nio-1217-exec-1] o.s.web.servlet.DispatcherServlet        : Completed initialization in 2 ms
2025-02-06 09:49:08.621   INFO 16800 --- [nio-1217-exec-1] com.alibaba.druid.pool.DruidDataSource   : {dataSource-1} inited
2025-02-06 09:49:54.744   INFO 16800 --- [ionShutdownHook] com.alibaba.druid.pool.DruidDataSource   : {dataSource-1} closing ...
2025-02-06 09:49:54.748   INFO 16800 --- [ionShutdownHook] com.alibaba.druid.pool.DruidDataSource   : {dataSource-1} closed
2025-02-06 09:49:59.046   INFO 1552 --- [           main] com.wms.WmsServerApplication             : Starting WmsServerApplication using Java 17.0.5 on Disney with PID 1552 (K:\GitHub\notes\project\wms-server\target\classes started by qe249 in K:\GitHub\notes\project\wms-server)
2025-02-06 09:49:59.049   INFO 1552 --- [           main] com.wms.WmsServerApplication             : The following 1 profile is active: "dev"
2025-02-06 09:49:59.779   INFO 1552 --- [           main] .s.d.r.c.RepositoryConfigurationDelegate : Multiple Spring Data modules found, entering strict repository configuration mode
2025-02-06 09:49:59.781   INFO 1552 --- [           main] .s.d.r.c.RepositoryConfigurationDelegate : Bootstrapping Spring Data Redis repositories in DEFAULT mode.
2025-02-06 09:49:59.803   INFO 1552 --- [           main] .s.d.r.c.RepositoryConfigurationDelegate : Finished Spring Data repository scanning in 12 ms. Found 0 Redis repository interfaces.
2025-02-06 09:50:00.489   INFO 1552 --- [           main] o.s.b.w.embedded.tomcat.TomcatWebServer  : Tomcat initialized with port(s): 1217 (http)
2025-02-06 09:50:00.497   INFO 1552 --- [           main] o.a.coyote.http11.Http11NioProtocol      : Initializing ProtocolHandler ["http-nio-1217"]
2025-02-06 09:50:00.497   INFO 1552 --- [           main] o.apache.catalina.core.StandardService   : Starting service [Tomcat]
2025-02-06 09:50:00.497   INFO 1552 --- [           main] org.apache.catalina.core.StandardEngine  : Starting Servlet engine: [Apache Tomcat/9.0.68]
2025-02-06 09:50:00.576   INFO 1552 --- [           main] o.a.c.c.C.[Tomcat].[localhost].[/]       : Initializing Spring embedded WebApplicationContext
2025-02-06 09:50:00.576   INFO 1552 --- [           main] w.s.c.ServletWebServerApplicationContext : Root WebApplicationContext: initialization completed in 1483 ms
2025-02-06 09:50:02.150   INFO 1552 --- [           main] o.s.b.a.w.s.WelcomePageHandlerMapping    : Adding welcome page: class path resource [static/index.html]
2025-02-06 09:50:02.605   INFO 1552 --- [           main] o.s.s.web.DefaultSecurityFilterChain     : Will secure any request with [org.springframework.security.web.context.request.async.WebAsyncManagerIntegrationFilter@15651402, org.springframework.security.web.context.SecurityContextPersistenceFilter@10cb5047, org.springframework.security.web.header.HeaderWriterFilter@37d3e740, org.springframework.web.filter.CorsFilter@5c194652, org.springframework.security.web.authentication.logout.LogoutFilter@556ae220, com.wms.filter.jwt.JwtAuthenticationTokenFilter@4e8afdad, org.springframework.security.web.session.ConcurrentSessionFilter@2059c3ff, org.springframework.security.web.savedrequest.RequestCacheAwareFilter@589d831e, org.springframework.security.web.servletapi.SecurityContextHolderAwareRequestFilter@1107c465, org.springframework.security.web.authentication.AnonymousAuthenticationFilter@1f02b6d1, org.springframework.security.web.session.SessionManagementFilter@66f5770e, org.springframework.security.web.access.ExceptionTranslationFilter@6d7772d3, org.springframework.security.web.access.intercept.FilterSecurityInterceptor@32430075]
2025-02-06 09:50:02.681   INFO 1552 --- [           main] o.a.coyote.http11.Http11NioProtocol      : Starting ProtocolHandler ["http-nio-1217"]
2025-02-06 09:50:02.696   INFO 1552 --- [           main] o.s.b.w.embedded.tomcat.TomcatWebServer  : Tomcat started on port(s): 1217 (http) with context path ''
2025-02-06 09:50:03.029   INFO 1552 --- [           main] com.wms.WmsServerApplication             : Started WmsServerApplication in 4.336 seconds (JVM running for 5.085)
2025-02-06 09:50:06.203   INFO 1552 --- [nio-1217-exec-3] o.a.c.c.C.[Tomcat].[localhost].[/]       : Initializing Spring DispatcherServlet 'dispatcherServlet'
2025-02-06 09:50:06.204   INFO 1552 --- [nio-1217-exec-3] o.s.web.servlet.DispatcherServlet        : Initializing Servlet 'dispatcherServlet'
2025-02-06 09:50:06.205   INFO 1552 --- [nio-1217-exec-3] o.s.web.servlet.DispatcherServlet        : Completed initialization in 1 ms
2025-02-06 09:50:06.336   INFO 1552 --- [nio-1217-exec-3] com.alibaba.druid.pool.DruidDataSource   : {dataSource-1} inited
2025-02-06 11:40:01.172   INFO 1552 --- [ionShutdownHook] com.alibaba.druid.pool.DruidDataSource   : {dataSource-1} closing ...
2025-02-06 11:40:01.176   INFO 1552 --- [ionShutdownHook] com.alibaba.druid.pool.DruidDataSource   : {dataSource-1} closed
2025-02-06 11:40:11.416   INFO 3468 --- [           main] com.wms.WmsServerApplication             : Starting WmsServerApplication using Java 17.0.5 on Disney with PID 3468 (K:\GitHub\notes\project\wms-server\target\classes started by qe249 in K:\GitHub\notes\project\wms-server)
2025-02-06 11:40:11.419   INFO 3468 --- [           main] com.wms.WmsServerApplication             : The following 1 profile is active: "dev"
2025-02-06 11:40:13.236   INFO 3468 --- [           main] .s.d.r.c.RepositoryConfigurationDelegate : Multiple Spring Data modules found, entering strict repository configuration mode
2025-02-06 11:40:13.238   INFO 3468 --- [           main] .s.d.r.c.RepositoryConfigurationDelegate : Bootstrapping Spring Data Redis repositories in DEFAULT mode.
2025-02-06 11:40:13.264   INFO 3468 --- [           main] .s.d.r.c.RepositoryConfigurationDelegate : Finished Spring Data repository scanning in 13 ms. Found 0 Redis repository interfaces.
2025-02-06 11:40:14.125   INFO 3468 --- [           main] o.s.b.w.embedded.tomcat.TomcatWebServer  : Tomcat initialized with port(s): 1217 (http)
2025-02-06 11:40:14.134   INFO 3468 --- [           main] o.a.coyote.http11.Http11NioProtocol      : Initializing ProtocolHandler ["http-nio-1217"]
2025-02-06 11:40:14.135   INFO 3468 --- [           main] o.apache.catalina.core.StandardService   : Starting service [Tomcat]
2025-02-06 11:40:14.135   INFO 3468 --- [           main] org.apache.catalina.core.StandardEngine  : Starting Servlet engine: [Apache Tomcat/9.0.68]
2025-02-06 11:40:14.229   INFO 3468 --- [           main] o.a.c.c.C.[Tomcat].[localhost].[/]       : Initializing Spring embedded WebApplicationContext
2025-02-06 11:40:14.230   INFO 3468 --- [           main] w.s.c.ServletWebServerApplicationContext : Root WebApplicationContext: initialization completed in 2772 ms
2025-02-06 11:40:16.810   INFO 3468 --- [           main] o.s.b.a.w.s.WelcomePageHandlerMapping    : Adding welcome page: class path resource [static/index.html]
2025-02-06 11:40:17.272   INFO 3468 --- [           main] o.s.s.web.DefaultSecurityFilterChain     : Will secure any request with [org.springframework.security.web.context.request.async.WebAsyncManagerIntegrationFilter@10466c55, org.springframework.security.web.context.SecurityContextPersistenceFilter@606f0f70, org.springframework.security.web.header.HeaderWriterFilter@6d7772d3, org.springframework.web.filter.CorsFilter@2a5ed225, org.springframework.security.web.authentication.logout.LogoutFilter@7e017f47, com.wms.filter.jwt.JwtAuthenticationTokenFilter@1f48fa72, org.springframework.security.web.session.ConcurrentSessionFilter@304e1e4e, org.springframework.security.web.savedrequest.RequestCacheAwareFilter@6a7ab205, org.springframework.security.web.servletapi.SecurityContextHolderAwareRequestFilter@7e9ed4df, org.springframework.security.web.authentication.AnonymousAuthenticationFilter@2a525f88, org.springframework.security.web.session.SessionManagementFilter@46507dda, org.springframework.security.web.access.ExceptionTranslationFilter@5b3a8bea, org.springframework.security.web.access.intercept.FilterSecurityInterceptor@122ea8dc]
2025-02-06 11:40:17.362   INFO 3468 --- [           main] o.a.coyote.http11.Http11NioProtocol      : Starting ProtocolHandler ["http-nio-1217"]
2025-02-06 11:40:17.381   INFO 3468 --- [           main] o.s.b.w.embedded.tomcat.TomcatWebServer  : Tomcat started on port(s): 1217 (http) with context path ''
2025-02-06 11:40:17.795   INFO 3468 --- [           main] com.wms.WmsServerApplication             : Started WmsServerApplication in 6.769 seconds (JVM running for 8.025)
2025-02-06 11:40:44.761   INFO 3468 --- [nio-1217-exec-1] o.a.c.c.C.[Tomcat].[localhost].[/]       : Initializing Spring DispatcherServlet 'dispatcherServlet'
2025-02-06 11:40:44.762   INFO 3468 --- [nio-1217-exec-1] o.s.web.servlet.DispatcherServlet        : Initializing Servlet 'dispatcherServlet'
2025-02-06 11:40:44.762   INFO 3468 --- [nio-1217-exec-1] o.s.web.servlet.DispatcherServlet        : Completed initialization in 0 ms
2025-02-06 11:40:44.914   INFO 3468 --- [nio-1217-exec-1] com.alibaba.druid.pool.DruidDataSource   : {dataSource-1} inited
2025-02-06 14:16:36.195   INFO 3468 --- [ionShutdownHook] com.alibaba.druid.pool.DruidDataSource   : {dataSource-1} closing ...
2025-02-06 14:16:36.198   INFO 3468 --- [ionShutdownHook] com.alibaba.druid.pool.DruidDataSource   : {dataSource-1} closed
2025-02-06 14:16:46.970   INFO 14788 --- [           main] com.wms.WmsServerApplication             : Starting WmsServerApplication using Java 17.0.5 on Disney with PID 14788 (K:\GitHub\notes\project\wms-server\target\classes started by qe249 in K:\GitHub\notes\project\wms-server)
2025-02-06 14:16:46.972   INFO 14788 --- [           main] com.wms.WmsServerApplication             : The following 1 profile is active: "dev"
2025-02-06 14:16:48.680   INFO 14788 --- [           main] .s.d.r.c.RepositoryConfigurationDelegate : Multiple Spring Data modules found, entering strict repository configuration mode
2025-02-06 14:16:48.682   INFO 14788 --- [           main] .s.d.r.c.RepositoryConfigurationDelegate : Bootstrapping Spring Data Redis repositories in DEFAULT mode.
2025-02-06 14:16:48.705   INFO 14788 --- [           main] .s.d.r.c.RepositoryConfigurationDelegate : Finished Spring Data repository scanning in 13 ms. Found 0 Redis repository interfaces.
2025-02-06 14:16:49.737   INFO 14788 --- [           main] o.s.b.w.embedded.tomcat.TomcatWebServer  : Tomcat initialized with port(s): 1217 (http)
2025-02-06 14:16:49.749   INFO 14788 --- [           main] o.a.coyote.http11.Http11NioProtocol      : Initializing ProtocolHandler ["http-nio-1217"]
2025-02-06 14:16:49.749   INFO 14788 --- [           main] o.apache.catalina.core.StandardService   : Starting service [Tomcat]
2025-02-06 14:16:49.751   INFO 14788 --- [           main] org.apache.catalina.core.StandardEngine  : Starting Servlet engine: [Apache Tomcat/9.0.68]
2025-02-06 14:16:49.908   INFO 14788 --- [           main] o.a.c.c.C.[Tomcat].[localhost].[/]       : Initializing Spring embedded WebApplicationContext
2025-02-06 14:16:49.908   INFO 14788 --- [           main] w.s.c.ServletWebServerApplicationContext : Root WebApplicationContext: initialization completed in 2896 ms
2025-02-06 14:16:51.829   INFO 14788 --- [           main] o.s.b.a.w.s.WelcomePageHandlerMapping    : Adding welcome page: class path resource [static/index.html]
2025-02-06 14:16:52.302   INFO 14788 --- [           main] o.s.s.web.DefaultSecurityFilterChain     : Will secure any request with [org.springframework.security.web.context.request.async.WebAsyncManagerIntegrationFilter@10466c55, org.springframework.security.web.context.SecurityContextPersistenceFilter@606f0f70, org.springframework.security.web.header.HeaderWriterFilter@6d7772d3, org.springframework.web.filter.CorsFilter@2a5ed225, org.springframework.security.web.authentication.logout.LogoutFilter@7e017f47, com.wms.filter.jwt.JwtAuthenticationTokenFilter@1f48fa72, org.springframework.security.web.session.ConcurrentSessionFilter@304e1e4e, org.springframework.security.web.savedrequest.RequestCacheAwareFilter@6a7ab205, org.springframework.security.web.servletapi.SecurityContextHolderAwareRequestFilter@7e9ed4df, org.springframework.security.web.authentication.AnonymousAuthenticationFilter@2a525f88, org.springframework.security.web.session.SessionManagementFilter@46507dda, org.springframework.security.web.access.ExceptionTranslationFilter@5b3a8bea, org.springframework.security.web.access.intercept.FilterSecurityInterceptor@122ea8dc]
2025-02-06 14:16:52.410   INFO 14788 --- [           main] o.a.coyote.http11.Http11NioProtocol      : Starting ProtocolHandler ["http-nio-1217"]
2025-02-06 14:16:52.433   INFO 14788 --- [           main] o.s.b.w.embedded.tomcat.TomcatWebServer  : Tomcat started on port(s): 1217 (http) with context path ''
2025-02-06 14:16:52.877   INFO 14788 --- [           main] com.wms.WmsServerApplication             : Started WmsServerApplication in 6.328 seconds (JVM running for 7.709)
2025-02-06 14:17:09.806   INFO 14788 --- [nio-1217-exec-1] o.a.c.c.C.[Tomcat].[localhost].[/]       : Initializing Spring DispatcherServlet 'dispatcherServlet'
2025-02-06 14:17:09.807   INFO 14788 --- [nio-1217-exec-1] o.s.web.servlet.DispatcherServlet        : Initializing Servlet 'dispatcherServlet'
2025-02-06 14:17:09.809   INFO 14788 --- [nio-1217-exec-1] o.s.web.servlet.DispatcherServlet        : Completed initialization in 2 ms
2025-02-06 14:17:10.045   INFO 14788 --- [nio-1217-exec-1] com.alibaba.druid.pool.DruidDataSource   : {dataSource-1} inited
2025-02-06 15:01:20.188   INFO 14788 --- [ionShutdownHook] com.alibaba.druid.pool.DruidDataSource   : {dataSource-1} closing ...
2025-02-06 15:01:20.190   INFO 14788 --- [ionShutdownHook] com.alibaba.druid.pool.DruidDataSource   : {dataSource-1} closed
2025-02-06 15:01:36.811   INFO 10908 --- [           main] com.wms.WmsServerApplication             : Starting WmsServerApplication using Java 17.0.5 on Disney with PID 10908 (K:\GitHub\notes\project\wms-server\target\classes started by qe249 in K:\GitHub\notes\project\wms-server)
2025-02-06 15:01:36.814   INFO 10908 --- [           main] com.wms.WmsServerApplication             : The following 1 profile is active: "dev"
2025-02-06 15:01:37.603   INFO 10908 --- [           main] .s.d.r.c.RepositoryConfigurationDelegate : Multiple Spring Data modules found, entering strict repository configuration mode
2025-02-06 15:01:37.606   INFO 10908 --- [           main] .s.d.r.c.RepositoryConfigurationDelegate : Bootstrapping Spring Data Redis repositories in DEFAULT mode.
2025-02-06 15:01:37.634   INFO 10908 --- [           main] .s.d.r.c.RepositoryConfigurationDelegate : Finished Spring Data repository scanning in 14 ms. Found 0 Redis repository interfaces.
2025-02-06 15:01:38.363   INFO 10908 --- [           main] o.s.b.w.embedded.tomcat.TomcatWebServer  : Tomcat initialized with port(s): 1217 (http)
2025-02-06 15:01:38.371   INFO 10908 --- [           main] o.a.coyote.http11.Http11NioProtocol      : Initializing ProtocolHandler ["http-nio-1217"]
2025-02-06 15:01:38.371   INFO 10908 --- [           main] o.apache.catalina.core.StandardService   : Starting service [Tomcat]
2025-02-06 15:01:38.371   INFO 10908 --- [           main] org.apache.catalina.core.StandardEngine  : Starting Servlet engine: [Apache Tomcat/9.0.68]
2025-02-06 15:01:38.452   INFO 10908 --- [           main] o.a.c.c.C.[Tomcat].[localhost].[/]       : Initializing Spring embedded WebApplicationContext
2025-02-06 15:01:38.453   INFO 10908 --- [           main] w.s.c.ServletWebServerApplicationContext : Root WebApplicationContext: initialization completed in 1588 ms
2025-02-06 15:01:40.025   INFO 10908 --- [           main] o.s.b.a.w.s.WelcomePageHandlerMapping    : Adding welcome page: class path resource [static/index.html]
2025-02-06 15:01:40.481   INFO 10908 --- [           main] o.s.s.web.DefaultSecurityFilterChain     : Will secure any request with [org.springframework.security.web.context.request.async.WebAsyncManagerIntegrationFilter@10466c55, org.springframework.security.web.context.SecurityContextPersistenceFilter@606f0f70, org.springframework.security.web.header.HeaderWriterFilter@6d7772d3, org.springframework.web.filter.CorsFilter@2a5ed225, org.springframework.security.web.authentication.logout.LogoutFilter@7e017f47, com.wms.filter.jwt.JwtAuthenticationTokenFilter@4ec0229c, org.springframework.security.web.session.ConcurrentSessionFilter@304e1e4e, org.springframework.security.web.savedrequest.RequestCacheAwareFilter@6a7ab205, org.springframework.security.web.servletapi.SecurityContextHolderAwareRequestFilter@7e9ed4df, org.springframework.security.web.authentication.AnonymousAuthenticationFilter@2a525f88, org.springframework.security.web.session.SessionManagementFilter@46507dda, org.springframework.security.web.access.ExceptionTranslationFilter@5b3a8bea, org.springframework.security.web.access.intercept.FilterSecurityInterceptor@122ea8dc]
2025-02-06 15:01:40.552   INFO 10908 --- [           main] o.a.coyote.http11.Http11NioProtocol      : Starting ProtocolHandler ["http-nio-1217"]
2025-02-06 15:01:40.569   INFO 10908 --- [           main] o.s.b.w.embedded.tomcat.TomcatWebServer  : Tomcat started on port(s): 1217 (http) with context path ''
2025-02-06 15:01:40.924   INFO 10908 --- [           main] com.wms.WmsServerApplication             : Started WmsServerApplication in 4.502 seconds (JVM running for 5.32)
2025-02-06 15:02:32.086   INFO 10908 --- [ionShutdownHook] com.alibaba.druid.pool.DruidDataSource   : {dataSource-0} closing ...
2025-02-06 15:02:36.528   INFO 16424 --- [           main] com.wms.WmsServerApplication             : Starting WmsServerApplication using Java 17.0.5 on Disney with PID 16424 (K:\GitHub\notes\project\wms-server\target\classes started by qe249 in K:\GitHub\notes\project\wms-server)
2025-02-06 15:02:36.531   INFO 16424 --- [           main] com.wms.WmsServerApplication             : The following 1 profile is active: "dev"
2025-02-06 15:02:37.315   INFO 16424 --- [           main] .s.d.r.c.RepositoryConfigurationDelegate : Multiple Spring Data modules found, entering strict repository configuration mode
2025-02-06 15:02:37.317   INFO 16424 --- [           main] .s.d.r.c.RepositoryConfigurationDelegate : Bootstrapping Spring Data Redis repositories in DEFAULT mode.
2025-02-06 15:02:37.343   INFO 16424 --- [           main] .s.d.r.c.RepositoryConfigurationDelegate : Finished Spring Data repository scanning in 16 ms. Found 0 Redis repository interfaces.
2025-02-06 15:02:38.020   INFO 16424 --- [           main] o.s.b.w.embedded.tomcat.TomcatWebServer  : Tomcat initialized with port(s): 1217 (http)
2025-02-06 15:02:38.028   INFO 16424 --- [           main] o.a.coyote.http11.Http11NioProtocol      : Initializing ProtocolHandler ["http-nio-1217"]
2025-02-06 15:02:38.028   INFO 16424 --- [           main] o.apache.catalina.core.StandardService   : Starting service [Tomcat]
2025-02-06 15:02:38.028   INFO 16424 --- [           main] org.apache.catalina.core.StandardEngine  : Starting Servlet engine: [Apache Tomcat/9.0.68]
2025-02-06 15:02:38.109   INFO 16424 --- [           main] o.a.c.c.C.[Tomcat].[localhost].[/]       : Initializing Spring embedded WebApplicationContext
2025-02-06 15:02:38.110   INFO 16424 --- [           main] w.s.c.ServletWebServerApplicationContext : Root WebApplicationContext: initialization completed in 1526 ms
2025-02-06 15:02:39.690   INFO 16424 --- [           main] o.s.b.a.w.s.WelcomePageHandlerMapping    : Adding welcome page: class path resource [static/index.html]
2025-02-06 15:02:40.219   INFO 16424 --- [           main] o.s.s.web.DefaultSecurityFilterChain     : Will secure any request with [org.springframework.security.web.context.request.async.WebAsyncManagerIntegrationFilter@245dbd09, org.springframework.security.web.context.SecurityContextPersistenceFilter@e2498a3, org.springframework.security.web.header.HeaderWriterFilter@662e5590, org.springframework.web.filter.CorsFilter@4a013b23, org.springframework.security.web.authentication.logout.LogoutFilter@31e84f10, com.wms.filter.jwt.JwtAuthenticationTokenFilter@4ec0229c, org.springframework.security.web.session.ConcurrentSessionFilter@1a53ac0c, org.springframework.security.web.savedrequest.RequestCacheAwareFilter@59c00722, org.springframework.security.web.servletapi.SecurityContextHolderAwareRequestFilter@5c552f08, org.springframework.security.web.authentication.AnonymousAuthenticationFilter@7f20dfd5, org.springframework.security.web.session.SessionManagementFilter@2059c3ff, org.springframework.security.web.access.ExceptionTranslationFilter@51097500, org.springframework.security.web.access.intercept.FilterSecurityInterceptor@40fd1a78]
2025-02-06 15:02:40.301   INFO 16424 --- [           main] o.a.coyote.http11.Http11NioProtocol      : Starting ProtocolHandler ["http-nio-1217"]
2025-02-06 15:02:40.319   INFO 16424 --- [           main] o.s.b.w.embedded.tomcat.TomcatWebServer  : Tomcat started on port(s): 1217 (http) with context path ''
2025-02-06 15:02:40.700   INFO 16424 --- [           main] com.wms.WmsServerApplication             : Started WmsServerApplication in 4.552 seconds (JVM running for 5.285)
2025-02-06 15:02:43.274   INFO 16424 --- [nio-1217-exec-2] o.a.c.c.C.[Tomcat].[localhost].[/]       : Initializing Spring DispatcherServlet 'dispatcherServlet'
2025-02-06 15:02:43.275   INFO 16424 --- [nio-1217-exec-2] o.s.web.servlet.DispatcherServlet        : Initializing Servlet 'dispatcherServlet'
2025-02-06 15:02:43.277   INFO 16424 --- [nio-1217-exec-2] o.s.web.servlet.DispatcherServlet        : Completed initialization in 2 ms
2025-02-06 15:02:43.483   INFO 16424 --- [nio-1217-exec-2] com.alibaba.druid.pool.DruidDataSource   : {dataSource-1} inited
2025-02-06 16:12:27.469   INFO   --- [           main] .b.t.c.SpringBootTestContextBootstrapper : Neither @ContextConfiguration nor @ContextHierarchy found for test class [com.wms.WmsServerApplicationTests], using SpringBootContextLoader
2025-02-06 16:12:27.478   INFO   --- [           main] o.s.t.c.support.AbstractContextLoader    : Could not detect default resource locations for test class [com.wms.WmsServerApplicationTests]: no resource found for suffixes {-context.xml, Context.groovy}.
2025-02-06 16:12:27.479   INFO   --- [           main] t.c.s.AnnotationConfigContextLoaderUtils : Could not detect default configuration classes for test class [com.wms.WmsServerApplicationTests]: WmsServerApplicationTests does not declare any static, non-private, non-final, nested classes annotated with @Configuration.
2025-02-06 16:12:27.588   INFO   --- [           main] .b.t.c.SpringBootTestContextBootstrapper : Found @SpringBootConfiguration com.wms.WmsServerApplication for test class com.wms.WmsServerApplicationTests
2025-02-06 16:12:27.698   INFO   --- [           main] .b.t.c.SpringBootTestContextBootstrapper : Loaded default TestExecutionListener class names from location [META-INF/spring.factories]: [org.springframework.boot.test.mock.mockito.MockitoTestExecutionListener, org.springframework.boot.test.mock.mockito.ResetMocksTestExecutionListener, org.springframework.boot.test.autoconfigure.restdocs.RestDocsTestExecutionListener, org.springframework.boot.test.autoconfigure.web.client.MockRestServiceServerResetTestExecutionListener, org.springframework.boot.test.autoconfigure.web.servlet.MockMvcPrintOnlyOnFailureTestExecutionListener, org.springframework.boot.test.autoconfigure.web.servlet.WebDriverTestExecutionListener, org.springframework.boot.test.autoconfigure.webservices.client.MockWebServiceServerTestExecutionListener, org.springframework.test.context.web.ServletTestExecutionListener, org.springframework.test.context.support.DirtiesContextBeforeModesTestExecutionListener, org.springframework.test.context.event.ApplicationEventsTestExecutionListener, org.springframework.test.context.support.DependencyInjectionTestExecutionListener, org.springframework.test.context.support.DirtiesContextTestExecutionListener, org.springframework.test.context.transaction.TransactionalTestExecutionListener, org.springframework.test.context.jdbc.SqlScriptsTestExecutionListener, org.springframework.test.context.event.EventPublishingTestExecutionListener, org.springframework.security.test.context.support.WithSecurityContextTestExecutionListener, org.springframework.security.test.context.support.ReactorContextTestExecutionListener]
2025-02-06 16:12:27.730   INFO   --- [           main] .b.t.c.SpringBootTestContextBootstrapper : Using TestExecutionListeners: [org.springframework.test.context.web.ServletTestExecutionListener@4c4748bf, org.springframework.test.context.support.DirtiesContextBeforeModesTestExecutionListener@7ce97ee5, org.springframework.test.context.event.ApplicationEventsTestExecutionListener@32c8e539, org.springframework.boot.test.mock.mockito.MockitoTestExecutionListener@73dce0e6, org.springframework.boot.test.autoconfigure.SpringBootDependencyInjectionTestExecutionListener@5a85c92, org.springframework.test.context.support.DirtiesContextTestExecutionListener@32811494, org.springframework.test.context.transaction.TransactionalTestExecutionListener@4795ded0, org.springframework.test.context.jdbc.SqlScriptsTestExecutionListener@53dacd14, org.springframework.test.context.event.EventPublishingTestExecutionListener@14d14731, org.springframework.security.test.context.support.WithSecurityContextTestExecutionListener@2eced48b, org.springframework.security.test.context.support.ReactorContextTestExecutionListener@47c4ecdc, org.springframework.boot.test.mock.mockito.ResetMocksTestExecutionListener@42f33b5d, org.springframework.boot.test.autoconfigure.restdocs.RestDocsTestExecutionListener@5c8504fd, org.springframework.boot.test.autoconfigure.web.client.MockRestServiceServerResetTestExecutionListener@4b7e96a, org.springframework.boot.test.autoconfigure.web.servlet.MockMvcPrintOnlyOnFailureTestExecutionListener@6475472c, org.springframework.boot.test.autoconfigure.web.servlet.WebDriverTestExecutionListener@3f07b12c, org.springframework.boot.test.autoconfigure.webservices.client.MockWebServiceServerTestExecutionListener@4bd1f8dd]
2025-02-06 16:12:28.071   INFO 12356 --- [           main] com.wms.WmsServerApplicationTests        : Starting WmsServerApplicationTests using Java 17.0.5 on Disney with PID 12356 (started by qe249 in K:\GitHub\notes\project\wms-server)
2025-02-06 16:12:28.071   INFO 12356 --- [           main] com.wms.WmsServerApplicationTests        : The following 1 profile is active: "dev"
2025-02-06 16:12:29.015   INFO 12356 --- [           main] .s.d.r.c.RepositoryConfigurationDelegate : Multiple Spring Data modules found, entering strict repository configuration mode
2025-02-06 16:12:29.017   INFO 12356 --- [           main] .s.d.r.c.RepositoryConfigurationDelegate : Bootstrapping Spring Data Redis repositories in DEFAULT mode.
2025-02-06 16:12:29.048   INFO 12356 --- [           main] .s.d.r.c.RepositoryConfigurationDelegate : Finished Spring Data repository scanning in 20 ms. Found 0 Redis repository interfaces.
2025-02-06 16:12:32.311   INFO 12356 --- [           main] o.s.b.a.w.s.WelcomePageHandlerMapping    : Adding welcome page: class path resource [static/index.html]
2025-02-06 16:12:33.120   INFO 12356 --- [           main] o.s.s.web.DefaultSecurityFilterChain     : Will secure any request with [org.springframework.security.web.context.request.async.WebAsyncManagerIntegrationFilter@7e84af34, org.springframework.security.web.context.SecurityContextPersistenceFilter@4529048e, org.springframework.security.web.header.HeaderWriterFilter@6a30f6b1, org.springframework.web.filter.CorsFilter@218e186b, org.springframework.security.web.authentication.logout.LogoutFilter@489b7559, com.wms.filter.jwt.JwtAuthenticationTokenFilter@12925d2, org.springframework.security.web.session.ConcurrentSessionFilter@45b2d17b, org.springframework.security.web.savedrequest.RequestCacheAwareFilter@10df1f34, org.springframework.security.web.servletapi.SecurityContextHolderAwareRequestFilter@11fb1691, org.springframework.security.web.authentication.AnonymousAuthenticationFilter@612531a3, org.springframework.security.web.session.SessionManagementFilter@2053b761, org.springframework.security.web.access.ExceptionTranslationFilter@f245168, org.springframework.security.web.access.intercept.FilterSecurityInterceptor@7c3223aa]
2025-02-06 16:12:33.791   INFO 12356 --- [           main] com.wms.WmsServerApplicationTests        : Started WmsServerApplicationTests in 6.005 seconds (JVM running for 7.298)
2025-02-06 16:12:34.424   INFO 12356 --- [           main] com.alibaba.druid.pool.DruidDataSource   : {dataSource-1} inited
2025-02-06 16:12:35.035   INFO 12356 --- [ionShutdownHook] com.alibaba.druid.pool.DruidDataSource   : {dataSource-1} closing ...
2025-02-06 16:12:35.046   INFO 12356 --- [ionShutdownHook] com.alibaba.druid.pool.DruidDataSource   : {dataSource-1} closed
2025-02-06 16:15:52.429   INFO 16424 --- [ionShutdownHook] com.alibaba.druid.pool.DruidDataSource   : {dataSource-1} closing ...
2025-02-06 16:15:52.431   INFO 16424 --- [ionShutdownHook] com.alibaba.druid.pool.DruidDataSource   : {dataSource-1} closed
2025-02-06 16:15:56.692   INFO 9496 --- [           main] com.wms.WmsServerApplication             : Starting WmsServerApplication using Java 17.0.5 on Disney with PID 9496 (K:\GitHub\notes\project\wms-server\target\classes started by qe249 in K:\GitHub\notes\project\wms-server)
2025-02-06 16:15:56.695   INFO 9496 --- [           main] com.wms.WmsServerApplication             : The following 1 profile is active: "dev"
2025-02-06 16:15:57.435   INFO 9496 --- [           main] .s.d.r.c.RepositoryConfigurationDelegate : Multiple Spring Data modules found, entering strict repository configuration mode
2025-02-06 16:15:57.436   INFO 9496 --- [           main] .s.d.r.c.RepositoryConfigurationDelegate : Bootstrapping Spring Data Redis repositories in DEFAULT mode.
2025-02-06 16:15:57.460   INFO 9496 --- [           main] .s.d.r.c.RepositoryConfigurationDelegate : Finished Spring Data repository scanning in 12 ms. Found 0 Redis repository interfaces.
2025-02-06 16:15:58.176   INFO 9496 --- [           main] o.s.b.w.embedded.tomcat.TomcatWebServer  : Tomcat initialized with port(s): 1217 (http)
2025-02-06 16:15:58.185   INFO 9496 --- [           main] o.a.coyote.http11.Http11NioProtocol      : Initializing ProtocolHandler ["http-nio-1217"]
2025-02-06 16:15:58.185   INFO 9496 --- [           main] o.apache.catalina.core.StandardService   : Starting service [Tomcat]
2025-02-06 16:15:58.186   INFO 9496 --- [           main] org.apache.catalina.core.StandardEngine  : Starting Servlet engine: [Apache Tomcat/9.0.68]
2025-02-06 16:15:58.267   INFO 9496 --- [           main] o.a.c.c.C.[Tomcat].[localhost].[/]       : Initializing Spring embedded WebApplicationContext
2025-02-06 16:15:58.267   INFO 9496 --- [           main] w.s.c.ServletWebServerApplicationContext : Root WebApplicationContext: initialization completed in 1527 ms
2025-02-06 16:15:59.873   INFO 9496 --- [           main] o.s.b.a.w.s.WelcomePageHandlerMapping    : Adding welcome page: class path resource [static/index.html]
2025-02-06 16:16:00.329   INFO 9496 --- [           main] o.s.s.web.DefaultSecurityFilterChain     : Will secure any request with [org.springframework.security.web.context.request.async.WebAsyncManagerIntegrationFilter@63e0057a, org.springframework.security.web.context.SecurityContextPersistenceFilter@558ed473, org.springframework.security.web.header.HeaderWriterFilter@7e741d6b, org.springframework.web.filter.CorsFilter@5b76b891, org.springframework.security.web.authentication.logout.LogoutFilter@3c2f310c, com.wms.filter.jwt.JwtAuthenticationTokenFilter@57b63253, org.springframework.security.web.session.ConcurrentSessionFilter@2f8ab988, org.springframework.security.web.savedrequest.RequestCacheAwareFilter@7e9ed4df, org.springframework.security.web.servletapi.SecurityContextHolderAwareRequestFilter@6c96346b, org.springframework.security.web.authentication.AnonymousAuthenticationFilter@611a91df, org.springframework.security.web.session.SessionManagementFilter@304e1e4e, org.springframework.security.web.access.ExceptionTranslationFilter@5afba80c, org.springframework.security.web.access.intercept.FilterSecurityInterceptor@277474fc]
2025-02-06 16:16:00.406   INFO 9496 --- [           main] o.a.coyote.http11.Http11NioProtocol      : Starting ProtocolHandler ["http-nio-1217"]
2025-02-06 16:16:00.422   INFO 9496 --- [           main] o.s.b.w.embedded.tomcat.TomcatWebServer  : Tomcat started on port(s): 1217 (http) with context path ''
2025-02-06 16:16:00.789   INFO 9496 --- [           main] com.wms.WmsServerApplication             : Started WmsServerApplication in 4.515 seconds (JVM running for 5.376)
2025-02-06 16:16:11.989   INFO   --- [           main] .b.t.c.SpringBootTestContextBootstrapper : Neither @ContextConfiguration nor @ContextHierarchy found for test class [com.wms.WmsServerApplicationTests], using SpringBootContextLoader
2025-02-06 16:16:11.995   INFO   --- [           main] o.s.t.c.support.AbstractContextLoader    : Could not detect default resource locations for test class [com.wms.WmsServerApplicationTests]: no resource found for suffixes {-context.xml, Context.groovy}.
2025-02-06 16:16:11.996   INFO   --- [           main] t.c.s.AnnotationConfigContextLoaderUtils : Could not detect default configuration classes for test class [com.wms.WmsServerApplicationTests]: WmsServerApplicationTests does not declare any static, non-private, non-final, nested classes annotated with @Configuration.
2025-02-06 16:16:12.106   INFO   --- [           main] .b.t.c.SpringBootTestContextBootstrapper : Found @SpringBootConfiguration com.wms.WmsServerApplication for test class com.wms.WmsServerApplicationTests
2025-02-06 16:16:12.216   INFO   --- [           main] .b.t.c.SpringBootTestContextBootstrapper : Loaded default TestExecutionListener class names from location [META-INF/spring.factories]: [org.springframework.boot.test.mock.mockito.MockitoTestExecutionListener, org.springframework.boot.test.mock.mockito.ResetMocksTestExecutionListener, org.springframework.boot.test.autoconfigure.restdocs.RestDocsTestExecutionListener, org.springframework.boot.test.autoconfigure.web.client.MockRestServiceServerResetTestExecutionListener, org.springframework.boot.test.autoconfigure.web.servlet.MockMvcPrintOnlyOnFailureTestExecutionListener, org.springframework.boot.test.autoconfigure.web.servlet.WebDriverTestExecutionListener, org.springframework.boot.test.autoconfigure.webservices.client.MockWebServiceServerTestExecutionListener, org.springframework.test.context.web.ServletTestExecutionListener, org.springframework.test.context.support.DirtiesContextBeforeModesTestExecutionListener, org.springframework.test.context.event.ApplicationEventsTestExecutionListener, org.springframework.test.context.support.DependencyInjectionTestExecutionListener, org.springframework.test.context.support.DirtiesContextTestExecutionListener, org.springframework.test.context.transaction.TransactionalTestExecutionListener, org.springframework.test.context.jdbc.SqlScriptsTestExecutionListener, org.springframework.test.context.event.EventPublishingTestExecutionListener, org.springframework.security.test.context.support.WithSecurityContextTestExecutionListener, org.springframework.security.test.context.support.ReactorContextTestExecutionListener]
2025-02-06 16:16:12.245   INFO   --- [           main] .b.t.c.SpringBootTestContextBootstrapper : Using TestExecutionListeners: [org.springframework.test.context.web.ServletTestExecutionListener@4c4748bf, org.springframework.test.context.support.DirtiesContextBeforeModesTestExecutionListener@7ce97ee5, org.springframework.test.context.event.ApplicationEventsTestExecutionListener@32c8e539, org.springframework.boot.test.mock.mockito.MockitoTestExecutionListener@73dce0e6, org.springframework.boot.test.autoconfigure.SpringBootDependencyInjectionTestExecutionListener@5a85c92, org.springframework.test.context.support.DirtiesContextTestExecutionListener@32811494, org.springframework.test.context.transaction.TransactionalTestExecutionListener@4795ded0, org.springframework.test.context.jdbc.SqlScriptsTestExecutionListener@53dacd14, org.springframework.test.context.event.EventPublishingTestExecutionListener@14d14731, org.springframework.security.test.context.support.WithSecurityContextTestExecutionListener@2eced48b, org.springframework.security.test.context.support.ReactorContextTestExecutionListener@47c4ecdc, org.springframework.boot.test.mock.mockito.ResetMocksTestExecutionListener@42f33b5d, org.springframework.boot.test.autoconfigure.restdocs.RestDocsTestExecutionListener@5c8504fd, org.springframework.boot.test.autoconfigure.web.client.MockRestServiceServerResetTestExecutionListener@4b7e96a, org.springframework.boot.test.autoconfigure.web.servlet.MockMvcPrintOnlyOnFailureTestExecutionListener@6475472c, org.springframework.boot.test.autoconfigure.web.servlet.WebDriverTestExecutionListener@3f07b12c, org.springframework.boot.test.autoconfigure.webservices.client.MockWebServiceServerTestExecutionListener@4bd1f8dd]
2025-02-06 16:16:12.623   INFO 11076 --- [           main] com.wms.WmsServerApplicationTests        : Starting WmsServerApplicationTests using Java 17.0.5 on Disney with PID 11076 (started by qe249 in K:\GitHub\notes\project\wms-server)
2025-02-06 16:16:12.623   INFO 11076 --- [           main] com.wms.WmsServerApplicationTests        : The following 1 profile is active: "dev"
2025-02-06 16:16:13.498   INFO 11076 --- [           main] .s.d.r.c.RepositoryConfigurationDelegate : Multiple Spring Data modules found, entering strict repository configuration mode
2025-02-06 16:16:13.501   INFO 11076 --- [           main] .s.d.r.c.RepositoryConfigurationDelegate : Bootstrapping Spring Data Redis repositories in DEFAULT mode.
2025-02-06 16:16:13.529   INFO 11076 --- [           main] .s.d.r.c.RepositoryConfigurationDelegate : Finished Spring Data repository scanning in 15 ms. Found 0 Redis repository interfaces.
2025-02-06 16:16:16.831   INFO 11076 --- [           main] o.s.b.a.w.s.WelcomePageHandlerMapping    : Adding welcome page: class path resource [static/index.html]
2025-02-06 16:16:17.668   INFO 11076 --- [           main] o.s.s.web.DefaultSecurityFilterChain     : Will secure any request with [org.springframework.security.web.context.request.async.WebAsyncManagerIntegrationFilter@2d97344c, org.springframework.security.web.context.SecurityContextPersistenceFilter@f245168, org.springframework.security.web.header.HeaderWriterFilter@64cec4d0, org.springframework.web.filter.CorsFilter@7f839ec5, org.springframework.security.web.authentication.logout.LogoutFilter@672f69f7, com.wms.filter.jwt.JwtAuthenticationTokenFilter@23f539df, org.springframework.security.web.session.ConcurrentSessionFilter@3b3a3a92, org.springframework.security.web.savedrequest.RequestCacheAwareFilter@1d51b6a8, org.springframework.security.web.servletapi.SecurityContextHolderAwareRequestFilter@501b296a, org.springframework.security.web.authentication.AnonymousAuthenticationFilter@b859355, org.springframework.security.web.session.SessionManagementFilter@493250cf, org.springframework.security.web.access.ExceptionTranslationFilter@3986b9e9, org.springframework.security.web.access.intercept.FilterSecurityInterceptor@5dc7881d]
2025-02-06 16:16:18.333   INFO 11076 --- [           main] com.wms.WmsServerApplicationTests        : Started WmsServerApplicationTests in 6.044 seconds (JVM running for 7.182)
2025-02-06 16:16:18.898   INFO 11076 --- [           main] com.alibaba.druid.pool.DruidDataSource   : {dataSource-1} inited
2025-02-06 16:16:19.514   INFO 11076 --- [ionShutdownHook] com.alibaba.druid.pool.DruidDataSource   : {dataSource-1} closing ...
2025-02-06 16:16:19.521   INFO 11076 --- [ionShutdownHook] com.alibaba.druid.pool.DruidDataSource   : {dataSource-1} closed
2025-02-06 16:16:23.550   INFO 9496 --- [nio-1217-exec-1] o.a.c.c.C.[Tomcat].[localhost].[/]       : Initializing Spring DispatcherServlet 'dispatcherServlet'
2025-02-06 16:16:23.550   INFO 9496 --- [nio-1217-exec-1] o.s.web.servlet.DispatcherServlet        : Initializing Servlet 'dispatcherServlet'
2025-02-06 16:16:23.553   INFO 9496 --- [nio-1217-exec-1] o.s.web.servlet.DispatcherServlet        : Completed initialization in 2 ms
2025-02-06 16:16:23.701   INFO 9496 --- [nio-1217-exec-1] com.alibaba.druid.pool.DruidDataSource   : {dataSource-1} inited
2025-02-06 17:14:11.840   INFO   --- [           main] .b.t.c.SpringBootTestContextBootstrapper : Neither @ContextConfiguration nor @ContextHierarchy found for test class [com.wms.WmsServerApplicationTests], using SpringBootContextLoader
2025-02-06 17:14:11.848   INFO   --- [           main] o.s.t.c.support.AbstractContextLoader    : Could not detect default resource locations for test class [com.wms.WmsServerApplicationTests]: no resource found for suffixes {-context.xml, Context.groovy}.
2025-02-06 17:14:11.848   INFO   --- [           main] t.c.s.AnnotationConfigContextLoaderUtils : Could not detect default configuration classes for test class [com.wms.WmsServerApplicationTests]: WmsServerApplicationTests does not declare any static, non-private, non-final, nested classes annotated with @Configuration.
2025-02-06 17:14:11.930   INFO   --- [           main] .b.t.c.SpringBootTestContextBootstrapper : Found @SpringBootConfiguration com.wms.WmsServerApplication for test class com.wms.WmsServerApplicationTests
2025-02-06 17:14:12.020   INFO   --- [           main] .b.t.c.SpringBootTestContextBootstrapper : Loaded default TestExecutionListener class names from location [META-INF/spring.factories]: [org.springframework.boot.test.mock.mockito.MockitoTestExecutionListener, org.springframework.boot.test.mock.mockito.ResetMocksTestExecutionListener, org.springframework.boot.test.autoconfigure.restdocs.RestDocsTestExecutionListener, org.springframework.boot.test.autoconfigure.web.client.MockRestServiceServerResetTestExecutionListener, org.springframework.boot.test.autoconfigure.web.servlet.MockMvcPrintOnlyOnFailureTestExecutionListener, org.springframework.boot.test.autoconfigure.web.servlet.WebDriverTestExecutionListener, org.springframework.boot.test.autoconfigure.webservices.client.MockWebServiceServerTestExecutionListener, org.springframework.test.context.web.ServletTestExecutionListener, org.springframework.test.context.support.DirtiesContextBeforeModesTestExecutionListener, org.springframework.test.context.event.ApplicationEventsTestExecutionListener, org.springframework.test.context.support.DependencyInjectionTestExecutionListener, org.springframework.test.context.support.DirtiesContextTestExecutionListener, org.springframework.test.context.transaction.TransactionalTestExecutionListener, org.springframework.test.context.jdbc.SqlScriptsTestExecutionListener, org.springframework.test.context.event.EventPublishingTestExecutionListener, org.springframework.security.test.context.support.WithSecurityContextTestExecutionListener, org.springframework.security.test.context.support.ReactorContextTestExecutionListener]
2025-02-06 17:14:12.044   INFO   --- [           main] .b.t.c.SpringBootTestContextBootstrapper : Using TestExecutionListeners: [org.springframework.test.context.web.ServletTestExecutionListener@4c4748bf, org.springframework.test.context.support.DirtiesContextBeforeModesTestExecutionListener@7ce97ee5, org.springframework.test.context.event.ApplicationEventsTestExecutionListener@32c8e539, org.springframework.boot.test.mock.mockito.MockitoTestExecutionListener@73dce0e6, org.springframework.boot.test.autoconfigure.SpringBootDependencyInjectionTestExecutionListener@5a85c92, org.springframework.test.context.support.DirtiesContextTestExecutionListener@32811494, org.springframework.test.context.transaction.TransactionalTestExecutionListener@4795ded0, org.springframework.test.context.jdbc.SqlScriptsTestExecutionListener@53dacd14, org.springframework.test.context.event.EventPublishingTestExecutionListener@14d14731, org.springframework.security.test.context.support.WithSecurityContextTestExecutionListener@2eced48b, org.springframework.security.test.context.support.ReactorContextTestExecutionListener@47c4ecdc, org.springframework.boot.test.mock.mockito.ResetMocksTestExecutionListener@42f33b5d, org.springframework.boot.test.autoconfigure.restdocs.RestDocsTestExecutionListener@5c8504fd, org.springframework.boot.test.autoconfigure.web.client.MockRestServiceServerResetTestExecutionListener@4b7e96a, org.springframework.boot.test.autoconfigure.web.servlet.MockMvcPrintOnlyOnFailureTestExecutionListener@6475472c, org.springframework.boot.test.autoconfigure.web.servlet.WebDriverTestExecutionListener@3f07b12c, org.springframework.boot.test.autoconfigure.webservices.client.MockWebServiceServerTestExecutionListener@4bd1f8dd]
2025-02-06 17:14:12.417   INFO 6320 --- [           main] com.wms.WmsServerApplicationTests        : Starting WmsServerApplicationTests using Java 17.0.5 on Disney with PID 6320 (started by qe249 in K:\GitHub\notes\project\wms-server)
2025-02-06 17:14:12.418   INFO 6320 --- [           main] com.wms.WmsServerApplicationTests        : The following 1 profile is active: "dev"
2025-02-06 17:14:13.249   INFO 6320 --- [           main] .s.d.r.c.RepositoryConfigurationDelegate : Multiple Spring Data modules found, entering strict repository configuration mode
2025-02-06 17:14:13.251   INFO 6320 --- [           main] .s.d.r.c.RepositoryConfigurationDelegate : Bootstrapping Spring Data Redis repositories in DEFAULT mode.
2025-02-06 17:14:13.282   INFO 6320 --- [           main] .s.d.r.c.RepositoryConfigurationDelegate : Finished Spring Data repository scanning in 19 ms. Found 0 Redis repository interfaces.
2025-02-06 17:14:16.362   INFO 6320 --- [           main] o.s.b.a.w.s.WelcomePageHandlerMapping    : Adding welcome page: class path resource [static/index.html]
2025-02-06 17:14:17.162   INFO 6320 --- [           main] o.s.s.web.DefaultSecurityFilterChain     : Will secure any request with [org.springframework.security.web.context.request.async.WebAsyncManagerIntegrationFilter@10f60e36, org.springframework.security.web.context.SecurityContextPersistenceFilter@1d4e06bb, org.springframework.security.web.header.HeaderWriterFilter@7fb1820d, org.springframework.web.filter.CorsFilter@8ad182c, org.springframework.security.web.authentication.logout.LogoutFilter@3d195d15, com.wms.filter.jwt.JwtAuthenticationTokenFilter@7e84af34, org.springframework.security.web.session.ConcurrentSessionFilter@758655a9, org.springframework.security.web.savedrequest.RequestCacheAwareFilter@524c3e54, org.springframework.security.web.servletapi.SecurityContextHolderAwareRequestFilter@2d527346, org.springframework.security.web.authentication.AnonymousAuthenticationFilter@218e186b, org.springframework.security.web.session.SessionManagementFilter@501b296a, org.springframework.security.web.access.ExceptionTranslationFilter@707b38a1, org.springframework.security.web.access.intercept.FilterSecurityInterceptor@b859355]
2025-02-06 17:14:17.785   INFO 6320 --- [           main] com.wms.WmsServerApplicationTests        : Started WmsServerApplicationTests in 5.695 seconds (JVM running for 6.681)
2025-02-06 17:14:18.342   INFO 6320 --- [           main] com.alibaba.druid.pool.DruidDataSource   : {dataSource-1} inited
2025-02-06 17:14:18.842   INFO 6320 --- [ionShutdownHook] com.alibaba.druid.pool.DruidDataSource   : {dataSource-1} closing ...
2025-02-06 17:14:18.850   INFO 6320 --- [ionShutdownHook] com.alibaba.druid.pool.DruidDataSource   : {dataSource-1} closed
2025-02-06 17:15:34.058   INFO   --- [           main] .b.t.c.SpringBootTestContextBootstrapper : Neither @ContextConfiguration nor @ContextHierarchy found for test class [com.wms.WmsServerApplicationTests], using SpringBootContextLoader
2025-02-06 17:15:34.064   INFO   --- [           main] o.s.t.c.support.AbstractContextLoader    : Could not detect default resource locations for test class [com.wms.WmsServerApplicationTests]: no resource found for suffixes {-context.xml, Context.groovy}.
2025-02-06 17:15:34.064   INFO   --- [           main] t.c.s.AnnotationConfigContextLoaderUtils : Could not detect default configuration classes for test class [com.wms.WmsServerApplicationTests]: WmsServerApplicationTests does not declare any static, non-private, non-final, nested classes annotated with @Configuration.
2025-02-06 17:15:34.160   INFO   --- [           main] .b.t.c.SpringBootTestContextBootstrapper : Found @SpringBootConfiguration com.wms.WmsServerApplication for test class com.wms.WmsServerApplicationTests
2025-02-06 17:15:34.252   INFO   --- [           main] .b.t.c.SpringBootTestContextBootstrapper : Loaded default TestExecutionListener class names from location [META-INF/spring.factories]: [org.springframework.boot.test.mock.mockito.MockitoTestExecutionListener, org.springframework.boot.test.mock.mockito.ResetMocksTestExecutionListener, org.springframework.boot.test.autoconfigure.restdocs.RestDocsTestExecutionListener, org.springframework.boot.test.autoconfigure.web.client.MockRestServiceServerResetTestExecutionListener, org.springframework.boot.test.autoconfigure.web.servlet.MockMvcPrintOnlyOnFailureTestExecutionListener, org.springframework.boot.test.autoconfigure.web.servlet.WebDriverTestExecutionListener, org.springframework.boot.test.autoconfigure.webservices.client.MockWebServiceServerTestExecutionListener, org.springframework.test.context.web.ServletTestExecutionListener, org.springframework.test.context.support.DirtiesContextBeforeModesTestExecutionListener, org.springframework.test.context.event.ApplicationEventsTestExecutionListener, org.springframework.test.context.support.DependencyInjectionTestExecutionListener, org.springframework.test.context.support.DirtiesContextTestExecutionListener, org.springframework.test.context.transaction.TransactionalTestExecutionListener, org.springframework.test.context.jdbc.SqlScriptsTestExecutionListener, org.springframework.test.context.event.EventPublishingTestExecutionListener, org.springframework.security.test.context.support.WithSecurityContextTestExecutionListener, org.springframework.security.test.context.support.ReactorContextTestExecutionListener]
2025-02-06 17:15:34.268   INFO   --- [           main] .b.t.c.SpringBootTestContextBootstrapper : Using TestExecutionListeners: [org.springframework.test.context.web.ServletTestExecutionListener@4c4748bf, org.springframework.test.context.support.DirtiesContextBeforeModesTestExecutionListener@7ce97ee5, org.springframework.test.context.event.ApplicationEventsTestExecutionListener@32c8e539, org.springframework.boot.test.mock.mockito.MockitoTestExecutionListener@73dce0e6, org.springframework.boot.test.autoconfigure.SpringBootDependencyInjectionTestExecutionListener@5a85c92, org.springframework.test.context.support.DirtiesContextTestExecutionListener@32811494, org.springframework.test.context.transaction.TransactionalTestExecutionListener@4795ded0, org.springframework.test.context.jdbc.SqlScriptsTestExecutionListener@53dacd14, org.springframework.test.context.event.EventPublishingTestExecutionListener@14d14731, org.springframework.security.test.context.support.WithSecurityContextTestExecutionListener@2eced48b, org.springframework.security.test.context.support.ReactorContextTestExecutionListener@47c4ecdc, org.springframework.boot.test.mock.mockito.ResetMocksTestExecutionListener@42f33b5d, org.springframework.boot.test.autoconfigure.restdocs.RestDocsTestExecutionListener@5c8504fd, org.springframework.boot.test.autoconfigure.web.client.MockRestServiceServerResetTestExecutionListener@4b7e96a, org.springframework.boot.test.autoconfigure.web.servlet.MockMvcPrintOnlyOnFailureTestExecutionListener@6475472c, org.springframework.boot.test.autoconfigure.web.servlet.WebDriverTestExecutionListener@3f07b12c, org.springframework.boot.test.autoconfigure.webservices.client.MockWebServiceServerTestExecutionListener@4bd1f8dd]
2025-02-06 17:15:34.622   INFO 16244 --- [           main] com.wms.WmsServerApplicationTests        : Starting WmsServerApplicationTests using Java 17.0.5 on Disney with PID 16244 (started by qe249 in K:\GitHub\notes\project\wms-server)
2025-02-06 17:15:34.623   INFO 16244 --- [           main] com.wms.WmsServerApplicationTests        : The following 1 profile is active: "dev"
2025-02-06 17:15:35.492   INFO 16244 --- [           main] .s.d.r.c.RepositoryConfigurationDelegate : Multiple Spring Data modules found, entering strict repository configuration mode
2025-02-06 17:15:35.495   INFO 16244 --- [           main] .s.d.r.c.RepositoryConfigurationDelegate : Bootstrapping Spring Data Redis repositories in DEFAULT mode.
2025-02-06 17:15:35.524   INFO 16244 --- [           main] .s.d.r.c.RepositoryConfigurationDelegate : Finished Spring Data repository scanning in 17 ms. Found 0 Redis repository interfaces.
2025-02-06 17:15:38.902   INFO 16244 --- [           main] o.s.b.a.w.s.WelcomePageHandlerMapping    : Adding welcome page: class path resource [static/index.html]
2025-02-06 17:15:39.824   INFO 16244 --- [           main] o.s.s.web.DefaultSecurityFilterChain     : Will secure any request with [org.springframework.security.web.context.request.async.WebAsyncManagerIntegrationFilter@7e84af34, org.springframework.security.web.context.SecurityContextPersistenceFilter@4529048e, org.springframework.security.web.header.HeaderWriterFilter@6a30f6b1, org.springframework.web.filter.CorsFilter@218e186b, org.springframework.security.web.authentication.logout.LogoutFilter@489b7559, com.wms.filter.jwt.JwtAuthenticationTokenFilter@12925d2, org.springframework.security.web.session.ConcurrentSessionFilter@45b2d17b, org.springframework.security.web.savedrequest.RequestCacheAwareFilter@10df1f34, org.springframework.security.web.servletapi.SecurityContextHolderAwareRequestFilter@11fb1691, org.springframework.security.web.authentication.AnonymousAuthenticationFilter@612531a3, org.springframework.security.web.session.SessionManagementFilter@2053b761, org.springframework.security.web.access.ExceptionTranslationFilter@f245168, org.springframework.security.web.access.intercept.FilterSecurityInterceptor@7c3223aa]
2025-02-06 17:15:40.717   INFO 16244 --- [           main] com.wms.WmsServerApplicationTests        : Started WmsServerApplicationTests in 6.399 seconds (JVM running for 7.389)
2025-02-06 17:15:41.235   INFO 16244 --- [           main] com.alibaba.druid.pool.DruidDataSource   : {dataSource-1} inited
2025-02-06 17:15:41.710   INFO 16244 --- [ionShutdownHook] com.alibaba.druid.pool.DruidDataSource   : {dataSource-1} closing ...
2025-02-06 17:15:41.717   INFO 16244 --- [ionShutdownHook] com.alibaba.druid.pool.DruidDataSource   : {dataSource-1} closed
2025-02-06 21:03:56.554   INFO 9496 --- [ionShutdownHook] com.alibaba.druid.pool.DruidDataSource   : {dataSource-1} closing ...
2025-02-06 21:03:56.567   INFO 9496 --- [ionShutdownHook] com.alibaba.druid.pool.DruidDataSource   : {dataSource-1} closed
