2025-01-18 00:26:25.273   INFO 3144 --- [ionShutdownHook] com.alibaba.druid.pool.DruidDataSource   : {dataSource-1} closing ...
2025-01-18 00:26:25.277   INFO 3144 --- [ionShutdownHook] com.alibaba.druid.pool.DruidDataSource   : {dataSource-1} closed
2025-01-18 00:26:40.720   INFO 6472 --- [           main] com.wms.WmsServerApplication             : Starting WmsServerApplication using Java 17.0.5 on Disney with PID 6472 (K:\GitHub\notes\project\wms-server\target\classes started by qe249 in K:\GitHub\notes\project\wms-server)
2025-01-18 00:26:40.724   INFO 6472 --- [           main] com.wms.WmsServerApplication             : The following 1 profile is active: "dev"
2025-01-18 00:26:43.183   INFO 6472 --- [           main] .s.d.r.c.RepositoryConfigurationDelegate : Multiple Spring Data modules found, entering strict repository configuration mode
2025-01-18 00:26:43.187   INFO 6472 --- [           main] .s.d.r.c.RepositoryConfigurationDelegate : Bootstrapping Spring Data Redis repositories in DEFAULT mode.
2025-01-18 00:26:43.229   INFO 6472 --- [           main] .s.d.r.c.RepositoryConfigurationDelegate : Finished Spring Data repository scanning in 22 ms. Found 0 Redis repository interfaces.
2025-01-18 00:26:44.426   INFO 6472 --- [           main] o.s.b.w.embedded.tomcat.TomcatWebServer  : Tomcat initialized with port(s): 1217 (http)
2025-01-18 00:26:44.441   INFO 6472 --- [           main] o.a.coyote.http11.Http11NioProtocol      : Initializing ProtocolHandler ["http-nio-1217"]
2025-01-18 00:26:44.441   INFO 6472 --- [           main] o.apache.catalina.core.StandardService   : Starting service [Tomcat]
2025-01-18 00:26:44.442   INFO 6472 --- [           main] org.apache.catalina.core.StandardEngine  : Starting Servlet engine: [Apache Tomcat/9.0.68]
2025-01-18 00:26:44.575   INFO 6472 --- [           main] o.a.c.c.C.[Tomcat].[localhost].[/]       : Initializing Spring embedded WebApplicationContext
2025-01-18 00:26:44.575   INFO 6472 --- [           main] w.s.c.ServletWebServerApplicationContext : Root WebApplicationContext: initialization completed in 3790 ms
2025-01-18 00:26:47.690   INFO 6472 --- [           main] o.s.b.a.w.s.WelcomePageHandlerMapping    : Adding welcome page: class path resource [static/index.html]
2025-01-18 00:26:48.401   INFO 6472 --- [           main] o.s.s.web.DefaultSecurityFilterChain     : Will secure any request with [org.springframework.security.web.context.request.async.WebAsyncManagerIntegrationFilter@1d4531fa, org.springframework.security.web.context.SecurityContextPersistenceFilter@2ad6aeb8, org.springframework.security.web.header.HeaderWriterFilter@674fd531, org.springframework.web.filter.CorsFilter@68cb8e52, org.springframework.security.web.authentication.logout.LogoutFilter@6ba0dcba, com.wms.filter.jwt.JwtAuthenticationTokenFilter@208e5b23, org.springframework.security.web.session.ConcurrentSessionFilter@1a22c1ba, org.springframework.security.web.savedrequest.RequestCacheAwareFilter@6173863f, org.springframework.security.web.servletapi.SecurityContextHolderAwareRequestFilter@7e615c6a, org.springframework.security.web.authentication.AnonymousAuthenticationFilter@3c2f310c, org.springframework.security.web.session.SessionManagementFilter@656672fb, org.springframework.security.web.access.ExceptionTranslationFilter@5f2ad3d5, org.springframework.security.web.access.intercept.FilterSecurityInterceptor@6a7ab205]
2025-01-18 00:26:48.486   INFO 6472 --- [           main] o.a.coyote.http11.Http11NioProtocol      : Starting ProtocolHandler ["http-nio-1217"]
2025-01-18 00:26:48.505   INFO 6472 --- [           main] o.s.b.w.embedded.tomcat.TomcatWebServer  : Tomcat started on port(s): 1217 (http) with context path ''
2025-01-18 00:26:48.879   INFO 6472 --- [           main] com.wms.WmsServerApplication             : Started WmsServerApplication in 8.889 seconds (JVM running for 11.921)
2025-01-18 00:29:09.670   INFO 6472 --- [nio-1217-exec-1] o.a.c.c.C.[Tomcat].[localhost].[/]       : Initializing Spring DispatcherServlet 'dispatcherServlet'
2025-01-18 00:29:09.670   INFO 6472 --- [nio-1217-exec-1] o.s.web.servlet.DispatcherServlet        : Initializing Servlet 'dispatcherServlet'
2025-01-18 00:29:09.671   INFO 6472 --- [nio-1217-exec-1] o.s.web.servlet.DispatcherServlet        : Completed initialization in 1 ms
2025-01-18 00:29:09.809   INFO 6472 --- [nio-1217-exec-2] com.alibaba.druid.pool.DruidDataSource   : {dataSource-1} inited
2025-01-18 01:27:49.503   INFO 6472 --- [ionShutdownHook] com.alibaba.druid.pool.DruidDataSource   : {dataSource-1} closing ...
2025-01-18 01:27:49.505   INFO 6472 --- [ionShutdownHook] com.alibaba.druid.pool.DruidDataSource   : {dataSource-1} closed
2025-01-18 01:27:54.293   INFO 4856 --- [           main] com.wms.WmsServerApplication             : Starting WmsServerApplication using Java 17.0.5 on Disney with PID 4856 (K:\GitHub\notes\project\wms-server\target\classes started by qe249 in K:\GitHub\notes\project\wms-server)
2025-01-18 01:27:54.297   INFO 4856 --- [           main] com.wms.WmsServerApplication             : The following 1 profile is active: "dev"
2025-01-18 01:27:55.200   INFO 4856 --- [           main] .s.d.r.c.RepositoryConfigurationDelegate : Multiple Spring Data modules found, entering strict repository configuration mode
2025-01-18 01:27:55.203   INFO 4856 --- [           main] .s.d.r.c.RepositoryConfigurationDelegate : Bootstrapping Spring Data Redis repositories in DEFAULT mode.
2025-01-18 01:27:55.228   INFO 4856 --- [           main] .s.d.r.c.RepositoryConfigurationDelegate : Finished Spring Data repository scanning in 13 ms. Found 0 Redis repository interfaces.
2025-01-18 01:27:55.929   INFO 4856 --- [           main] o.s.b.w.embedded.tomcat.TomcatWebServer  : Tomcat initialized with port(s): 1217 (http)
2025-01-18 01:27:55.938   INFO 4856 --- [           main] o.a.coyote.http11.Http11NioProtocol      : Initializing ProtocolHandler ["http-nio-1217"]
2025-01-18 01:27:55.938   INFO 4856 --- [           main] o.apache.catalina.core.StandardService   : Starting service [Tomcat]
2025-01-18 01:27:55.939   INFO 4856 --- [           main] org.apache.catalina.core.StandardEngine  : Starting Servlet engine: [Apache Tomcat/9.0.68]
2025-01-18 01:27:56.029   INFO 4856 --- [           main] o.a.c.c.C.[Tomcat].[localhost].[/]       : Initializing Spring embedded WebApplicationContext
2025-01-18 01:27:56.029   INFO 4856 --- [           main] w.s.c.ServletWebServerApplicationContext : Root WebApplicationContext: initialization completed in 1689 ms
2025-01-18 01:27:57.541   INFO 4856 --- [           main] o.s.b.a.w.s.WelcomePageHandlerMapping    : Adding welcome page: class path resource [static/index.html]
2025-01-18 01:27:58.124   INFO 4856 --- [           main] o.s.s.web.DefaultSecurityFilterChain     : Will secure any request with [org.springframework.security.web.context.request.async.WebAsyncManagerIntegrationFilter@74d776fb, org.springframework.security.web.context.SecurityContextPersistenceFilter@37b1218, org.springframework.security.web.header.HeaderWriterFilter@34ab398b, org.springframework.web.filter.CorsFilter@406decb2, org.springframework.security.web.authentication.logout.LogoutFilter@514f2020, com.wms.filter.jwt.JwtAuthenticationTokenFilter@2bb3f39e, org.springframework.security.web.session.ConcurrentSessionFilter@912a644, org.springframework.security.web.savedrequest.RequestCacheAwareFilter@7e741d6b, org.springframework.security.web.servletapi.SecurityContextHolderAwareRequestFilter@1885905b, org.springframework.security.web.authentication.AnonymousAuthenticationFilter@122ea8dc, org.springframework.security.web.session.SessionManagementFilter@32f54c2a, org.springframework.security.web.access.ExceptionTranslationFilter@68af8288, org.springframework.security.web.access.intercept.FilterSecurityInterceptor@74f92d14]
2025-01-18 01:27:58.199   INFO 4856 --- [           main] o.a.coyote.http11.Http11NioProtocol      : Starting ProtocolHandler ["http-nio-1217"]
2025-01-18 01:27:58.216   INFO 4856 --- [           main] o.s.b.w.embedded.tomcat.TomcatWebServer  : Tomcat started on port(s): 1217 (http) with context path ''
2025-01-18 01:27:58.567   INFO 4856 --- [           main] com.wms.WmsServerApplication             : Started WmsServerApplication in 4.675 seconds (JVM running for 5.569)
2025-01-18 01:29:32.669   INFO 4856 --- [ionShutdownHook] com.alibaba.druid.pool.DruidDataSource   : {dataSource-0} closing ...
2025-01-18 01:29:36.842   INFO 14560 --- [           main] com.wms.WmsServerApplication             : Starting WmsServerApplication using Java 17.0.5 on Disney with PID 14560 (K:\GitHub\notes\project\wms-server\target\classes started by qe249 in K:\GitHub\notes\project\wms-server)
2025-01-18 01:29:36.844   INFO 14560 --- [           main] com.wms.WmsServerApplication             : The following 1 profile is active: "dev"
2025-01-18 01:29:37.596   INFO 14560 --- [           main] .s.d.r.c.RepositoryConfigurationDelegate : Multiple Spring Data modules found, entering strict repository configuration mode
2025-01-18 01:29:37.597   INFO 14560 --- [           main] .s.d.r.c.RepositoryConfigurationDelegate : Bootstrapping Spring Data Redis repositories in DEFAULT mode.
2025-01-18 01:29:37.622   INFO 14560 --- [           main] .s.d.r.c.RepositoryConfigurationDelegate : Finished Spring Data repository scanning in 13 ms. Found 0 Redis repository interfaces.
2025-01-18 01:29:38.348   INFO 14560 --- [           main] o.s.b.w.embedded.tomcat.TomcatWebServer  : Tomcat initialized with port(s): 1217 (http)
2025-01-18 01:29:38.356   INFO 14560 --- [           main] o.a.coyote.http11.Http11NioProtocol      : Initializing ProtocolHandler ["http-nio-1217"]
2025-01-18 01:29:38.356   INFO 14560 --- [           main] o.apache.catalina.core.StandardService   : Starting service [Tomcat]
2025-01-18 01:29:38.356   INFO 14560 --- [           main] org.apache.catalina.core.StandardEngine  : Starting Servlet engine: [Apache Tomcat/9.0.68]
2025-01-18 01:29:38.441   INFO 14560 --- [           main] o.a.c.c.C.[Tomcat].[localhost].[/]       : Initializing Spring embedded WebApplicationContext
2025-01-18 01:29:38.441   INFO 14560 --- [           main] w.s.c.ServletWebServerApplicationContext : Root WebApplicationContext: initialization completed in 1540 ms
2025-01-18 01:29:39.967   INFO 14560 --- [           main] o.s.b.a.w.s.WelcomePageHandlerMapping    : Adding welcome page: class path resource [static/index.html]
2025-01-18 01:29:40.430   INFO 14560 --- [           main] o.s.s.web.DefaultSecurityFilterChain     : Will secure any request with [org.springframework.security.web.context.request.async.WebAsyncManagerIntegrationFilter@3472f3ab, org.springframework.security.web.context.SecurityContextPersistenceFilter@7e615c6a, org.springframework.security.web.header.HeaderWriterFilter@15aaf7b1, org.springframework.web.filter.CorsFilter@5e557671, org.springframework.security.web.authentication.logout.LogoutFilter@16024b49, com.wms.filter.jwt.JwtAuthenticationTokenFilter@628b503a, org.springframework.security.web.session.ConcurrentSessionFilter@71634e64, org.springframework.security.web.savedrequest.RequestCacheAwareFilter@3bf41cd0, org.springframework.security.web.servletapi.SecurityContextHolderAwareRequestFilter@37b1218, org.springframework.security.web.authentication.AnonymousAuthenticationFilter@1f2497d9, org.springframework.security.web.session.SessionManagementFilter@14d513ca, org.springframework.security.web.access.ExceptionTranslationFilter@43120a77, org.springframework.security.web.access.intercept.FilterSecurityInterceptor@7be1e187]
2025-01-18 01:29:40.507   INFO 14560 --- [           main] o.a.coyote.http11.Http11NioProtocol      : Starting ProtocolHandler ["http-nio-1217"]
2025-01-18 01:29:40.522   INFO 14560 --- [           main] o.s.b.w.embedded.tomcat.TomcatWebServer  : Tomcat started on port(s): 1217 (http) with context path ''
2025-01-18 01:29:40.890   INFO 14560 --- [           main] com.wms.WmsServerApplication             : Started WmsServerApplication in 4.4 seconds (JVM running for 5.146)
2025-01-18 01:30:46.232   INFO 14560 --- [nio-1217-exec-1] o.a.c.c.C.[Tomcat].[localhost].[/]       : Initializing Spring DispatcherServlet 'dispatcherServlet'
2025-01-18 01:30:46.232   INFO 14560 --- [nio-1217-exec-1] o.s.web.servlet.DispatcherServlet        : Initializing Servlet 'dispatcherServlet'
2025-01-18 01:30:46.233   INFO 14560 --- [nio-1217-exec-1] o.s.web.servlet.DispatcherServlet        : Completed initialization in 1 ms
2025-01-18 01:30:46.404   INFO 14560 --- [nio-1217-exec-2] com.alibaba.druid.pool.DruidDataSource   : {dataSource-1} inited
2025-01-18 01:32:29.315   INFO 14560 --- [ionShutdownHook] com.alibaba.druid.pool.DruidDataSource   : {dataSource-1} closing ...
2025-01-18 01:32:29.317   INFO 14560 --- [ionShutdownHook] com.alibaba.druid.pool.DruidDataSource   : {dataSource-1} closed
2025-01-18 01:32:33.433   INFO 22576 --- [           main] com.wms.WmsServerApplication             : Starting WmsServerApplication using Java 17.0.5 on Disney with PID 22576 (K:\GitHub\notes\project\wms-server\target\classes started by qe249 in K:\GitHub\notes\project\wms-server)
2025-01-18 01:32:33.435   INFO 22576 --- [           main] com.wms.WmsServerApplication             : The following 1 profile is active: "dev"
2025-01-18 01:32:34.241   INFO 22576 --- [           main] .s.d.r.c.RepositoryConfigurationDelegate : Multiple Spring Data modules found, entering strict repository configuration mode
2025-01-18 01:32:34.245   INFO 22576 --- [           main] .s.d.r.c.RepositoryConfigurationDelegate : Bootstrapping Spring Data Redis repositories in DEFAULT mode.
2025-01-18 01:32:34.271   INFO 22576 --- [           main] .s.d.r.c.RepositoryConfigurationDelegate : Finished Spring Data repository scanning in 14 ms. Found 0 Redis repository interfaces.
2025-01-18 01:32:35.050   INFO 22576 --- [           main] o.s.b.w.embedded.tomcat.TomcatWebServer  : Tomcat initialized with port(s): 1217 (http)
2025-01-18 01:32:35.059   INFO 22576 --- [           main] o.a.coyote.http11.Http11NioProtocol      : Initializing ProtocolHandler ["http-nio-1217"]
2025-01-18 01:32:35.059   INFO 22576 --- [           main] o.apache.catalina.core.StandardService   : Starting service [Tomcat]
2025-01-18 01:32:35.060   INFO 22576 --- [           main] org.apache.catalina.core.StandardEngine  : Starting Servlet engine: [Apache Tomcat/9.0.68]
2025-01-18 01:32:35.143   INFO 22576 --- [           main] o.a.c.c.C.[Tomcat].[localhost].[/]       : Initializing Spring embedded WebApplicationContext
2025-01-18 01:32:35.143   INFO 22576 --- [           main] w.s.c.ServletWebServerApplicationContext : Root WebApplicationContext: initialization completed in 1664 ms
2025-01-18 01:32:36.814   INFO 22576 --- [           main] o.s.b.a.w.s.WelcomePageHandlerMapping    : Adding welcome page: class path resource [static/index.html]
2025-01-18 01:32:37.307   INFO 22576 --- [           main] o.s.s.web.DefaultSecurityFilterChain     : Will secure any request with [org.springframework.security.web.context.request.async.WebAsyncManagerIntegrationFilter@24536f07, org.springframework.security.web.context.SecurityContextPersistenceFilter@51097500, org.springframework.security.web.header.HeaderWriterFilter@4603c412, org.springframework.web.filter.CorsFilter@32430075, org.springframework.security.web.authentication.logout.LogoutFilter@51f009ef, com.wms.filter.jwt.JwtAuthenticationTokenFilter@a55e82a, org.springframework.security.web.session.ConcurrentSessionFilter@6ba0dcba, org.springframework.security.web.savedrequest.RequestCacheAwareFilter@7d4e424e, org.springframework.security.web.servletapi.SecurityContextHolderAwareRequestFilter@46c475ba, org.springframework.security.web.authentication.AnonymousAuthenticationFilter@1a45e29f, org.springframework.security.web.session.SessionManagementFilter@37b1218, org.springframework.security.web.access.ExceptionTranslationFilter@23119bc3, org.springframework.security.web.access.intercept.FilterSecurityInterceptor@3472f3ab]
2025-01-18 01:32:37.392   INFO 22576 --- [           main] o.a.coyote.http11.Http11NioProtocol      : Starting ProtocolHandler ["http-nio-1217"]
2025-01-18 01:32:37.413   INFO 22576 --- [           main] o.s.b.w.embedded.tomcat.TomcatWebServer  : Tomcat started on port(s): 1217 (http) with context path ''
2025-01-18 01:32:37.768   INFO 22576 --- [           main] com.wms.WmsServerApplication             : Started WmsServerApplication in 4.857 seconds (JVM running for 5.684)
2025-01-18 01:32:43.074   INFO 22576 --- [nio-1217-exec-2] o.a.c.c.C.[Tomcat].[localhost].[/]       : Initializing Spring DispatcherServlet 'dispatcherServlet'
2025-01-18 01:32:43.074   INFO 22576 --- [nio-1217-exec-2] o.s.web.servlet.DispatcherServlet        : Initializing Servlet 'dispatcherServlet'
2025-01-18 01:32:43.077   INFO 22576 --- [nio-1217-exec-2] o.s.web.servlet.DispatcherServlet        : Completed initialization in 2 ms
2025-01-18 01:32:43.266   INFO 22576 --- [nio-1217-exec-2] com.alibaba.druid.pool.DruidDataSource   : {dataSource-1} inited
2025-01-18 01:34:59.816   INFO 22576 --- [ionShutdownHook] com.alibaba.druid.pool.DruidDataSource   : {dataSource-1} closing ...
2025-01-18 01:34:59.820   INFO 22576 --- [ionShutdownHook] com.alibaba.druid.pool.DruidDataSource   : {dataSource-1} closed
2025-01-18 01:35:03.663   INFO 24500 --- [           main] com.wms.WmsServerApplication             : Starting WmsServerApplication using Java 17.0.5 on Disney with PID 24500 (K:\GitHub\notes\project\wms-server\target\classes started by qe249 in K:\GitHub\notes\project\wms-server)
2025-01-18 01:35:03.666   INFO 24500 --- [           main] com.wms.WmsServerApplication             : The following 1 profile is active: "dev"
2025-01-18 01:35:04.446   INFO 24500 --- [           main] .s.d.r.c.RepositoryConfigurationDelegate : Multiple Spring Data modules found, entering strict repository configuration mode
2025-01-18 01:35:04.448   INFO 24500 --- [           main] .s.d.r.c.RepositoryConfigurationDelegate : Bootstrapping Spring Data Redis repositories in DEFAULT mode.
2025-01-18 01:35:04.471   INFO 24500 --- [           main] .s.d.r.c.RepositoryConfigurationDelegate : Finished Spring Data repository scanning in 13 ms. Found 0 Redis repository interfaces.
2025-01-18 01:35:05.147   INFO 24500 --- [           main] o.s.b.w.embedded.tomcat.TomcatWebServer  : Tomcat initialized with port(s): 1217 (http)
2025-01-18 01:35:05.155   INFO 24500 --- [           main] o.a.coyote.http11.Http11NioProtocol      : Initializing ProtocolHandler ["http-nio-1217"]
2025-01-18 01:35:05.156   INFO 24500 --- [           main] o.apache.catalina.core.StandardService   : Starting service [Tomcat]
2025-01-18 01:35:05.156   INFO 24500 --- [           main] org.apache.catalina.core.StandardEngine  : Starting Servlet engine: [Apache Tomcat/9.0.68]
2025-01-18 01:35:05.247   INFO 24500 --- [           main] o.a.c.c.C.[Tomcat].[localhost].[/]       : Initializing Spring embedded WebApplicationContext
2025-01-18 01:35:05.247   INFO 24500 --- [           main] w.s.c.ServletWebServerApplicationContext : Root WebApplicationContext: initialization completed in 1532 ms
2025-01-18 01:35:06.766   INFO 24500 --- [           main] o.s.b.a.w.s.WelcomePageHandlerMapping    : Adding welcome page: class path resource [static/index.html]
2025-01-18 01:35:07.215   INFO 24500 --- [           main] o.s.s.web.DefaultSecurityFilterChain     : Will secure any request with [org.springframework.security.web.context.request.async.WebAsyncManagerIntegrationFilter@24536f07, org.springframework.security.web.context.SecurityContextPersistenceFilter@51097500, org.springframework.security.web.header.HeaderWriterFilter@4603c412, org.springframework.web.filter.CorsFilter@32430075, org.springframework.security.web.authentication.logout.LogoutFilter@51f009ef, com.wms.filter.jwt.JwtAuthenticationTokenFilter@a55e82a, org.springframework.security.web.session.ConcurrentSessionFilter@6ba0dcba, org.springframework.security.web.savedrequest.RequestCacheAwareFilter@7d4e424e, org.springframework.security.web.servletapi.SecurityContextHolderAwareRequestFilter@46c475ba, org.springframework.security.web.authentication.AnonymousAuthenticationFilter@1a45e29f, org.springframework.security.web.session.SessionManagementFilter@37b1218, org.springframework.security.web.access.ExceptionTranslationFilter@23119bc3, org.springframework.security.web.access.intercept.FilterSecurityInterceptor@3472f3ab]
2025-01-18 01:35:07.287   INFO 24500 --- [           main] o.a.coyote.http11.Http11NioProtocol      : Starting ProtocolHandler ["http-nio-1217"]
2025-01-18 01:35:07.303   INFO 24500 --- [           main] o.s.b.w.embedded.tomcat.TomcatWebServer  : Tomcat started on port(s): 1217 (http) with context path ''
2025-01-18 01:35:07.652   INFO 24500 --- [           main] com.wms.WmsServerApplication             : Started WmsServerApplication in 4.37 seconds (JVM running for 5.263)
2025-01-18 01:35:26.013   INFO 24500 --- [nio-1217-exec-1] o.a.c.c.C.[Tomcat].[localhost].[/]       : Initializing Spring DispatcherServlet 'dispatcherServlet'
2025-01-18 01:35:26.013   INFO 24500 --- [nio-1217-exec-1] o.s.web.servlet.DispatcherServlet        : Initializing Servlet 'dispatcherServlet'
2025-01-18 01:35:26.015   INFO 24500 --- [nio-1217-exec-1] o.s.web.servlet.DispatcherServlet        : Completed initialization in 2 ms
2025-01-18 01:35:26.203   INFO 24500 --- [nio-1217-exec-1] com.alibaba.druid.pool.DruidDataSource   : {dataSource-1} inited
2025-01-18 01:36:13.698   INFO 24500 --- [ionShutdownHook] com.alibaba.druid.pool.DruidDataSource   : {dataSource-1} closing ...
2025-01-18 01:36:13.703   INFO 24500 --- [ionShutdownHook] com.alibaba.druid.pool.DruidDataSource   : {dataSource-1} closed
2025-01-18 01:36:18.178   INFO 14168 --- [           main] com.wms.WmsServerApplication             : Starting WmsServerApplication using Java 17.0.5 on Disney with PID 14168 (K:\GitHub\notes\project\wms-server\target\classes started by qe249 in K:\GitHub\notes\project\wms-server)
2025-01-18 01:36:18.181   INFO 14168 --- [           main] com.wms.WmsServerApplication             : The following 1 profile is active: "dev"
2025-01-18 01:36:18.959   INFO 14168 --- [           main] .s.d.r.c.RepositoryConfigurationDelegate : Multiple Spring Data modules found, entering strict repository configuration mode
2025-01-18 01:36:18.961   INFO 14168 --- [           main] .s.d.r.c.RepositoryConfigurationDelegate : Bootstrapping Spring Data Redis repositories in DEFAULT mode.
2025-01-18 01:36:18.987   INFO 14168 --- [           main] .s.d.r.c.RepositoryConfigurationDelegate : Finished Spring Data repository scanning in 15 ms. Found 0 Redis repository interfaces.
2025-01-18 01:36:19.739   INFO 14168 --- [           main] o.s.b.w.embedded.tomcat.TomcatWebServer  : Tomcat initialized with port(s): 1217 (http)
2025-01-18 01:36:19.752   INFO 14168 --- [           main] o.a.coyote.http11.Http11NioProtocol      : Initializing ProtocolHandler ["http-nio-1217"]
2025-01-18 01:36:19.752   INFO 14168 --- [           main] o.apache.catalina.core.StandardService   : Starting service [Tomcat]
2025-01-18 01:36:19.752   INFO 14168 --- [           main] org.apache.catalina.core.StandardEngine  : Starting Servlet engine: [Apache Tomcat/9.0.68]
2025-01-18 01:36:19.851   INFO 14168 --- [           main] o.a.c.c.C.[Tomcat].[localhost].[/]       : Initializing Spring embedded WebApplicationContext
2025-01-18 01:36:19.851   INFO 14168 --- [           main] w.s.c.ServletWebServerApplicationContext : Root WebApplicationContext: initialization completed in 1620 ms
2025-01-18 01:36:21.370   INFO 14168 --- [           main] o.s.b.a.w.s.WelcomePageHandlerMapping    : Adding welcome page: class path resource [static/index.html]
2025-01-18 01:36:21.814   INFO 14168 --- [           main] o.s.s.web.DefaultSecurityFilterChain     : Will secure any request with [org.springframework.security.web.context.request.async.WebAsyncManagerIntegrationFilter@c67a89, org.springframework.security.web.context.SecurityContextPersistenceFilter@7d4e424e, org.springframework.security.web.header.HeaderWriterFilter@613a608e, org.springframework.web.filter.CorsFilter@1e3a2177, org.springframework.security.web.authentication.logout.LogoutFilter@2b30b627, com.wms.filter.jwt.JwtAuthenticationTokenFilter@7a3c99f1, org.springframework.security.web.session.ConcurrentSessionFilter@1885905b, org.springframework.security.web.savedrequest.RequestCacheAwareFilter@52ba21e4, org.springframework.security.web.servletapi.SecurityContextHolderAwareRequestFilter@e2498a3, org.springframework.security.web.authentication.AnonymousAuthenticationFilter@58720eb9, org.springframework.security.web.session.SessionManagementFilter@7e741d6b, org.springframework.security.web.access.ExceptionTranslationFilter@64a4739, org.springframework.security.web.access.intercept.FilterSecurityInterceptor@646c872a]
2025-01-18 01:36:21.889   INFO 14168 --- [           main] o.a.coyote.http11.Http11NioProtocol      : Starting ProtocolHandler ["http-nio-1217"]
2025-01-18 01:36:21.906   INFO 14168 --- [           main] o.s.b.w.embedded.tomcat.TomcatWebServer  : Tomcat started on port(s): 1217 (http) with context path ''
2025-01-18 01:36:22.314   INFO 14168 --- [           main] com.wms.WmsServerApplication             : Started WmsServerApplication in 4.547 seconds (JVM running for 5.327)
2025-01-18 01:36:25.422   INFO 14168 --- [nio-1217-exec-1] o.a.c.c.C.[Tomcat].[localhost].[/]       : Initializing Spring DispatcherServlet 'dispatcherServlet'
2025-01-18 01:36:25.422   INFO 14168 --- [nio-1217-exec-1] o.s.web.servlet.DispatcherServlet        : Initializing Servlet 'dispatcherServlet'
2025-01-18 01:36:25.425   INFO 14168 --- [nio-1217-exec-1] o.s.web.servlet.DispatcherServlet        : Completed initialization in 3 ms
2025-01-18 01:36:25.612   INFO 14168 --- [nio-1217-exec-1] com.alibaba.druid.pool.DruidDataSource   : {dataSource-1} inited
2025-01-18 01:42:43.274   INFO 14168 --- [ionShutdownHook] com.alibaba.druid.pool.DruidDataSource   : {dataSource-1} closing ...
2025-01-18 01:42:43.277   INFO 14168 --- [ionShutdownHook] com.alibaba.druid.pool.DruidDataSource   : {dataSource-1} closed
2025-01-18 14:29:08.513   INFO 27788 --- [           main] com.wms.WmsServerApplication             : Starting WmsServerApplication using Java 17.0.5 on Disney with PID 27788 (K:\GitHub\notes\project\wms-server\target\classes started by qe249 in K:\GitHub\notes\project\wms-server)
2025-01-18 14:29:08.517   INFO 27788 --- [           main] com.wms.WmsServerApplication             : The following 1 profile is active: "dev"
2025-01-18 14:29:09.589   INFO 27788 --- [           main] .s.d.r.c.RepositoryConfigurationDelegate : Multiple Spring Data modules found, entering strict repository configuration mode
2025-01-18 14:29:09.592   INFO 27788 --- [           main] .s.d.r.c.RepositoryConfigurationDelegate : Bootstrapping Spring Data Redis repositories in DEFAULT mode.
2025-01-18 14:29:09.626   INFO 27788 --- [           main] .s.d.r.c.RepositoryConfigurationDelegate : Finished Spring Data repository scanning in 20 ms. Found 0 Redis repository interfaces.
2025-01-18 14:29:10.588   INFO 27788 --- [           main] o.s.b.w.embedded.tomcat.TomcatWebServer  : Tomcat initialized with port(s): 1217 (http)
2025-01-18 14:29:10.598   INFO 27788 --- [           main] o.a.coyote.http11.Http11NioProtocol      : Initializing ProtocolHandler ["http-nio-1217"]
2025-01-18 14:29:10.599   INFO 27788 --- [           main] o.apache.catalina.core.StandardService   : Starting service [Tomcat]
2025-01-18 14:29:10.599   INFO 27788 --- [           main] org.apache.catalina.core.StandardEngine  : Starting Servlet engine: [Apache Tomcat/9.0.68]
2025-01-18 14:29:10.697   INFO 27788 --- [           main] o.a.c.c.C.[Tomcat].[localhost].[/]       : Initializing Spring embedded WebApplicationContext
2025-01-18 14:29:10.697   INFO 27788 --- [           main] w.s.c.ServletWebServerApplicationContext : Root WebApplicationContext: initialization completed in 2125 ms
2025-01-18 14:29:13.212   INFO 27788 --- [           main] o.s.b.a.w.s.WelcomePageHandlerMapping    : Adding welcome page: class path resource [static/index.html]
2025-01-18 14:29:14.032   INFO 27788 --- [           main] o.s.s.web.DefaultSecurityFilterChain     : Will secure any request with [org.springframework.security.web.context.request.async.WebAsyncManagerIntegrationFilter@24536f07, org.springframework.security.web.context.SecurityContextPersistenceFilter@51097500, org.springframework.security.web.header.HeaderWriterFilter@4603c412, org.springframework.web.filter.CorsFilter@32430075, org.springframework.security.web.authentication.logout.LogoutFilter@51f009ef, com.wms.filter.jwt.JwtAuthenticationTokenFilter@a55e82a, org.springframework.security.web.session.ConcurrentSessionFilter@6ba0dcba, org.springframework.security.web.savedrequest.RequestCacheAwareFilter@7d4e424e, org.springframework.security.web.servletapi.SecurityContextHolderAwareRequestFilter@46c475ba, org.springframework.security.web.authentication.AnonymousAuthenticationFilter@1a45e29f, org.springframework.security.web.session.SessionManagementFilter@37b1218, org.springframework.security.web.access.ExceptionTranslationFilter@23119bc3, org.springframework.security.web.access.intercept.FilterSecurityInterceptor@3472f3ab]
2025-01-18 14:29:14.129   INFO 27788 --- [           main] o.a.coyote.http11.Http11NioProtocol      : Starting ProtocolHandler ["http-nio-1217"]
2025-01-18 14:29:14.150   INFO 27788 --- [           main] o.s.b.w.embedded.tomcat.TomcatWebServer  : Tomcat started on port(s): 1217 (http) with context path ''
2025-01-18 14:29:14.595   INFO 27788 --- [           main] com.wms.WmsServerApplication             : Started WmsServerApplication in 6.559 seconds (JVM running for 8.663)
2025-01-18 14:29:32.284   INFO 27788 --- [nio-1217-exec-1] o.a.c.c.C.[Tomcat].[localhost].[/]       : Initializing Spring DispatcherServlet 'dispatcherServlet'
2025-01-18 14:29:32.284   INFO 27788 --- [nio-1217-exec-1] o.s.web.servlet.DispatcherServlet        : Initializing Servlet 'dispatcherServlet'
2025-01-18 14:29:32.286   INFO 27788 --- [nio-1217-exec-1] o.s.web.servlet.DispatcherServlet        : Completed initialization in 2 ms
2025-01-18 14:29:32.537   INFO 27788 --- [nio-1217-exec-3] com.alibaba.druid.pool.DruidDataSource   : {dataSource-1} inited
2025-01-18 15:55:45.577   INFO 27788 --- [ionShutdownHook] com.alibaba.druid.pool.DruidDataSource   : {dataSource-1} closing ...
2025-01-18 15:55:45.579   INFO 27788 --- [ionShutdownHook] com.alibaba.druid.pool.DruidDataSource   : {dataSource-1} closed
2025-01-18 23:16:40.830   INFO 22164 --- [           main] com.wms.WmsServerApplication             : Starting WmsServerApplication using Java 17.0.5 on Disney with PID 22164 (K:\GitHub\notes\project\wms-server\target\classes started by qe249 in K:\GitHub\notes\project\wms-server)
2025-01-18 23:16:40.833   INFO 22164 --- [           main] com.wms.WmsServerApplication             : The following 1 profile is active: "dev"
2025-01-18 23:16:44.282   INFO 22164 --- [           main] .s.d.r.c.RepositoryConfigurationDelegate : Multiple Spring Data modules found, entering strict repository configuration mode
2025-01-18 23:16:44.300   INFO 22164 --- [           main] .s.d.r.c.RepositoryConfigurationDelegate : Bootstrapping Spring Data Redis repositories in DEFAULT mode.
2025-01-18 23:16:44.385   INFO 22164 --- [           main] .s.d.r.c.RepositoryConfigurationDelegate : Finished Spring Data repository scanning in 48 ms. Found 0 Redis repository interfaces.
2025-01-18 23:16:45.596   INFO 22164 --- [           main] o.s.b.w.embedded.tomcat.TomcatWebServer  : Tomcat initialized with port(s): 1217 (http)
2025-01-18 23:16:45.606   INFO 22164 --- [           main] o.a.coyote.http11.Http11NioProtocol      : Initializing ProtocolHandler ["http-nio-1217"]
2025-01-18 23:16:45.606   INFO 22164 --- [           main] o.apache.catalina.core.StandardService   : Starting service [Tomcat]
2025-01-18 23:16:45.607   INFO 22164 --- [           main] org.apache.catalina.core.StandardEngine  : Starting Servlet engine: [Apache Tomcat/9.0.68]
2025-01-18 23:16:45.697   INFO 22164 --- [           main] o.a.c.c.C.[Tomcat].[localhost].[/]       : Initializing Spring embedded WebApplicationContext
2025-01-18 23:16:45.697   INFO 22164 --- [           main] w.s.c.ServletWebServerApplicationContext : Root WebApplicationContext: initialization completed in 4818 ms
2025-01-18 23:16:48.434   INFO 22164 --- [           main] o.s.b.a.w.s.WelcomePageHandlerMapping    : Adding welcome page: class path resource [static/index.html]
2025-01-18 23:16:49.067   INFO 22164 --- [           main] o.s.s.web.DefaultSecurityFilterChain     : Will secure any request with [org.springframework.security.web.context.request.async.WebAsyncManagerIntegrationFilter@1ddb6abb, org.springframework.security.web.context.SecurityContextPersistenceFilter@53f94afe, org.springframework.security.web.header.HeaderWriterFilter@64a4739, org.springframework.web.filter.CorsFilter@6f926d01, org.springframework.security.web.authentication.logout.LogoutFilter@1107c465, com.wms.filter.jwt.JwtAuthenticationTokenFilter@4fbe486c, org.springframework.security.web.session.ConcurrentSessionFilter@386f88b3, org.springframework.security.web.savedrequest.RequestCacheAwareFilter@7fdf7359, org.springframework.security.web.servletapi.SecurityContextHolderAwareRequestFilter@2e1c5d1f, org.springframework.security.web.authentication.AnonymousAuthenticationFilter@c67a89, org.springframework.security.web.session.SessionManagementFilter@5afba80c, org.springframework.security.web.access.ExceptionTranslationFilter@3bf41cd0, org.springframework.security.web.access.intercept.FilterSecurityInterceptor@7962c1d5]
2025-01-18 23:16:49.154   INFO 22164 --- [           main] o.a.coyote.http11.Http11NioProtocol      : Starting ProtocolHandler ["http-nio-1217"]
2025-01-18 23:16:49.174   INFO 22164 --- [           main] o.s.b.w.embedded.tomcat.TomcatWebServer  : Tomcat started on port(s): 1217 (http) with context path ''
2025-01-18 23:16:49.804   INFO 22164 --- [           main] com.wms.WmsServerApplication             : Started WmsServerApplication in 9.375 seconds (JVM running for 11.592)
2025-01-18 23:23:01.441   INFO 22164 --- [nio-1217-exec-2] o.a.c.c.C.[Tomcat].[localhost].[/]       : Initializing Spring DispatcherServlet 'dispatcherServlet'
2025-01-18 23:23:01.442   INFO 22164 --- [nio-1217-exec-2] o.s.web.servlet.DispatcherServlet        : Initializing Servlet 'dispatcherServlet'
2025-01-18 23:23:01.443   INFO 22164 --- [nio-1217-exec-2] o.s.web.servlet.DispatcherServlet        : Completed initialization in 1 ms
2025-01-18 23:23:01.620   INFO 22164 --- [nio-1217-exec-1] com.alibaba.druid.pool.DruidDataSource   : {dataSource-1} inited
