2025-01-19 00:24:45.373   INFO 22164 --- [ionShutdownHook] com.alibaba.druid.pool.DruidDataSource   : {dataSource-1} closing ...
2025-01-19 00:24:45.377   INFO 22164 --- [ionShutdownHook] com.alibaba.druid.pool.DruidDataSource   : {dataSource-1} closed
2025-01-19 00:24:55.442   INFO 16712 --- [           main] com.wms.WmsServerApplication             : Starting WmsServerApplication using Java 17.0.5 on Disney with PID 16712 (K:\GitHub\notes\project\wms-server\target\classes started by qe249 in K:\GitHub\notes\project\wms-server)
2025-01-19 00:24:55.445   INFO 16712 --- [           main] com.wms.WmsServerApplication             : The following 1 profile is active: "dev"
2025-01-19 00:24:57.042   INFO 16712 --- [           main] .s.d.r.c.RepositoryConfigurationDelegate : Multiple Spring Data modules found, entering strict repository configuration mode
2025-01-19 00:24:57.043   INFO 16712 --- [           main] .s.d.r.c.RepositoryConfigurationDelegate : Bootstrapping Spring Data Redis repositories in DEFAULT mode.
2025-01-19 00:24:57.072   INFO 16712 --- [           main] .s.d.r.c.RepositoryConfigurationDelegate : Finished Spring Data repository scanning in 14 ms. Found 0 Redis repository interfaces.
2025-01-19 00:24:57.831   INFO 16712 --- [           main] o.s.b.w.embedded.tomcat.TomcatWebServer  : Tomcat initialized with port(s): 1217 (http)
2025-01-19 00:24:57.840   INFO 16712 --- [           main] o.a.coyote.http11.Http11NioProtocol      : Initializing ProtocolHandler ["http-nio-1217"]
2025-01-19 00:24:57.841   INFO 16712 --- [           main] o.apache.catalina.core.StandardService   : Starting service [Tomcat]
2025-01-19 00:24:57.841   INFO 16712 --- [           main] org.apache.catalina.core.StandardEngine  : Starting Servlet engine: [Apache Tomcat/9.0.68]
2025-01-19 00:24:57.936   INFO 16712 --- [           main] o.a.c.c.C.[Tomcat].[localhost].[/]       : Initializing Spring embedded WebApplicationContext
2025-01-19 00:24:57.937   INFO 16712 --- [           main] w.s.c.ServletWebServerApplicationContext : Root WebApplicationContext: initialization completed in 2449 ms
2025-01-19 00:24:59.532   INFO 16712 --- [           main] o.s.b.a.w.s.WelcomePageHandlerMapping    : Adding welcome page: class path resource [static/index.html]
2025-01-19 00:25:00.034   INFO 16712 --- [           main] o.s.s.web.DefaultSecurityFilterChain     : Will secure any request with [org.springframework.security.web.context.request.async.WebAsyncManagerIntegrationFilter@32430075, org.springframework.security.web.context.SecurityContextPersistenceFilter@386f88b3, org.springframework.security.web.header.HeaderWriterFilter@66851aa5, org.springframework.web.filter.CorsFilter@1a45e29f, org.springframework.security.web.authentication.logout.LogoutFilter@59c00722, com.wms.filter.jwt.JwtAuthenticationTokenFilter@a55e82a, org.springframework.security.web.session.ConcurrentSessionFilter@6d7772d3, org.springframework.security.web.savedrequest.RequestCacheAwareFilter@799206ad, org.springframework.security.web.servletapi.SecurityContextHolderAwareRequestFilter@e47637c, org.springframework.security.web.authentication.AnonymousAuthenticationFilter@44580de0, org.springframework.security.web.session.SessionManagementFilter@575cfec1, org.springframework.security.web.access.ExceptionTranslationFilter@32f54c2a, org.springframework.security.web.access.intercept.FilterSecurityInterceptor@5e557671]
2025-01-19 00:25:00.111   INFO 16712 --- [           main] o.a.coyote.http11.Http11NioProtocol      : Starting ProtocolHandler ["http-nio-1217"]
2025-01-19 00:25:00.127   INFO 16712 --- [           main] o.s.b.w.embedded.tomcat.TomcatWebServer  : Tomcat started on port(s): 1217 (http) with context path ''
2025-01-19 00:25:00.440   INFO 16712 --- [           main] com.wms.WmsServerApplication             : Started WmsServerApplication in 5.407 seconds (JVM running for 6.685)
2025-01-19 00:26:34.974   INFO 16712 --- [ionShutdownHook] com.alibaba.druid.pool.DruidDataSource   : {dataSource-0} closing ...
2025-01-19 00:26:37.688   INFO 18780 --- [           main] com.wms.WmsServerApplication             : Starting WmsServerApplication using Java 17.0.5 on Disney with PID 18780 (K:\GitHub\notes\project\wms-server\target\classes started by qe249 in K:\GitHub\notes\project\wms-server)
2025-01-19 00:26:37.691   INFO 18780 --- [           main] com.wms.WmsServerApplication             : The following 1 profile is active: "dev"
2025-01-19 00:26:38.448   INFO 18780 --- [           main] .s.d.r.c.RepositoryConfigurationDelegate : Multiple Spring Data modules found, entering strict repository configuration mode
2025-01-19 00:26:38.452   INFO 18780 --- [           main] .s.d.r.c.RepositoryConfigurationDelegate : Bootstrapping Spring Data Redis repositories in DEFAULT mode.
2025-01-19 00:26:38.488   INFO 18780 --- [           main] .s.d.r.c.RepositoryConfigurationDelegate : Finished Spring Data repository scanning in 18 ms. Found 0 Redis repository interfaces.
2025-01-19 00:26:39.179   INFO 18780 --- [           main] o.s.b.w.embedded.tomcat.TomcatWebServer  : Tomcat initialized with port(s): 1217 (http)
2025-01-19 00:26:39.187   INFO 18780 --- [           main] o.a.coyote.http11.Http11NioProtocol      : Initializing ProtocolHandler ["http-nio-1217"]
2025-01-19 00:26:39.187   INFO 18780 --- [           main] o.apache.catalina.core.StandardService   : Starting service [Tomcat]
2025-01-19 00:26:39.187   INFO 18780 --- [           main] org.apache.catalina.core.StandardEngine  : Starting Servlet engine: [Apache Tomcat/9.0.68]
2025-01-19 00:26:39.266   INFO 18780 --- [           main] o.a.c.c.C.[Tomcat].[localhost].[/]       : Initializing Spring embedded WebApplicationContext
2025-01-19 00:26:39.267   INFO 18780 --- [           main] w.s.c.ServletWebServerApplicationContext : Root WebApplicationContext: initialization completed in 1539 ms
2025-01-19 00:26:40.730   INFO 18780 --- [           main] o.s.b.a.w.s.WelcomePageHandlerMapping    : Adding welcome page: class path resource [static/index.html]
2025-01-19 00:26:41.167   INFO 18780 --- [           main] o.s.s.web.DefaultSecurityFilterChain     : Will secure any request with [org.springframework.security.web.context.request.async.WebAsyncManagerIntegrationFilter@5e557671, org.springframework.security.web.context.SecurityContextPersistenceFilter@3662c887, org.springframework.security.web.header.HeaderWriterFilter@1a22c1ba, org.springframework.web.filter.CorsFilter@1f2497d9, org.springframework.security.web.authentication.logout.LogoutFilter@53f94afe, com.wms.filter.jwt.JwtAuthenticationTokenFilter@628b503a, org.springframework.security.web.session.ConcurrentSessionFilter@65cc3902, org.springframework.security.web.savedrequest.RequestCacheAwareFilter@2748bd6c, org.springframework.security.web.servletapi.SecurityContextHolderAwareRequestFilter@575cfec1, org.springframework.security.web.authentication.AnonymousAuthenticationFilter@4f1f2f84, org.springframework.security.web.session.SessionManagementFilter@be9cc86, org.springframework.security.web.access.ExceptionTranslationFilter@75a6bd06, org.springframework.security.web.access.intercept.FilterSecurityInterceptor@1107c465]
2025-01-19 00:26:41.239   INFO 18780 --- [           main] o.a.coyote.http11.Http11NioProtocol      : Starting ProtocolHandler ["http-nio-1217"]
2025-01-19 00:26:41.256   INFO 18780 --- [           main] o.s.b.w.embedded.tomcat.TomcatWebServer  : Tomcat started on port(s): 1217 (http) with context path ''
2025-01-19 00:26:41.583   INFO 18780 --- [           main] com.wms.WmsServerApplication             : Started WmsServerApplication in 4.248 seconds (JVM running for 5.086)
2025-01-19 00:26:49.295   INFO 18780 --- [nio-1217-exec-2] o.a.c.c.C.[Tomcat].[localhost].[/]       : Initializing Spring DispatcherServlet 'dispatcherServlet'
2025-01-19 00:26:49.295   INFO 18780 --- [nio-1217-exec-2] o.s.web.servlet.DispatcherServlet        : Initializing Servlet 'dispatcherServlet'
2025-01-19 00:26:49.297   INFO 18780 --- [nio-1217-exec-2] o.s.web.servlet.DispatcherServlet        : Completed initialization in 1 ms
2025-01-19 00:26:49.472   INFO 18780 --- [nio-1217-exec-1] com.alibaba.druid.pool.DruidDataSource   : {dataSource-1} inited
2025-01-19 00:30:47.675   INFO 18780 --- [ionShutdownHook] com.alibaba.druid.pool.DruidDataSource   : {dataSource-1} closing ...
2025-01-19 00:30:47.677   INFO 18780 --- [ionShutdownHook] com.alibaba.druid.pool.DruidDataSource   : {dataSource-1} closed
2025-01-19 00:30:51.354   INFO 3744 --- [           main] com.wms.WmsServerApplication             : Starting WmsServerApplication using Java 17.0.5 on Disney with PID 3744 (K:\GitHub\notes\project\wms-server\target\classes started by qe249 in K:\GitHub\notes\project\wms-server)
2025-01-19 00:30:51.356   INFO 3744 --- [           main] com.wms.WmsServerApplication             : The following 1 profile is active: "dev"
2025-01-19 00:30:52.086   INFO 3744 --- [           main] .s.d.r.c.RepositoryConfigurationDelegate : Multiple Spring Data modules found, entering strict repository configuration mode
2025-01-19 00:30:52.088   INFO 3744 --- [           main] .s.d.r.c.RepositoryConfigurationDelegate : Bootstrapping Spring Data Redis repositories in DEFAULT mode.
2025-01-19 00:30:52.110   INFO 3744 --- [           main] .s.d.r.c.RepositoryConfigurationDelegate : Finished Spring Data repository scanning in 12 ms. Found 0 Redis repository interfaces.
2025-01-19 00:30:52.789   INFO 3744 --- [           main] o.s.b.w.embedded.tomcat.TomcatWebServer  : Tomcat initialized with port(s): 1217 (http)
2025-01-19 00:30:52.796   INFO 3744 --- [           main] o.a.coyote.http11.Http11NioProtocol      : Initializing ProtocolHandler ["http-nio-1217"]
2025-01-19 00:30:52.796   INFO 3744 --- [           main] o.apache.catalina.core.StandardService   : Starting service [Tomcat]
2025-01-19 00:30:52.796   INFO 3744 --- [           main] org.apache.catalina.core.StandardEngine  : Starting Servlet engine: [Apache Tomcat/9.0.68]
2025-01-19 00:30:52.876   INFO 3744 --- [           main] o.a.c.c.C.[Tomcat].[localhost].[/]       : Initializing Spring embedded WebApplicationContext
2025-01-19 00:30:52.876   INFO 3744 --- [           main] w.s.c.ServletWebServerApplicationContext : Root WebApplicationContext: initialization completed in 1477 ms
2025-01-19 00:30:54.515   INFO 3744 --- [           main] o.s.b.a.w.s.WelcomePageHandlerMapping    : Adding welcome page: class path resource [static/index.html]
2025-01-19 00:30:55.053   INFO 3744 --- [           main] o.s.s.web.DefaultSecurityFilterChain     : Will secure any request with [org.springframework.security.web.context.request.async.WebAsyncManagerIntegrationFilter@3ff3275b, org.springframework.security.web.context.SecurityContextPersistenceFilter@52ba21e4, org.springframework.security.web.header.HeaderWriterFilter@c4ca86a, org.springframework.web.filter.CorsFilter@63e0057a, org.springframework.security.web.authentication.logout.LogoutFilter@68cb8e52, com.wms.filter.jwt.JwtAuthenticationTokenFilter@7a3c99f1, org.springframework.security.web.session.ConcurrentSessionFilter@2059c3ff, org.springframework.security.web.savedrequest.RequestCacheAwareFilter@341df373, org.springframework.security.web.servletapi.SecurityContextHolderAwareRequestFilter@59c00722, org.springframework.security.web.authentication.AnonymousAuthenticationFilter@5b76b891, org.springframework.security.web.session.SessionManagementFilter@53f94afe, org.springframework.security.web.access.ExceptionTranslationFilter@37d3e740, org.springframework.security.web.access.intercept.FilterSecurityInterceptor@6b338591]
2025-01-19 00:30:55.140   INFO 3744 --- [           main] o.a.coyote.http11.Http11NioProtocol      : Starting ProtocolHandler ["http-nio-1217"]
2025-01-19 00:30:55.170   INFO 3744 --- [           main] o.s.b.w.embedded.tomcat.TomcatWebServer  : Tomcat started on port(s): 1217 (http) with context path ''
2025-01-19 00:30:55.535   INFO 3744 --- [           main] com.wms.WmsServerApplication             : Started WmsServerApplication in 4.525 seconds (JVM running for 5.222)
2025-01-19 00:31:25.149   INFO 3744 --- [nio-1217-exec-1] o.a.c.c.C.[Tomcat].[localhost].[/]       : Initializing Spring DispatcherServlet 'dispatcherServlet'
2025-01-19 00:31:25.149   INFO 3744 --- [nio-1217-exec-1] o.s.web.servlet.DispatcherServlet        : Initializing Servlet 'dispatcherServlet'
2025-01-19 00:31:25.152   INFO 3744 --- [nio-1217-exec-1] o.s.web.servlet.DispatcherServlet        : Completed initialization in 3 ms
2025-01-19 00:31:25.317   INFO 3744 --- [nio-1217-exec-1] com.alibaba.druid.pool.DruidDataSource   : {dataSource-1} inited
2025-01-19 00:32:48.019   INFO 3744 --- [ionShutdownHook] com.alibaba.druid.pool.DruidDataSource   : {dataSource-1} closing ...
2025-01-19 00:32:48.025   INFO 3744 --- [ionShutdownHook] com.alibaba.druid.pool.DruidDataSource   : {dataSource-1} closed
2025-01-19 00:32:50.792   INFO 23188 --- [           main] com.wms.WmsServerApplication             : Starting WmsServerApplication using Java 17.0.5 on Disney with PID 23188 (K:\GitHub\notes\project\wms-server\target\classes started by qe249 in K:\GitHub\notes\project\wms-server)
2025-01-19 00:32:50.794   INFO 23188 --- [           main] com.wms.WmsServerApplication             : The following 1 profile is active: "dev"
2025-01-19 00:32:51.483   INFO 23188 --- [           main] .s.d.r.c.RepositoryConfigurationDelegate : Multiple Spring Data modules found, entering strict repository configuration mode
2025-01-19 00:32:51.485   INFO 23188 --- [           main] .s.d.r.c.RepositoryConfigurationDelegate : Bootstrapping Spring Data Redis repositories in DEFAULT mode.
2025-01-19 00:32:51.508   INFO 23188 --- [           main] .s.d.r.c.RepositoryConfigurationDelegate : Finished Spring Data repository scanning in 12 ms. Found 0 Redis repository interfaces.
2025-01-19 00:32:52.169   INFO 23188 --- [           main] o.s.b.w.embedded.tomcat.TomcatWebServer  : Tomcat initialized with port(s): 1217 (http)
2025-01-19 00:32:52.177   INFO 23188 --- [           main] o.a.coyote.http11.Http11NioProtocol      : Initializing ProtocolHandler ["http-nio-1217"]
2025-01-19 00:32:52.177   INFO 23188 --- [           main] o.apache.catalina.core.StandardService   : Starting service [Tomcat]
2025-01-19 00:32:52.177   INFO 23188 --- [           main] org.apache.catalina.core.StandardEngine  : Starting Servlet engine: [Apache Tomcat/9.0.68]
2025-01-19 00:32:52.257   INFO 23188 --- [           main] o.a.c.c.C.[Tomcat].[localhost].[/]       : Initializing Spring embedded WebApplicationContext
2025-01-19 00:32:52.257   INFO 23188 --- [           main] w.s.c.ServletWebServerApplicationContext : Root WebApplicationContext: initialization completed in 1429 ms
2025-01-19 00:32:53.800   INFO 23188 --- [           main] o.s.b.a.w.s.WelcomePageHandlerMapping    : Adding welcome page: class path resource [static/index.html]
2025-01-19 00:32:54.359   INFO 23188 --- [           main] o.s.s.web.DefaultSecurityFilterChain     : Will secure any request with [org.springframework.security.web.context.request.async.WebAsyncManagerIntegrationFilter@1e3a2177, org.springframework.security.web.context.SecurityContextPersistenceFilter@799206ad, org.springframework.security.web.header.HeaderWriterFilter@37b1218, org.springframework.web.filter.CorsFilter@58720eb9, org.springframework.security.web.authentication.logout.LogoutFilter@5fa9971f, com.wms.filter.jwt.JwtAuthenticationTokenFilter@7a3c99f1, org.springframework.security.web.session.ConcurrentSessionFilter@23e573e, org.springframework.security.web.savedrequest.RequestCacheAwareFilter@558ed473, org.springframework.security.web.servletapi.SecurityContextHolderAwareRequestFilter@26c2f767, org.springframework.security.web.authentication.AnonymousAuthenticationFilter@24749ad3, org.springframework.security.web.session.SessionManagementFilter@56351c02, org.springframework.security.web.access.ExceptionTranslationFilter@7ab3f194, org.springframework.security.web.access.intercept.FilterSecurityInterceptor@1d9bd4d6]
2025-01-19 00:32:54.442   INFO 23188 --- [           main] o.a.coyote.http11.Http11NioProtocol      : Starting ProtocolHandler ["http-nio-1217"]
2025-01-19 00:32:54.459   INFO 23188 --- [           main] o.s.b.w.embedded.tomcat.TomcatWebServer  : Tomcat started on port(s): 1217 (http) with context path ''
2025-01-19 00:32:54.828   INFO 23188 --- [           main] com.wms.WmsServerApplication             : Started WmsServerApplication in 4.416 seconds (JVM running for 5.285)
2025-01-19 00:33:06.435   INFO 23188 --- [nio-1217-exec-1] o.a.c.c.C.[Tomcat].[localhost].[/]       : Initializing Spring DispatcherServlet 'dispatcherServlet'
2025-01-19 00:33:06.435   INFO 23188 --- [nio-1217-exec-1] o.s.web.servlet.DispatcherServlet        : Initializing Servlet 'dispatcherServlet'
2025-01-19 00:33:06.437   INFO 23188 --- [nio-1217-exec-1] o.s.web.servlet.DispatcherServlet        : Completed initialization in 2 ms
2025-01-19 00:33:06.584   INFO 23188 --- [nio-1217-exec-1] com.alibaba.druid.pool.DruidDataSource   : {dataSource-1} inited
2025-01-19 00:34:23.035   INFO 23188 --- [ionShutdownHook] com.alibaba.druid.pool.DruidDataSource   : {dataSource-1} closing ...
2025-01-19 00:34:23.040   INFO 23188 --- [ionShutdownHook] com.alibaba.druid.pool.DruidDataSource   : {dataSource-1} closed
2025-01-19 00:34:27.040   INFO 19412 --- [           main] com.wms.WmsServerApplication             : Starting WmsServerApplication using Java 17.0.5 on Disney with PID 19412 (K:\GitHub\notes\project\wms-server\target\classes started by qe249 in K:\GitHub\notes\project\wms-server)
2025-01-19 00:34:27.043   INFO 19412 --- [           main] com.wms.WmsServerApplication             : The following 1 profile is active: "dev"
2025-01-19 00:34:27.742   INFO 19412 --- [           main] .s.d.r.c.RepositoryConfigurationDelegate : Multiple Spring Data modules found, entering strict repository configuration mode
2025-01-19 00:34:27.744   INFO 19412 --- [           main] .s.d.r.c.RepositoryConfigurationDelegate : Bootstrapping Spring Data Redis repositories in DEFAULT mode.
2025-01-19 00:34:27.765   INFO 19412 --- [           main] .s.d.r.c.RepositoryConfigurationDelegate : Finished Spring Data repository scanning in 11 ms. Found 0 Redis repository interfaces.
2025-01-19 00:34:28.413   INFO 19412 --- [           main] o.s.b.w.embedded.tomcat.TomcatWebServer  : Tomcat initialized with port(s): 1217 (http)
2025-01-19 00:34:28.420   INFO 19412 --- [           main] o.a.coyote.http11.Http11NioProtocol      : Initializing ProtocolHandler ["http-nio-1217"]
2025-01-19 00:34:28.421   INFO 19412 --- [           main] o.apache.catalina.core.StandardService   : Starting service [Tomcat]
2025-01-19 00:34:28.421   INFO 19412 --- [           main] org.apache.catalina.core.StandardEngine  : Starting Servlet engine: [Apache Tomcat/9.0.68]
2025-01-19 00:34:28.497   INFO 19412 --- [           main] o.a.c.c.C.[Tomcat].[localhost].[/]       : Initializing Spring embedded WebApplicationContext
2025-01-19 00:34:28.497   INFO 19412 --- [           main] w.s.c.ServletWebServerApplicationContext : Root WebApplicationContext: initialization completed in 1411 ms
2025-01-19 00:34:29.894   INFO 19412 --- [           main] o.s.b.a.w.s.WelcomePageHandlerMapping    : Adding welcome page: class path resource [static/index.html]
2025-01-19 00:34:30.325   INFO 19412 --- [           main] o.s.s.web.DefaultSecurityFilterChain     : Will secure any request with [org.springframework.security.web.context.request.async.WebAsyncManagerIntegrationFilter@5e557671, org.springframework.security.web.context.SecurityContextPersistenceFilter@3662c887, org.springframework.security.web.header.HeaderWriterFilter@1a22c1ba, org.springframework.web.filter.CorsFilter@1f2497d9, org.springframework.security.web.authentication.logout.LogoutFilter@53f94afe, com.wms.filter.jwt.JwtAuthenticationTokenFilter@628b503a, org.springframework.security.web.session.ConcurrentSessionFilter@65cc3902, org.springframework.security.web.savedrequest.RequestCacheAwareFilter@2748bd6c, org.springframework.security.web.servletapi.SecurityContextHolderAwareRequestFilter@575cfec1, org.springframework.security.web.authentication.AnonymousAuthenticationFilter@4f1f2f84, org.springframework.security.web.session.SessionManagementFilter@be9cc86, org.springframework.security.web.access.ExceptionTranslationFilter@430db481, org.springframework.security.web.access.intercept.FilterSecurityInterceptor@1107c465]
2025-01-19 00:34:30.405   INFO 19412 --- [           main] o.a.coyote.http11.Http11NioProtocol      : Starting ProtocolHandler ["http-nio-1217"]
2025-01-19 00:34:30.421   INFO 19412 --- [           main] o.s.b.w.embedded.tomcat.TomcatWebServer  : Tomcat started on port(s): 1217 (http) with context path ''
2025-01-19 00:34:30.730   INFO 19412 --- [           main] com.wms.WmsServerApplication             : Started WmsServerApplication in 4.023 seconds (JVM running for 4.728)
2025-01-19 00:34:34.236   INFO 19412 --- [nio-1217-exec-2] o.a.c.c.C.[Tomcat].[localhost].[/]       : Initializing Spring DispatcherServlet 'dispatcherServlet'
2025-01-19 00:34:34.236   INFO 19412 --- [nio-1217-exec-2] o.s.web.servlet.DispatcherServlet        : Initializing Servlet 'dispatcherServlet'
2025-01-19 00:34:34.238   INFO 19412 --- [nio-1217-exec-2] o.s.web.servlet.DispatcherServlet        : Completed initialization in 2 ms
2025-01-19 00:34:34.421   INFO 19412 --- [nio-1217-exec-2] com.alibaba.druid.pool.DruidDataSource   : {dataSource-1} inited
2025-01-19 00:41:41.587   INFO 19412 --- [ionShutdownHook] com.alibaba.druid.pool.DruidDataSource   : {dataSource-1} closing ...
2025-01-19 00:41:41.589   INFO 19412 --- [ionShutdownHook] com.alibaba.druid.pool.DruidDataSource   : {dataSource-1} closed
