2024-12-25 08:57:20.618   INFO 21692 --- [           main] com.wms.WmsServerApplication             : Starting WmsServerApplication using Java 17.0.5 on Disney with PID 21692 (K:\GitHub\notes\project\wms-server\target\classes started by qe249 in K:\GitHub\notes\project\wms-server)
2024-12-25 08:57:20.621   INFO 21692 --- [           main] com.wms.WmsServerApplication             : The following 1 profile is active: "dev"
2024-12-25 08:57:22.269   INFO 21692 --- [           main] .s.d.r.c.RepositoryConfigurationDelegate : Multiple Spring Data modules found, entering strict repository configuration mode
2024-12-25 08:57:22.273   INFO 21692 --- [           main] .s.d.r.c.RepositoryConfigurationDelegate : Bootstrapping Spring Data Redis repositories in DEFAULT mode.
2024-12-25 08:57:22.304   INFO 21692 --- [           main] .s.d.r.c.RepositoryConfigurationDelegate : Finished Spring Data repository scanning in 14 ms. Found 0 Redis repository interfaces.
2024-12-25 08:57:23.146   INFO 21692 --- [           main] o.s.b.w.embedded.tomcat.TomcatWebServer  : Tomcat initialized with port(s): 1217 (http)
2024-12-25 08:57:23.156   INFO 21692 --- [           main] o.a.coyote.http11.Http11NioProtocol      : Initializing ProtocolHandler ["http-nio-1217"]
2024-12-25 08:57:23.156   INFO 21692 --- [           main] o.apache.catalina.core.StandardService   : Starting service [Tomcat]
2024-12-25 08:57:23.156   INFO 21692 --- [           main] org.apache.catalina.core.StandardEngine  : Starting Servlet engine: [Apache Tomcat/9.0.68]
2024-12-25 08:57:23.255   INFO 21692 --- [           main] o.a.c.c.C.[Tomcat].[localhost].[/]       : Initializing Spring embedded WebApplicationContext
2024-12-25 08:57:23.255   INFO 21692 --- [           main] w.s.c.ServletWebServerApplicationContext : Root WebApplicationContext: initialization completed in 2586 ms
2024-12-25 08:57:24.821   INFO 21692 --- [           main] o.s.b.a.w.s.WelcomePageHandlerMapping    : Adding welcome page: class path resource [static/index.html]
2024-12-25 08:57:25.387   INFO 21692 --- [           main] o.s.s.web.DefaultSecurityFilterChain     : Will secure any request with [org.springframework.security.web.context.request.async.WebAsyncManagerIntegrationFilter@20462820, org.springframework.security.web.context.SecurityContextPersistenceFilter@41948c13, org.springframework.security.web.header.HeaderWriterFilter@57fec63f, org.springframework.web.filter.CorsFilter@4c0ab04f, org.springframework.security.web.authentication.logout.LogoutFilter@4b1b2255, com.wms.filter.jwt.JwtAuthenticationTokenFilter@5d9bb69b, org.springframework.security.web.session.ConcurrentSessionFilter@27234b7c, org.springframework.security.web.savedrequest.RequestCacheAwareFilter@2c6efee3, org.springframework.security.web.servletapi.SecurityContextHolderAwareRequestFilter@5c20505f, org.springframework.security.web.authentication.AnonymousAuthenticationFilter@384f0e32, org.springframework.security.web.session.SessionManagementFilter@30ca66c5, org.springframework.security.web.access.ExceptionTranslationFilter@655f92a1, org.springframework.security.web.access.intercept.FilterSecurityInterceptor@180fb796]
2024-12-25 08:57:25.462   INFO 21692 --- [           main] o.a.coyote.http11.Http11NioProtocol      : Starting ProtocolHandler ["http-nio-1217"]
2024-12-25 08:57:25.481   INFO 21692 --- [           main] o.s.b.w.embedded.tomcat.TomcatWebServer  : Tomcat started on port(s): 1217 (http) with context path ''
2024-12-25 08:57:25.807   INFO 21692 --- [           main] com.wms.WmsServerApplication             : Started WmsServerApplication in 5.586 seconds (JVM running for 7.728)
2024-12-25 08:58:35.103   INFO 21692 --- [ionShutdownHook] com.alibaba.druid.pool.DruidDataSource   : {dataSource-0} closing ...
2024-12-25 08:58:39.878   INFO 9544 --- [           main] com.wms.WmsServerApplication             : Starting WmsServerApplication using Java 17.0.5 on Disney with PID 9544 (K:\GitHub\notes\project\wms-server\target\classes started by qe249 in K:\GitHub\notes\project\wms-server)
2024-12-25 08:58:39.881   INFO 9544 --- [           main] com.wms.WmsServerApplication             : The following 1 profile is active: "dev"
2024-12-25 08:58:40.780   INFO 9544 --- [           main] .s.d.r.c.RepositoryConfigurationDelegate : Multiple Spring Data modules found, entering strict repository configuration mode
2024-12-25 08:58:40.783   INFO 9544 --- [           main] .s.d.r.c.RepositoryConfigurationDelegate : Bootstrapping Spring Data Redis repositories in DEFAULT mode.
2024-12-25 08:58:40.804   INFO 9544 --- [           main] .s.d.r.c.RepositoryConfigurationDelegate : Finished Spring Data repository scanning in 11 ms. Found 0 Redis repository interfaces.
2024-12-25 08:58:41.487   INFO 9544 --- [           main] o.s.b.w.embedded.tomcat.TomcatWebServer  : Tomcat initialized with port(s): 1217 (http)
2024-12-25 08:58:41.494   INFO 9544 --- [           main] o.a.coyote.http11.Http11NioProtocol      : Initializing ProtocolHandler ["http-nio-1217"]
2024-12-25 08:58:41.494   INFO 9544 --- [           main] o.apache.catalina.core.StandardService   : Starting service [Tomcat]
2024-12-25 08:58:41.494   INFO 9544 --- [           main] org.apache.catalina.core.StandardEngine  : Starting Servlet engine: [Apache Tomcat/9.0.68]
2024-12-25 08:58:41.573   INFO 9544 --- [           main] o.a.c.c.C.[Tomcat].[localhost].[/]       : Initializing Spring embedded WebApplicationContext
2024-12-25 08:58:41.573   INFO 9544 --- [           main] w.s.c.ServletWebServerApplicationContext : Root WebApplicationContext: initialization completed in 1632 ms
2024-12-25 08:58:42.974   INFO 9544 --- [           main] o.s.b.a.w.s.WelcomePageHandlerMapping    : Adding welcome page: class path resource [static/index.html]
2024-12-25 08:58:43.476   INFO 9544 --- [           main] o.s.s.web.DefaultSecurityFilterChain     : Will secure any request with [org.springframework.security.web.context.request.async.WebAsyncManagerIntegrationFilter@10ae002e, org.springframework.security.web.context.SecurityContextPersistenceFilter@123d0816, org.springframework.security.web.header.HeaderWriterFilter@25b402ea, org.springframework.web.filter.CorsFilter@573f2e67, org.springframework.security.web.authentication.logout.LogoutFilter@792b9dd3, com.wms.filter.jwt.JwtAuthenticationTokenFilter@3568ea59, org.springframework.security.web.session.ConcurrentSessionFilter@16732340, org.springframework.security.web.savedrequest.RequestCacheAwareFilter@5d01a2eb, org.springframework.security.web.servletapi.SecurityContextHolderAwareRequestFilter@655f92a1, org.springframework.security.web.authentication.AnonymousAuthenticationFilter@5d449307, org.springframework.security.web.session.SessionManagementFilter@7d7c05fa, org.springframework.security.web.access.ExceptionTranslationFilter@3055f310, org.springframework.security.web.access.intercept.FilterSecurityInterceptor@4113d9ab]
2024-12-25 08:58:43.543   INFO 9544 --- [           main] o.a.coyote.http11.Http11NioProtocol      : Starting ProtocolHandler ["http-nio-1217"]
2024-12-25 08:58:43.558   INFO 9544 --- [           main] o.s.b.w.embedded.tomcat.TomcatWebServer  : Tomcat started on port(s): 1217 (http) with context path ''
2024-12-25 08:58:43.858   INFO 9544 --- [           main] com.wms.WmsServerApplication             : Started WmsServerApplication in 4.361 seconds (JVM running for 5.21)
2024-12-25 08:58:53.089   INFO 9544 --- [nio-1217-exec-1] o.a.c.c.C.[Tomcat].[localhost].[/]       : Initializing Spring DispatcherServlet 'dispatcherServlet'
2024-12-25 08:58:53.089   INFO 9544 --- [nio-1217-exec-1] o.s.web.servlet.DispatcherServlet        : Initializing Servlet 'dispatcherServlet'
2024-12-25 08:58:53.090   INFO 9544 --- [nio-1217-exec-1] o.s.web.servlet.DispatcherServlet        : Completed initialization in 1 ms
2024-12-25 08:58:53.276   INFO 9544 --- [nio-1217-exec-3] com.alibaba.druid.pool.DruidDataSource   : {dataSource-1} inited
2024-12-25 11:20:25.806   INFO 9544 --- [ionShutdownHook] com.alibaba.druid.pool.DruidDataSource   : {dataSource-1} closing ...
2024-12-25 11:20:25.811   INFO 9544 --- [ionShutdownHook] com.alibaba.druid.pool.DruidDataSource   : {dataSource-1} closed
2024-12-25 11:20:30.548   INFO 12888 --- [           main] com.wms.WmsServerApplication             : Starting WmsServerApplication using Java 17.0.5 on Disney with PID 12888 (K:\GitHub\notes\project\wms-server\target\classes started by qe249 in K:\GitHub\notes\project\wms-server)
2024-12-25 11:20:30.551   INFO 12888 --- [           main] com.wms.WmsServerApplication             : The following 1 profile is active: "dev"
2024-12-25 11:20:31.252   INFO 12888 --- [           main] .s.d.r.c.RepositoryConfigurationDelegate : Multiple Spring Data modules found, entering strict repository configuration mode
2024-12-25 11:20:31.254   INFO 12888 --- [           main] .s.d.r.c.RepositoryConfigurationDelegate : Bootstrapping Spring Data Redis repositories in DEFAULT mode.
2024-12-25 11:20:31.274   INFO 12888 --- [           main] .s.d.r.c.RepositoryConfigurationDelegate : Finished Spring Data repository scanning in 11 ms. Found 0 Redis repository interfaces.
2024-12-25 11:20:31.920   INFO 12888 --- [           main] o.s.b.w.embedded.tomcat.TomcatWebServer  : Tomcat initialized with port(s): 1217 (http)
2024-12-25 11:20:31.927   INFO 12888 --- [           main] o.a.coyote.http11.Http11NioProtocol      : Initializing ProtocolHandler ["http-nio-1217"]
2024-12-25 11:20:31.928   INFO 12888 --- [           main] o.apache.catalina.core.StandardService   : Starting service [Tomcat]
2024-12-25 11:20:31.928   INFO 12888 --- [           main] org.apache.catalina.core.StandardEngine  : Starting Servlet engine: [Apache Tomcat/9.0.68]
2024-12-25 11:20:32.005   INFO 12888 --- [           main] o.a.c.c.C.[Tomcat].[localhost].[/]       : Initializing Spring embedded WebApplicationContext
2024-12-25 11:20:32.005   INFO 12888 --- [           main] w.s.c.ServletWebServerApplicationContext : Root WebApplicationContext: initialization completed in 1407 ms
2024-12-25 11:20:33.272   INFO 12888 --- [           main] o.s.b.a.w.s.WelcomePageHandlerMapping    : Adding welcome page: class path resource [static/index.html]
2024-12-25 11:20:33.717   INFO 12888 --- [           main] o.s.s.web.DefaultSecurityFilterChain     : Will secure any request with [org.springframework.security.web.context.request.async.WebAsyncManagerIntegrationFilter@4423692a, org.springframework.security.web.context.SecurityContextPersistenceFilter@1d2d793d, org.springframework.security.web.header.HeaderWriterFilter@16732340, org.springframework.web.filter.CorsFilter@2175d53f, org.springframework.security.web.authentication.logout.LogoutFilter@2c6efee3, com.wms.filter.jwt.JwtAuthenticationTokenFilter@3568ea59, org.springframework.security.web.session.ConcurrentSessionFilter@1be12e05, org.springframework.security.web.savedrequest.RequestCacheAwareFilter@34f8ce89, org.springframework.security.web.servletapi.SecurityContextHolderAwareRequestFilter@73230721, org.springframework.security.web.authentication.AnonymousAuthenticationFilter@29ae2517, org.springframework.security.web.session.SessionManagementFilter@5543d800, org.springframework.security.web.access.ExceptionTranslationFilter@299dd381, org.springframework.security.web.access.intercept.FilterSecurityInterceptor@5a9ef32e]
2024-12-25 11:20:33.783   INFO 12888 --- [           main] o.a.coyote.http11.Http11NioProtocol      : Starting ProtocolHandler ["http-nio-1217"]
2024-12-25 11:20:33.798   INFO 12888 --- [           main] o.s.b.w.embedded.tomcat.TomcatWebServer  : Tomcat started on port(s): 1217 (http) with context path ''
2024-12-25 11:20:34.103   INFO 12888 --- [           main] com.wms.WmsServerApplication             : Started WmsServerApplication in 3.907 seconds (JVM running for 4.781)
2024-12-25 11:20:39.084   INFO 12888 --- [nio-1217-exec-1] o.a.c.c.C.[Tomcat].[localhost].[/]       : Initializing Spring DispatcherServlet 'dispatcherServlet'
2024-12-25 11:20:39.085   INFO 12888 --- [nio-1217-exec-1] o.s.web.servlet.DispatcherServlet        : Initializing Servlet 'dispatcherServlet'
2024-12-25 11:20:39.086   INFO 12888 --- [nio-1217-exec-1] o.s.web.servlet.DispatcherServlet        : Completed initialization in 1 ms
2024-12-25 11:20:39.239   INFO 12888 --- [nio-1217-exec-1] com.alibaba.druid.pool.DruidDataSource   : {dataSource-1} inited
2024-12-25 11:21:58.681   INFO 12888 --- [ionShutdownHook] com.alibaba.druid.pool.DruidDataSource   : {dataSource-1} closing ...
2024-12-25 11:21:58.685   INFO 12888 --- [ionShutdownHook] com.alibaba.druid.pool.DruidDataSource   : {dataSource-1} closed
2024-12-25 11:22:01.898   INFO 27256 --- [           main] com.wms.WmsServerApplication             : Starting WmsServerApplication using Java 17.0.5 on Disney with PID 27256 (K:\GitHub\notes\project\wms-server\target\classes started by qe249 in K:\GitHub\notes\project\wms-server)
2024-12-25 11:22:01.900   INFO 27256 --- [           main] com.wms.WmsServerApplication             : The following 1 profile is active: "dev"
2024-12-25 11:22:02.644   INFO 27256 --- [           main] .s.d.r.c.RepositoryConfigurationDelegate : Multiple Spring Data modules found, entering strict repository configuration mode
2024-12-25 11:22:02.647   INFO 27256 --- [           main] .s.d.r.c.RepositoryConfigurationDelegate : Bootstrapping Spring Data Redis repositories in DEFAULT mode.
2024-12-25 11:22:02.668   INFO 27256 --- [           main] .s.d.r.c.RepositoryConfigurationDelegate : Finished Spring Data repository scanning in 11 ms. Found 0 Redis repository interfaces.
2024-12-25 11:22:03.341   INFO 27256 --- [           main] o.s.b.w.embedded.tomcat.TomcatWebServer  : Tomcat initialized with port(s): 1217 (http)
2024-12-25 11:22:03.349   INFO 27256 --- [           main] o.a.coyote.http11.Http11NioProtocol      : Initializing ProtocolHandler ["http-nio-1217"]
2024-12-25 11:22:03.349   INFO 27256 --- [           main] o.apache.catalina.core.StandardService   : Starting service [Tomcat]
2024-12-25 11:22:03.350   INFO 27256 --- [           main] org.apache.catalina.core.StandardEngine  : Starting Servlet engine: [Apache Tomcat/9.0.68]
2024-12-25 11:22:03.427   INFO 27256 --- [           main] o.a.c.c.C.[Tomcat].[localhost].[/]       : Initializing Spring embedded WebApplicationContext
2024-12-25 11:22:03.427   INFO 27256 --- [           main] w.s.c.ServletWebServerApplicationContext : Root WebApplicationContext: initialization completed in 1483 ms
2024-12-25 11:22:04.716   INFO 27256 --- [           main] o.s.b.a.w.s.WelcomePageHandlerMapping    : Adding welcome page: class path resource [static/index.html]
2024-12-25 11:22:05.164   INFO 27256 --- [           main] o.s.s.web.DefaultSecurityFilterChain     : Will secure any request with [org.springframework.security.web.context.request.async.WebAsyncManagerIntegrationFilter@aca594d, org.springframework.security.web.context.SecurityContextPersistenceFilter@1e033801, org.springframework.security.web.header.HeaderWriterFilter@575fe6da, org.springframework.web.filter.CorsFilter@736f2fb8, org.springframework.security.web.authentication.logout.LogoutFilter@3fdede3a, com.wms.filter.jwt.JwtAuthenticationTokenFilter@359865a2, org.springframework.security.web.session.ConcurrentSessionFilter@64f613da, org.springframework.security.web.savedrequest.RequestCacheAwareFilter@655f92a1, org.springframework.security.web.servletapi.SecurityContextHolderAwareRequestFilter@156eeff1, org.springframework.security.web.authentication.AnonymousAuthenticationFilter@9715d26, org.springframework.security.web.session.SessionManagementFilter@16732340, org.springframework.security.web.access.ExceptionTranslationFilter@1b30b6f8, org.springframework.security.web.access.intercept.FilterSecurityInterceptor@1a6a4595]
2024-12-25 11:22:05.227   INFO 27256 --- [           main] o.a.coyote.http11.Http11NioProtocol      : Starting ProtocolHandler ["http-nio-1217"]
2024-12-25 11:22:05.242   INFO 27256 --- [           main] o.s.b.w.embedded.tomcat.TomcatWebServer  : Tomcat started on port(s): 1217 (http) with context path ''
2024-12-25 11:22:05.535   INFO 27256 --- [           main] com.wms.WmsServerApplication             : Started WmsServerApplication in 3.98 seconds (JVM running for 4.905)
2024-12-25 11:22:09.787   INFO 27256 --- [nio-1217-exec-1] o.a.c.c.C.[Tomcat].[localhost].[/]       : Initializing Spring DispatcherServlet 'dispatcherServlet'
2024-12-25 11:22:09.788   INFO 27256 --- [nio-1217-exec-1] o.s.web.servlet.DispatcherServlet        : Initializing Servlet 'dispatcherServlet'
2024-12-25 11:22:09.789   INFO 27256 --- [nio-1217-exec-1] o.s.web.servlet.DispatcherServlet        : Completed initialization in 1 ms
2024-12-25 11:22:09.931   INFO 27256 --- [nio-1217-exec-1] com.alibaba.druid.pool.DruidDataSource   : {dataSource-1} inited
2024-12-25 14:29:57.397   INFO 27256 --- [ionShutdownHook] com.alibaba.druid.pool.DruidDataSource   : {dataSource-1} closing ...
2024-12-25 14:29:57.400   INFO 27256 --- [ionShutdownHook] com.alibaba.druid.pool.DruidDataSource   : {dataSource-1} closed
2024-12-25 14:30:03.335   INFO 18544 --- [           main] com.wms.WmsServerApplication             : Starting WmsServerApplication using Java 17.0.5 on Disney with PID 18544 (K:\GitHub\notes\project\wms-server\target\classes started by qe249 in K:\GitHub\notes\project\wms-server)
2024-12-25 14:30:03.337   INFO 18544 --- [           main] com.wms.WmsServerApplication             : The following 1 profile is active: "dev"
2024-12-25 14:30:04.069   INFO 18544 --- [           main] .s.d.r.c.RepositoryConfigurationDelegate : Multiple Spring Data modules found, entering strict repository configuration mode
2024-12-25 14:30:04.071   INFO 18544 --- [           main] .s.d.r.c.RepositoryConfigurationDelegate : Bootstrapping Spring Data Redis repositories in DEFAULT mode.
2024-12-25 14:30:04.093   INFO 18544 --- [           main] .s.d.r.c.RepositoryConfigurationDelegate : Finished Spring Data repository scanning in 11 ms. Found 0 Redis repository interfaces.
2024-12-25 14:30:04.767   INFO 18544 --- [           main] o.s.b.w.embedded.tomcat.TomcatWebServer  : Tomcat initialized with port(s): 1217 (http)
2024-12-25 14:30:04.774   INFO 18544 --- [           main] o.a.coyote.http11.Http11NioProtocol      : Initializing ProtocolHandler ["http-nio-1217"]
2024-12-25 14:30:04.774   INFO 18544 --- [           main] o.apache.catalina.core.StandardService   : Starting service [Tomcat]
2024-12-25 14:30:04.775   INFO 18544 --- [           main] org.apache.catalina.core.StandardEngine  : Starting Servlet engine: [Apache Tomcat/9.0.68]
2024-12-25 14:30:04.864   INFO 18544 --- [           main] o.a.c.c.C.[Tomcat].[localhost].[/]       : Initializing Spring embedded WebApplicationContext
2024-12-25 14:30:04.864   INFO 18544 --- [           main] w.s.c.ServletWebServerApplicationContext : Root WebApplicationContext: initialization completed in 1484 ms
2024-12-25 14:30:07.024   INFO 18544 --- [           main] o.s.b.a.w.s.WelcomePageHandlerMapping    : Adding welcome page: class path resource [static/index.html]
2024-12-25 14:30:07.611   INFO 18544 --- [           main] o.s.s.web.DefaultSecurityFilterChain     : Will secure any request with [org.springframework.security.web.context.request.async.WebAsyncManagerIntegrationFilter@5d449307, org.springframework.security.web.context.SecurityContextPersistenceFilter@4e210016, org.springframework.security.web.header.HeaderWriterFilter@309e7215, org.springframework.web.filter.CorsFilter@44e7c06b, org.springframework.security.web.authentication.logout.LogoutFilter@31f9f9b3, com.wms.filter.jwt.JwtAuthenticationTokenFilter@3568ea59, org.springframework.security.web.session.ConcurrentSessionFilter@7fa68ff4, org.springframework.security.web.savedrequest.RequestCacheAwareFilter@7d60bd5a, org.springframework.security.web.servletapi.SecurityContextHolderAwareRequestFilter@57fec63f, org.springframework.security.web.authentication.AnonymousAuthenticationFilter@24a807a9, org.springframework.security.web.session.SessionManagementFilter@7c4a5ef2, org.springframework.security.web.access.ExceptionTranslationFilter@25b402ea, org.springframework.security.web.access.intercept.FilterSecurityInterceptor@45c28c49]
2024-12-25 14:30:07.696   INFO 18544 --- [           main] o.a.coyote.http11.Http11NioProtocol      : Starting ProtocolHandler ["http-nio-1217"]
2024-12-25 14:30:07.716   INFO 18544 --- [           main] o.s.b.w.embedded.tomcat.TomcatWebServer  : Tomcat started on port(s): 1217 (http) with context path ''
2024-12-25 14:30:08.118   INFO 18544 --- [           main] com.wms.WmsServerApplication             : Started WmsServerApplication in 5.217 seconds (JVM running for 6.112)
2024-12-25 14:30:25.850   INFO 18544 --- [nio-1217-exec-2] o.a.c.c.C.[Tomcat].[localhost].[/]       : Initializing Spring DispatcherServlet 'dispatcherServlet'
2024-12-25 14:30:25.850   INFO 18544 --- [nio-1217-exec-2] o.s.web.servlet.DispatcherServlet        : Initializing Servlet 'dispatcherServlet'
2024-12-25 14:30:25.852   INFO 18544 --- [nio-1217-exec-2] o.s.web.servlet.DispatcherServlet        : Completed initialization in 2 ms
2024-12-25 14:30:26.010   INFO 18544 --- [nio-1217-exec-2] com.alibaba.druid.pool.DruidDataSource   : {dataSource-1} inited
2024-12-25 14:35:17.382   INFO 18544 --- [ionShutdownHook] com.alibaba.druid.pool.DruidDataSource   : {dataSource-1} closing ...
2024-12-25 14:35:17.384   INFO 18544 --- [ionShutdownHook] com.alibaba.druid.pool.DruidDataSource   : {dataSource-1} closed
2024-12-25 14:36:53.837   INFO 14836 --- [           main] com.wms.WmsServerApplication             : Starting WmsServerApplication using Java 17.0.5 on Disney with PID 14836 (K:\GitHub\notes\project\wms-server\target\classes started by qe249 in K:\GitHub\notes\project\wms-server)
2024-12-25 14:36:53.840   INFO 14836 --- [           main] com.wms.WmsServerApplication             : The following 1 profile is active: "dev"
2024-12-25 14:36:54.555   INFO 14836 --- [           main] .s.d.r.c.RepositoryConfigurationDelegate : Multiple Spring Data modules found, entering strict repository configuration mode
2024-12-25 14:36:54.558   INFO 14836 --- [           main] .s.d.r.c.RepositoryConfigurationDelegate : Bootstrapping Spring Data Redis repositories in DEFAULT mode.
2024-12-25 14:36:54.588   INFO 14836 --- [           main] .s.d.r.c.RepositoryConfigurationDelegate : Finished Spring Data repository scanning in 18 ms. Found 0 Redis repository interfaces.
2024-12-25 14:36:55.326   INFO 14836 --- [           main] o.s.b.w.embedded.tomcat.TomcatWebServer  : Tomcat initialized with port(s): 1217 (http)
2024-12-25 14:36:55.334   INFO 14836 --- [           main] o.a.coyote.http11.Http11NioProtocol      : Initializing ProtocolHandler ["http-nio-1217"]
2024-12-25 14:36:55.334   INFO 14836 --- [           main] o.apache.catalina.core.StandardService   : Starting service [Tomcat]
2024-12-25 14:36:55.334   INFO 14836 --- [           main] org.apache.catalina.core.StandardEngine  : Starting Servlet engine: [Apache Tomcat/9.0.68]
2024-12-25 14:36:55.409   INFO 14836 --- [           main] o.a.c.c.C.[Tomcat].[localhost].[/]       : Initializing Spring embedded WebApplicationContext
2024-12-25 14:36:55.410   INFO 14836 --- [           main] w.s.c.ServletWebServerApplicationContext : Root WebApplicationContext: initialization completed in 1520 ms
2024-12-25 14:36:56.698   INFO 14836 --- [           main] o.s.b.a.w.s.WelcomePageHandlerMapping    : Adding welcome page: class path resource [static/index.html]
2024-12-25 14:36:57.148   INFO 14836 --- [           main] o.s.s.web.DefaultSecurityFilterChain     : Will secure any request with [org.springframework.security.web.context.request.async.WebAsyncManagerIntegrationFilter@6d8096ee, org.springframework.security.web.context.SecurityContextPersistenceFilter@1c25deb0, org.springframework.security.web.header.HeaderWriterFilter@261099e1, org.springframework.web.filter.CorsFilter@35d8ba22, org.springframework.security.web.authentication.logout.LogoutFilter@62264d4f, com.wms.filter.jwt.JwtAuthenticationTokenFilter@3568ea59, org.springframework.security.web.session.ConcurrentSessionFilter@123d0816, org.springframework.security.web.savedrequest.RequestCacheAwareFilter@7a2fd94c, org.springframework.security.web.servletapi.SecurityContextHolderAwareRequestFilter@37ab1b10, org.springframework.security.web.authentication.AnonymousAuthenticationFilter@3fc051ce, org.springframework.security.web.session.SessionManagementFilter@515fff35, org.springframework.security.web.access.ExceptionTranslationFilter@149238fe, org.springframework.security.web.access.intercept.FilterSecurityInterceptor@1e4a4ed5]
2024-12-25 14:36:57.214   INFO 14836 --- [           main] o.a.coyote.http11.Http11NioProtocol      : Starting ProtocolHandler ["http-nio-1217"]
2024-12-25 14:36:57.231   INFO 14836 --- [           main] o.s.b.w.embedded.tomcat.TomcatWebServer  : Tomcat started on port(s): 1217 (http) with context path ''
2024-12-25 14:36:57.517   INFO 14836 --- [           main] com.wms.WmsServerApplication             : Started WmsServerApplication in 4.053 seconds (JVM running for 4.816)
2024-12-25 14:37:12.731   INFO 14836 --- [nio-1217-exec-1] o.a.c.c.C.[Tomcat].[localhost].[/]       : Initializing Spring DispatcherServlet 'dispatcherServlet'
2024-12-25 14:37:12.731   INFO 14836 --- [nio-1217-exec-1] o.s.web.servlet.DispatcherServlet        : Initializing Servlet 'dispatcherServlet'
2024-12-25 14:37:12.733   INFO 14836 --- [nio-1217-exec-1] o.s.web.servlet.DispatcherServlet        : Completed initialization in 2 ms
2024-12-25 14:37:12.909   INFO 14836 --- [nio-1217-exec-1] com.alibaba.druid.pool.DruidDataSource   : {dataSource-1} inited
2024-12-25 15:48:58.839   INFO 14836 --- [ionShutdownHook] com.alibaba.druid.pool.DruidDataSource   : {dataSource-1} closing ...
2024-12-25 15:48:58.842   INFO 14836 --- [ionShutdownHook] com.alibaba.druid.pool.DruidDataSource   : {dataSource-1} closed
2024-12-25 15:49:03.198   INFO 26052 --- [           main] com.wms.WmsServerApplication             : Starting WmsServerApplication using Java 17.0.5 on Disney with PID 26052 (K:\GitHub\notes\project\wms-server\target\classes started by qe249 in K:\GitHub\notes\project\wms-server)
2024-12-25 15:49:03.201   INFO 26052 --- [           main] com.wms.WmsServerApplication             : The following 1 profile is active: "dev"
2024-12-25 15:49:03.984   INFO 26052 --- [           main] .s.d.r.c.RepositoryConfigurationDelegate : Multiple Spring Data modules found, entering strict repository configuration mode
2024-12-25 15:49:03.987   INFO 26052 --- [           main] .s.d.r.c.RepositoryConfigurationDelegate : Bootstrapping Spring Data Redis repositories in DEFAULT mode.
2024-12-25 15:49:04.015   INFO 26052 --- [           main] .s.d.r.c.RepositoryConfigurationDelegate : Finished Spring Data repository scanning in 15 ms. Found 0 Redis repository interfaces.
2024-12-25 15:49:04.749   INFO 26052 --- [           main] o.s.b.w.embedded.tomcat.TomcatWebServer  : Tomcat initialized with port(s): 1217 (http)
2024-12-25 15:49:04.758   INFO 26052 --- [           main] o.a.coyote.http11.Http11NioProtocol      : Initializing ProtocolHandler ["http-nio-1217"]
2024-12-25 15:49:04.759   INFO 26052 --- [           main] o.apache.catalina.core.StandardService   : Starting service [Tomcat]
2024-12-25 15:49:04.759   INFO 26052 --- [           main] org.apache.catalina.core.StandardEngine  : Starting Servlet engine: [Apache Tomcat/9.0.68]
2024-12-25 15:49:04.852   INFO 26052 --- [           main] o.a.c.c.C.[Tomcat].[localhost].[/]       : Initializing Spring embedded WebApplicationContext
2024-12-25 15:49:04.852   INFO 26052 --- [           main] w.s.c.ServletWebServerApplicationContext : Root WebApplicationContext: initialization completed in 1608 ms
2024-12-25 15:49:06.296   INFO 26052 --- [           main] o.s.b.a.w.s.WelcomePageHandlerMapping    : Adding welcome page: class path resource [static/index.html]
2024-12-25 15:49:06.819   INFO 26052 --- [           main] o.s.s.web.DefaultSecurityFilterChain     : Will secure any request with [org.springframework.security.web.context.request.async.WebAsyncManagerIntegrationFilter@1a1f22f2, org.springframework.security.web.context.SecurityContextPersistenceFilter@34d3409d, org.springframework.security.web.header.HeaderWriterFilter@62c42a3, org.springframework.web.filter.CorsFilter@37b5a51c, org.springframework.security.web.authentication.logout.LogoutFilter@34f8ce89, com.wms.filter.jwt.JwtAuthenticationTokenFilter@359865a2, org.springframework.security.web.session.ConcurrentSessionFilter@261099e1, org.springframework.security.web.savedrequest.RequestCacheAwareFilter@4e210016, org.springframework.security.web.servletapi.SecurityContextHolderAwareRequestFilter@57ed8f95, org.springframework.security.web.authentication.AnonymousAuthenticationFilter@4e782401, org.springframework.security.web.session.SessionManagementFilter@1b30b6f8, org.springframework.security.web.access.ExceptionTranslationFilter@192ecf8, org.springframework.security.web.access.intercept.FilterSecurityInterceptor@56adbb07]
2024-12-25 15:49:06.901   INFO 26052 --- [           main] o.a.coyote.http11.Http11NioProtocol      : Starting ProtocolHandler ["http-nio-1217"]
2024-12-25 15:49:06.921   INFO 26052 --- [           main] o.s.b.w.embedded.tomcat.TomcatWebServer  : Tomcat started on port(s): 1217 (http) with context path ''
2024-12-25 15:49:07.259   INFO 26052 --- [           main] com.wms.WmsServerApplication             : Started WmsServerApplication in 4.419 seconds (JVM running for 5.304)
2024-12-25 15:49:14.722   INFO 26052 --- [nio-1217-exec-1] o.a.c.c.C.[Tomcat].[localhost].[/]       : Initializing Spring DispatcherServlet 'dispatcherServlet'
2024-12-25 15:49:14.722   INFO 26052 --- [nio-1217-exec-1] o.s.web.servlet.DispatcherServlet        : Initializing Servlet 'dispatcherServlet'
2024-12-25 15:49:14.724   INFO 26052 --- [nio-1217-exec-1] o.s.web.servlet.DispatcherServlet        : Completed initialization in 1 ms
2024-12-25 15:49:14.940   INFO 26052 --- [nio-1217-exec-1] com.alibaba.druid.pool.DruidDataSource   : {dataSource-1} inited
2024-12-25 15:51:00.872   INFO 26052 --- [ionShutdownHook] com.alibaba.druid.pool.DruidDataSource   : {dataSource-1} closing ...
2024-12-25 15:51:00.880   INFO 26052 --- [ionShutdownHook] com.alibaba.druid.pool.DruidDataSource   : {dataSource-1} closed
2024-12-25 15:51:03.678   INFO 25556 --- [           main] com.wms.WmsServerApplication             : Starting WmsServerApplication using Java 17.0.5 on Disney with PID 25556 (K:\GitHub\notes\project\wms-server\target\classes started by qe249 in K:\GitHub\notes\project\wms-server)
2024-12-25 15:51:03.681   INFO 25556 --- [           main] com.wms.WmsServerApplication             : The following 1 profile is active: "dev"
2024-12-25 15:51:04.523   INFO 25556 --- [           main] .s.d.r.c.RepositoryConfigurationDelegate : Multiple Spring Data modules found, entering strict repository configuration mode
2024-12-25 15:51:04.525   INFO 25556 --- [           main] .s.d.r.c.RepositoryConfigurationDelegate : Bootstrapping Spring Data Redis repositories in DEFAULT mode.
2024-12-25 15:51:04.548   INFO 25556 --- [           main] .s.d.r.c.RepositoryConfigurationDelegate : Finished Spring Data repository scanning in 13 ms. Found 0 Redis repository interfaces.
2024-12-25 15:51:05.259   INFO 25556 --- [           main] o.s.b.w.embedded.tomcat.TomcatWebServer  : Tomcat initialized with port(s): 1217 (http)
2024-12-25 15:51:05.267   INFO 25556 --- [           main] o.a.coyote.http11.Http11NioProtocol      : Initializing ProtocolHandler ["http-nio-1217"]
2024-12-25 15:51:05.267   INFO 25556 --- [           main] o.apache.catalina.core.StandardService   : Starting service [Tomcat]
2024-12-25 15:51:05.267   INFO 25556 --- [           main] org.apache.catalina.core.StandardEngine  : Starting Servlet engine: [Apache Tomcat/9.0.68]
2024-12-25 15:51:05.340   INFO 25556 --- [           main] o.a.c.c.C.[Tomcat].[localhost].[/]       : Initializing Spring embedded WebApplicationContext
2024-12-25 15:51:05.341   INFO 25556 --- [           main] w.s.c.ServletWebServerApplicationContext : Root WebApplicationContext: initialization completed in 1618 ms
2024-12-25 15:51:06.600   INFO 25556 --- [           main] o.s.b.a.w.s.WelcomePageHandlerMapping    : Adding welcome page: class path resource [static/index.html]
2024-12-25 15:51:07.041   INFO 25556 --- [           main] o.s.s.web.DefaultSecurityFilterChain     : Will secure any request with [org.springframework.security.web.context.request.async.WebAsyncManagerIntegrationFilter@7fa8fff, org.springframework.security.web.context.SecurityContextPersistenceFilter@655f92a1, org.springframework.security.web.header.HeaderWriterFilter@34d3409d, org.springframework.web.filter.CorsFilter@4423692a, org.springframework.security.web.authentication.logout.LogoutFilter@5a45c218, com.wms.filter.jwt.JwtAuthenticationTokenFilter@797f97e3, org.springframework.security.web.session.ConcurrentSessionFilter@1c25deb0, org.springframework.security.web.savedrequest.RequestCacheAwareFilter@5b643d6e, org.springframework.security.web.servletapi.SecurityContextHolderAwareRequestFilter@38c1b1a7, org.springframework.security.web.authentication.AnonymousAuthenticationFilter@2175d53f, org.springframework.security.web.session.SessionManagementFilter@2fc40856, org.springframework.security.web.access.ExceptionTranslationFilter@7c4a5ef2, org.springframework.security.web.access.intercept.FilterSecurityInterceptor@6f5288c5]
2024-12-25 15:51:07.107   INFO 25556 --- [           main] o.a.coyote.http11.Http11NioProtocol      : Starting ProtocolHandler ["http-nio-1217"]
2024-12-25 15:51:07.124   INFO 25556 --- [           main] o.s.b.w.embedded.tomcat.TomcatWebServer  : Tomcat started on port(s): 1217 (http) with context path ''
2024-12-25 15:51:07.426   INFO 25556 --- [           main] com.wms.WmsServerApplication             : Started WmsServerApplication in 4.094 seconds (JVM running for 4.94)
2024-12-25 15:51:11.059   INFO 25556 --- [nio-1217-exec-1] o.a.c.c.C.[Tomcat].[localhost].[/]       : Initializing Spring DispatcherServlet 'dispatcherServlet'
2024-12-25 15:51:11.060   INFO 25556 --- [nio-1217-exec-1] o.s.web.servlet.DispatcherServlet        : Initializing Servlet 'dispatcherServlet'
2024-12-25 15:51:11.061   INFO 25556 --- [nio-1217-exec-1] o.s.web.servlet.DispatcherServlet        : Completed initialization in 1 ms
2024-12-25 15:51:11.269   INFO 25556 --- [nio-1217-exec-1] com.alibaba.druid.pool.DruidDataSource   : {dataSource-1} inited
2024-12-25 16:06:29.366   INFO 25556 --- [ionShutdownHook] com.alibaba.druid.pool.DruidDataSource   : {dataSource-1} closing ...
2024-12-25 16:06:29.368   INFO 25556 --- [ionShutdownHook] com.alibaba.druid.pool.DruidDataSource   : {dataSource-1} closed
2024-12-25 16:06:32.121   INFO 23464 --- [           main] com.wms.WmsServerApplication             : Starting WmsServerApplication using Java 17.0.5 on Disney with PID 23464 (K:\GitHub\notes\project\wms-server\target\classes started by qe249 in K:\GitHub\notes\project\wms-server)
2024-12-25 16:06:32.123   INFO 23464 --- [           main] com.wms.WmsServerApplication             : The following 1 profile is active: "dev"
2024-12-25 16:06:32.814   INFO 23464 --- [           main] .s.d.r.c.RepositoryConfigurationDelegate : Multiple Spring Data modules found, entering strict repository configuration mode
2024-12-25 16:06:32.816   INFO 23464 --- [           main] .s.d.r.c.RepositoryConfigurationDelegate : Bootstrapping Spring Data Redis repositories in DEFAULT mode.
2024-12-25 16:06:32.840   INFO 23464 --- [           main] .s.d.r.c.RepositoryConfigurationDelegate : Finished Spring Data repository scanning in 11 ms. Found 0 Redis repository interfaces.
2024-12-25 16:06:33.510   INFO 23464 --- [           main] o.s.b.w.embedded.tomcat.TomcatWebServer  : Tomcat initialized with port(s): 1217 (http)
2024-12-25 16:06:33.519   INFO 23464 --- [           main] o.a.coyote.http11.Http11NioProtocol      : Initializing ProtocolHandler ["http-nio-1217"]
2024-12-25 16:06:33.520   INFO 23464 --- [           main] o.apache.catalina.core.StandardService   : Starting service [Tomcat]
2024-12-25 16:06:33.520   INFO 23464 --- [           main] org.apache.catalina.core.StandardEngine  : Starting Servlet engine: [Apache Tomcat/9.0.68]
2024-12-25 16:06:33.595   INFO 23464 --- [           main] o.a.c.c.C.[Tomcat].[localhost].[/]       : Initializing Spring embedded WebApplicationContext
2024-12-25 16:06:33.595   INFO 23464 --- [           main] w.s.c.ServletWebServerApplicationContext : Root WebApplicationContext: initialization completed in 1429 ms
2024-12-25 16:06:35.044   INFO 23464 --- [           main] o.s.b.a.w.s.WelcomePageHandlerMapping    : Adding welcome page: class path resource [static/index.html]
2024-12-25 16:06:35.513   INFO 23464 --- [           main] o.s.s.web.DefaultSecurityFilterChain     : Will secure any request with [org.springframework.security.web.context.request.async.WebAsyncManagerIntegrationFilter@52d434c1, org.springframework.security.web.context.SecurityContextPersistenceFilter@5eb9bf7d, org.springframework.security.web.header.HeaderWriterFilter@78b2d29e, org.springframework.web.filter.CorsFilter@5d035ab6, org.springframework.security.web.authentication.logout.LogoutFilter@73230721, com.wms.filter.jwt.JwtAuthenticationTokenFilter@3568ea59, org.springframework.security.web.session.ConcurrentSessionFilter@7dbbf730, org.springframework.security.web.savedrequest.RequestCacheAwareFilter@57ed8f95, org.springframework.security.web.servletapi.SecurityContextHolderAwareRequestFilter@6fe337a5, org.springframework.security.web.authentication.AnonymousAuthenticationFilter@3407ded1, org.springframework.security.web.session.SessionManagementFilter@261099e1, org.springframework.security.web.access.ExceptionTranslationFilter@288b8663, org.springframework.security.web.access.intercept.FilterSecurityInterceptor@6e00d737]
2024-12-25 16:06:35.590   INFO 23464 --- [           main] o.a.coyote.http11.Http11NioProtocol      : Starting ProtocolHandler ["http-nio-1217"]
2024-12-25 16:06:35.608   INFO 23464 --- [           main] o.s.b.w.embedded.tomcat.TomcatWebServer  : Tomcat started on port(s): 1217 (http) with context path ''
2024-12-25 16:06:35.909   INFO 23464 --- [           main] com.wms.WmsServerApplication             : Started WmsServerApplication in 4.176 seconds (JVM running for 5.164)
2024-12-25 16:06:39.831   INFO 23464 --- [nio-1217-exec-1] o.a.c.c.C.[Tomcat].[localhost].[/]       : Initializing Spring DispatcherServlet 'dispatcherServlet'
2024-12-25 16:06:39.831   INFO 23464 --- [nio-1217-exec-1] o.s.web.servlet.DispatcherServlet        : Initializing Servlet 'dispatcherServlet'
2024-12-25 16:06:39.833   INFO 23464 --- [nio-1217-exec-1] o.s.web.servlet.DispatcherServlet        : Completed initialization in 2 ms
2024-12-25 16:06:39.987   INFO 23464 --- [nio-1217-exec-1] com.alibaba.druid.pool.DruidDataSource   : {dataSource-1} inited
2024-12-25 16:09:43.219   INFO 23464 --- [ionShutdownHook] com.alibaba.druid.pool.DruidDataSource   : {dataSource-1} closing ...
2024-12-25 16:09:43.221   INFO 23464 --- [ionShutdownHook] com.alibaba.druid.pool.DruidDataSource   : {dataSource-1} closed
2024-12-25 16:09:46.544   INFO 11104 --- [           main] com.wms.WmsServerApplication             : Starting WmsServerApplication using Java 17.0.5 on Disney with PID 11104 (K:\GitHub\notes\project\wms-server\target\classes started by qe249 in K:\GitHub\notes\project\wms-server)
2024-12-25 16:09:46.546   INFO 11104 --- [           main] com.wms.WmsServerApplication             : The following 1 profile is active: "dev"
2024-12-25 16:09:47.369   INFO 11104 --- [           main] .s.d.r.c.RepositoryConfigurationDelegate : Multiple Spring Data modules found, entering strict repository configuration mode
2024-12-25 16:09:47.373   INFO 11104 --- [           main] .s.d.r.c.RepositoryConfigurationDelegate : Bootstrapping Spring Data Redis repositories in DEFAULT mode.
2024-12-25 16:09:47.400   INFO 11104 --- [           main] .s.d.r.c.RepositoryConfigurationDelegate : Finished Spring Data repository scanning in 13 ms. Found 0 Redis repository interfaces.
2024-12-25 16:09:48.104   INFO 11104 --- [           main] o.s.b.w.embedded.tomcat.TomcatWebServer  : Tomcat initialized with port(s): 1217 (http)
2024-12-25 16:09:48.115   INFO 11104 --- [           main] o.a.coyote.http11.Http11NioProtocol      : Initializing ProtocolHandler ["http-nio-1217"]
2024-12-25 16:09:48.116   INFO 11104 --- [           main] o.apache.catalina.core.StandardService   : Starting service [Tomcat]
2024-12-25 16:09:48.116   INFO 11104 --- [           main] org.apache.catalina.core.StandardEngine  : Starting Servlet engine: [Apache Tomcat/9.0.68]
2024-12-25 16:09:48.216   INFO 11104 --- [           main] o.a.c.c.C.[Tomcat].[localhost].[/]       : Initializing Spring embedded WebApplicationContext
2024-12-25 16:09:48.216   INFO 11104 --- [           main] w.s.c.ServletWebServerApplicationContext : Root WebApplicationContext: initialization completed in 1630 ms
2024-12-25 16:09:49.722   INFO 11104 --- [           main] o.s.b.a.w.s.WelcomePageHandlerMapping    : Adding welcome page: class path resource [static/index.html]
2024-12-25 16:09:50.176   INFO 11104 --- [           main] o.s.s.web.DefaultSecurityFilterChain     : Will secure any request with [org.springframework.security.web.context.request.async.WebAsyncManagerIntegrationFilter@52d434c1, org.springframework.security.web.context.SecurityContextPersistenceFilter@5eb9bf7d, org.springframework.security.web.header.HeaderWriterFilter@78b2d29e, org.springframework.web.filter.CorsFilter@5d035ab6, org.springframework.security.web.authentication.logout.LogoutFilter@73230721, com.wms.filter.jwt.JwtAuthenticationTokenFilter@3568ea59, org.springframework.security.web.session.ConcurrentSessionFilter@7dbbf730, org.springframework.security.web.savedrequest.RequestCacheAwareFilter@57ed8f95, org.springframework.security.web.servletapi.SecurityContextHolderAwareRequestFilter@6fe337a5, org.springframework.security.web.authentication.AnonymousAuthenticationFilter@3407ded1, org.springframework.security.web.session.SessionManagementFilter@261099e1, org.springframework.security.web.access.ExceptionTranslationFilter@288b8663, org.springframework.security.web.access.intercept.FilterSecurityInterceptor@6e00d737]
2024-12-25 16:09:50.258   INFO 11104 --- [           main] o.a.coyote.http11.Http11NioProtocol      : Starting ProtocolHandler ["http-nio-1217"]
2024-12-25 16:09:50.276   INFO 11104 --- [           main] o.s.b.w.embedded.tomcat.TomcatWebServer  : Tomcat started on port(s): 1217 (http) with context path ''
2024-12-25 16:09:50.583   INFO 11104 --- [           main] com.wms.WmsServerApplication             : Started WmsServerApplication in 4.428 seconds (JVM running for 5.614)
2024-12-25 16:09:53.985   INFO 11104 --- [nio-1217-exec-1] o.a.c.c.C.[Tomcat].[localhost].[/]       : Initializing Spring DispatcherServlet 'dispatcherServlet'
2024-12-25 16:09:53.986   INFO 11104 --- [nio-1217-exec-1] o.s.web.servlet.DispatcherServlet        : Initializing Servlet 'dispatcherServlet'
2024-12-25 16:09:53.987   INFO 11104 --- [nio-1217-exec-1] o.s.web.servlet.DispatcherServlet        : Completed initialization in 1 ms
2024-12-25 16:09:54.105   INFO 11104 --- [nio-1217-exec-1] com.alibaba.druid.pool.DruidDataSource   : {dataSource-1} inited
2024-12-25 16:15:07.394   INFO 11104 --- [ionShutdownHook] com.alibaba.druid.pool.DruidDataSource   : {dataSource-1} closing ...
2024-12-25 16:15:07.396   INFO 11104 --- [ionShutdownHook] com.alibaba.druid.pool.DruidDataSource   : {dataSource-1} closed
2024-12-25 16:15:10.210   INFO 17148 --- [           main] com.wms.WmsServerApplication             : Starting WmsServerApplication using Java 17.0.5 on Disney with PID 17148 (K:\GitHub\notes\project\wms-server\target\classes started by qe249 in K:\GitHub\notes\project\wms-server)
2024-12-25 16:15:10.213   INFO 17148 --- [           main] com.wms.WmsServerApplication             : The following 1 profile is active: "dev"
2024-12-25 16:15:11.003   INFO 17148 --- [           main] .s.d.r.c.RepositoryConfigurationDelegate : Multiple Spring Data modules found, entering strict repository configuration mode
2024-12-25 16:15:11.005   INFO 17148 --- [           main] .s.d.r.c.RepositoryConfigurationDelegate : Bootstrapping Spring Data Redis repositories in DEFAULT mode.
2024-12-25 16:15:11.031   INFO 17148 --- [           main] .s.d.r.c.RepositoryConfigurationDelegate : Finished Spring Data repository scanning in 12 ms. Found 0 Redis repository interfaces.
2024-12-25 16:15:11.702   INFO 17148 --- [           main] o.s.b.w.embedded.tomcat.TomcatWebServer  : Tomcat initialized with port(s): 1217 (http)
2024-12-25 16:15:11.709   INFO 17148 --- [           main] o.a.coyote.http11.Http11NioProtocol      : Initializing ProtocolHandler ["http-nio-1217"]
2024-12-25 16:15:11.710   INFO 17148 --- [           main] o.apache.catalina.core.StandardService   : Starting service [Tomcat]
2024-12-25 16:15:11.710   INFO 17148 --- [           main] org.apache.catalina.core.StandardEngine  : Starting Servlet engine: [Apache Tomcat/9.0.68]
2024-12-25 16:15:11.783   INFO 17148 --- [           main] o.a.c.c.C.[Tomcat].[localhost].[/]       : Initializing Spring embedded WebApplicationContext
2024-12-25 16:15:11.783   INFO 17148 --- [           main] w.s.c.ServletWebServerApplicationContext : Root WebApplicationContext: initialization completed in 1519 ms
2024-12-25 16:15:13.143   INFO 17148 --- [           main] o.s.b.a.w.s.WelcomePageHandlerMapping    : Adding welcome page: class path resource [static/index.html]
2024-12-25 16:15:13.598   INFO 17148 --- [           main] o.s.s.web.DefaultSecurityFilterChain     : Will secure any request with [org.springframework.security.web.context.request.async.WebAsyncManagerIntegrationFilter@4423692a, org.springframework.security.web.context.SecurityContextPersistenceFilter@1d2d793d, org.springframework.security.web.header.HeaderWriterFilter@16732340, org.springframework.web.filter.CorsFilter@2175d53f, org.springframework.security.web.authentication.logout.LogoutFilter@2c6efee3, com.wms.filter.jwt.JwtAuthenticationTokenFilter@3568ea59, org.springframework.security.web.session.ConcurrentSessionFilter@1be12e05, org.springframework.security.web.savedrequest.RequestCacheAwareFilter@34f8ce89, org.springframework.security.web.servletapi.SecurityContextHolderAwareRequestFilter@73230721, org.springframework.security.web.authentication.AnonymousAuthenticationFilter@29ae2517, org.springframework.security.web.session.SessionManagementFilter@5543d800, org.springframework.security.web.access.ExceptionTranslationFilter@299dd381, org.springframework.security.web.access.intercept.FilterSecurityInterceptor@5a9ef32e]
2024-12-25 16:15:13.669   INFO 17148 --- [           main] o.a.coyote.http11.Http11NioProtocol      : Starting ProtocolHandler ["http-nio-1217"]
2024-12-25 16:15:13.688   INFO 17148 --- [           main] o.s.b.w.embedded.tomcat.TomcatWebServer  : Tomcat started on port(s): 1217 (http) with context path ''
2024-12-25 16:15:14.023   INFO 17148 --- [           main] com.wms.WmsServerApplication             : Started WmsServerApplication in 4.164 seconds (JVM running for 5.182)
2024-12-25 16:15:17.413   INFO 17148 --- [nio-1217-exec-2] o.a.c.c.C.[Tomcat].[localhost].[/]       : Initializing Spring DispatcherServlet 'dispatcherServlet'
2024-12-25 16:15:17.414   INFO 17148 --- [nio-1217-exec-2] o.s.web.servlet.DispatcherServlet        : Initializing Servlet 'dispatcherServlet'
2024-12-25 16:15:17.416   INFO 17148 --- [nio-1217-exec-2] o.s.web.servlet.DispatcherServlet        : Completed initialization in 2 ms
2024-12-25 16:15:17.560   INFO 17148 --- [nio-1217-exec-2] com.alibaba.druid.pool.DruidDataSource   : {dataSource-1} inited
2024-12-25 16:18:21.778   INFO 17148 --- [ionShutdownHook] com.alibaba.druid.pool.DruidDataSource   : {dataSource-1} closing ...
2024-12-25 16:18:21.782   INFO 17148 --- [ionShutdownHook] com.alibaba.druid.pool.DruidDataSource   : {dataSource-1} closed
2024-12-25 16:18:24.831   INFO 17056 --- [           main] com.wms.WmsServerApplication             : Starting WmsServerApplication using Java 17.0.5 on Disney with PID 17056 (K:\GitHub\notes\project\wms-server\target\classes started by qe249 in K:\GitHub\notes\project\wms-server)
2024-12-25 16:18:24.833   INFO 17056 --- [           main] com.wms.WmsServerApplication             : The following 1 profile is active: "dev"
2024-12-25 16:18:25.516   INFO 17056 --- [           main] .s.d.r.c.RepositoryConfigurationDelegate : Multiple Spring Data modules found, entering strict repository configuration mode
2024-12-25 16:18:25.518   INFO 17056 --- [           main] .s.d.r.c.RepositoryConfigurationDelegate : Bootstrapping Spring Data Redis repositories in DEFAULT mode.
2024-12-25 16:18:25.538   INFO 17056 --- [           main] .s.d.r.c.RepositoryConfigurationDelegate : Finished Spring Data repository scanning in 10 ms. Found 0 Redis repository interfaces.
2024-12-25 16:18:26.186   INFO 17056 --- [           main] o.s.b.w.embedded.tomcat.TomcatWebServer  : Tomcat initialized with port(s): 1217 (http)
2024-12-25 16:18:26.194   INFO 17056 --- [           main] o.a.coyote.http11.Http11NioProtocol      : Initializing ProtocolHandler ["http-nio-1217"]
2024-12-25 16:18:26.194   INFO 17056 --- [           main] o.apache.catalina.core.StandardService   : Starting service [Tomcat]
2024-12-25 16:18:26.194   INFO 17056 --- [           main] org.apache.catalina.core.StandardEngine  : Starting Servlet engine: [Apache Tomcat/9.0.68]
2024-12-25 16:18:26.270   INFO 17056 --- [           main] o.a.c.c.C.[Tomcat].[localhost].[/]       : Initializing Spring embedded WebApplicationContext
2024-12-25 16:18:26.270   INFO 17056 --- [           main] w.s.c.ServletWebServerApplicationContext : Root WebApplicationContext: initialization completed in 1403 ms
2024-12-25 16:18:26.512   INFO 17056 --- [           main] o.apache.catalina.core.StandardService   : Stopping service [Tomcat]
2024-12-25 16:18:26.529   INFO 17056 --- [           main] com.alibaba.druid.pool.DruidDataSource   : {dataSource-0} closing ...
2024-12-25 16:18:26.536   INFO 17056 --- [           main] ConditionEvaluationReportLoggingListener : 

Error starting ApplicationContext. To display the conditions report re-run your application with 'debug' enabled.
2024-12-25 16:20:43.764   INFO 9112 --- [           main] com.wms.WmsServerApplication             : Starting WmsServerApplication using Java 17.0.5 on Disney with PID 9112 (K:\GitHub\notes\project\wms-server\target\classes started by qe249 in K:\GitHub\notes\project\wms-server)
2024-12-25 16:20:43.766   INFO 9112 --- [           main] com.wms.WmsServerApplication             : The following 1 profile is active: "dev"
2024-12-25 16:20:44.483   INFO 9112 --- [           main] .s.d.r.c.RepositoryConfigurationDelegate : Multiple Spring Data modules found, entering strict repository configuration mode
2024-12-25 16:20:44.485   INFO 9112 --- [           main] .s.d.r.c.RepositoryConfigurationDelegate : Bootstrapping Spring Data Redis repositories in DEFAULT mode.
2024-12-25 16:20:44.506   INFO 9112 --- [           main] .s.d.r.c.RepositoryConfigurationDelegate : Finished Spring Data repository scanning in 11 ms. Found 0 Redis repository interfaces.
2024-12-25 16:20:45.168   INFO 9112 --- [           main] o.s.b.w.embedded.tomcat.TomcatWebServer  : Tomcat initialized with port(s): 1217 (http)
2024-12-25 16:20:45.175   INFO 9112 --- [           main] o.a.coyote.http11.Http11NioProtocol      : Initializing ProtocolHandler ["http-nio-1217"]
2024-12-25 16:20:45.176   INFO 9112 --- [           main] o.apache.catalina.core.StandardService   : Starting service [Tomcat]
2024-12-25 16:20:45.176   INFO 9112 --- [           main] org.apache.catalina.core.StandardEngine  : Starting Servlet engine: [Apache Tomcat/9.0.68]
2024-12-25 16:20:45.252   INFO 9112 --- [           main] o.a.c.c.C.[Tomcat].[localhost].[/]       : Initializing Spring embedded WebApplicationContext
2024-12-25 16:20:45.252   INFO 9112 --- [           main] w.s.c.ServletWebServerApplicationContext : Root WebApplicationContext: initialization completed in 1450 ms
2024-12-25 16:20:46.560   INFO 9112 --- [           main] o.s.b.a.w.s.WelcomePageHandlerMapping    : Adding welcome page: class path resource [static/index.html]
2024-12-25 16:20:46.992   INFO 9112 --- [           main] o.s.s.web.DefaultSecurityFilterChain     : Will secure any request with [org.springframework.security.web.context.request.async.WebAsyncManagerIntegrationFilter@4423692a, org.springframework.security.web.context.SecurityContextPersistenceFilter@1d2d793d, org.springframework.security.web.header.HeaderWriterFilter@16732340, org.springframework.web.filter.CorsFilter@2175d53f, org.springframework.security.web.authentication.logout.LogoutFilter@2c6efee3, com.wms.filter.jwt.JwtAuthenticationTokenFilter@3568ea59, org.springframework.security.web.session.ConcurrentSessionFilter@1be12e05, org.springframework.security.web.savedrequest.RequestCacheAwareFilter@34f8ce89, org.springframework.security.web.servletapi.SecurityContextHolderAwareRequestFilter@73230721, org.springframework.security.web.authentication.AnonymousAuthenticationFilter@29ae2517, org.springframework.security.web.session.SessionManagementFilter@5543d800, org.springframework.security.web.access.ExceptionTranslationFilter@299dd381, org.springframework.security.web.access.intercept.FilterSecurityInterceptor@5a9ef32e]
2024-12-25 16:20:47.058   INFO 9112 --- [           main] o.a.coyote.http11.Http11NioProtocol      : Starting ProtocolHandler ["http-nio-1217"]
2024-12-25 16:20:47.073   INFO 9112 --- [           main] o.s.b.w.embedded.tomcat.TomcatWebServer  : Tomcat started on port(s): 1217 (http) with context path ''
2024-12-25 16:20:47.357   INFO 9112 --- [           main] com.wms.WmsServerApplication             : Started WmsServerApplication in 3.932 seconds (JVM running for 4.677)
2024-12-25 16:20:58.941   INFO 9112 --- [nio-1217-exec-1] o.a.c.c.C.[Tomcat].[localhost].[/]       : Initializing Spring DispatcherServlet 'dispatcherServlet'
2024-12-25 16:20:58.941   INFO 9112 --- [nio-1217-exec-1] o.s.web.servlet.DispatcherServlet        : Initializing Servlet 'dispatcherServlet'
2024-12-25 16:20:58.944   INFO 9112 --- [nio-1217-exec-1] o.s.web.servlet.DispatcherServlet        : Completed initialization in 3 ms
2024-12-25 16:20:59.081   INFO 9112 --- [nio-1217-exec-1] com.alibaba.druid.pool.DruidDataSource   : {dataSource-1} inited
2024-12-25 16:23:08.637   INFO 9112 --- [ionShutdownHook] com.alibaba.druid.pool.DruidDataSource   : {dataSource-1} closing ...
2024-12-25 16:23:08.641   INFO 9112 --- [ionShutdownHook] com.alibaba.druid.pool.DruidDataSource   : {dataSource-1} closed
2024-12-25 16:23:11.669   INFO 21892 --- [           main] com.wms.WmsServerApplication             : Starting WmsServerApplication using Java 17.0.5 on Disney with PID 21892 (K:\GitHub\notes\project\wms-server\target\classes started by qe249 in K:\GitHub\notes\project\wms-server)
2024-12-25 16:23:11.671   INFO 21892 --- [           main] com.wms.WmsServerApplication             : The following 1 profile is active: "dev"
2024-12-25 16:23:12.357   INFO 21892 --- [           main] .s.d.r.c.RepositoryConfigurationDelegate : Multiple Spring Data modules found, entering strict repository configuration mode
2024-12-25 16:23:12.359   INFO 21892 --- [           main] .s.d.r.c.RepositoryConfigurationDelegate : Bootstrapping Spring Data Redis repositories in DEFAULT mode.
2024-12-25 16:23:12.381   INFO 21892 --- [           main] .s.d.r.c.RepositoryConfigurationDelegate : Finished Spring Data repository scanning in 12 ms. Found 0 Redis repository interfaces.
2024-12-25 16:23:13.050   INFO 21892 --- [           main] o.s.b.w.embedded.tomcat.TomcatWebServer  : Tomcat initialized with port(s): 1217 (http)
2024-12-25 16:23:13.058   INFO 21892 --- [           main] o.a.coyote.http11.Http11NioProtocol      : Initializing ProtocolHandler ["http-nio-1217"]
2024-12-25 16:23:13.058   INFO 21892 --- [           main] o.apache.catalina.core.StandardService   : Starting service [Tomcat]
2024-12-25 16:23:13.059   INFO 21892 --- [           main] org.apache.catalina.core.StandardEngine  : Starting Servlet engine: [Apache Tomcat/9.0.68]
2024-12-25 16:23:13.133   INFO 21892 --- [           main] o.a.c.c.C.[Tomcat].[localhost].[/]       : Initializing Spring embedded WebApplicationContext
2024-12-25 16:23:13.134   INFO 21892 --- [           main] w.s.c.ServletWebServerApplicationContext : Root WebApplicationContext: initialization completed in 1429 ms
2024-12-25 16:23:14.440   INFO 21892 --- [           main] o.s.b.a.w.s.WelcomePageHandlerMapping    : Adding welcome page: class path resource [static/index.html]
2024-12-25 16:23:14.895   INFO 21892 --- [           main] o.s.s.web.DefaultSecurityFilterChain     : Will secure any request with [org.springframework.security.web.context.request.async.WebAsyncManagerIntegrationFilter@3407ded1, org.springframework.security.web.context.SecurityContextPersistenceFilter@2f64f99f, org.springframework.security.web.header.HeaderWriterFilter@3055f310, org.springframework.web.filter.CorsFilter@63af52a6, org.springframework.security.web.authentication.logout.LogoutFilter@27234b7c, com.wms.filter.jwt.JwtAuthenticationTokenFilter@359865a2, org.springframework.security.web.session.ConcurrentSessionFilter@299dd381, org.springframework.security.web.savedrequest.RequestCacheAwareFilter@1be12e05, org.springframework.security.web.servletapi.SecurityContextHolderAwareRequestFilter@43312512, org.springframework.security.web.authentication.AnonymousAuthenticationFilter@10ae002e, org.springframework.security.web.session.SessionManagementFilter@b814e23, org.springframework.security.web.access.ExceptionTranslationFilter@78b2d29e, org.springframework.security.web.access.intercept.FilterSecurityInterceptor@7d7f966f]
2024-12-25 16:23:14.960   INFO 21892 --- [           main] o.a.coyote.http11.Http11NioProtocol      : Starting ProtocolHandler ["http-nio-1217"]
2024-12-25 16:23:14.982   INFO 21892 --- [           main] o.s.b.w.embedded.tomcat.TomcatWebServer  : Tomcat started on port(s): 1217 (http) with context path ''
2024-12-25 16:23:15.301   INFO 21892 --- [           main] com.wms.WmsServerApplication             : Started WmsServerApplication in 4.003 seconds (JVM running for 4.857)
2024-12-25 16:23:17.865   INFO 21892 --- [nio-1217-exec-1] o.a.c.c.C.[Tomcat].[localhost].[/]       : Initializing Spring DispatcherServlet 'dispatcherServlet'
2024-12-25 16:23:17.866   INFO 21892 --- [nio-1217-exec-1] o.s.web.servlet.DispatcherServlet        : Initializing Servlet 'dispatcherServlet'
2024-12-25 16:23:17.867   INFO 21892 --- [nio-1217-exec-1] o.s.web.servlet.DispatcherServlet        : Completed initialization in 1 ms
2024-12-25 16:23:18.023   INFO 21892 --- [nio-1217-exec-1] com.alibaba.druid.pool.DruidDataSource   : {dataSource-1} inited
2024-12-25 16:23:57.744   INFO 21892 --- [ionShutdownHook] com.alibaba.druid.pool.DruidDataSource   : {dataSource-1} closing ...
2024-12-25 16:23:57.749   INFO 21892 --- [ionShutdownHook] com.alibaba.druid.pool.DruidDataSource   : {dataSource-1} closed
2024-12-25 16:24:00.362   INFO 6952 --- [           main] com.wms.WmsServerApplication             : Starting WmsServerApplication using Java 17.0.5 on Disney with PID 6952 (K:\GitHub\notes\project\wms-server\target\classes started by qe249 in K:\GitHub\notes\project\wms-server)
2024-12-25 16:24:00.364   INFO 6952 --- [           main] com.wms.WmsServerApplication             : The following 1 profile is active: "dev"
2024-12-25 16:24:01.064   INFO 6952 --- [           main] .s.d.r.c.RepositoryConfigurationDelegate : Multiple Spring Data modules found, entering strict repository configuration mode
2024-12-25 16:24:01.066   INFO 6952 --- [           main] .s.d.r.c.RepositoryConfigurationDelegate : Bootstrapping Spring Data Redis repositories in DEFAULT mode.
2024-12-25 16:24:01.088   INFO 6952 --- [           main] .s.d.r.c.RepositoryConfigurationDelegate : Finished Spring Data repository scanning in 11 ms. Found 0 Redis repository interfaces.
2024-12-25 16:24:01.748   INFO 6952 --- [           main] o.s.b.w.embedded.tomcat.TomcatWebServer  : Tomcat initialized with port(s): 1217 (http)
2024-12-25 16:24:01.755   INFO 6952 --- [           main] o.a.coyote.http11.Http11NioProtocol      : Initializing ProtocolHandler ["http-nio-1217"]
2024-12-25 16:24:01.755   INFO 6952 --- [           main] o.apache.catalina.core.StandardService   : Starting service [Tomcat]
2024-12-25 16:24:01.756   INFO 6952 --- [           main] org.apache.catalina.core.StandardEngine  : Starting Servlet engine: [Apache Tomcat/9.0.68]
2024-12-25 16:24:01.830   INFO 6952 --- [           main] o.a.c.c.C.[Tomcat].[localhost].[/]       : Initializing Spring embedded WebApplicationContext
2024-12-25 16:24:01.831   INFO 6952 --- [           main] w.s.c.ServletWebServerApplicationContext : Root WebApplicationContext: initialization completed in 1421 ms
2024-12-25 16:24:03.165   INFO 6952 --- [           main] o.s.b.a.w.s.WelcomePageHandlerMapping    : Adding welcome page: class path resource [static/index.html]
2024-12-25 16:24:03.610   INFO 6952 --- [           main] o.s.s.web.DefaultSecurityFilterChain     : Will secure any request with [org.springframework.security.web.context.request.async.WebAsyncManagerIntegrationFilter@6d8096ee, org.springframework.security.web.context.SecurityContextPersistenceFilter@1c25deb0, org.springframework.security.web.header.HeaderWriterFilter@261099e1, org.springframework.web.filter.CorsFilter@35d8ba22, org.springframework.security.web.authentication.logout.LogoutFilter@62264d4f, com.wms.filter.jwt.JwtAuthenticationTokenFilter@5d9bb69b, org.springframework.security.web.session.ConcurrentSessionFilter@123d0816, org.springframework.security.web.savedrequest.RequestCacheAwareFilter@7a2fd94c, org.springframework.security.web.servletapi.SecurityContextHolderAwareRequestFilter@37ab1b10, org.springframework.security.web.authentication.AnonymousAuthenticationFilter@3fc051ce, org.springframework.security.web.session.SessionManagementFilter@515fff35, org.springframework.security.web.access.ExceptionTranslationFilter@149238fe, org.springframework.security.web.access.intercept.FilterSecurityInterceptor@1e4a4ed5]
2024-12-25 16:24:03.675   INFO 6952 --- [           main] o.a.coyote.http11.Http11NioProtocol      : Starting ProtocolHandler ["http-nio-1217"]
2024-12-25 16:24:03.690   INFO 6952 --- [           main] o.s.b.w.embedded.tomcat.TomcatWebServer  : Tomcat started on port(s): 1217 (http) with context path ''
2024-12-25 16:24:03.982   INFO 6952 --- [           main] com.wms.WmsServerApplication             : Started WmsServerApplication in 3.962 seconds (JVM running for 4.794)
2024-12-25 16:24:07.533   INFO 6952 --- [nio-1217-exec-1] o.a.c.c.C.[Tomcat].[localhost].[/]       : Initializing Spring DispatcherServlet 'dispatcherServlet'
2024-12-25 16:24:07.533   INFO 6952 --- [nio-1217-exec-1] o.s.web.servlet.DispatcherServlet        : Initializing Servlet 'dispatcherServlet'
2024-12-25 16:24:07.534   INFO 6952 --- [nio-1217-exec-1] o.s.web.servlet.DispatcherServlet        : Completed initialization in 1 ms
2024-12-25 16:24:07.688   INFO 6952 --- [nio-1217-exec-1] com.alibaba.druid.pool.DruidDataSource   : {dataSource-1} inited
2024-12-25 21:09:55.420   INFO 6952 --- [ionShutdownHook] com.alibaba.druid.pool.DruidDataSource   : {dataSource-1} closing ...
2024-12-25 21:09:55.423   INFO 6952 --- [ionShutdownHook] com.alibaba.druid.pool.DruidDataSource   : {dataSource-1} closed
