2025-01-09 18:41:34.531   INFO 22736 --- [           main] com.wms.WmsServerApplication             : Starting WmsServerApplication using Java 17.0.5 on Disney with PID 22736 (K:\GitHub\notes\project\wms-server\target\classes started by qe249 in K:\GitHub\notes\project\wms-server)
2025-01-09 18:41:34.534   INFO 22736 --- [           main] com.wms.WmsServerApplication             : The following 1 profile is active: "dev"
2025-01-09 18:41:36.248   INFO 22736 --- [           main] .s.d.r.c.RepositoryConfigurationDelegate : Multiple Spring Data modules found, entering strict repository configuration mode
2025-01-09 18:41:36.250   INFO 22736 --- [           main] .s.d.r.c.RepositoryConfigurationDelegate : Bootstrapping Spring Data Redis repositories in DEFAULT mode.
2025-01-09 18:41:36.275   INFO 22736 --- [           main] .s.d.r.c.RepositoryConfigurationDelegate : Finished Spring Data repository scanning in 12 ms. Found 0 Redis repository interfaces.
2025-01-09 18:41:37.091   INFO 22736 --- [           main] o.s.b.w.embedded.tomcat.TomcatWebServer  : Tomcat initialized with port(s): 1217 (http)
2025-01-09 18:41:37.101   INFO 22736 --- [           main] o.a.coyote.http11.Http11NioProtocol      : Initializing ProtocolHandler ["http-nio-1217"]
2025-01-09 18:41:37.101   INFO 22736 --- [           main] o.apache.catalina.core.StandardService   : Starting service [Tomcat]
2025-01-09 18:41:37.102   INFO 22736 --- [           main] org.apache.catalina.core.StandardEngine  : Starting Servlet engine: [Apache Tomcat/9.0.68]
2025-01-09 18:41:37.182   INFO 22736 --- [           main] o.a.c.c.C.[Tomcat].[localhost].[/]       : Initializing Spring embedded WebApplicationContext
2025-01-09 18:41:37.182   INFO 22736 --- [           main] w.s.c.ServletWebServerApplicationContext : Root WebApplicationContext: initialization completed in 2597 ms
2025-01-09 18:41:38.892   INFO 22736 --- [           main] o.s.b.a.w.s.WelcomePageHandlerMapping    : Adding welcome page: class path resource [static/index.html]
2025-01-09 18:41:39.470   INFO 22736 --- [           main] o.s.s.web.DefaultSecurityFilterChain     : Will secure any request with [org.springframework.security.web.context.request.async.WebAsyncManagerIntegrationFilter@9715d26, org.springframework.security.web.context.SecurityContextPersistenceFilter@57ed8f95, org.springframework.security.web.header.HeaderWriterFilter@a0bdbe2, org.springframework.web.filter.CorsFilter@6d8096ee, org.springframework.security.web.authentication.logout.LogoutFilter@3085befb, com.wms.filter.jwt.JwtAuthenticationTokenFilter@63c84d31, org.springframework.security.web.session.ConcurrentSessionFilter@16c1d11, org.springframework.security.web.savedrequest.RequestCacheAwareFilter@57fec63f, org.springframework.security.web.servletapi.SecurityContextHolderAwareRequestFilter@30e15628, org.springframework.security.web.authentication.AnonymousAuthenticationFilter@35d8ba22, org.springframework.security.web.session.SessionManagementFilter@7fa68ff4, org.springframework.security.web.access.ExceptionTranslationFilter@575fe6da, org.springframework.security.web.access.intercept.FilterSecurityInterceptor@4965454c]
2025-01-09 18:41:39.542   INFO 22736 --- [           main] o.a.coyote.http11.Http11NioProtocol      : Starting ProtocolHandler ["http-nio-1217"]
2025-01-09 18:41:39.560   INFO 22736 --- [           main] o.s.b.w.embedded.tomcat.TomcatWebServer  : Tomcat started on port(s): 1217 (http) with context path ''
2025-01-09 18:41:39.887   INFO 22736 --- [           main] com.wms.WmsServerApplication             : Started WmsServerApplication in 6.008 seconds (JVM running for 7.854)
2025-01-09 18:41:45.860   INFO 22736 --- [nio-1217-exec-3] o.a.c.c.C.[Tomcat].[localhost].[/]       : Initializing Spring DispatcherServlet 'dispatcherServlet'
2025-01-09 18:41:45.860   INFO 22736 --- [nio-1217-exec-3] o.s.web.servlet.DispatcherServlet        : Initializing Servlet 'dispatcherServlet'
2025-01-09 18:41:45.861   INFO 22736 --- [nio-1217-exec-3] o.s.web.servlet.DispatcherServlet        : Completed initialization in 1 ms
2025-01-09 18:41:46.027   INFO 22736 --- [nio-1217-exec-2] com.alibaba.druid.pool.DruidDataSource   : {dataSource-1} inited
