2025-02-11 08:50:13.032   INFO 6060 --- [           main] com.wms.WmsServerApplication             : Starting WmsServerApplication using Java 17.0.5 on Disney with PID 6060 (K:\GitHub\notes\project\wms-server\target\classes started by qe249 in K:\GitHub\notes\project\wms-server)
2025-02-11 08:50:13.035   INFO 6060 --- [           main] com.wms.WmsServerApplication             : The following 1 profile is active: "dev"
2025-02-11 08:50:14.100   INFO 6060 --- [           main] .s.d.r.c.RepositoryConfigurationDelegate : Multiple Spring Data modules found, entering strict repository configuration mode
2025-02-11 08:50:14.104   INFO 6060 --- [           main] .s.d.r.c.RepositoryConfigurationDelegate : Bootstrapping Spring Data Redis repositories in DEFAULT mode.
2025-02-11 08:50:14.136   INFO 6060 --- [           main] .s.d.r.c.RepositoryConfigurationDelegate : Finished Spring Data repository scanning in 17 ms. Found 0 Redis repository interfaces.
2025-02-11 08:50:15.125   INFO 6060 --- [           main] o.s.b.w.embedded.tomcat.TomcatWebServer  : Tomcat initialized with port(s): 1217 (http)
2025-02-11 08:50:15.141   INFO 6060 --- [           main] o.a.coyote.http11.Http11NioProtocol      : Initializing ProtocolHandler ["http-nio-1217"]
2025-02-11 08:50:15.142   INFO 6060 --- [           main] o.apache.catalina.core.StandardService   : Starting service [Tomcat]
2025-02-11 08:50:15.143   INFO 6060 --- [           main] org.apache.catalina.core.StandardEngine  : Starting Servlet engine: [Apache Tomcat/9.0.68]
2025-02-11 08:50:15.277   INFO 6060 --- [           main] o.a.c.c.C.[Tomcat].[localhost].[/]       : Initializing Spring embedded WebApplicationContext
2025-02-11 08:50:15.277   INFO 6060 --- [           main] w.s.c.ServletWebServerApplicationContext : Root WebApplicationContext: initialization completed in 2190 ms
2025-02-11 08:50:18.220   INFO 6060 --- [           main] o.s.s.web.DefaultSecurityFilterChain     : Will not secure Ant [pattern='/websocket']
2025-02-11 08:50:18.264   INFO 6060 --- [           main] o.s.s.web.DefaultSecurityFilterChain     : Will secure com.wms.config.SecurityConfig$$Lambda$1031/0x0000000801300620@3dc4ed6f with [org.springframework.security.web.context.request.async.WebAsyncManagerIntegrationFilter@2823b7c5, org.springframework.security.web.context.SecurityContextPersistenceFilter@509e4902, org.springframework.security.web.header.HeaderWriterFilter@632d1b1b, org.springframework.web.filter.CorsFilter@2ce3d95a, org.springframework.security.web.authentication.logout.LogoutFilter@49c947f7, com.wms.filter.jwt.JwtAuthenticationTokenFilter@2e426dd2, org.springframework.security.web.session.ConcurrentSessionFilter@463a1f47, org.springframework.security.web.savedrequest.RequestCacheAwareFilter@3d42b756, org.springframework.security.web.servletapi.SecurityContextHolderAwareRequestFilter@6b529d42, org.springframework.security.web.authentication.AnonymousAuthenticationFilter@6f6c6c70, org.springframework.security.web.session.SessionManagementFilter@193f3306, org.springframework.security.web.access.ExceptionTranslationFilter@32e9c3af, org.springframework.security.web.access.intercept.FilterSecurityInterceptor@30221cfa]
2025-02-11 08:50:18.383   INFO 6060 --- [           main] o.a.coyote.http11.Http11NioProtocol      : Starting ProtocolHandler ["http-nio-1217"]
2025-02-11 08:50:18.403   INFO 6060 --- [           main] o.s.b.w.embedded.tomcat.TomcatWebServer  : Tomcat started on port(s): 1217 (http) with context path ''
2025-02-11 08:50:18.951   INFO 6060 --- [           main] com.wms.WmsServerApplication             : Started WmsServerApplication in 6.423 seconds (JVM running for 8.745)
2025-02-11 09:06:23.290   INFO 6060 --- [nio-1217-exec-1] o.a.c.c.C.[Tomcat].[localhost].[/]       : Initializing Spring DispatcherServlet 'dispatcherServlet'
2025-02-11 09:06:23.290   INFO 6060 --- [nio-1217-exec-1] o.s.web.servlet.DispatcherServlet        : Initializing Servlet 'dispatcherServlet'
2025-02-11 09:06:23.291   INFO 6060 --- [nio-1217-exec-1] o.s.web.servlet.DispatcherServlet        : Completed initialization in 1 ms
2025-02-11 09:06:23.494   INFO 6060 --- [nio-1217-exec-2] com.alibaba.druid.pool.DruidDataSource   : {dataSource-1} inited
2025-02-11 09:06:23.919   INFO 6060 --- [nio-1217-exec-5] c.wms.connect.websocket.WebSocketServer  : 有新窗口开始监听:admin,当前在线人数为1
2025-02-11 09:07:09.326   INFO 6060 --- [nio-1217-exec-4] c.wms.connect.websocket.WebSocketServer  : 有一连接关闭！当前在线人数为0
2025-02-11 09:07:10.226   INFO 6060 --- [nio-1217-exec-6] c.wms.connect.websocket.WebSocketServer  : 有新窗口开始监听:admin,当前在线人数为1
2025-02-11 09:12:31.333   INFO 6060 --- [ionShutdownHook] c.wms.connect.websocket.WebSocketServer  : 有一连接关闭！当前在线人数为0
2025-02-11 09:12:31.367   INFO 6060 --- [ionShutdownHook] com.alibaba.druid.pool.DruidDataSource   : {dataSource-1} closing ...
2025-02-11 09:12:31.369   INFO 6060 --- [ionShutdownHook] com.alibaba.druid.pool.DruidDataSource   : {dataSource-1} closed
2025-02-11 09:12:36.077   INFO 19900 --- [           main] com.wms.WmsServerApplication             : Starting WmsServerApplication using Java 17.0.5 on Disney with PID 19900 (K:\GitHub\notes\project\wms-server\target\classes started by qe249 in K:\GitHub\notes\project\wms-server)
2025-02-11 09:12:36.080   INFO 19900 --- [           main] com.wms.WmsServerApplication             : The following 1 profile is active: "dev"
2025-02-11 09:12:37.033   INFO 19900 --- [           main] .s.d.r.c.RepositoryConfigurationDelegate : Multiple Spring Data modules found, entering strict repository configuration mode
2025-02-11 09:12:37.037   INFO 19900 --- [           main] .s.d.r.c.RepositoryConfigurationDelegate : Bootstrapping Spring Data Redis repositories in DEFAULT mode.
2025-02-11 09:12:37.078   INFO 19900 --- [           main] .s.d.r.c.RepositoryConfigurationDelegate : Finished Spring Data repository scanning in 22 ms. Found 0 Redis repository interfaces.
2025-02-11 09:12:38.018   INFO 19900 --- [           main] o.s.b.w.embedded.tomcat.TomcatWebServer  : Tomcat initialized with port(s): 1217 (http)
2025-02-11 09:12:38.028   INFO 19900 --- [           main] o.a.coyote.http11.Http11NioProtocol      : Initializing ProtocolHandler ["http-nio-1217"]
2025-02-11 09:12:38.028   INFO 19900 --- [           main] o.apache.catalina.core.StandardService   : Starting service [Tomcat]
2025-02-11 09:12:38.028   INFO 19900 --- [           main] org.apache.catalina.core.StandardEngine  : Starting Servlet engine: [Apache Tomcat/9.0.68]
2025-02-11 09:12:38.126   INFO 19900 --- [           main] o.a.c.c.C.[Tomcat].[localhost].[/]       : Initializing Spring embedded WebApplicationContext
2025-02-11 09:12:38.127   INFO 19900 --- [           main] w.s.c.ServletWebServerApplicationContext : Root WebApplicationContext: initialization completed in 1990 ms
2025-02-11 09:12:40.646   INFO 19900 --- [           main] o.s.s.web.DefaultSecurityFilterChain     : Will not secure Ant [pattern='/websocket']
2025-02-11 09:12:40.694   INFO 19900 --- [           main] o.s.s.web.DefaultSecurityFilterChain     : Will secure com.wms.config.SecurityConfig$$Lambda$1044/0x0000000801320620@2a666c8e with [org.springframework.security.web.context.request.async.WebAsyncManagerIntegrationFilter@18adc20a, org.springframework.security.web.context.SecurityContextPersistenceFilter@5c8d631, org.springframework.security.web.header.HeaderWriterFilter@4724b2c1, org.springframework.web.filter.CorsFilter@7e7987b8, org.springframework.security.web.authentication.logout.LogoutFilter@578c99ac, com.wms.filter.jwt.JwtAuthenticationTokenFilter@6480a063, org.springframework.security.web.session.ConcurrentSessionFilter@6af29394, org.springframework.security.web.savedrequest.RequestCacheAwareFilter@3fc14dc0, org.springframework.security.web.servletapi.SecurityContextHolderAwareRequestFilter@552b15f6, org.springframework.security.web.authentication.AnonymousAuthenticationFilter@6bcfb561, org.springframework.security.web.session.SessionManagementFilter@243162b1, org.springframework.security.web.access.ExceptionTranslationFilter@7bb86ac, org.springframework.security.web.access.intercept.FilterSecurityInterceptor@123e9094]
2025-02-11 09:12:40.810   INFO 19900 --- [           main] o.a.coyote.http11.Http11NioProtocol      : Starting ProtocolHandler ["http-nio-1217"]
2025-02-11 09:12:40.831   INFO 19900 --- [           main] o.s.b.w.embedded.tomcat.TomcatWebServer  : Tomcat started on port(s): 1217 (http) with context path ''
2025-02-11 09:12:41.259   INFO 19900 --- [           main] com.wms.WmsServerApplication             : Started WmsServerApplication in 5.558 seconds (JVM running for 6.394)
2025-02-11 09:12:44.584   INFO 19900 --- [nio-1217-exec-1] o.a.c.c.C.[Tomcat].[localhost].[/]       : Initializing Spring DispatcherServlet 'dispatcherServlet'
2025-02-11 09:12:44.584   INFO 19900 --- [nio-1217-exec-1] o.s.web.servlet.DispatcherServlet        : Initializing Servlet 'dispatcherServlet'
2025-02-11 09:12:44.585   INFO 19900 --- [nio-1217-exec-1] o.s.web.servlet.DispatcherServlet        : Completed initialization in 1 ms
2025-02-11 09:12:44.724   INFO 19900 --- [nio-1217-exec-1] com.alibaba.druid.pool.DruidDataSource   : {dataSource-1} inited
2025-02-11 09:12:44.852   INFO 19900 --- [nio-1217-exec-1] c.wms.connect.websocket.WebSocketServer  : 有新窗口开始监听:admin,当前在线人数为1
2025-02-11 09:15:21.360   INFO 19900 --- [nio-1217-exec-6] c.wms.connect.websocket.WebSocketServer  : 有一连接关闭！当前在线人数为0
2025-02-11 09:15:23.564   INFO 19900 --- [nio-1217-exec-1] c.wms.connect.websocket.WebSocketServer  : 有新窗口开始监听:admin,当前在线人数为1
2025-02-11 09:18:31.177   INFO 19900 --- [ionShutdownHook] c.wms.connect.websocket.WebSocketServer  : 有一连接关闭！当前在线人数为0
2025-02-11 09:18:31.208   INFO 19900 --- [ionShutdownHook] com.alibaba.druid.pool.DruidDataSource   : {dataSource-1} closing ...
2025-02-11 09:18:31.210   INFO 19900 --- [ionShutdownHook] com.alibaba.druid.pool.DruidDataSource   : {dataSource-1} closed
2025-02-11 09:18:34.206   INFO 14068 --- [           main] com.wms.WmsServerApplication             : Starting WmsServerApplication using Java 17.0.5 on Disney with PID 14068 (K:\GitHub\notes\project\wms-server\target\classes started by qe249 in K:\GitHub\notes\project\wms-server)
2025-02-11 09:18:34.210   INFO 14068 --- [           main] com.wms.WmsServerApplication             : The following 1 profile is active: "dev"
2025-02-11 09:18:34.969   INFO 14068 --- [           main] .s.d.r.c.RepositoryConfigurationDelegate : Multiple Spring Data modules found, entering strict repository configuration mode
2025-02-11 09:18:34.971   INFO 14068 --- [           main] .s.d.r.c.RepositoryConfigurationDelegate : Bootstrapping Spring Data Redis repositories in DEFAULT mode.
2025-02-11 09:18:35.000   INFO 14068 --- [           main] .s.d.r.c.RepositoryConfigurationDelegate : Finished Spring Data repository scanning in 14 ms. Found 0 Redis repository interfaces.
2025-02-11 09:18:35.737   INFO 14068 --- [           main] o.s.b.w.embedded.tomcat.TomcatWebServer  : Tomcat initialized with port(s): 1217 (http)
2025-02-11 09:18:35.744   INFO 14068 --- [           main] o.a.coyote.http11.Http11NioProtocol      : Initializing ProtocolHandler ["http-nio-1217"]
2025-02-11 09:18:35.745   INFO 14068 --- [           main] o.apache.catalina.core.StandardService   : Starting service [Tomcat]
2025-02-11 09:18:35.745   INFO 14068 --- [           main] org.apache.catalina.core.StandardEngine  : Starting Servlet engine: [Apache Tomcat/9.0.68]
2025-02-11 09:18:35.826   INFO 14068 --- [           main] o.a.c.c.C.[Tomcat].[localhost].[/]       : Initializing Spring embedded WebApplicationContext
2025-02-11 09:18:35.826   INFO 14068 --- [           main] w.s.c.ServletWebServerApplicationContext : Root WebApplicationContext: initialization completed in 1566 ms
2025-02-11 09:18:38.011   INFO 14068 --- [           main] o.s.s.web.DefaultSecurityFilterChain     : Will not secure Ant [pattern='/websocket']
2025-02-11 09:18:38.056   INFO 14068 --- [           main] o.s.s.web.DefaultSecurityFilterChain     : Will secure com.wms.config.SecurityConfig$$Lambda$1043/0x000000080131e020@3d1c8f35 with [org.springframework.security.web.context.request.async.WebAsyncManagerIntegrationFilter@498f5728, org.springframework.security.web.context.SecurityContextPersistenceFilter@6b6f73d, org.springframework.security.web.header.HeaderWriterFilter@4a013b23, org.springframework.web.filter.CorsFilter@39451d92, org.springframework.security.web.authentication.logout.LogoutFilter@193f3306, com.wms.filter.jwt.JwtAuthenticationTokenFilter@116fc29e, org.springframework.security.web.session.ConcurrentSessionFilter@79aba813, org.springframework.security.web.savedrequest.RequestCacheAwareFilter@24558113, org.springframework.security.web.servletapi.SecurityContextHolderAwareRequestFilter@160cf225, org.springframework.security.web.authentication.AnonymousAuthenticationFilter@46610fc9, org.springframework.security.web.session.SessionManagementFilter@426940f9, org.springframework.security.web.access.ExceptionTranslationFilter@47f5ab58, org.springframework.security.web.access.intercept.FilterSecurityInterceptor@4f5bfbca]
2025-02-11 09:18:38.157   INFO 14068 --- [           main] o.a.coyote.http11.Http11NioProtocol      : Starting ProtocolHandler ["http-nio-1217"]
2025-02-11 09:18:38.174   INFO 14068 --- [           main] o.s.b.w.embedded.tomcat.TomcatWebServer  : Tomcat started on port(s): 1217 (http) with context path ''
2025-02-11 09:18:38.548   INFO 14068 --- [           main] com.wms.WmsServerApplication             : Started WmsServerApplication in 4.856 seconds (JVM running for 5.902)
2025-02-11 09:18:38.696   INFO 14068 --- [nio-1217-exec-1] o.a.c.c.C.[Tomcat].[localhost].[/]       : Initializing Spring DispatcherServlet 'dispatcherServlet'
2025-02-11 09:18:38.696   INFO 14068 --- [nio-1217-exec-1] o.s.web.servlet.DispatcherServlet        : Initializing Servlet 'dispatcherServlet'
2025-02-11 09:18:38.697   INFO 14068 --- [nio-1217-exec-1] o.s.web.servlet.DispatcherServlet        : Completed initialization in 1 ms
2025-02-11 09:18:38.832   INFO 14068 --- [nio-1217-exec-1] com.alibaba.druid.pool.DruidDataSource   : {dataSource-1} inited
2025-02-11 09:18:38.973   INFO 14068 --- [nio-1217-exec-1] c.wms.connect.websocket.WebSocketServer  : 有新窗口开始监听:admin,当前在线人数为1
2025-02-11 09:18:42.572   INFO 14068 --- [nio-1217-exec-2] c.wms.connect.websocket.WebSocketServer  : 有一连接关闭！当前在线人数为0
2025-02-11 09:18:44.617   INFO 14068 --- [nio-1217-exec-7] c.wms.connect.websocket.WebSocketServer  : 有新窗口开始监听:admin,当前在线人数为1
2025-02-11 09:18:47.944   INFO 14068 --- [ionShutdownHook] c.wms.connect.websocket.WebSocketServer  : 有一连接关闭！当前在线人数为0
2025-02-11 09:18:47.970   INFO 14068 --- [ionShutdownHook] com.alibaba.druid.pool.DruidDataSource   : {dataSource-1} closing ...
2025-02-11 09:18:47.975   INFO 14068 --- [ionShutdownHook] com.alibaba.druid.pool.DruidDataSource   : {dataSource-1} closed
2025-02-11 09:18:50.621   INFO 18596 --- [           main] com.wms.WmsServerApplication             : Starting WmsServerApplication using Java 17.0.5 on Disney with PID 18596 (K:\GitHub\notes\project\wms-server\target\classes started by qe249 in K:\GitHub\notes\project\wms-server)
2025-02-11 09:18:50.624   INFO 18596 --- [           main] com.wms.WmsServerApplication             : The following 1 profile is active: "dev"
2025-02-11 09:18:51.331   INFO 18596 --- [           main] .s.d.r.c.RepositoryConfigurationDelegate : Multiple Spring Data modules found, entering strict repository configuration mode
2025-02-11 09:18:51.333   INFO 18596 --- [           main] .s.d.r.c.RepositoryConfigurationDelegate : Bootstrapping Spring Data Redis repositories in DEFAULT mode.
2025-02-11 09:18:51.356   INFO 18596 --- [           main] .s.d.r.c.RepositoryConfigurationDelegate : Finished Spring Data repository scanning in 13 ms. Found 0 Redis repository interfaces.
2025-02-11 09:18:52.047   INFO 18596 --- [           main] o.s.b.w.embedded.tomcat.TomcatWebServer  : Tomcat initialized with port(s): 1217 (http)
2025-02-11 09:18:52.055   INFO 18596 --- [           main] o.a.coyote.http11.Http11NioProtocol      : Initializing ProtocolHandler ["http-nio-1217"]
2025-02-11 09:18:52.056   INFO 18596 --- [           main] o.apache.catalina.core.StandardService   : Starting service [Tomcat]
2025-02-11 09:18:52.056   INFO 18596 --- [           main] org.apache.catalina.core.StandardEngine  : Starting Servlet engine: [Apache Tomcat/9.0.68]
2025-02-11 09:18:52.136   INFO 18596 --- [           main] o.a.c.c.C.[Tomcat].[localhost].[/]       : Initializing Spring embedded WebApplicationContext
2025-02-11 09:18:52.136   INFO 18596 --- [           main] w.s.c.ServletWebServerApplicationContext : Root WebApplicationContext: initialization completed in 1478 ms
2025-02-11 09:18:54.286   INFO 18596 --- [           main] o.s.s.web.DefaultSecurityFilterChain     : Will not secure Ant [pattern='/websocket']
2025-02-11 09:18:54.327   INFO 18596 --- [           main] o.s.s.web.DefaultSecurityFilterChain     : Will secure com.wms.config.SecurityConfig$$Lambda$1044/0x000000080131eeb0@2dd46693 with [org.springframework.security.web.context.request.async.WebAsyncManagerIntegrationFilter@27107a97, org.springframework.security.web.context.SecurityContextPersistenceFilter@24558113, org.springframework.security.web.header.HeaderWriterFilter@7022fb5c, org.springframework.web.filter.CorsFilter@eb1e868, org.springframework.security.web.authentication.logout.LogoutFilter@712c9bcf, com.wms.filter.jwt.JwtAuthenticationTokenFilter@116fc29e, org.springframework.security.web.session.ConcurrentSessionFilter@1f1e15de, org.springframework.security.web.savedrequest.RequestCacheAwareFilter@6ae6a77b, org.springframework.security.web.servletapi.SecurityContextHolderAwareRequestFilter@4027edeb, org.springframework.security.web.authentication.AnonymousAuthenticationFilter@71a7cf7c, org.springframework.security.web.session.SessionManagementFilter@5c65fa69, org.springframework.security.web.access.ExceptionTranslationFilter@951e911, org.springframework.security.web.access.intercept.FilterSecurityInterceptor@585672dd]
2025-02-11 09:18:54.432   INFO 18596 --- [           main] o.a.coyote.http11.Http11NioProtocol      : Starting ProtocolHandler ["http-nio-1217"]
2025-02-11 09:18:54.448   INFO 18596 --- [           main] o.s.b.w.embedded.tomcat.TomcatWebServer  : Tomcat started on port(s): 1217 (http) with context path ''
2025-02-11 09:18:54.668   INFO 18596 --- [nio-1217-exec-1] o.a.c.c.C.[Tomcat].[localhost].[/]       : Initializing Spring DispatcherServlet 'dispatcherServlet'
2025-02-11 09:18:54.668   INFO 18596 --- [nio-1217-exec-1] o.s.web.servlet.DispatcherServlet        : Initializing Servlet 'dispatcherServlet'
2025-02-11 09:18:54.670   INFO 18596 --- [nio-1217-exec-1] o.s.web.servlet.DispatcherServlet        : Completed initialization in 1 ms
2025-02-11 09:18:54.858   INFO 18596 --- [nio-1217-exec-1] com.alibaba.druid.pool.DruidDataSource   : {dataSource-1} inited
2025-02-11 09:18:54.890   INFO 18596 --- [           main] com.wms.WmsServerApplication             : Started WmsServerApplication in 4.639 seconds (JVM running for 5.71)
2025-02-11 09:18:55.029   INFO 18596 --- [nio-1217-exec-1] c.wms.connect.websocket.WebSocketServer  : 有新窗口开始监听:admin,当前在线人数为1
2025-02-11 09:18:55.042   INFO 18596 --- [nio-1217-exec-1] c.wms.connect.websocket.WebSocketServer  : 有一连接关闭！当前在线人数为0
2025-02-11 09:18:56.751   INFO 18596 --- [nio-1217-exec-6] c.wms.connect.websocket.WebSocketServer  : 有新窗口开始监听:admin,当前在线人数为1
2025-02-11 09:19:26.904   INFO 18596 --- [ionShutdownHook] c.wms.connect.websocket.WebSocketServer  : 有一连接关闭！当前在线人数为0
2025-02-11 09:19:26.935   INFO 18596 --- [ionShutdownHook] com.alibaba.druid.pool.DruidDataSource   : {dataSource-1} closing ...
2025-02-11 09:19:26.939   INFO 18596 --- [ionShutdownHook] com.alibaba.druid.pool.DruidDataSource   : {dataSource-1} closed
2025-02-11 09:19:29.667   INFO 13032 --- [           main] com.wms.WmsServerApplication             : Starting WmsServerApplication using Java 17.0.5 on Disney with PID 13032 (K:\GitHub\notes\project\wms-server\target\classes started by qe249 in K:\GitHub\notes\project\wms-server)
2025-02-11 09:19:29.670   INFO 13032 --- [           main] com.wms.WmsServerApplication             : The following 1 profile is active: "dev"
2025-02-11 09:19:30.376   INFO 13032 --- [           main] .s.d.r.c.RepositoryConfigurationDelegate : Multiple Spring Data modules found, entering strict repository configuration mode
2025-02-11 09:19:30.378   INFO 13032 --- [           main] .s.d.r.c.RepositoryConfigurationDelegate : Bootstrapping Spring Data Redis repositories in DEFAULT mode.
2025-02-11 09:19:30.404   INFO 13032 --- [           main] .s.d.r.c.RepositoryConfigurationDelegate : Finished Spring Data repository scanning in 16 ms. Found 0 Redis repository interfaces.
2025-02-11 09:19:31.097   INFO 13032 --- [           main] o.s.b.w.embedded.tomcat.TomcatWebServer  : Tomcat initialized with port(s): 1217 (http)
2025-02-11 09:19:31.106   INFO 13032 --- [           main] o.a.coyote.http11.Http11NioProtocol      : Initializing ProtocolHandler ["http-nio-1217"]
2025-02-11 09:19:31.107   INFO 13032 --- [           main] o.apache.catalina.core.StandardService   : Starting service [Tomcat]
2025-02-11 09:19:31.107   INFO 13032 --- [           main] org.apache.catalina.core.StandardEngine  : Starting Servlet engine: [Apache Tomcat/9.0.68]
2025-02-11 09:19:31.204   INFO 13032 --- [           main] o.a.c.c.C.[Tomcat].[localhost].[/]       : Initializing Spring embedded WebApplicationContext
2025-02-11 09:19:31.204   INFO 13032 --- [           main] w.s.c.ServletWebServerApplicationContext : Root WebApplicationContext: initialization completed in 1496 ms
2025-02-11 09:19:33.282   INFO 13032 --- [           main] o.s.s.web.DefaultSecurityFilterChain     : Will not secure Ant [pattern='/websocket']
2025-02-11 09:19:33.322   INFO 13032 --- [           main] o.s.s.web.DefaultSecurityFilterChain     : Will secure com.wms.config.SecurityConfig$$Lambda$1044/0x0000000801321728@27107a97 with [org.springframework.security.web.context.request.async.WebAsyncManagerIntegrationFilter@eb1e868, org.springframework.security.web.context.SecurityContextPersistenceFilter@3d5e0bf0, org.springframework.security.web.header.HeaderWriterFilter@426940f9, org.springframework.web.filter.CorsFilter@71a7cf7c, org.springframework.security.web.authentication.logout.LogoutFilter@3c34c491, com.wms.filter.jwt.JwtAuthenticationTokenFilter@402f61f5, org.springframework.security.web.session.ConcurrentSessionFilter@2ea0161f, org.springframework.security.web.savedrequest.RequestCacheAwareFilter@32e9c3af, org.springframework.security.web.servletapi.SecurityContextHolderAwareRequestFilter@48cd8e71, org.springframework.security.web.authentication.AnonymousAuthenticationFilter@7f49df25, org.springframework.security.web.session.SessionManagementFilter@38d308e7, org.springframework.security.web.access.ExceptionTranslationFilter@3cb376a3, org.springframework.security.web.access.intercept.FilterSecurityInterceptor@49c947f7]
2025-02-11 09:19:33.422   INFO 13032 --- [           main] o.a.coyote.http11.Http11NioProtocol      : Starting ProtocolHandler ["http-nio-1217"]
2025-02-11 09:19:33.439   INFO 13032 --- [           main] o.s.b.w.embedded.tomcat.TomcatWebServer  : Tomcat started on port(s): 1217 (http) with context path ''
2025-02-11 09:19:33.694   INFO 13032 --- [nio-1217-exec-1] o.a.c.c.C.[Tomcat].[localhost].[/]       : Initializing Spring DispatcherServlet 'dispatcherServlet'
2025-02-11 09:19:33.694   INFO 13032 --- [nio-1217-exec-1] o.s.web.servlet.DispatcherServlet        : Initializing Servlet 'dispatcherServlet'
2025-02-11 09:19:33.695   INFO 13032 --- [nio-1217-exec-1] o.s.web.servlet.DispatcherServlet        : Completed initialization in 0 ms
2025-02-11 09:19:33.889   INFO 13032 --- [nio-1217-exec-1] com.alibaba.druid.pool.DruidDataSource   : {dataSource-1} inited
2025-02-11 09:19:33.921   INFO 13032 --- [           main] com.wms.WmsServerApplication             : Started WmsServerApplication in 4.614 seconds (JVM running for 5.482)
2025-02-11 09:19:34.042   INFO 13032 --- [nio-1217-exec-1] c.wms.connect.websocket.WebSocketServer  : 有新窗口开始监听:admin,当前在线人数为1
2025-02-11 09:19:38.833   INFO 13032 --- [nio-1217-exec-2] c.wms.connect.websocket.WebSocketServer  : 有一连接关闭！当前在线人数为0
2025-02-11 09:19:41.044   INFO 13032 --- [nio-1217-exec-7] c.wms.connect.websocket.WebSocketServer  : 有新窗口开始监听:admin,当前在线人数为1
2025-02-11 09:20:14.527   INFO 13032 --- [ionShutdownHook] c.wms.connect.websocket.WebSocketServer  : 有一连接关闭！当前在线人数为0
2025-02-11 09:20:14.566   INFO 13032 --- [ionShutdownHook] com.alibaba.druid.pool.DruidDataSource   : {dataSource-1} closing ...
2025-02-11 09:20:14.570   INFO 13032 --- [ionShutdownHook] com.alibaba.druid.pool.DruidDataSource   : {dataSource-1} closed
2025-02-11 09:20:17.224   INFO 12216 --- [           main] com.wms.WmsServerApplication             : Starting WmsServerApplication using Java 17.0.5 on Disney with PID 12216 (K:\GitHub\notes\project\wms-server\target\classes started by qe249 in K:\GitHub\notes\project\wms-server)
2025-02-11 09:20:17.228   INFO 12216 --- [           main] com.wms.WmsServerApplication             : The following 1 profile is active: "dev"
2025-02-11 09:20:17.932   INFO 12216 --- [           main] .s.d.r.c.RepositoryConfigurationDelegate : Multiple Spring Data modules found, entering strict repository configuration mode
2025-02-11 09:20:17.934   INFO 12216 --- [           main] .s.d.r.c.RepositoryConfigurationDelegate : Bootstrapping Spring Data Redis repositories in DEFAULT mode.
2025-02-11 09:20:17.957   INFO 12216 --- [           main] .s.d.r.c.RepositoryConfigurationDelegate : Finished Spring Data repository scanning in 14 ms. Found 0 Redis repository interfaces.
2025-02-11 09:20:18.636   INFO 12216 --- [           main] o.s.b.w.embedded.tomcat.TomcatWebServer  : Tomcat initialized with port(s): 1217 (http)
2025-02-11 09:20:18.643   INFO 12216 --- [           main] o.a.coyote.http11.Http11NioProtocol      : Initializing ProtocolHandler ["http-nio-1217"]
2025-02-11 09:20:18.643   INFO 12216 --- [           main] o.apache.catalina.core.StandardService   : Starting service [Tomcat]
2025-02-11 09:20:18.644   INFO 12216 --- [           main] org.apache.catalina.core.StandardEngine  : Starting Servlet engine: [Apache Tomcat/9.0.68]
2025-02-11 09:20:18.718   INFO 12216 --- [           main] o.a.c.c.C.[Tomcat].[localhost].[/]       : Initializing Spring embedded WebApplicationContext
2025-02-11 09:20:18.718   INFO 12216 --- [           main] w.s.c.ServletWebServerApplicationContext : Root WebApplicationContext: initialization completed in 1455 ms
2025-02-11 09:20:20.938   INFO 12216 --- [           main] o.s.s.web.DefaultSecurityFilterChain     : Will not secure Ant [pattern='/websocket']
2025-02-11 09:20:20.975   INFO 12216 --- [           main] o.s.s.web.DefaultSecurityFilterChain     : Will secure com.wms.config.SecurityConfig$$Lambda$1044/0x0000000801320620@3d1c8f35 with [org.springframework.security.web.context.request.async.WebAsyncManagerIntegrationFilter@498f5728, org.springframework.security.web.context.SecurityContextPersistenceFilter@6b6f73d, org.springframework.security.web.header.HeaderWriterFilter@4a013b23, org.springframework.web.filter.CorsFilter@39451d92, org.springframework.security.web.authentication.logout.LogoutFilter@193f3306, com.wms.filter.jwt.JwtAuthenticationTokenFilter@116fc29e, org.springframework.security.web.session.ConcurrentSessionFilter@79aba813, org.springframework.security.web.savedrequest.RequestCacheAwareFilter@24558113, org.springframework.security.web.servletapi.SecurityContextHolderAwareRequestFilter@160cf225, org.springframework.security.web.authentication.AnonymousAuthenticationFilter@46610fc9, org.springframework.security.web.session.SessionManagementFilter@426940f9, org.springframework.security.web.access.ExceptionTranslationFilter@47f5ab58, org.springframework.security.web.access.intercept.FilterSecurityInterceptor@4f5bfbca]
2025-02-11 09:20:21.079   INFO 12216 --- [           main] o.a.coyote.http11.Http11NioProtocol      : Starting ProtocolHandler ["http-nio-1217"]
2025-02-11 09:20:21.094   INFO 12216 --- [           main] o.s.b.w.embedded.tomcat.TomcatWebServer  : Tomcat started on port(s): 1217 (http) with context path ''
2025-02-11 09:20:21.219   INFO 12216 --- [nio-1217-exec-2] o.a.c.c.C.[Tomcat].[localhost].[/]       : Initializing Spring DispatcherServlet 'dispatcherServlet'
2025-02-11 09:20:21.219   INFO 12216 --- [nio-1217-exec-2] o.s.web.servlet.DispatcherServlet        : Initializing Servlet 'dispatcherServlet'
2025-02-11 09:20:21.220   INFO 12216 --- [nio-1217-exec-2] o.s.web.servlet.DispatcherServlet        : Completed initialization in 1 ms
2025-02-11 09:20:21.383   INFO 12216 --- [nio-1217-exec-2] com.alibaba.druid.pool.DruidDataSource   : {dataSource-1} inited
2025-02-11 09:20:21.566   INFO 12216 --- [nio-1217-exec-2] c.wms.connect.websocket.WebSocketServer  : 有新窗口开始监听:admin,当前在线人数为1
2025-02-11 09:20:21.571   INFO 12216 --- [           main] com.wms.WmsServerApplication             : Started WmsServerApplication in 4.711 seconds (JVM running for 5.716)
2025-02-11 09:20:36.675   INFO 12216 --- [nio-1217-exec-3] c.wms.connect.websocket.WebSocketServer  : 有一连接关闭！当前在线人数为0
2025-02-11 09:20:38.919   INFO 12216 --- [nio-1217-exec-8] c.wms.connect.websocket.WebSocketServer  : 有新窗口开始监听:admin,当前在线人数为1
2025-02-11 09:21:31.926   INFO 12216 --- [ionShutdownHook] c.wms.connect.websocket.WebSocketServer  : 有一连接关闭！当前在线人数为0
2025-02-11 09:21:31.955   INFO 12216 --- [ionShutdownHook] com.alibaba.druid.pool.DruidDataSource   : {dataSource-1} closing ...
2025-02-11 09:21:31.959   INFO 12216 --- [ionShutdownHook] com.alibaba.druid.pool.DruidDataSource   : {dataSource-1} closed
2025-02-11 09:21:34.658   INFO 13124 --- [           main] com.wms.WmsServerApplication             : Starting WmsServerApplication using Java 17.0.5 on Disney with PID 13124 (K:\GitHub\notes\project\wms-server\target\classes started by qe249 in K:\GitHub\notes\project\wms-server)
2025-02-11 09:21:34.660   INFO 13124 --- [           main] com.wms.WmsServerApplication             : The following 1 profile is active: "dev"
2025-02-11 09:21:35.382   INFO 13124 --- [           main] .s.d.r.c.RepositoryConfigurationDelegate : Multiple Spring Data modules found, entering strict repository configuration mode
2025-02-11 09:21:35.384   INFO 13124 --- [           main] .s.d.r.c.RepositoryConfigurationDelegate : Bootstrapping Spring Data Redis repositories in DEFAULT mode.
2025-02-11 09:21:35.409   INFO 13124 --- [           main] .s.d.r.c.RepositoryConfigurationDelegate : Finished Spring Data repository scanning in 16 ms. Found 0 Redis repository interfaces.
2025-02-11 09:21:36.072   INFO 13124 --- [           main] o.s.b.w.embedded.tomcat.TomcatWebServer  : Tomcat initialized with port(s): 1217 (http)
2025-02-11 09:21:36.080   INFO 13124 --- [           main] o.a.coyote.http11.Http11NioProtocol      : Initializing ProtocolHandler ["http-nio-1217"]
2025-02-11 09:21:36.080   INFO 13124 --- [           main] o.apache.catalina.core.StandardService   : Starting service [Tomcat]
2025-02-11 09:21:36.080   INFO 13124 --- [           main] org.apache.catalina.core.StandardEngine  : Starting Servlet engine: [Apache Tomcat/9.0.68]
2025-02-11 09:21:36.157   INFO 13124 --- [           main] o.a.c.c.C.[Tomcat].[localhost].[/]       : Initializing Spring embedded WebApplicationContext
2025-02-11 09:21:36.157   INFO 13124 --- [           main] w.s.c.ServletWebServerApplicationContext : Root WebApplicationContext: initialization completed in 1457 ms
2025-02-11 09:21:38.242   INFO 13124 --- [           main] o.s.s.web.DefaultSecurityFilterChain     : Will not secure Ant [pattern='/websocket']
2025-02-11 09:21:38.284   INFO 13124 --- [           main] o.s.s.web.DefaultSecurityFilterChain     : Will secure com.wms.config.SecurityConfig$$Lambda$1044/0x00000008013221b8@1a34772e with [org.springframework.security.web.context.request.async.WebAsyncManagerIntegrationFilter@401002ce, org.springframework.security.web.context.SecurityContextPersistenceFilter@31aa9b01, org.springframework.security.web.header.HeaderWriterFilter@53153d5e, org.springframework.web.filter.CorsFilter@6870a76f, org.springframework.security.web.authentication.logout.LogoutFilter@552b15f6, com.wms.filter.jwt.JwtAuthenticationTokenFilter@2e426dd2, org.springframework.security.web.session.ConcurrentSessionFilter@7d4135c9, org.springframework.security.web.savedrequest.RequestCacheAwareFilter@509e4902, org.springframework.security.web.servletapi.SecurityContextHolderAwareRequestFilter@1a06b95, org.springframework.security.web.authentication.AnonymousAuthenticationFilter@42257df7, org.springframework.security.web.session.SessionManagementFilter@3c2fa57a, org.springframework.security.web.access.ExceptionTranslationFilter@3d5e0bf0, org.springframework.security.web.access.intercept.FilterSecurityInterceptor@eb1e868]
2025-02-11 09:21:38.384   INFO 13124 --- [           main] o.a.coyote.http11.Http11NioProtocol      : Starting ProtocolHandler ["http-nio-1217"]
2025-02-11 09:21:38.401   INFO 13124 --- [           main] o.s.b.w.embedded.tomcat.TomcatWebServer  : Tomcat started on port(s): 1217 (http) with context path ''
2025-02-11 09:21:38.711   INFO 13124 --- [nio-1217-exec-1] o.a.c.c.C.[Tomcat].[localhost].[/]       : Initializing Spring DispatcherServlet 'dispatcherServlet'
2025-02-11 09:21:38.711   INFO 13124 --- [nio-1217-exec-1] o.s.web.servlet.DispatcherServlet        : Initializing Servlet 'dispatcherServlet'
2025-02-11 09:21:38.712   INFO 13124 --- [nio-1217-exec-1] o.s.web.servlet.DispatcherServlet        : Completed initialization in 1 ms
2025-02-11 09:21:38.851   INFO 13124 --- [           main] com.wms.WmsServerApplication             : Started WmsServerApplication in 4.538 seconds (JVM running for 5.297)
2025-02-11 09:21:38.909   INFO 13124 --- [nio-1217-exec-1] com.alibaba.druid.pool.DruidDataSource   : {dataSource-1} inited
2025-02-11 09:21:39.064   INFO 13124 --- [nio-1217-exec-1] c.wms.connect.websocket.WebSocketServer  : 有新窗口开始监听:admin,当前在线人数为1
2025-02-11 09:23:31.432   INFO 13124 --- [nio-1217-exec-7] c.wms.connect.websocket.WebSocketServer  : 有一连接关闭！当前在线人数为0
2025-02-11 09:23:59.746   INFO 13124 --- [nio-1217-exec-4] c.wms.connect.websocket.WebSocketServer  : 有新窗口开始监听:admin,当前在线人数为1
2025-02-11 09:28:03.931   INFO 13124 --- [nio-1217-exec-2] c.wms.connect.websocket.WebSocketServer  : 有一连接关闭！当前在线人数为0
2025-02-11 09:28:04.392   INFO 13124 --- [nio-1217-exec-6] c.wms.connect.websocket.WebSocketServer  : 有新窗口开始监听:admin,当前在线人数为1
2025-02-11 09:28:15.796   INFO 13124 --- [nio-1217-exec-1] c.wms.connect.websocket.WebSocketServer  : 有一连接关闭！当前在线人数为0
2025-02-11 09:28:16.167   INFO 13124 --- [nio-1217-exec-3] c.wms.connect.websocket.WebSocketServer  : 有新窗口开始监听:admin,当前在线人数为1
2025-02-11 09:30:47.459   INFO 13124 --- [nio-1217-exec-4] c.wms.connect.websocket.WebSocketServer  : 有一连接关闭！当前在线人数为0
2025-02-11 09:30:47.795   INFO 13124 --- [nio-1217-exec-2] c.wms.connect.websocket.WebSocketServer  : 有新窗口开始监听:admin,当前在线人数为1
2025-02-11 09:41:21.882   INFO 13124 --- [io-1217-exec-10] c.wms.connect.websocket.WebSocketServer  : 有一连接关闭！当前在线人数为0
2025-02-11 09:41:22.325   INFO 13124 --- [nio-1217-exec-8] c.wms.connect.websocket.WebSocketServer  : 有新窗口开始监听:admin,当前在线人数为1
2025-02-11 09:42:38.154   INFO 13124 --- [io-1217-exec-10] c.wms.connect.websocket.WebSocketServer  : 有一连接关闭！当前在线人数为0
2025-02-11 09:42:38.590   INFO 13124 --- [nio-1217-exec-8] c.wms.connect.websocket.WebSocketServer  : 有新窗口开始监听:admin,当前在线人数为1
2025-02-11 09:52:44.706   INFO 13124 --- [nio-1217-exec-4] c.wms.connect.websocket.WebSocketServer  : 有一连接关闭！当前在线人数为0
2025-02-11 09:52:45.132   INFO 13124 --- [nio-1217-exec-2] c.wms.connect.websocket.WebSocketServer  : 有新窗口开始监听:admin,当前在线人数为1
2025-02-11 09:52:47.466   INFO 13124 --- [nio-1217-exec-9] c.wms.connect.websocket.WebSocketServer  : 有一连接关闭！当前在线人数为0
2025-02-11 09:52:48.368   INFO 13124 --- [nio-1217-exec-1] c.wms.connect.websocket.WebSocketServer  : 有新窗口开始监听:admin,当前在线人数为1
2025-02-11 09:53:10.884   INFO 13124 --- [nio-1217-exec-5] c.wms.connect.websocket.WebSocketServer  : 有一连接关闭！当前在线人数为0
2025-02-11 09:53:11.668   INFO 13124 --- [nio-1217-exec-9] c.wms.connect.websocket.WebSocketServer  : 有新窗口开始监听:admin,当前在线人数为1
2025-02-11 09:57:31.374   INFO 13124 --- [ionShutdownHook] c.wms.connect.websocket.WebSocketServer  : 有一连接关闭！当前在线人数为0
2025-02-11 09:57:31.408   INFO 13124 --- [ionShutdownHook] com.alibaba.druid.pool.DruidDataSource   : {dataSource-1} closing ...
2025-02-11 09:57:31.409   INFO 13124 --- [ionShutdownHook] com.alibaba.druid.pool.DruidDataSource   : {dataSource-1} closed
2025-02-11 09:57:35.018   INFO 7648 --- [           main] com.wms.WmsServerApplication             : Starting WmsServerApplication using Java 17.0.5 on Disney with PID 7648 (K:\GitHub\notes\project\wms-server\target\classes started by qe249 in K:\GitHub\notes\project\wms-server)
2025-02-11 09:57:35.020   INFO 7648 --- [           main] com.wms.WmsServerApplication             : The following 1 profile is active: "dev"
2025-02-11 09:57:35.748   INFO 7648 --- [           main] .s.d.r.c.RepositoryConfigurationDelegate : Multiple Spring Data modules found, entering strict repository configuration mode
2025-02-11 09:57:35.750   INFO 7648 --- [           main] .s.d.r.c.RepositoryConfigurationDelegate : Bootstrapping Spring Data Redis repositories in DEFAULT mode.
2025-02-11 09:57:35.773   INFO 7648 --- [           main] .s.d.r.c.RepositoryConfigurationDelegate : Finished Spring Data repository scanning in 13 ms. Found 0 Redis repository interfaces.
2025-02-11 09:57:36.423   INFO 7648 --- [           main] o.s.b.w.embedded.tomcat.TomcatWebServer  : Tomcat initialized with port(s): 1217 (http)
2025-02-11 09:57:36.432   INFO 7648 --- [           main] o.a.coyote.http11.Http11NioProtocol      : Initializing ProtocolHandler ["http-nio-1217"]
2025-02-11 09:57:36.433   INFO 7648 --- [           main] o.apache.catalina.core.StandardService   : Starting service [Tomcat]
2025-02-11 09:57:36.433   INFO 7648 --- [           main] org.apache.catalina.core.StandardEngine  : Starting Servlet engine: [Apache Tomcat/9.0.68]
2025-02-11 09:57:36.511   INFO 7648 --- [           main] o.a.c.c.C.[Tomcat].[localhost].[/]       : Initializing Spring embedded WebApplicationContext
2025-02-11 09:57:36.511   INFO 7648 --- [           main] w.s.c.ServletWebServerApplicationContext : Root WebApplicationContext: initialization completed in 1449 ms
2025-02-11 09:57:38.668   INFO 7648 --- [           main] o.s.s.web.DefaultSecurityFilterChain     : Will not secure Ant [pattern='/websocket']
2025-02-11 09:57:38.701   INFO 7648 --- [           main] o.s.s.web.DefaultSecurityFilterChain     : Will secure com.wms.config.SecurityConfig$$Lambda$1044/0x00000008013214e8@61c3d7ac with [org.springframework.security.web.context.request.async.WebAsyncManagerIntegrationFilter@4bc9389, org.springframework.security.web.context.SecurityContextPersistenceFilter@6ae6a77b, org.springframework.security.web.header.HeaderWriterFilter@17ebbf1e, org.springframework.web.filter.CorsFilter@30221cfa, org.springframework.security.web.authentication.logout.LogoutFilter@7b364f47, com.wms.filter.jwt.JwtAuthenticationTokenFilter@6480a063, org.springframework.security.web.session.ConcurrentSessionFilter@53153d5e, org.springframework.security.web.savedrequest.RequestCacheAwareFilter@7bb86ac, org.springframework.security.web.servletapi.SecurityContextHolderAwareRequestFilter@537a8915, org.springframework.security.web.authentication.AnonymousAuthenticationFilter@662061e3, org.springframework.security.web.session.SessionManagementFilter@31434b63, org.springframework.security.web.access.ExceptionTranslationFilter@1fcf73b9, org.springframework.security.web.access.intercept.FilterSecurityInterceptor@578c99ac]
2025-02-11 09:57:38.786   INFO 7648 --- [           main] o.a.coyote.http11.Http11NioProtocol      : Starting ProtocolHandler ["http-nio-1217"]
2025-02-11 09:57:38.803   INFO 7648 --- [           main] o.s.b.w.embedded.tomcat.TomcatWebServer  : Tomcat started on port(s): 1217 (http) with context path ''
2025-02-11 09:57:38.973   INFO 7648 --- [nio-1217-exec-1] o.a.c.c.C.[Tomcat].[localhost].[/]       : Initializing Spring DispatcherServlet 'dispatcherServlet'
2025-02-11 09:57:38.973   INFO 7648 --- [nio-1217-exec-1] o.s.web.servlet.DispatcherServlet        : Initializing Servlet 'dispatcherServlet'
2025-02-11 09:57:38.974   INFO 7648 --- [nio-1217-exec-1] o.s.web.servlet.DispatcherServlet        : Completed initialization in 1 ms
2025-02-11 09:57:39.140   INFO 7648 --- [nio-1217-exec-1] com.alibaba.druid.pool.DruidDataSource   : {dataSource-1} inited
2025-02-11 09:57:39.191   INFO 7648 --- [           main] com.wms.WmsServerApplication             : Started WmsServerApplication in 4.505 seconds (JVM running for 5.25)
2025-02-11 09:57:39.275   INFO 7648 --- [nio-1217-exec-1] c.wms.connect.websocket.WebSocketServer  : 有新窗口开始监听:admin,当前在线人数为1
2025-02-11 09:58:16.101   INFO 7648 --- [nio-1217-exec-2] c.wms.connect.websocket.WebSocketServer  : 有一连接关闭！当前在线人数为0
2025-02-11 09:58:17.568   INFO 7648 --- [nio-1217-exec-8] c.wms.connect.websocket.WebSocketServer  : 有新窗口开始监听:admin,当前在线人数为1
2025-02-11 09:58:24.603   INFO 7648 --- [nio-1217-exec-4] c.wms.connect.websocket.WebSocketServer  : 有一连接关闭！当前在线人数为0
2025-02-11 09:58:24.972   INFO 7648 --- [nio-1217-exec-8] c.wms.connect.websocket.WebSocketServer  : 有新窗口开始监听:admin,当前在线人数为1
2025-02-11 09:58:36.559   INFO 7648 --- [nio-1217-exec-7] c.wms.connect.websocket.WebSocketServer  : 有一连接关闭！当前在线人数为0
2025-02-11 09:58:36.746   INFO 7648 --- [nio-1217-exec-6] c.wms.connect.websocket.WebSocketServer  : 有新窗口开始监听:admin,当前在线人数为1
2025-02-11 09:58:41.651   INFO 7648 --- [nio-1217-exec-2] c.wms.connect.websocket.WebSocketServer  : 有一连接关闭！当前在线人数为0
2025-02-11 09:58:41.827   INFO 7648 --- [nio-1217-exec-7] c.wms.connect.websocket.WebSocketServer  : 有新窗口开始监听:admin,当前在线人数为1
2025-02-11 09:58:44.846   INFO 7648 --- [io-1217-exec-10] c.wms.connect.websocket.WebSocketServer  : 有一连接关闭！当前在线人数为0
2025-02-11 09:58:45.019   INFO 7648 --- [nio-1217-exec-3] c.wms.connect.websocket.WebSocketServer  : 有新窗口开始监听:admin,当前在线人数为1
2025-02-11 09:59:06.472   INFO 7648 --- [nio-1217-exec-7] c.wms.connect.websocket.WebSocketServer  : 有一连接关闭！当前在线人数为0
2025-02-11 09:59:06.667   INFO 7648 --- [nio-1217-exec-9] c.wms.connect.websocket.WebSocketServer  : 有新窗口开始监听:admin,当前在线人数为1
2025-02-11 10:01:57.471   INFO 7648 --- [nio-1217-exec-9] c.wms.connect.websocket.WebSocketServer  : 有一连接关闭！当前在线人数为0
2025-02-11 10:01:58.415   INFO 7648 --- [io-1217-exec-10] c.wms.connect.websocket.WebSocketServer  : 有新窗口开始监听:admin,当前在线人数为1
2025-02-11 10:07:47.607   INFO 7648 --- [nio-1217-exec-8] c.wms.connect.websocket.WebSocketServer  : 有一连接关闭！当前在线人数为0
2025-02-11 10:07:48.095   INFO 7648 --- [nio-1217-exec-7] c.wms.connect.websocket.WebSocketServer  : 有新窗口开始监听:admin,当前在线人数为1
2025-02-11 10:13:52.880   INFO 7648 --- [nio-1217-exec-6] c.wms.connect.websocket.WebSocketServer  : 有一连接关闭！当前在线人数为0
2025-02-11 10:13:53.307   INFO 7648 --- [nio-1217-exec-5] c.wms.connect.websocket.WebSocketServer  : 有新窗口开始监听:admin,当前在线人数为1
2025-02-11 10:19:47.406   INFO 7648 --- [nio-1217-exec-3] c.wms.connect.websocket.WebSocketServer  : 有一连接关闭！当前在线人数为0
2025-02-11 10:19:48.269   INFO 7648 --- [nio-1217-exec-5] c.wms.connect.websocket.WebSocketServer  : 有新窗口开始监听:admin,当前在线人数为1
2025-02-11 10:20:28.860   INFO 7648 --- [nio-1217-exec-2] c.wms.connect.websocket.WebSocketServer  : 有一连接关闭！当前在线人数为0
2025-02-11 10:20:29.295   INFO 7648 --- [nio-1217-exec-9] c.wms.connect.websocket.WebSocketServer  : 有新窗口开始监听:admin,当前在线人数为1
2025-02-11 10:27:35.415   INFO 7648 --- [nio-1217-exec-8] c.wms.connect.websocket.WebSocketServer  : 有一连接关闭！当前在线人数为0
2025-02-11 10:27:36.050   INFO 7648 --- [nio-1217-exec-2] c.wms.connect.websocket.WebSocketServer  : 有新窗口开始监听:admin,当前在线人数为1
2025-02-11 10:36:55.075   INFO 7648 --- [nio-1217-exec-7] c.wms.connect.websocket.WebSocketServer  : 有一连接关闭！当前在线人数为0
2025-02-11 10:36:55.661   INFO 7648 --- [nio-1217-exec-8] c.wms.connect.websocket.WebSocketServer  : 有新窗口开始监听:admin,当前在线人数为1
2025-02-11 10:37:38.577   INFO 7648 --- [nio-1217-exec-7] c.wms.connect.websocket.WebSocketServer  : 有一连接关闭！当前在线人数为0
2025-02-11 10:37:39.015   INFO 7648 --- [nio-1217-exec-8] c.wms.connect.websocket.WebSocketServer  : 有新窗口开始监听:admin,当前在线人数为1
2025-02-11 10:47:38.444   INFO 7648 --- [nio-1217-exec-5] c.wms.connect.websocket.WebSocketServer  : 有一连接关闭！当前在线人数为0
2025-02-11 10:47:39.075   INFO 7648 --- [nio-1217-exec-9] c.wms.connect.websocket.WebSocketServer  : 有新窗口开始监听:admin,当前在线人数为1
2025-02-11 10:49:49.216   INFO 7648 --- [nio-1217-exec-4] c.wms.connect.websocket.WebSocketServer  : 有一连接关闭！当前在线人数为0
2025-02-11 10:49:49.785   INFO 7648 --- [nio-1217-exec-6] c.wms.connect.websocket.WebSocketServer  : 有新窗口开始监听:admin,当前在线人数为1
2025-02-11 10:50:30.514   INFO 7648 --- [nio-1217-exec-2] c.wms.connect.websocket.WebSocketServer  : 有一连接关闭！当前在线人数为0
2025-02-11 10:50:31.161   INFO 7648 --- [nio-1217-exec-4] c.wms.connect.websocket.WebSocketServer  : 有新窗口开始监听:admin,当前在线人数为1
2025-02-11 10:50:51.687   INFO 7648 --- [nio-1217-exec-8] c.wms.connect.websocket.WebSocketServer  : 有一连接关闭！当前在线人数为0
2025-02-11 10:50:52.299   INFO 7648 --- [nio-1217-exec-3] c.wms.connect.websocket.WebSocketServer  : 有新窗口开始监听:admin,当前在线人数为1
2025-02-11 11:39:49.540   INFO 7648 --- [nio-1217-exec-8] c.wms.connect.websocket.WebSocketServer  : 有一连接关闭！当前在线人数为0
2025-02-11 11:39:50.147   INFO 7648 --- [nio-1217-exec-2] c.wms.connect.websocket.WebSocketServer  : 有新窗口开始监听:admin,当前在线人数为1
2025-02-11 11:39:58.338   INFO 7648 --- [nio-1217-exec-5] c.wms.connect.websocket.WebSocketServer  : 有一连接关闭！当前在线人数为0
2025-02-11 11:39:59.168   INFO 7648 --- [nio-1217-exec-9] c.wms.connect.websocket.WebSocketServer  : 有新窗口开始监听:admin,当前在线人数为1
2025-02-11 11:40:12.042   INFO 7648 --- [nio-1217-exec-3] c.wms.connect.websocket.WebSocketServer  : 有一连接关闭！当前在线人数为0
2025-02-11 11:40:12.296   INFO 7648 --- [nio-1217-exec-4] c.wms.connect.websocket.WebSocketServer  : 有新窗口开始监听:admin,当前在线人数为1
2025-02-11 11:46:16.635   INFO 7648 --- [nio-1217-exec-4] c.wms.connect.websocket.WebSocketServer  : 有一连接关闭！当前在线人数为0
2025-02-11 11:46:17.285   INFO 7648 --- [nio-1217-exec-9] c.wms.connect.websocket.WebSocketServer  : 有新窗口开始监听:admin,当前在线人数为1
2025-02-11 11:46:18.968   INFO 7648 --- [nio-1217-exec-6] c.wms.connect.websocket.WebSocketServer  : 有一连接关闭！当前在线人数为0
2025-02-11 11:46:19.582   INFO 7648 --- [nio-1217-exec-8] c.wms.connect.websocket.WebSocketServer  : 有新窗口开始监听:admin,当前在线人数为1
2025-02-11 11:46:25.871   INFO 7648 --- [nio-1217-exec-4] c.wms.connect.websocket.WebSocketServer  : 有一连接关闭！当前在线人数为0
2025-02-11 11:46:26.115   INFO 7648 --- [nio-1217-exec-9] c.wms.connect.websocket.WebSocketServer  : 有新窗口开始监听:admin,当前在线人数为1
2025-02-11 11:50:01.296   INFO 7648 --- [nio-1217-exec-9] c.wms.connect.websocket.WebSocketServer  : 有一连接关闭！当前在线人数为0
2025-02-11 11:50:01.962   INFO 7648 --- [nio-1217-exec-1] c.wms.connect.websocket.WebSocketServer  : 有新窗口开始监听:admin,当前在线人数为1
2025-02-11 12:00:33.933   INFO 7648 --- [nio-1217-exec-9] c.wms.connect.websocket.WebSocketServer  : 有一连接关闭！当前在线人数为0
2025-02-11 12:00:34.800   INFO 7648 --- [nio-1217-exec-1] c.wms.connect.websocket.WebSocketServer  : 有新窗口开始监听:admin,当前在线人数为1
2025-02-11 12:00:35.785   INFO 7648 --- [nio-1217-exec-2] c.wms.connect.websocket.WebSocketServer  : 有一连接关闭！当前在线人数为0
2025-02-11 12:00:36.391   INFO 7648 --- [nio-1217-exec-4] c.wms.connect.websocket.WebSocketServer  : 有新窗口开始监听:admin,当前在线人数为1
2025-02-11 13:34:49.228   INFO 7648 --- [nio-1217-exec-2] c.wms.connect.websocket.WebSocketServer  : 有一连接关闭！当前在线人数为0
2025-02-11 13:34:49.888   INFO 7648 --- [nio-1217-exec-5] c.wms.connect.websocket.WebSocketServer  : 有新窗口开始监听:admin,当前在线人数为1
2025-02-11 13:35:36.225   INFO 7648 --- [nio-1217-exec-4] c.wms.connect.websocket.WebSocketServer  : 有一连接关闭！当前在线人数为0
2025-02-11 13:35:36.897   INFO 7648 --- [nio-1217-exec-9] c.wms.connect.websocket.WebSocketServer  : 有新窗口开始监听:admin,当前在线人数为1
2025-02-11 13:36:00.157   INFO 7648 --- [nio-1217-exec-8] c.wms.connect.websocket.WebSocketServer  : 有一连接关闭！当前在线人数为0
2025-02-11 13:36:00.776   INFO 7648 --- [nio-1217-exec-3] c.wms.connect.websocket.WebSocketServer  : 有新窗口开始监听:admin,当前在线人数为1
2025-02-11 13:36:16.791   INFO 7648 --- [nio-1217-exec-1] c.wms.connect.websocket.WebSocketServer  : 有一连接关闭！当前在线人数为0
2025-02-11 13:36:17.260   INFO 7648 --- [nio-1217-exec-6] c.wms.connect.websocket.WebSocketServer  : 有新窗口开始监听:admin,当前在线人数为1
2025-02-11 13:39:55.376   INFO 7648 --- [nio-1217-exec-1] c.wms.connect.websocket.WebSocketServer  : 有一连接关闭！当前在线人数为0
2025-02-11 13:39:56.208   INFO 7648 --- [nio-1217-exec-6] c.wms.connect.websocket.WebSocketServer  : 有新窗口开始监听:admin,当前在线人数为1
2025-02-11 13:42:44.419   INFO 7648 --- [nio-1217-exec-5] c.wms.connect.websocket.WebSocketServer  : 有一连接关闭！当前在线人数为0
2025-02-11 13:42:45.086   INFO 7648 --- [io-1217-exec-10] c.wms.connect.websocket.WebSocketServer  : 有新窗口开始监听:admin,当前在线人数为1
2025-02-11 13:42:51.967   INFO 7648 --- [nio-1217-exec-3] c.wms.connect.websocket.WebSocketServer  : 有一连接关闭！当前在线人数为0
2025-02-11 13:42:52.600   INFO 7648 --- [nio-1217-exec-9] c.wms.connect.websocket.WebSocketServer  : 有新窗口开始监听:admin,当前在线人数为1
2025-02-11 13:43:00.375   INFO 7648 --- [io-1217-exec-10] c.wms.connect.websocket.WebSocketServer  : 有一连接关闭！当前在线人数为0
2025-02-11 13:43:00.843   INFO 7648 --- [nio-1217-exec-6] c.wms.connect.websocket.WebSocketServer  : 有新窗口开始监听:admin,当前在线人数为1
2025-02-11 13:46:04.130   INFO 7648 --- [io-1217-exec-10] c.wms.connect.websocket.WebSocketServer  : 有一连接关闭！当前在线人数为0
2025-02-11 13:46:04.785   INFO 7648 --- [nio-1217-exec-6] c.wms.connect.websocket.WebSocketServer  : 有新窗口开始监听:admin,当前在线人数为1
2025-02-11 13:46:04.845   INFO 7648 --- [nio-1217-exec-9] c.wms.connect.websocket.WebSocketServer  : 有一连接关闭！当前在线人数为0
2025-02-11 13:46:05.503   INFO 7648 --- [nio-1217-exec-7] c.wms.connect.websocket.WebSocketServer  : 有新窗口开始监听:admin,当前在线人数为1
2025-02-11 13:49:17.738   INFO 7648 --- [nio-1217-exec-1] c.wms.connect.websocket.WebSocketServer  : 有一连接关闭！当前在线人数为0
2025-02-11 13:49:18.308   INFO 7648 --- [nio-1217-exec-5] c.wms.connect.websocket.WebSocketServer  : 有新窗口开始监听:admin,当前在线人数为1
2025-02-11 13:51:14.708   INFO 7648 --- [nio-1217-exec-8] c.wms.connect.websocket.WebSocketServer  : 有一连接关闭！当前在线人数为0
2025-02-11 13:51:15.322   INFO 7648 --- [nio-1217-exec-9] c.wms.connect.websocket.WebSocketServer  : 有新窗口开始监听:admin,当前在线人数为1
2025-02-11 13:51:20.251   INFO 7648 --- [nio-1217-exec-1] c.wms.connect.websocket.WebSocketServer  : 有一连接关闭！当前在线人数为0
2025-02-11 13:51:20.870   INFO 7648 --- [nio-1217-exec-5] c.wms.connect.websocket.WebSocketServer  : 有新窗口开始监听:admin,当前在线人数为1
2025-02-11 13:51:27.403   INFO 7648 --- [nio-1217-exec-9] c.wms.connect.websocket.WebSocketServer  : 有一连接关闭！当前在线人数为0
2025-02-11 13:51:27.888   INFO 7648 --- [nio-1217-exec-4] c.wms.connect.websocket.WebSocketServer  : 有新窗口开始监听:admin,当前在线人数为1
2025-02-11 13:52:32.098   INFO 7648 --- [nio-1217-exec-9] c.wms.connect.websocket.WebSocketServer  : 有一连接关闭！当前在线人数为0
2025-02-11 13:52:32.749   INFO 7648 --- [nio-1217-exec-7] c.wms.connect.websocket.WebSocketServer  : 有新窗口开始监听:admin,当前在线人数为1
2025-02-11 13:53:12.401   INFO 7648 --- [nio-1217-exec-5] c.wms.connect.websocket.WebSocketServer  : 有一连接关闭！当前在线人数为0
2025-02-11 13:53:12.731   INFO 7648 --- [nio-1217-exec-6] c.wms.connect.websocket.WebSocketServer  : 有新窗口开始监听:admin,当前在线人数为1
2025-02-11 13:53:30.984   INFO 7648 --- [io-1217-exec-10] c.wms.connect.websocket.WebSocketServer  : 有一连接关闭！当前在线人数为0
2025-02-11 13:53:31.198   INFO 7648 --- [nio-1217-exec-1] c.wms.connect.websocket.WebSocketServer  : 有新窗口开始监听:admin,当前在线人数为1
2025-02-11 13:53:53.406   INFO 7648 --- [nio-1217-exec-7] c.wms.connect.websocket.WebSocketServer  : 有一连接关闭！当前在线人数为0
2025-02-11 13:53:53.515   INFO 7648 --- [nio-1217-exec-5] c.wms.connect.websocket.WebSocketServer  : 有新窗口开始监听:admin,当前在线人数为1
2025-02-11 13:55:18.707   INFO 7648 --- [nio-1217-exec-5] c.wms.connect.websocket.WebSocketServer  : 有一连接关闭！当前在线人数为0
2025-02-11 13:55:18.924   INFO 7648 --- [nio-1217-exec-6] c.wms.connect.websocket.WebSocketServer  : 有新窗口开始监听:admin,当前在线人数为1
2025-02-11 13:55:18.969   INFO 7648 --- [nio-1217-exec-3] c.wms.connect.websocket.WebSocketServer  : 有一连接关闭！当前在线人数为0
2025-02-11 13:55:19.134   INFO 7648 --- [nio-1217-exec-7] c.wms.connect.websocket.WebSocketServer  : 有新窗口开始监听:admin,当前在线人数为1
2025-02-11 13:56:10.537   INFO 7648 --- [nio-1217-exec-2] c.wms.connect.websocket.WebSocketServer  : 有一连接关闭！当前在线人数为0
2025-02-11 13:56:10.712   INFO 7648 --- [nio-1217-exec-3] c.wms.connect.websocket.WebSocketServer  : 有新窗口开始监听:admin,当前在线人数为1
2025-02-11 13:56:12.798   INFO 7648 --- [nio-1217-exec-1] c.wms.connect.websocket.WebSocketServer  : 有一连接关闭！当前在线人数为0
2025-02-11 13:56:12.918   INFO 7648 --- [nio-1217-exec-8] c.wms.connect.websocket.WebSocketServer  : 有新窗口开始监听:admin,当前在线人数为1
2025-02-11 13:57:09.191   INFO 7648 --- [io-1217-exec-10] c.wms.connect.websocket.WebSocketServer  : 有一连接关闭！当前在线人数为0
2025-02-11 13:57:09.918   INFO 7648 --- [nio-1217-exec-1] c.wms.connect.websocket.WebSocketServer  : 有新窗口开始监听:admin,当前在线人数为1
2025-02-11 13:57:27.270   INFO 7648 --- [nio-1217-exec-9] c.wms.connect.websocket.WebSocketServer  : 有一连接关闭！当前在线人数为0
2025-02-11 13:57:27.524   INFO 7648 --- [nio-1217-exec-4] c.wms.connect.websocket.WebSocketServer  : 有新窗口开始监听:admin,当前在线人数为1
2025-02-11 13:59:53.413   INFO 7648 --- [nio-1217-exec-4] c.wms.connect.websocket.WebSocketServer  : 有一连接关闭！当前在线人数为0
2025-02-11 13:59:53.699   INFO 7648 --- [nio-1217-exec-7] c.wms.connect.websocket.WebSocketServer  : 有新窗口开始监听:admin,当前在线人数为1
2025-02-11 14:02:53.951   INFO 7648 --- [io-1217-exec-10] c.wms.connect.websocket.WebSocketServer  : 有一连接关闭！当前在线人数为0
2025-02-11 14:02:54.284   INFO 7648 --- [nio-1217-exec-5] c.wms.connect.websocket.WebSocketServer  : 有新窗口开始监听:admin,当前在线人数为1
2025-02-11 14:12:35.468   INFO 7648 --- [nio-1217-exec-2] c.wms.connect.websocket.WebSocketServer  : 有一连接关闭！当前在线人数为0
2025-02-11 14:12:36.066   INFO 7648 --- [nio-1217-exec-9] c.wms.connect.websocket.WebSocketServer  : 有新窗口开始监听:admin,当前在线人数为1
2025-02-11 14:12:54.411   INFO 7648 --- [nio-1217-exec-5] c.wms.connect.websocket.WebSocketServer  : 有一连接关闭！当前在线人数为0
2025-02-11 14:12:55.038   INFO 7648 --- [nio-1217-exec-8] c.wms.connect.websocket.WebSocketServer  : 有新窗口开始监听:admin,当前在线人数为1
2025-02-11 15:20:22.338   INFO 7648 --- [nio-1217-exec-1] c.wms.connect.websocket.WebSocketServer  : 有一连接关闭！当前在线人数为0
2025-02-11 15:20:22.652   INFO 7648 --- [nio-1217-exec-6] c.wms.connect.websocket.WebSocketServer  : 有新窗口开始监听:admin,当前在线人数为1
2025-02-11 15:23:07.793   INFO 7648 --- [nio-1217-exec-7] c.wms.connect.websocket.WebSocketServer  : 有一连接关闭！当前在线人数为0
2025-02-11 15:23:08.107   INFO 7648 --- [nio-1217-exec-5] c.wms.connect.websocket.WebSocketServer  : 有新窗口开始监听:admin,当前在线人数为1
2025-02-11 15:23:14.064   INFO 7648 --- [nio-1217-exec-2] c.wms.connect.websocket.WebSocketServer  : 有一连接关闭！当前在线人数为0
2025-02-11 15:23:14.236   INFO 7648 --- [nio-1217-exec-4] c.wms.connect.websocket.WebSocketServer  : 有新窗口开始监听:admin,当前在线人数为1
2025-02-11 15:27:16.389   INFO 7648 --- [nio-1217-exec-1] c.wms.connect.websocket.WebSocketServer  : 有一连接关闭！当前在线人数为0
2025-02-11 15:27:16.691   INFO 7648 --- [nio-1217-exec-6] c.wms.connect.websocket.WebSocketServer  : 有新窗口开始监听:admin,当前在线人数为1
2025-02-11 15:27:36.429   INFO 7648 --- [nio-1217-exec-7] c.wms.connect.websocket.WebSocketServer  : 有一连接关闭！当前在线人数为0
2025-02-11 15:27:36.701   INFO 7648 --- [nio-1217-exec-5] c.wms.connect.websocket.WebSocketServer  : 有新窗口开始监听:admin,当前在线人数为1
2025-02-11 15:33:23.313   INFO 7648 --- [nio-1217-exec-4] c.wms.connect.websocket.WebSocketServer  : 有一连接关闭！当前在线人数为0
2025-02-11 15:33:23.694   INFO 7648 --- [nio-1217-exec-9] c.wms.connect.websocket.WebSocketServer  : 有新窗口开始监听:admin,当前在线人数为1
2025-02-11 15:33:51.492   INFO 7648 --- [nio-1217-exec-6] c.wms.connect.websocket.WebSocketServer  : 有一连接关闭！当前在线人数为0
2025-02-11 15:33:51.802   INFO 7648 --- [nio-1217-exec-4] c.wms.connect.websocket.WebSocketServer  : 有新窗口开始监听:admin,当前在线人数为1
2025-02-11 15:38:39.263   INFO 7648 --- [nio-1217-exec-2] c.wms.connect.websocket.WebSocketServer  : 有一连接关闭！当前在线人数为0
2025-02-11 15:38:39.588   INFO 7648 --- [nio-1217-exec-3] c.wms.connect.websocket.WebSocketServer  : 有新窗口开始监听:admin,当前在线人数为1
2025-02-11 15:38:39.698   INFO 7648 --- [nio-1217-exec-5] c.wms.connect.websocket.WebSocketServer  : 有一连接关闭！当前在线人数为0
2025-02-11 15:38:39.974   INFO 7648 --- [nio-1217-exec-8] c.wms.connect.websocket.WebSocketServer  : 有新窗口开始监听:admin,当前在线人数为1
2025-02-11 15:40:32.508   INFO 7648 --- [nio-1217-exec-1] c.wms.connect.websocket.WebSocketServer  : 有一连接关闭！当前在线人数为0
2025-02-11 15:40:33.163   INFO 7648 --- [nio-1217-exec-6] c.wms.connect.websocket.WebSocketServer  : 有新窗口开始监听:admin,当前在线人数为1
2025-02-11 15:41:55.094   INFO 7648 --- [nio-1217-exec-1] c.wms.connect.websocket.WebSocketServer  : 有一连接关闭！当前在线人数为0
2025-02-11 15:41:55.755   INFO 7648 --- [nio-1217-exec-6] c.wms.connect.websocket.WebSocketServer  : 有新窗口开始监听:admin,当前在线人数为1
2025-02-11 15:42:10.302   INFO 7648 --- [nio-1217-exec-5] c.wms.connect.websocket.WebSocketServer  : 有一连接关闭！当前在线人数为0
2025-02-11 15:42:10.946   INFO 7648 --- [io-1217-exec-10] c.wms.connect.websocket.WebSocketServer  : 有新窗口开始监听:admin,当前在线人数为1
2025-02-11 15:42:27.553   INFO 7648 --- [nio-1217-exec-4] c.wms.connect.websocket.WebSocketServer  : 有一连接关闭！当前在线人数为0
2025-02-11 15:42:35.870   INFO 7648 --- [nio-1217-exec-5] c.wms.connect.websocket.WebSocketServer  : 有新窗口开始监听:admin,当前在线人数为1
2025-02-11 15:42:36.962   INFO 7648 --- [nio-1217-exec-1] c.wms.connect.websocket.WebSocketServer  : 有一连接关闭！当前在线人数为0
2025-02-11 15:42:37.695   INFO 7648 --- [nio-1217-exec-6] c.wms.connect.websocket.WebSocketServer  : 有新窗口开始监听:admin,当前在线人数为1
2025-02-11 15:44:58.872   INFO 7648 --- [io-1217-exec-10] c.wms.connect.websocket.WebSocketServer  : 有一连接关闭！当前在线人数为0
2025-02-11 15:44:59.444   INFO 7648 --- [nio-1217-exec-8] c.wms.connect.websocket.WebSocketServer  : 有新窗口开始监听:admin,当前在线人数为1
2025-02-11 15:45:30.339   INFO 7648 --- [nio-1217-exec-7] c.wms.connect.websocket.WebSocketServer  : 有一连接关闭！当前在线人数为0
2025-02-11 15:45:30.988   INFO 7648 --- [nio-1217-exec-1] c.wms.connect.websocket.WebSocketServer  : 有新窗口开始监听:admin,当前在线人数为1
2025-02-11 15:45:41.908   INFO 7648 --- [nio-1217-exec-3] c.wms.connect.websocket.WebSocketServer  : 有一连接关闭！当前在线人数为0
2025-02-11 15:45:42.397   INFO 7648 --- [nio-1217-exec-5] c.wms.connect.websocket.WebSocketServer  : 有新窗口开始监听:admin,当前在线人数为1
2025-02-11 15:46:30.260   INFO 7648 --- [nio-1217-exec-6] c.wms.connect.websocket.WebSocketServer  : 有一连接关闭！当前在线人数为0
2025-02-11 15:46:56.086   INFO 7648 --- [nio-1217-exec-5] c.wms.connect.websocket.WebSocketServer  : 有新窗口开始监听:admin,当前在线人数为1
2025-02-11 15:47:00.552   INFO 7648 --- [nio-1217-exec-1] c.wms.connect.websocket.WebSocketServer  : 有一连接关闭！当前在线人数为0
2025-02-11 15:47:01.106   INFO 7648 --- [nio-1217-exec-6] c.wms.connect.websocket.WebSocketServer  : 有新窗口开始监听:admin,当前在线人数为1
2025-02-11 15:47:16.066   INFO 7648 --- [nio-1217-exec-9] c.wms.connect.websocket.WebSocketServer  : 有一连接关闭！当前在线人数为0
2025-02-11 15:47:16.551   INFO 7648 --- [nio-1217-exec-7] c.wms.connect.websocket.WebSocketServer  : 有新窗口开始监听:admin,当前在线人数为1
2025-02-11 15:47:20.761   INFO 7648 --- [nio-1217-exec-8] c.wms.connect.websocket.WebSocketServer  : 有一连接关闭！当前在线人数为0
2025-02-11 15:47:21.238   INFO 7648 --- [nio-1217-exec-4] c.wms.connect.websocket.WebSocketServer  : 有新窗口开始监听:admin,当前在线人数为1
2025-02-11 15:47:53.992   INFO 7648 --- [nio-1217-exec-5] c.wms.connect.websocket.WebSocketServer  : 有一连接关闭！当前在线人数为0
2025-02-11 15:47:54.795   INFO 7648 --- [io-1217-exec-10] c.wms.connect.websocket.WebSocketServer  : 有新窗口开始监听:admin,当前在线人数为1
2025-02-11 15:48:24.524   INFO 7648 --- [nio-1217-exec-9] c.wms.connect.websocket.WebSocketServer  : 有一连接关闭！当前在线人数为0
2025-02-11 15:48:25.298   INFO 7648 --- [nio-1217-exec-7] c.wms.connect.websocket.WebSocketServer  : 有新窗口开始监听:admin,当前在线人数为1
2025-02-11 15:48:57.354   INFO 7648 --- [nio-1217-exec-4] c.wms.connect.websocket.WebSocketServer  : 有一连接关闭！当前在线人数为0
2025-02-11 15:48:57.984   INFO 7648 --- [nio-1217-exec-2] c.wms.connect.websocket.WebSocketServer  : 有新窗口开始监听:admin,当前在线人数为1
2025-02-11 15:48:58.063   INFO 7648 --- [io-1217-exec-10] c.wms.connect.websocket.WebSocketServer  : 有一连接关闭！当前在线人数为0
2025-02-11 15:48:58.533   INFO 7648 --- [nio-1217-exec-8] c.wms.connect.websocket.WebSocketServer  : 有新窗口开始监听:admin,当前在线人数为1
2025-02-11 15:49:19.375   INFO 7648 --- [nio-1217-exec-9] c.wms.connect.websocket.WebSocketServer  : 有一连接关闭！当前在线人数为0
2025-02-11 15:49:19.849   INFO 7648 --- [io-1217-exec-10] c.wms.connect.websocket.WebSocketServer  : 有新窗口开始监听:admin,当前在线人数为1
2025-02-11 15:50:56.202   INFO 7648 --- [nio-1217-exec-5] c.wms.connect.websocket.WebSocketServer  : 有一连接关闭！当前在线人数为0
2025-02-11 15:50:56.799   INFO 7648 --- [nio-1217-exec-7] c.wms.connect.websocket.WebSocketServer  : 有新窗口开始监听:admin,当前在线人数为1
2025-02-11 15:52:31.389   INFO 7648 --- [nio-1217-exec-5] c.wms.connect.websocket.WebSocketServer  : 有一连接关闭！当前在线人数为0
2025-02-11 15:52:32.027   INFO 7648 --- [nio-1217-exec-7] c.wms.connect.websocket.WebSocketServer  : 有新窗口开始监听:admin,当前在线人数为1
2025-02-11 15:53:36.746   INFO 7648 --- [io-1217-exec-10] c.wms.connect.websocket.WebSocketServer  : 有一连接关闭！当前在线人数为0
2025-02-11 15:53:37.332   INFO 7648 --- [nio-1217-exec-8] c.wms.connect.websocket.WebSocketServer  : 有新窗口开始监听:admin,当前在线人数为1
2025-02-11 15:53:43.275   INFO 7648 --- [nio-1217-exec-9] c.wms.connect.websocket.WebSocketServer  : 有一连接关闭！当前在线人数为0
2025-02-11 15:53:44.505   INFO 7648 --- [nio-1217-exec-4] c.wms.connect.websocket.WebSocketServer  : 有新窗口开始监听:admin,当前在线人数为1
2025-02-11 15:53:44.602   INFO 7648 --- [nio-1217-exec-8] c.wms.connect.websocket.WebSocketServer  : 有一连接关闭！当前在线人数为0
2025-02-11 15:53:45.133   INFO 7648 --- [nio-1217-exec-6] c.wms.connect.websocket.WebSocketServer  : 有新窗口开始监听:admin,当前在线人数为1
2025-02-11 15:53:46.995   INFO 7648 --- [nio-1217-exec-4] c.wms.connect.websocket.WebSocketServer  : 有一连接关闭！当前在线人数为0
2025-02-11 15:53:47.444   INFO 7648 --- [io-1217-exec-10] c.wms.connect.websocket.WebSocketServer  : 有新窗口开始监听:admin,当前在线人数为1
2025-02-11 15:53:58.373   INFO 7648 --- [nio-1217-exec-2] c.wms.connect.websocket.WebSocketServer  : 有一连接关闭！当前在线人数为0
2025-02-11 15:53:58.887   INFO 7648 --- [nio-1217-exec-3] c.wms.connect.websocket.WebSocketServer  : 有新窗口开始监听:admin,当前在线人数为1
2025-02-11 15:54:09.836   INFO 7648 --- [nio-1217-exec-7] c.wms.connect.websocket.WebSocketServer  : 有一连接关闭！当前在线人数为0
2025-02-11 15:54:10.411   INFO 7648 --- [nio-1217-exec-2] c.wms.connect.websocket.WebSocketServer  : 有新窗口开始监听:admin,当前在线人数为1
2025-02-11 15:54:22.345   INFO 7648 --- [nio-1217-exec-1] c.wms.connect.websocket.WebSocketServer  : 有一连接关闭！当前在线人数为0
2025-02-11 15:54:22.979   INFO 7648 --- [nio-1217-exec-2] c.wms.connect.websocket.WebSocketServer  : 有新窗口开始监听:admin,当前在线人数为1
2025-02-11 15:54:24.692   INFO 7648 --- [nio-1217-exec-5] c.wms.connect.websocket.WebSocketServer  : 有一连接关闭！当前在线人数为0
2025-02-11 15:54:26.208   INFO 7648 --- [nio-1217-exec-6] c.wms.connect.websocket.WebSocketServer  : 有新窗口开始监听:admin,当前在线人数为1
2025-02-11 15:54:47.473   INFO 7648 --- [nio-1217-exec-1] c.wms.connect.websocket.WebSocketServer  : 有一连接关闭！当前在线人数为0
2025-02-11 15:54:48.141   INFO 7648 --- [nio-1217-exec-2] c.wms.connect.websocket.WebSocketServer  : 有新窗口开始监听:admin,当前在线人数为1
2025-02-11 15:55:20.314   INFO 7648 --- [nio-1217-exec-8] c.wms.connect.websocket.WebSocketServer  : 有一连接关闭！当前在线人数为0
2025-02-11 15:55:20.871   INFO 7648 --- [nio-1217-exec-1] c.wms.connect.websocket.WebSocketServer  : 有新窗口开始监听:admin,当前在线人数为1
2025-02-11 15:55:37.548   INFO 7648 --- [nio-1217-exec-5] c.wms.connect.websocket.WebSocketServer  : 有一连接关闭！当前在线人数为0
2025-02-11 15:55:38.068   INFO 7648 --- [nio-1217-exec-8] c.wms.connect.websocket.WebSocketServer  : 有新窗口开始监听:admin,当前在线人数为1
2025-02-11 15:55:50.324   INFO 7648 --- [nio-1217-exec-3] c.wms.connect.websocket.WebSocketServer  : 有一连接关闭！当前在线人数为0
2025-02-11 15:55:50.830   INFO 7648 --- [nio-1217-exec-4] c.wms.connect.websocket.WebSocketServer  : 有新窗口开始监听:admin,当前在线人数为1
2025-02-11 15:55:59.564   INFO 7648 --- [nio-1217-exec-7] c.wms.connect.websocket.WebSocketServer  : 有一连接关闭！当前在线人数为0
2025-02-11 15:56:00.111   INFO 7648 --- [nio-1217-exec-6] c.wms.connect.websocket.WebSocketServer  : 有新窗口开始监听:admin,当前在线人数为1
2025-02-11 15:56:10.996   INFO 7648 --- [nio-1217-exec-4] c.wms.connect.websocket.WebSocketServer  : 有一连接关闭！当前在线人数为0
2025-02-11 15:56:11.578   INFO 7648 --- [io-1217-exec-10] c.wms.connect.websocket.WebSocketServer  : 有新窗口开始监听:admin,当前在线人数为1
2025-02-11 15:56:12.140   INFO 7648 --- [nio-1217-exec-6] c.wms.connect.websocket.WebSocketServer  : 有一连接关闭！当前在线人数为0
2025-02-11 15:56:12.620   INFO 7648 --- [nio-1217-exec-3] c.wms.connect.websocket.WebSocketServer  : 有新窗口开始监听:admin,当前在线人数为1
2025-02-11 15:56:23.022   INFO 7648 --- [nio-1217-exec-8] c.wms.connect.websocket.WebSocketServer  : 有一连接关闭！当前在线人数为0
2025-02-11 15:56:23.534   INFO 7648 --- [nio-1217-exec-1] c.wms.connect.websocket.WebSocketServer  : 有新窗口开始监听:admin,当前在线人数为1
2025-02-11 15:56:33.857   INFO 7648 --- [nio-1217-exec-4] c.wms.connect.websocket.WebSocketServer  : 有一连接关闭！当前在线人数为0
2025-02-11 15:56:34.347   INFO 7648 --- [io-1217-exec-10] c.wms.connect.websocket.WebSocketServer  : 有新窗口开始监听:admin,当前在线人数为1
2025-02-11 15:56:55.162   INFO 7648 --- [nio-1217-exec-3] c.wms.connect.websocket.WebSocketServer  : 有一连接关闭！当前在线人数为0
2025-02-11 15:56:55.662   INFO 7648 --- [nio-1217-exec-4] c.wms.connect.websocket.WebSocketServer  : 有新窗口开始监听:admin,当前在线人数为1
2025-02-11 15:57:40.575   INFO 7648 --- [nio-1217-exec-1] c.wms.connect.websocket.WebSocketServer  : 有一连接关闭！当前在线人数为0
2025-02-11 15:57:41.169   INFO 7648 --- [nio-1217-exec-2] c.wms.connect.websocket.WebSocketServer  : 有新窗口开始监听:admin,当前在线人数为1
2025-02-11 15:57:49.991   INFO 7648 --- [nio-1217-exec-5] c.wms.connect.websocket.WebSocketServer  : 有一连接关闭！当前在线人数为0
2025-02-11 15:57:50.639   INFO 7648 --- [nio-1217-exec-8] c.wms.connect.websocket.WebSocketServer  : 有新窗口开始监听:admin,当前在线人数为1
2025-02-11 15:58:10.253   INFO 7648 --- [nio-1217-exec-3] c.wms.connect.websocket.WebSocketServer  : 有一连接关闭！当前在线人数为0
2025-02-11 15:58:28.153   INFO 7648 --- [nio-1217-exec-5] c.wms.connect.websocket.WebSocketServer  : 有新窗口开始监听:admin,当前在线人数为1
2025-02-11 15:58:30.017   INFO 7648 --- [nio-1217-exec-7] c.wms.connect.websocket.WebSocketServer  : 有一连接关闭！当前在线人数为0
2025-02-11 15:58:30.490   INFO 7648 --- [nio-1217-exec-6] c.wms.connect.websocket.WebSocketServer  : 有新窗口开始监听:admin,当前在线人数为1
2025-02-11 16:01:32.579   INFO 7648 --- [nio-1217-exec-3] c.wms.connect.websocket.WebSocketServer  : 有一连接关闭！当前在线人数为0
2025-02-11 16:01:32.891   INFO 7648 --- [nio-1217-exec-4] c.wms.connect.websocket.WebSocketServer  : 有新窗口开始监听:admin,当前在线人数为1
2025-02-11 16:01:43.647   INFO 7648 --- [nio-1217-exec-1] c.wms.connect.websocket.WebSocketServer  : 有一连接关闭！当前在线人数为0
2025-02-11 16:01:44.261   INFO 7648 --- [nio-1217-exec-2] c.wms.connect.websocket.WebSocketServer  : 有新窗口开始监听:admin,当前在线人数为1
2025-02-11 16:01:51.970   INFO 7648 --- [nio-1217-exec-5] c.wms.connect.websocket.WebSocketServer  : 有一连接关闭！当前在线人数为0
2025-02-11 16:01:52.468   INFO 7648 --- [nio-1217-exec-8] c.wms.connect.websocket.WebSocketServer  : 有新窗口开始监听:admin,当前在线人数为1
2025-02-11 16:03:15.114   INFO 7648 --- [io-1217-exec-10] c.wms.connect.websocket.WebSocketServer  : 有一连接关闭！当前在线人数为0
2025-02-11 16:03:15.740   INFO 7648 --- [nio-1217-exec-7] c.wms.connect.websocket.WebSocketServer  : 有新窗口开始监听:admin,当前在线人数为1
2025-02-11 16:03:32.380   INFO 7648 --- [nio-1217-exec-3] c.wms.connect.websocket.WebSocketServer  : 有一连接关闭！当前在线人数为0
2025-02-11 16:03:33.058   INFO 7648 --- [nio-1217-exec-5] c.wms.connect.websocket.WebSocketServer  : 有新窗口开始监听:admin,当前在线人数为1
2025-02-11 16:04:07.808   INFO 7648 --- [nio-1217-exec-6] c.wms.connect.websocket.WebSocketServer  : 有一连接关闭！当前在线人数为0
2025-02-11 16:04:19.965   INFO 7648 --- [nio-1217-exec-3] c.wms.connect.websocket.WebSocketServer  : 有新窗口开始监听:admin,当前在线人数为1
2025-02-11 16:04:35.604   INFO 7648 --- [nio-1217-exec-7] c.wms.connect.websocket.WebSocketServer  : 有一连接关闭！当前在线人数为0
2025-02-11 16:04:36.066   INFO 7648 --- [nio-1217-exec-6] c.wms.connect.websocket.WebSocketServer  : 有新窗口开始监听:admin,当前在线人数为1
2025-02-11 16:04:55.357   INFO 7648 --- [nio-1217-exec-5] c.wms.connect.websocket.WebSocketServer  : 有一连接关闭！当前在线人数为0
2025-02-11 16:04:55.840   INFO 7648 --- [nio-1217-exec-8] c.wms.connect.websocket.WebSocketServer  : 有新窗口开始监听:admin,当前在线人数为1
2025-02-11 16:05:23.303   INFO 7648 --- [nio-1217-exec-3] c.wms.connect.websocket.WebSocketServer  : 有一连接关闭！当前在线人数为0
2025-02-11 16:05:23.809   INFO 7648 --- [nio-1217-exec-5] c.wms.connect.websocket.WebSocketServer  : 有新窗口开始监听:admin,当前在线人数为1
2025-02-11 16:05:43.996   INFO 7648 --- [nio-1217-exec-6] c.wms.connect.websocket.WebSocketServer  : 有一连接关闭！当前在线人数为0
2025-02-11 16:05:44.505   INFO 7648 --- [nio-1217-exec-9] c.wms.connect.websocket.WebSocketServer  : 有新窗口开始监听:admin,当前在线人数为1
2025-02-11 16:06:16.322   INFO 7648 --- [nio-1217-exec-7] c.wms.connect.websocket.WebSocketServer  : 有一连接关闭！当前在线人数为0
2025-02-11 16:06:16.831   INFO 7648 --- [nio-1217-exec-6] c.wms.connect.websocket.WebSocketServer  : 有新窗口开始监听:admin,当前在线人数为1
2025-02-11 17:16:35.087   INFO 7648 --- [nio-1217-exec-2] c.wms.connect.websocket.WebSocketServer  : 有一连接关闭！当前在线人数为0
2025-02-11 17:16:35.398   INFO 7648 --- [nio-1217-exec-4] c.wms.connect.websocket.WebSocketServer  : 有新窗口开始监听:admin,当前在线人数为1
2025-02-11 19:17:25.369   INFO 7648 --- [ionShutdownHook] c.wms.connect.websocket.WebSocketServer  : 有一连接关闭！当前在线人数为0
2025-02-11 19:17:25.642   INFO 7648 --- [ionShutdownHook] com.alibaba.druid.pool.DruidDataSource   : {dataSource-1} closing ...
2025-02-11 19:17:25.644   INFO 7648 --- [ionShutdownHook] com.alibaba.druid.pool.DruidDataSource   : {dataSource-1} closed
