2025-03-13 13:52:30.988   INFO 21688 --- [           main] com.wms.WmsServerApplication             : Starting WmsServerApplication using Java 17.0.5 on Disney with PID 21688 (K:\GitHub\notes\project\wms-server\target\classes started by qe249 in K:\GitHub\notes\project\wms-server)
2025-03-13 13:52:30.991   INFO 21688 --- [           main] com.wms.WmsServerApplication             : The following 1 profile is active: "dev"
2025-03-13 13:52:33.863   INFO 21688 --- [           main] .s.d.r.c.RepositoryConfigurationDelegate : Multiple Spring Data modules found, entering strict repository configuration mode
2025-03-13 13:52:33.868   INFO 21688 --- [           main] .s.d.r.c.RepositoryConfigurationDelegate : Bootstrapping Spring Data Redis repositories in DEFAULT mode.
2025-03-13 13:52:33.914   INFO 21688 --- [           main] .s.d.r.c.RepositoryConfigurationDelegate : Finished Spring Data repository scanning in 29 ms. Found 0 Redis repository interfaces.
2025-03-13 13:52:37.203   INFO 21688 --- [           main] o.s.b.w.embedded.tomcat.TomcatWebServer  : Tomcat initialized with port(s): 1217 (http)
2025-03-13 13:52:37.218   INFO 21688 --- [           main] o.a.coyote.http11.Http11NioProtocol      : Initializing ProtocolHandler ["http-nio-1217"]
2025-03-13 13:52:37.218   INFO 21688 --- [           main] o.apache.catalina.core.StandardService   : Starting service [Tomcat]
2025-03-13 13:52:37.219   INFO 21688 --- [           main] org.apache.catalina.core.StandardEngine  : Starting Servlet engine: [Apache Tomcat/9.0.68]
2025-03-13 13:52:37.384   INFO 21688 --- [           main] o.a.c.c.C.[Tomcat].[localhost].[/]       : Initializing Spring embedded WebApplicationContext
2025-03-13 13:52:37.384   INFO 21688 --- [           main] w.s.c.ServletWebServerApplicationContext : Root WebApplicationContext: initialization completed in 6327 ms
2025-03-13 13:52:37.518   INFO 21688 --- [           main] c.a.d.s.b.a.DruidDataSourceAutoConfigure : Init DruidDataSource
2025-03-13 13:52:37.794   INFO 21688 --- [           main] com.alibaba.druid.pool.DruidDataSource   : {dataSource-1} inited
2025-03-13 13:52:40.182   INFO 21688 --- [           main] o.s.b.a.w.s.WelcomePageHandlerMapping    : Adding welcome page: class path resource [static/index.html]
2025-03-13 13:52:41.048   INFO 21688 --- [           main] o.s.s.web.DefaultSecurityFilterChain     : Will not secure Ant [pattern='/static/**']
2025-03-13 13:52:41.049   INFO 21688 --- [           main] o.s.s.web.DefaultSecurityFilterChain     : Will not secure Ant [pattern='/index.html']
2025-03-13 13:52:41.049   INFO 21688 --- [           main] o.s.s.web.DefaultSecurityFilterChain     : Will not secure Ant [pattern='/*.ico']
2025-03-13 13:52:41.049   INFO 21688 --- [           main] o.s.s.web.DefaultSecurityFilterChain     : Will not secure Ant [pattern='/']
2025-03-13 13:52:41.049   INFO 21688 --- [           main] o.s.s.web.DefaultSecurityFilterChain     : Will not secure Ant [pattern='/websocket']
2025-03-13 13:52:41.049   INFO 21688 --- [           main] o.s.s.web.DefaultSecurityFilterChain     : Will not secure Ant [pattern='/swagger-resources/**']
2025-03-13 13:52:41.050   INFO 21688 --- [           main] o.s.s.web.DefaultSecurityFilterChain     : Will not secure Ant [pattern='/v3/**']
2025-03-13 13:52:41.050   INFO 21688 --- [           main] o.s.s.web.DefaultSecurityFilterChain     : Will not secure Ant [pattern='/**/v3/api-docs']
2025-03-13 13:52:41.050   INFO 21688 --- [           main] o.s.s.web.DefaultSecurityFilterChain     : Will not secure Ant [pattern='/v2/**']
2025-03-13 13:52:41.051   INFO 21688 --- [           main] o.s.s.web.DefaultSecurityFilterChain     : Will not secure Ant [pattern='/**/v2/api-docs']
2025-03-13 13:52:41.051   INFO 21688 --- [           main] o.s.s.web.DefaultSecurityFilterChain     : Will not secure Ant [pattern='/swagger-ui/**']
2025-03-13 13:52:41.103   INFO 21688 --- [           main] o.s.s.web.DefaultSecurityFilterChain     : Will secure com.wms.config.SecurityConfig$$Lambda$1083/0x00000008013c92e0@49c37918 with [org.springframework.security.web.context.request.async.WebAsyncManagerIntegrationFilter@43de88f3, org.springframework.security.web.context.SecurityContextPersistenceFilter@d43f205, org.springframework.security.web.header.HeaderWriterFilter@727e61ed, org.springframework.web.filter.CorsFilter@347c5721, org.springframework.security.web.authentication.logout.LogoutFilter@2a15bbf3, com.wms.filter.jwt.JwtAuthenticationTokenFilter@2cc61b3b, org.springframework.security.web.session.ConcurrentSessionFilter@3cc5408c, org.springframework.security.web.savedrequest.RequestCacheAwareFilter@1e366f0f, org.springframework.security.web.servletapi.SecurityContextHolderAwareRequestFilter@48b01607, org.springframework.security.web.authentication.AnonymousAuthenticationFilter@4d22265c, org.springframework.security.web.session.SessionManagementFilter@7d65c0ac, org.springframework.security.web.access.ExceptionTranslationFilter@3146f3d7, org.springframework.security.web.access.intercept.FilterSecurityInterceptor@2f7d8a7c]
2025-03-13 13:52:41.216   INFO 21688 --- [           main] o.a.coyote.http11.Http11NioProtocol      : Starting ProtocolHandler ["http-nio-1217"]
2025-03-13 13:52:41.253   INFO 21688 --- [           main] o.s.b.w.embedded.tomcat.TomcatWebServer  : Tomcat started on port(s): 1217 (http) with context path ''
2025-03-13 13:52:41.935   INFO 21688 --- [           main] com.wms.WmsServerApplication             : Started WmsServerApplication in 11.533 seconds (JVM running for 13.872)
2025-03-13 13:52:41.940   INFO 21688 --- [           main] com.wms.runner.WmsApplicationRunner      : 定时任务启动完成----------Thu Mar 13 13:52:41 CST 2025
2025-03-13 13:54:08.481   INFO 21688 --- [nio-1217-exec-1] o.a.c.c.C.[Tomcat].[localhost].[/]       : Initializing Spring DispatcherServlet 'dispatcherServlet'
2025-03-13 13:54:08.481   INFO 21688 --- [nio-1217-exec-1] o.s.web.servlet.DispatcherServlet        : Initializing Servlet 'dispatcherServlet'
2025-03-13 13:54:08.482   INFO 21688 --- [nio-1217-exec-1] o.s.web.servlet.DispatcherServlet        : Completed initialization in 1 ms
2025-03-13 13:54:09.068   INFO 21688 --- [nio-1217-exec-5] c.wms.connect.websocket.WebSocketServer  : 有新窗口开始监听:admin,当前在线人数为1
2025-03-13 13:56:05.959   INFO 21688 --- [nio-1217-exec-2] c.wms.connect.websocket.WebSocketServer  : 有一连接关闭！当前在线人数为0
2025-03-13 13:56:07.303   INFO 21688 --- [nio-1217-exec-1] c.wms.connect.websocket.WebSocketServer  : 有新窗口开始监听:admin,当前在线人数为1
2025-03-13 13:56:17.945   INFO 21688 --- [nio-1217-exec-4] c.wms.connect.websocket.WebSocketServer  : 有新窗口开始监听:admin,当前在线人数为2
2025-03-13 14:05:15.208   INFO 21688 --- [ionShutdownHook] c.wms.connect.websocket.WebSocketServer  : 有一连接关闭！当前在线人数为1
2025-03-13 14:05:15.209   INFO 21688 --- [ionShutdownHook] c.wms.connect.websocket.WebSocketServer  : 有一连接关闭！当前在线人数为0
2025-03-13 14:05:15.248   INFO 21688 --- [ionShutdownHook] com.alibaba.druid.pool.DruidDataSource   : {dataSource-1} closing ...
2025-03-13 14:05:15.250   INFO 21688 --- [ionShutdownHook] com.alibaba.druid.pool.DruidDataSource   : {dataSource-1} closed
2025-03-13 14:05:20.934   INFO 18380 --- [           main] com.wms.WmsServerApplication             : Starting WmsServerApplication using Java 17.0.5 on Disney with PID 18380 (K:\GitHub\notes\project\wms-server\target\classes started by qe249 in K:\GitHub\notes\project\wms-server)
2025-03-13 14:05:20.938   INFO 18380 --- [           main] com.wms.WmsServerApplication             : The following 1 profile is active: "dev"
2025-03-13 14:05:21.876   INFO 18380 --- [           main] .s.d.r.c.RepositoryConfigurationDelegate : Multiple Spring Data modules found, entering strict repository configuration mode
2025-03-13 14:05:21.879   INFO 18380 --- [           main] .s.d.r.c.RepositoryConfigurationDelegate : Bootstrapping Spring Data Redis repositories in DEFAULT mode.
2025-03-13 14:05:21.909   INFO 18380 --- [           main] .s.d.r.c.RepositoryConfigurationDelegate : Finished Spring Data repository scanning in 17 ms. Found 0 Redis repository interfaces.
2025-03-13 14:05:22.676   INFO 18380 --- [           main] o.s.b.w.embedded.tomcat.TomcatWebServer  : Tomcat initialized with port(s): 1217 (http)
2025-03-13 14:05:22.686   INFO 18380 --- [           main] o.a.coyote.http11.Http11NioProtocol      : Initializing ProtocolHandler ["http-nio-1217"]
2025-03-13 14:05:22.686   INFO 18380 --- [           main] o.apache.catalina.core.StandardService   : Starting service [Tomcat]
2025-03-13 14:05:22.686   INFO 18380 --- [           main] org.apache.catalina.core.StandardEngine  : Starting Servlet engine: [Apache Tomcat/9.0.68]
2025-03-13 14:05:22.784   INFO 18380 --- [           main] o.a.c.c.C.[Tomcat].[localhost].[/]       : Initializing Spring embedded WebApplicationContext
2025-03-13 14:05:22.784   INFO 18380 --- [           main] w.s.c.ServletWebServerApplicationContext : Root WebApplicationContext: initialization completed in 1805 ms
2025-03-13 14:05:22.851   INFO 18380 --- [           main] c.a.d.s.b.a.DruidDataSourceAutoConfigure : Init DruidDataSource
2025-03-13 14:05:23.040   INFO 18380 --- [           main] com.alibaba.druid.pool.DruidDataSource   : {dataSource-1} inited
2025-03-13 14:05:24.911   INFO 18380 --- [           main] o.s.b.a.w.s.WelcomePageHandlerMapping    : Adding welcome page: class path resource [static/index.html]
2025-03-13 14:05:25.563   INFO 18380 --- [           main] o.s.s.web.DefaultSecurityFilterChain     : Will not secure Ant [pattern='/static/**']
2025-03-13 14:05:25.563   INFO 18380 --- [           main] o.s.s.web.DefaultSecurityFilterChain     : Will not secure Ant [pattern='/index.html']
2025-03-13 14:05:25.563   INFO 18380 --- [           main] o.s.s.web.DefaultSecurityFilterChain     : Will not secure Ant [pattern='/*.ico']
2025-03-13 14:05:25.563   INFO 18380 --- [           main] o.s.s.web.DefaultSecurityFilterChain     : Will not secure Ant [pattern='/']
2025-03-13 14:05:25.564   INFO 18380 --- [           main] o.s.s.web.DefaultSecurityFilterChain     : Will not secure Ant [pattern='/websocket']
2025-03-13 14:05:25.564   INFO 18380 --- [           main] o.s.s.web.DefaultSecurityFilterChain     : Will not secure Ant [pattern='/swagger-resources/**']
2025-03-13 14:05:25.564   INFO 18380 --- [           main] o.s.s.web.DefaultSecurityFilterChain     : Will not secure Ant [pattern='/v3/**']
2025-03-13 14:05:25.564   INFO 18380 --- [           main] o.s.s.web.DefaultSecurityFilterChain     : Will not secure Ant [pattern='/**/v3/api-docs']
2025-03-13 14:05:25.564   INFO 18380 --- [           main] o.s.s.web.DefaultSecurityFilterChain     : Will not secure Ant [pattern='/v2/**']
2025-03-13 14:05:25.564   INFO 18380 --- [           main] o.s.s.web.DefaultSecurityFilterChain     : Will not secure Ant [pattern='/**/v2/api-docs']
2025-03-13 14:05:25.564   INFO 18380 --- [           main] o.s.s.web.DefaultSecurityFilterChain     : Will not secure Ant [pattern='/swagger-ui/**']
2025-03-13 14:05:25.607   INFO 18380 --- [           main] o.s.s.web.DefaultSecurityFilterChain     : Will secure com.wms.config.SecurityConfig$$Lambda$1083/0x00000008013c6a30@7603cfc2 with [org.springframework.security.web.context.request.async.WebAsyncManagerIntegrationFilter@60256d1b, org.springframework.security.web.context.SecurityContextPersistenceFilter@460df441, org.springframework.security.web.header.HeaderWriterFilter@65b7678a, org.springframework.web.filter.CorsFilter@24b4f4a, org.springframework.security.web.authentication.logout.LogoutFilter@4c5c0306, com.wms.filter.jwt.JwtAuthenticationTokenFilter@1b69fc07, org.springframework.security.web.session.ConcurrentSessionFilter@3ba815ee, org.springframework.security.web.savedrequest.RequestCacheAwareFilter@45b2b0ed, org.springframework.security.web.servletapi.SecurityContextHolderAwareRequestFilter@2da0770, org.springframework.security.web.authentication.AnonymousAuthenticationFilter@5d8a1456, org.springframework.security.web.session.SessionManagementFilter@74901d7, org.springframework.security.web.access.ExceptionTranslationFilter@2fd05b15, org.springframework.security.web.access.intercept.FilterSecurityInterceptor@7cab8d52]
2025-03-13 14:05:25.758   INFO 18380 --- [           main] o.a.coyote.http11.Http11NioProtocol      : Starting ProtocolHandler ["http-nio-1217"]
2025-03-13 14:05:25.783   INFO 18380 --- [           main] o.s.b.w.embedded.tomcat.TomcatWebServer  : Tomcat started on port(s): 1217 (http) with context path ''
2025-03-13 14:05:26.203   INFO 18380 --- [           main] com.wms.WmsServerApplication             : Started WmsServerApplication in 5.72 seconds (JVM running for 6.653)
2025-03-13 14:05:26.205   INFO 18380 --- [           main] com.wms.runner.WmsApplicationRunner      : 定时任务启动完成----------Thu Mar 13 14:05:26 CST 2025
2025-03-13 14:05:28.456   INFO 18380 --- [nio-1217-exec-2] o.a.c.c.C.[Tomcat].[localhost].[/]       : Initializing Spring DispatcherServlet 'dispatcherServlet'
2025-03-13 14:05:28.456   INFO 18380 --- [nio-1217-exec-2] o.s.web.servlet.DispatcherServlet        : Initializing Servlet 'dispatcherServlet'
2025-03-13 14:05:28.457   INFO 18380 --- [nio-1217-exec-2] o.s.web.servlet.DispatcherServlet        : Completed initialization in 1 ms
2025-03-13 14:05:30.559   INFO 18380 --- [nio-1217-exec-3] c.wms.connect.websocket.WebSocketServer  : 有新窗口开始监听:admin,当前在线人数为1
2025-03-13 14:09:51.862   INFO 18380 --- [nio-1217-exec-8] c.wms.connect.websocket.WebSocketServer  : 有一连接关闭！当前在线人数为0
2025-03-13 14:09:54.114   INFO 18380 --- [ionShutdownHook] com.alibaba.druid.pool.DruidDataSource   : {dataSource-1} closing ...
2025-03-13 14:09:54.116   INFO 18380 --- [ionShutdownHook] com.alibaba.druid.pool.DruidDataSource   : {dataSource-1} closed
2025-03-13 14:10:00.181   INFO 26116 --- [           main] com.wms.WmsServerApplication             : Starting WmsServerApplication using Java 17.0.5 on Disney with PID 26116 (K:\GitHub\notes\project\wms-server\target\classes started by qe249 in K:\GitHub\notes\project\wms-server)
2025-03-13 14:10:00.183   INFO 26116 --- [           main] com.wms.WmsServerApplication             : The following 1 profile is active: "dev"
2025-03-13 14:10:01.403   INFO 26116 --- [           main] .s.d.r.c.RepositoryConfigurationDelegate : Multiple Spring Data modules found, entering strict repository configuration mode
2025-03-13 14:10:01.405   INFO 26116 --- [           main] .s.d.r.c.RepositoryConfigurationDelegate : Bootstrapping Spring Data Redis repositories in DEFAULT mode.
2025-03-13 14:10:01.435   INFO 26116 --- [           main] .s.d.r.c.RepositoryConfigurationDelegate : Finished Spring Data repository scanning in 18 ms. Found 0 Redis repository interfaces.
2025-03-13 14:10:02.321   INFO 26116 --- [           main] o.s.b.w.embedded.tomcat.TomcatWebServer  : Tomcat initialized with port(s): 1217 (http)
2025-03-13 14:10:02.450   INFO 26116 --- [           main] w.s.c.ServletWebServerApplicationContext : Root WebApplicationContext: initialization completed in 2220 ms
2025-03-13 14:10:02.523   INFO 26116 --- [           main] c.a.d.s.b.a.DruidDataSourceAutoConfigure : Init DruidDataSource
2025-03-13 14:10:02.716   INFO 26116 --- [           main] com.alibaba.druid.pool.DruidDataSource   : {dataSource-1} inited
2025-03-13 14:10:04.341   INFO 26116 --- [           main] o.s.b.a.w.s.WelcomePageHandlerMapping    : Adding welcome page: class path resource [static/index.html]
2025-03-13 14:10:04.904   INFO 26116 --- [           main] o.s.s.web.DefaultSecurityFilterChain     : Will not secure Ant [pattern='/static/**']
2025-03-13 14:10:04.904   INFO 26116 --- [           main] o.s.s.web.DefaultSecurityFilterChain     : Will not secure Ant [pattern='/index.html']
2025-03-13 14:10:04.904   INFO 26116 --- [           main] o.s.s.web.DefaultSecurityFilterChain     : Will not secure Ant [pattern='/*.ico']
2025-03-13 14:10:04.904   INFO 26116 --- [           main] o.s.s.web.DefaultSecurityFilterChain     : Will not secure Ant [pattern='/']
2025-03-13 14:10:04.904   INFO 26116 --- [           main] o.s.s.web.DefaultSecurityFilterChain     : Will not secure Ant [pattern='/websocket']
2025-03-13 14:10:04.905   INFO 26116 --- [           main] o.s.s.web.DefaultSecurityFilterChain     : Will not secure Ant [pattern='/swagger-resources/**']
2025-03-13 14:10:04.905   INFO 26116 --- [           main] o.s.s.web.DefaultSecurityFilterChain     : Will not secure Ant [pattern='/v3/**']
2025-03-13 14:10:04.905   INFO 26116 --- [           main] o.s.s.web.DefaultSecurityFilterChain     : Will not secure Ant [pattern='/**/v3/api-docs']
2025-03-13 14:10:04.905   INFO 26116 --- [           main] o.s.s.web.DefaultSecurityFilterChain     : Will not secure Ant [pattern='/v2/**']
2025-03-13 14:10:04.905   INFO 26116 --- [           main] o.s.s.web.DefaultSecurityFilterChain     : Will not secure Ant [pattern='/**/v2/api-docs']
2025-03-13 14:10:04.905   INFO 26116 --- [           main] o.s.s.web.DefaultSecurityFilterChain     : Will not secure Ant [pattern='/swagger-ui/**']
2025-03-13 14:10:04.941   INFO 26116 --- [           main] o.s.s.web.DefaultSecurityFilterChain     : Will secure com.wms.config.SecurityConfig$$Lambda$1083/0x00000008013a6a30@7ead0b51 with [org.springframework.security.web.context.request.async.WebAsyncManagerIntegrationFilter@2f7d8a7c, org.springframework.security.web.context.SecurityContextPersistenceFilter@3146f3d7, org.springframework.security.web.header.HeaderWriterFilter@641ab175, org.springframework.web.filter.CorsFilter@14745c3c, org.springframework.security.web.authentication.logout.LogoutFilter@1bc1aa9e, com.wms.filter.jwt.JwtAuthenticationTokenFilter@6acb45c1, org.springframework.security.web.session.ConcurrentSessionFilter@148f94dc, org.springframework.security.web.savedrequest.RequestCacheAwareFilter@1892865f, org.springframework.security.web.servletapi.SecurityContextHolderAwareRequestFilter@584f4ca5, org.springframework.security.web.authentication.AnonymousAuthenticationFilter@6bbb3280, org.springframework.security.web.session.SessionManagementFilter@65b7678a, org.springframework.security.web.access.ExceptionTranslationFilter@3e7ddb7e, org.springframework.security.web.access.intercept.FilterSecurityInterceptor@396519b]
2025-03-13 14:10:05.045   INFO 26116 --- [           main] o.s.b.w.embedded.tomcat.TomcatWebServer  : Tomcat started on port(s): 1217 (http) with context path ''
2025-03-13 14:10:05.466   INFO 26116 --- [           main] com.wms.WmsServerApplication             : Started WmsServerApplication in 5.896 seconds (JVM running for 7.253)
2025-03-13 14:10:05.469   INFO 26116 --- [           main] com.wms.runner.WmsApplicationRunner      : 定时任务启动完成----------Thu Mar 13 14:10:05 CST 2025
2025-03-13 14:10:05.518   INFO 26116 --- [ionShutdownHook] com.alibaba.druid.pool.DruidDataSource   : {dataSource-1} closing ...
2025-03-13 14:10:05.523   INFO 26116 --- [ionShutdownHook] com.alibaba.druid.pool.DruidDataSource   : {dataSource-1} closed
2025-03-13 14:10:11.254   INFO 23364 --- [           main] com.wms.WmsServerApplication             : Starting WmsServerApplication using Java 17.0.5 on Disney with PID 23364 (K:\GitHub\notes\project\wms-server\target\classes started by qe249 in K:\GitHub\notes\project\wms-server)
2025-03-13 14:10:11.256   INFO 23364 --- [           main] com.wms.WmsServerApplication             : The following 1 profile is active: "dev"
2025-03-13 14:10:12.201   INFO 23364 --- [           main] .s.d.r.c.RepositoryConfigurationDelegate : Multiple Spring Data modules found, entering strict repository configuration mode
2025-03-13 14:10:12.205   INFO 23364 --- [           main] .s.d.r.c.RepositoryConfigurationDelegate : Bootstrapping Spring Data Redis repositories in DEFAULT mode.
2025-03-13 14:10:12.231   INFO 23364 --- [           main] .s.d.r.c.RepositoryConfigurationDelegate : Finished Spring Data repository scanning in 14 ms. Found 0 Redis repository interfaces.
2025-03-13 14:10:12.971   INFO 23364 --- [           main] o.s.b.w.embedded.tomcat.TomcatWebServer  : Tomcat initialized with port(s): 1217 (http)
2025-03-13 14:10:12.979   INFO 23364 --- [           main] o.a.coyote.http11.Http11NioProtocol      : Initializing ProtocolHandler ["http-nio-1217"]
2025-03-13 14:10:12.980   INFO 23364 --- [           main] o.apache.catalina.core.StandardService   : Starting service [Tomcat]
2025-03-13 14:10:12.980   INFO 23364 --- [           main] org.apache.catalina.core.StandardEngine  : Starting Servlet engine: [Apache Tomcat/9.0.68]
2025-03-13 14:10:13.074   INFO 23364 --- [           main] o.a.c.c.C.[Tomcat].[localhost].[/]       : Initializing Spring embedded WebApplicationContext
2025-03-13 14:10:13.074   INFO 23364 --- [           main] w.s.c.ServletWebServerApplicationContext : Root WebApplicationContext: initialization completed in 1763 ms
2025-03-13 14:10:13.141   INFO 23364 --- [           main] c.a.d.s.b.a.DruidDataSourceAutoConfigure : Init DruidDataSource
2025-03-13 14:10:13.319   INFO 23364 --- [           main] com.alibaba.druid.pool.DruidDataSource   : {dataSource-1} inited
2025-03-13 14:10:15.018   INFO 23364 --- [           main] o.s.b.a.w.s.WelcomePageHandlerMapping    : Adding welcome page: class path resource [static/index.html]
2025-03-13 14:10:15.621   INFO 23364 --- [           main] o.s.s.web.DefaultSecurityFilterChain     : Will not secure Ant [pattern='/static/**']
2025-03-13 14:10:15.622   INFO 23364 --- [           main] o.s.s.web.DefaultSecurityFilterChain     : Will not secure Ant [pattern='/index.html']
2025-03-13 14:10:15.622   INFO 23364 --- [           main] o.s.s.web.DefaultSecurityFilterChain     : Will not secure Ant [pattern='/*.ico']
2025-03-13 14:10:15.622   INFO 23364 --- [           main] o.s.s.web.DefaultSecurityFilterChain     : Will not secure Ant [pattern='/']
2025-03-13 14:10:15.622   INFO 23364 --- [           main] o.s.s.web.DefaultSecurityFilterChain     : Will not secure Ant [pattern='/websocket']
2025-03-13 14:10:15.622   INFO 23364 --- [           main] o.s.s.web.DefaultSecurityFilterChain     : Will not secure Ant [pattern='/swagger-resources/**']
2025-03-13 14:10:15.623   INFO 23364 --- [           main] o.s.s.web.DefaultSecurityFilterChain     : Will not secure Ant [pattern='/v3/**']
2025-03-13 14:10:15.623   INFO 23364 --- [           main] o.s.s.web.DefaultSecurityFilterChain     : Will not secure Ant [pattern='/**/v3/api-docs']
2025-03-13 14:10:15.623   INFO 23364 --- [           main] o.s.s.web.DefaultSecurityFilterChain     : Will not secure Ant [pattern='/v2/**']
2025-03-13 14:10:15.623   INFO 23364 --- [           main] o.s.s.web.DefaultSecurityFilterChain     : Will not secure Ant [pattern='/**/v2/api-docs']
2025-03-13 14:10:15.623   INFO 23364 --- [           main] o.s.s.web.DefaultSecurityFilterChain     : Will not secure Ant [pattern='/swagger-ui/**']
2025-03-13 14:10:15.660   INFO 23364 --- [           main] o.s.s.web.DefaultSecurityFilterChain     : Will secure com.wms.config.SecurityConfig$$Lambda$1083/0x00000008013c75f8@35e7fcf2 with [org.springframework.security.web.context.request.async.WebAsyncManagerIntegrationFilter@620f7a39, org.springframework.security.web.context.SecurityContextPersistenceFilter@74e1d60b, org.springframework.security.web.header.HeaderWriterFilter@36f438f1, org.springframework.web.filter.CorsFilter@e581302, org.springframework.security.web.authentication.logout.LogoutFilter@59263f7b, com.wms.filter.jwt.JwtAuthenticationTokenFilter@2cc61b3b, org.springframework.security.web.session.ConcurrentSessionFilter@1e366f0f, org.springframework.security.web.savedrequest.RequestCacheAwareFilter@136a4800, org.springframework.security.web.servletapi.SecurityContextHolderAwareRequestFilter@760d6350, org.springframework.security.web.authentication.AnonymousAuthenticationFilter@2b5ca574, org.springframework.security.web.session.SessionManagementFilter@44d2bbc0, org.springframework.security.web.access.ExceptionTranslationFilter@3cc5408c, org.springframework.security.web.access.intercept.FilterSecurityInterceptor@63ede2a0]
2025-03-13 14:10:15.760   INFO 23364 --- [           main] o.a.coyote.http11.Http11NioProtocol      : Starting ProtocolHandler ["http-nio-1217"]
2025-03-13 14:10:15.778   INFO 23364 --- [           main] o.s.b.w.embedded.tomcat.TomcatWebServer  : Tomcat started on port(s): 1217 (http) with context path ''
2025-03-13 14:10:16.270   INFO 23364 --- [           main] com.wms.WmsServerApplication             : Started WmsServerApplication in 5.488 seconds (JVM running for 6.63)
2025-03-13 14:10:16.273   INFO 23364 --- [           main] com.wms.runner.WmsApplicationRunner      : 定时任务启动完成----------Thu Mar 13 14:10:16 CST 2025
2025-03-13 14:10:20.719   INFO 23364 --- [nio-1217-exec-1] o.a.c.c.C.[Tomcat].[localhost].[/]       : Initializing Spring DispatcherServlet 'dispatcherServlet'
2025-03-13 14:10:20.720   INFO 23364 --- [nio-1217-exec-1] o.s.web.servlet.DispatcherServlet        : Initializing Servlet 'dispatcherServlet'
2025-03-13 14:10:20.720   INFO 23364 --- [nio-1217-exec-1] o.s.web.servlet.DispatcherServlet        : Completed initialization in 0 ms
2025-03-13 14:10:21.422   INFO 23364 --- [nio-1217-exec-4] c.wms.connect.websocket.WebSocketServer  : 有新窗口开始监听:admin,当前在线人数为1
2025-03-13 14:13:20.556   INFO 23364 --- [nio-1217-exec-1] c.wms.connect.websocket.WebSocketServer  : 有一连接关闭！当前在线人数为0
2025-03-13 14:13:22.173   INFO 23364 --- [io-1217-exec-10] c.wms.connect.websocket.WebSocketServer  : 有新窗口开始监听:admin,当前在线人数为1
2025-03-13 14:14:42.535   INFO 23364 --- [nio-1217-exec-2] c.wms.connect.websocket.WebSocketServer  : 有一连接关闭！当前在线人数为0
2025-03-13 14:14:44.036   INFO 23364 --- [nio-1217-exec-4] c.wms.connect.websocket.WebSocketServer  : 有新窗口开始监听:admin,当前在线人数为1
2025-03-13 14:14:51.789   INFO 23364 --- [nio-1217-exec-3] c.wms.connect.websocket.WebSocketServer  : 有一连接关闭！当前在线人数为0
2025-03-13 14:14:53.129   INFO 23364 --- [nio-1217-exec-5] c.wms.connect.websocket.WebSocketServer  : 有新窗口开始监听:admin,当前在线人数为1
2025-03-13 14:15:52.515   INFO 23364 --- [nio-1217-exec-8] c.wms.connect.websocket.WebSocketServer  : 有一连接关闭！当前在线人数为0
2025-03-13 14:15:53.935   INFO 23364 --- [nio-1217-exec-6] c.wms.connect.websocket.WebSocketServer  : 有新窗口开始监听:admin,当前在线人数为1
2025-03-13 14:21:29.940   INFO 23364 --- [io-1217-exec-10] c.wms.connect.websocket.WebSocketServer  : 有一连接关闭！当前在线人数为0
2025-03-13 14:21:31.510   INFO 23364 --- [nio-1217-exec-5] c.wms.connect.websocket.WebSocketServer  : 有新窗口开始监听:admin,当前在线人数为1
2025-03-13 14:23:17.409   INFO 23364 --- [nio-1217-exec-8] c.wms.connect.websocket.WebSocketServer  : 有一连接关闭！当前在线人数为0
2025-03-13 14:23:19.096   INFO 23364 --- [nio-1217-exec-6] c.wms.connect.websocket.WebSocketServer  : 有新窗口开始监听:admin,当前在线人数为1
2025-03-13 14:23:35.047   INFO 23364 --- [io-1217-exec-10] c.wms.connect.websocket.WebSocketServer  : 有一连接关闭！当前在线人数为0
2025-03-13 14:24:56.726   INFO 23364 --- [nio-1217-exec-7] c.wms.connect.websocket.WebSocketServer  : 有新窗口开始监听:admin,当前在线人数为1
2025-03-13 14:25:08.789   INFO 23364 --- [nio-1217-exec-8] c.wms.connect.websocket.WebSocketServer  : 有一连接关闭！当前在线人数为0
2025-03-13 14:25:09.725   INFO 23364 --- [nio-1217-exec-3] c.wms.connect.websocket.WebSocketServer  : 有新窗口开始监听:admin,当前在线人数为1
2025-03-13 14:27:35.135   INFO 23364 --- [nio-1217-exec-7] c.wms.connect.websocket.WebSocketServer  : 有一连接关闭！当前在线人数为0
2025-03-13 14:27:36.612   INFO 23364 --- [nio-1217-exec-5] c.wms.connect.websocket.WebSocketServer  : 有新窗口开始监听:admin,当前在线人数为1
2025-03-13 14:27:36.846   INFO 23364 --- [nio-1217-exec-6] c.wms.connect.websocket.WebSocketServer  : 有一连接关闭！当前在线人数为0
2025-03-13 14:27:38.226   INFO 23364 --- [nio-1217-exec-2] c.wms.connect.websocket.WebSocketServer  : 有新窗口开始监听:admin,当前在线人数为1
2025-03-13 14:28:16.310   INFO 23364 --- [nio-1217-exec-4] c.wms.connect.websocket.WebSocketServer  : 有一连接关闭！当前在线人数为0
2025-03-13 14:28:27.110   INFO 23364 --- [nio-1217-exec-6] c.wms.connect.websocket.WebSocketServer  : 有新窗口开始监听:admin,当前在线人数为1
2025-03-13 14:28:27.235   INFO 23364 --- [io-1217-exec-10] c.wms.connect.websocket.WebSocketServer  : 有一连接关闭！当前在线人数为0
2025-03-13 14:28:28.217   INFO 23364 --- [nio-1217-exec-1] c.wms.connect.websocket.WebSocketServer  : 有新窗口开始监听:admin,当前在线人数为1
2025-03-13 14:29:05.247   INFO 23364 --- [nio-1217-exec-9] c.wms.connect.websocket.WebSocketServer  : 有一连接关闭！当前在线人数为0
2025-03-13 14:46:14.210   INFO 23364 --- [nio-1217-exec-6] c.wms.connect.websocket.WebSocketServer  : 有新窗口开始监听:admin,当前在线人数为1
2025-03-13 14:46:45.861   INFO 23364 --- [nio-1217-exec-1] c.wms.connect.websocket.WebSocketServer  : 有一连接关闭！当前在线人数为0
2025-03-13 14:46:48.525   INFO 23364 --- [nio-1217-exec-8] c.wms.connect.websocket.WebSocketServer  : 有新窗口开始监听:admin,当前在线人数为1
2025-03-13 14:46:56.935   INFO 23364 --- [io-1217-exec-10] c.wms.connect.websocket.WebSocketServer  : 有一连接关闭！当前在线人数为0
2025-03-13 14:46:58.139   INFO 23364 --- [nio-1217-exec-1] c.wms.connect.websocket.WebSocketServer  : 有新窗口开始监听:admin,当前在线人数为1
2025-03-13 14:49:04.543   INFO 23364 --- [nio-1217-exec-4] c.wms.connect.websocket.WebSocketServer  : 有一连接关闭！当前在线人数为0
2025-03-13 14:49:05.978   INFO 23364 --- [nio-1217-exec-3] c.wms.connect.websocket.WebSocketServer  : 有新窗口开始监听:admin,当前在线人数为1
2025-03-13 14:52:23.386   INFO 23364 --- [io-1217-exec-10] c.wms.connect.websocket.WebSocketServer  : 有一连接关闭！当前在线人数为0
2025-03-13 14:52:24.997   INFO 23364 --- [nio-1217-exec-9] c.wms.connect.websocket.WebSocketServer  : 有新窗口开始监听:admin,当前在线人数为1
2025-03-13 14:52:49.595   INFO 23364 --- [nio-1217-exec-6] c.wms.connect.websocket.WebSocketServer  : 有一连接关闭！当前在线人数为0
2025-03-13 14:52:50.973   INFO 23364 --- [io-1217-exec-10] c.wms.connect.websocket.WebSocketServer  : 有新窗口开始监听:admin,当前在线人数为1
2025-03-13 14:53:23.794   INFO 23364 --- [io-1217-exec-10] c.wms.connect.websocket.WebSocketServer  : 有一连接关闭！当前在线人数为0
2025-03-13 14:53:25.365   INFO 23364 --- [nio-1217-exec-1] c.wms.connect.websocket.WebSocketServer  : 有新窗口开始监听:admin,当前在线人数为1
2025-03-13 14:53:31.446   INFO 23364 --- [nio-1217-exec-3] c.wms.connect.websocket.WebSocketServer  : 有一连接关闭！当前在线人数为0
2025-03-13 14:53:32.900   INFO 23364 --- [nio-1217-exec-2] c.wms.connect.websocket.WebSocketServer  : 有新窗口开始监听:admin,当前在线人数为1
2025-03-13 14:53:53.849   INFO 23364 --- [nio-1217-exec-5] c.wms.connect.websocket.WebSocketServer  : 有一连接关闭！当前在线人数为0
2025-03-13 14:53:54.964   INFO 23364 --- [nio-1217-exec-3] c.wms.connect.websocket.WebSocketServer  : 有新窗口开始监听:admin,当前在线人数为1
2025-03-13 14:55:51.507   INFO 23364 --- [nio-1217-exec-2] c.wms.connect.websocket.WebSocketServer  : 有一连接关闭！当前在线人数为0
2025-03-13 14:55:53.149   INFO 23364 --- [io-1217-exec-10] c.wms.connect.websocket.WebSocketServer  : 有新窗口开始监听:admin,当前在线人数为1
2025-03-13 14:56:09.438   INFO 23364 --- [io-1217-exec-10] c.wms.connect.websocket.WebSocketServer  : 有一连接关闭！当前在线人数为0
2025-03-13 14:56:10.763   INFO 23364 --- [nio-1217-exec-8] c.wms.connect.websocket.WebSocketServer  : 有新窗口开始监听:admin,当前在线人数为1
2025-03-13 14:56:19.688   INFO 23364 --- [nio-1217-exec-6] c.wms.connect.websocket.WebSocketServer  : 有一连接关闭！当前在线人数为0
2025-03-13 14:56:20.698   INFO 23364 --- [nio-1217-exec-9] c.wms.connect.websocket.WebSocketServer  : 有新窗口开始监听:admin,当前在线人数为1
2025-03-13 14:57:01.425   INFO 23364 --- [nio-1217-exec-6] c.wms.connect.websocket.WebSocketServer  : 有一连接关闭！当前在线人数为0
2025-03-13 14:57:02.609   INFO 23364 --- [nio-1217-exec-9] c.wms.connect.websocket.WebSocketServer  : 有新窗口开始监听:admin,当前在线人数为1
2025-03-13 14:57:19.848   INFO 23364 --- [nio-1217-exec-1] c.wms.connect.websocket.WebSocketServer  : 有一连接关闭！当前在线人数为0
2025-03-13 14:57:21.105   INFO 23364 --- [nio-1217-exec-6] c.wms.connect.websocket.WebSocketServer  : 有新窗口开始监听:admin,当前在线人数为1
2025-03-13 15:00:44.391   INFO 23364 --- [io-1217-exec-10] c.wms.connect.websocket.WebSocketServer  : 有一连接关闭！当前在线人数为0
2025-03-13 15:00:45.997   INFO 23364 --- [nio-1217-exec-8] c.wms.connect.websocket.WebSocketServer  : 有新窗口开始监听:admin,当前在线人数为1
2025-03-13 15:02:59.330   INFO 23364 --- [nio-1217-exec-1] c.wms.connect.websocket.WebSocketServer  : 有一连接关闭！当前在线人数为0
2025-03-13 15:03:00.782   INFO 23364 --- [nio-1217-exec-2] c.wms.connect.websocket.WebSocketServer  : 有新窗口开始监听:admin,当前在线人数为1
2025-03-13 15:03:09.566   INFO 23364 --- [io-1217-exec-10] c.wms.connect.websocket.WebSocketServer  : 有一连接关闭！当前在线人数为0
2025-03-13 15:03:10.964   INFO 23364 --- [nio-1217-exec-5] c.wms.connect.websocket.WebSocketServer  : 有新窗口开始监听:admin,当前在线人数为1
2025-03-13 15:03:49.729   INFO 23364 --- [nio-1217-exec-8] c.wms.connect.websocket.WebSocketServer  : 有一连接关闭！当前在线人数为0
2025-03-13 15:03:51.140   INFO 23364 --- [io-1217-exec-10] c.wms.connect.websocket.WebSocketServer  : 有新窗口开始监听:admin,当前在线人数为1
2025-03-13 15:04:03.432   INFO 23364 --- [nio-1217-exec-6] c.wms.connect.websocket.WebSocketServer  : 有一连接关闭！当前在线人数为0
2025-03-13 15:04:04.789   INFO 23364 --- [nio-1217-exec-8] c.wms.connect.websocket.WebSocketServer  : 有新窗口开始监听:admin,当前在线人数为1
2025-03-13 15:05:30.937   INFO 23364 --- [io-1217-exec-10] c.wms.connect.websocket.WebSocketServer  : 有一连接关闭！当前在线人数为0
2025-03-13 15:05:32.538   INFO 23364 --- [nio-1217-exec-5] c.wms.connect.websocket.WebSocketServer  : 有新窗口开始监听:admin,当前在线人数为1
2025-03-13 15:05:34.959   INFO 23364 --- [nio-1217-exec-6] c.wms.connect.websocket.WebSocketServer  : 有一连接关闭！当前在线人数为0
2025-03-13 15:05:40.559   INFO 23364 --- [nio-1217-exec-4] c.wms.connect.websocket.WebSocketServer  : 有新窗口开始监听:admin,当前在线人数为1
2025-03-13 15:05:45.757   INFO 23364 --- [nio-1217-exec-7] c.wms.connect.websocket.WebSocketServer  : 有一连接关闭！当前在线人数为0
2025-03-13 15:05:47.661   INFO 23364 --- [nio-1217-exec-6] c.wms.connect.websocket.WebSocketServer  : 有新窗口开始监听:admin,当前在线人数为1
2025-03-13 15:05:54.104   INFO 23364 --- [nio-1217-exec-5] c.wms.connect.websocket.WebSocketServer  : 有一连接关闭！当前在线人数为0
2025-03-13 15:06:00.865   INFO 23364 --- [nio-1217-exec-7] c.wms.connect.websocket.WebSocketServer  : 有新窗口开始监听:admin,当前在线人数为1
2025-03-13 15:07:53.661   INFO 23364 --- [nio-1217-exec-2] c.wms.connect.websocket.WebSocketServer  : 有一连接关闭！当前在线人数为0
2025-03-13 15:07:55.136   INFO 23364 --- [nio-1217-exec-9] c.wms.connect.websocket.WebSocketServer  : 有新窗口开始监听:admin,当前在线人数为1
2025-03-13 15:08:12.763   INFO 23364 --- [nio-1217-exec-3] c.wms.connect.websocket.WebSocketServer  : 有一连接关闭！当前在线人数为0
2025-03-13 15:08:18.438   INFO 23364 --- [nio-1217-exec-2] c.wms.connect.websocket.WebSocketServer  : 有新窗口开始监听:admin,当前在线人数为1
2025-03-13 15:13:32.898   INFO 23364 --- [nio-1217-exec-7] c.wms.connect.websocket.WebSocketServer  : 有一连接关闭！当前在线人数为0
2025-03-13 15:20:32.444   INFO 23364 --- [nio-1217-exec-5] c.wms.connect.websocket.WebSocketServer  : 有新窗口开始监听:admin,当前在线人数为1
2025-03-13 15:20:47.076   INFO 23364 --- [nio-1217-exec-4] c.wms.connect.websocket.WebSocketServer  : 有一连接关闭！当前在线人数为0
2025-03-13 15:21:25.696   INFO 23364 --- [nio-1217-exec-1] c.wms.connect.websocket.WebSocketServer  : 有新窗口开始监听:admin,当前在线人数为1
2025-03-13 15:21:31.698   INFO 23364 --- [nio-1217-exec-2] c.wms.connect.websocket.WebSocketServer  : 有一连接关闭！当前在线人数为0
2025-03-13 15:21:32.994   INFO 23364 --- [io-1217-exec-10] c.wms.connect.websocket.WebSocketServer  : 有新窗口开始监听:admin,当前在线人数为1
2025-03-13 15:21:39.962   INFO 23364 --- [nio-1217-exec-3] c.wms.connect.websocket.WebSocketServer  : 有一连接关闭！当前在线人数为0
2025-03-13 15:21:40.893   INFO 23364 --- [nio-1217-exec-6] c.wms.connect.websocket.WebSocketServer  : 有新窗口开始监听:admin,当前在线人数为1
2025-03-13 15:21:47.381   INFO 23364 --- [nio-1217-exec-4] c.wms.connect.websocket.WebSocketServer  : 有一连接关闭！当前在线人数为0
2025-03-13 15:21:48.394   INFO 23364 --- [nio-1217-exec-5] c.wms.connect.websocket.WebSocketServer  : 有新窗口开始监听:admin,当前在线人数为1
2025-03-13 15:24:42.358   INFO 23364 --- [nio-1217-exec-6] c.wms.connect.websocket.WebSocketServer  : 有一连接关闭！当前在线人数为0
2025-03-13 15:25:06.231   INFO 23364 --- [nio-1217-exec-2] c.wms.connect.websocket.WebSocketServer  : 有新窗口开始监听:admin,当前在线人数为1
2025-03-13 15:27:16.630   INFO 23364 --- [nio-1217-exec-1] c.wms.connect.websocket.WebSocketServer  : 有一连接关闭！当前在线人数为0
2025-03-13 15:28:02.168   INFO 23364 --- [nio-1217-exec-1] c.wms.connect.websocket.WebSocketServer  : 有新窗口开始监听:admin,当前在线人数为1
2025-03-13 15:28:13.091   INFO 23364 --- [nio-1217-exec-8] c.wms.connect.websocket.WebSocketServer  : 有一连接关闭！当前在线人数为0
2025-03-13 15:28:14.150   INFO 23364 --- [nio-1217-exec-9] c.wms.connect.websocket.WebSocketServer  : 有新窗口开始监听:admin,当前在线人数为1
2025-03-13 15:28:34.757   INFO 23364 --- [nio-1217-exec-3] c.wms.connect.websocket.WebSocketServer  : 有一连接关闭！当前在线人数为0
2025-03-13 15:28:35.939   INFO 23364 --- [nio-1217-exec-8] c.wms.connect.websocket.WebSocketServer  : 有新窗口开始监听:admin,当前在线人数为1
2025-03-13 17:04:18.098   INFO 23364 --- [nio-1217-exec-7] c.wms.connect.websocket.WebSocketServer  : 有一连接关闭！当前在线人数为0
2025-03-13 17:04:19.591   INFO 23364 --- [nio-1217-exec-4] c.wms.connect.websocket.WebSocketServer  : 有新窗口开始监听:admin,当前在线人数为1
2025-03-13 17:14:44.941   INFO 23364 --- [nio-1217-exec-3] c.wms.connect.websocket.WebSocketServer  : 有一连接关闭！当前在线人数为0
2025-03-13 17:14:46.303   INFO 23364 --- [nio-1217-exec-2] c.wms.connect.websocket.WebSocketServer  : 有新窗口开始监听:admin,当前在线人数为1
2025-03-13 17:15:48.275   INFO 23364 --- [nio-1217-exec-5] c.wms.connect.websocket.WebSocketServer  : 有一连接关闭！当前在线人数为0
2025-03-13 17:15:49.558   INFO 23364 --- [nio-1217-exec-6] c.wms.connect.websocket.WebSocketServer  : 有新窗口开始监听:admin,当前在线人数为1
2025-03-13 17:16:27.780   INFO 23364 --- [nio-1217-exec-8] c.wms.connect.websocket.WebSocketServer  : 有一连接关闭！当前在线人数为0
2025-03-13 17:16:29.208   INFO 23364 --- [nio-1217-exec-1] c.wms.connect.websocket.WebSocketServer  : 有新窗口开始监听:admin,当前在线人数为1
2025-03-13 17:21:10.647   INFO 23364 --- [nio-1217-exec-6] c.wms.connect.websocket.WebSocketServer  : 有一连接关闭！当前在线人数为0
2025-03-13 17:21:12.015   INFO 23364 --- [nio-1217-exec-3] c.wms.connect.websocket.WebSocketServer  : 有新窗口开始监听:admin,当前在线人数为1
2025-03-13 17:22:50.264   INFO 23364 --- [nio-1217-exec-7] c.wms.connect.websocket.WebSocketServer  : 有一连接关闭！当前在线人数为0
2025-03-13 17:22:51.739   INFO 23364 --- [nio-1217-exec-9] c.wms.connect.websocket.WebSocketServer  : 有新窗口开始监听:admin,当前在线人数为1
2025-03-13 17:23:07.959   INFO 23364 --- [nio-1217-exec-8] c.wms.connect.websocket.WebSocketServer  : 有一连接关闭！当前在线人数为0
2025-03-13 17:23:09.256   INFO 23364 --- [nio-1217-exec-1] c.wms.connect.websocket.WebSocketServer  : 有新窗口开始监听:admin,当前在线人数为1
2025-03-13 17:23:28.256   INFO 23364 --- [nio-1217-exec-8] c.wms.connect.websocket.WebSocketServer  : 有一连接关闭！当前在线人数为0
2025-03-13 17:23:29.252   INFO 23364 --- [nio-1217-exec-1] c.wms.connect.websocket.WebSocketServer  : 有新窗口开始监听:admin,当前在线人数为1
2025-03-13 17:24:04.527   INFO 23364 --- [nio-1217-exec-9] c.wms.connect.websocket.WebSocketServer  : 有一连接关闭！当前在线人数为0
2025-03-13 17:24:05.163   INFO 23364 --- [nio-1217-exec-8] c.wms.connect.websocket.WebSocketServer  : 有新窗口开始监听:admin,当前在线人数为1
2025-03-13 17:29:22.586   INFO 23364 --- [io-1217-exec-10] c.wms.connect.websocket.WebSocketServer  : 有一连接关闭！当前在线人数为0
2025-03-13 17:29:23.166   INFO 23364 --- [nio-1217-exec-5] c.wms.connect.websocket.WebSocketServer  : 有新窗口开始监听:admin,当前在线人数为1
2025-03-13 17:35:49.474   INFO 23364 --- [nio-1217-exec-6] c.wms.connect.websocket.WebSocketServer  : 有一连接关闭！当前在线人数为0
2025-03-13 17:35:50.069   INFO 23364 --- [nio-1217-exec-2] c.wms.connect.websocket.WebSocketServer  : 有新窗口开始监听:admin,当前在线人数为1
2025-03-13 17:38:49.529   INFO 23364 --- [io-1217-exec-10] c.wms.connect.websocket.WebSocketServer  : 有一连接关闭！当前在线人数为0
2025-03-13 17:38:50.810   INFO 23364 --- [nio-1217-exec-1] c.wms.connect.websocket.WebSocketServer  : 有新窗口开始监听:admin,当前在线人数为1
2025-03-13 17:40:00.954   INFO 23364 --- [nio-1217-exec-7] c.wms.connect.websocket.WebSocketServer  : 有一连接关闭！当前在线人数为0
2025-03-13 17:40:02.574   INFO 23364 --- [nio-1217-exec-2] c.wms.connect.websocket.WebSocketServer  : 有新窗口开始监听:admin,当前在线人数为1
2025-03-13 17:40:31.145   INFO 23364 --- [ionShutdownHook] c.wms.connect.websocket.WebSocketServer  : 有一连接关闭！当前在线人数为0
2025-03-13 17:40:31.212   INFO 23364 --- [ionShutdownHook] com.alibaba.druid.pool.DruidDataSource   : {dataSource-1} closing ...
2025-03-13 17:40:31.215   INFO 23364 --- [ionShutdownHook] com.alibaba.druid.pool.DruidDataSource   : {dataSource-1} closed
2025-03-13 17:40:42.031   INFO 10888 --- [           main] com.wms.WmsServerApplication             : Starting WmsServerApplication using Java 17.0.5 on Disney with PID 10888 (K:\GitHub\notes\project\wms-server\target\classes started by qe249 in K:\GitHub\notes\project\wms-server)
2025-03-13 17:40:42.033   INFO 10888 --- [           main] com.wms.WmsServerApplication             : The following 1 profile is active: "dev"
2025-03-13 17:40:43.759   INFO 10888 --- [           main] .s.d.r.c.RepositoryConfigurationDelegate : Multiple Spring Data modules found, entering strict repository configuration mode
2025-03-13 17:40:43.761   INFO 10888 --- [           main] .s.d.r.c.RepositoryConfigurationDelegate : Bootstrapping Spring Data Redis repositories in DEFAULT mode.
2025-03-13 17:40:43.794   INFO 10888 --- [           main] .s.d.r.c.RepositoryConfigurationDelegate : Finished Spring Data repository scanning in 18 ms. Found 0 Redis repository interfaces.
2025-03-13 17:40:44.475   INFO 10888 --- [           main] o.s.b.w.embedded.tomcat.TomcatWebServer  : Tomcat initialized with port(s): 1217 (http)
2025-03-13 17:40:44.483   INFO 10888 --- [           main] o.a.coyote.http11.Http11NioProtocol      : Initializing ProtocolHandler ["http-nio-1217"]
2025-03-13 17:40:44.483   INFO 10888 --- [           main] o.apache.catalina.core.StandardService   : Starting service [Tomcat]
2025-03-13 17:40:44.483   INFO 10888 --- [           main] org.apache.catalina.core.StandardEngine  : Starting Servlet engine: [Apache Tomcat/9.0.68]
2025-03-13 17:40:44.571   INFO 10888 --- [           main] o.a.c.c.C.[Tomcat].[localhost].[/]       : Initializing Spring embedded WebApplicationContext
2025-03-13 17:40:44.571   INFO 10888 --- [           main] w.s.c.ServletWebServerApplicationContext : Root WebApplicationContext: initialization completed in 2498 ms
2025-03-13 17:40:44.644   INFO 10888 --- [           main] c.a.d.s.b.a.DruidDataSourceAutoConfigure : Init DruidDataSource
2025-03-13 17:40:44.813   INFO 10888 --- [           main] com.alibaba.druid.pool.DruidDataSource   : {dataSource-1} inited
2025-03-13 17:40:46.433   INFO 10888 --- [           main] o.s.b.a.w.s.WelcomePageHandlerMapping    : Adding welcome page: class path resource [static/index.html]
2025-03-13 17:40:46.986   INFO 10888 --- [           main] o.s.s.web.DefaultSecurityFilterChain     : Will not secure Ant [pattern='/static/**']
2025-03-13 17:40:46.986   INFO 10888 --- [           main] o.s.s.web.DefaultSecurityFilterChain     : Will not secure Ant [pattern='/index.html']
2025-03-13 17:40:46.986   INFO 10888 --- [           main] o.s.s.web.DefaultSecurityFilterChain     : Will not secure Ant [pattern='/*.ico']
2025-03-13 17:40:46.986   INFO 10888 --- [           main] o.s.s.web.DefaultSecurityFilterChain     : Will not secure Ant [pattern='/']
2025-03-13 17:40:46.986   INFO 10888 --- [           main] o.s.s.web.DefaultSecurityFilterChain     : Will not secure Ant [pattern='/websocket']
2025-03-13 17:40:46.987   INFO 10888 --- [           main] o.s.s.web.DefaultSecurityFilterChain     : Will not secure Ant [pattern='/swagger-resources/**']
2025-03-13 17:40:46.987   INFO 10888 --- [           main] o.s.s.web.DefaultSecurityFilterChain     : Will not secure Ant [pattern='/v3/**']
2025-03-13 17:40:46.987   INFO 10888 --- [           main] o.s.s.web.DefaultSecurityFilterChain     : Will not secure Ant [pattern='/**/v3/api-docs']
2025-03-13 17:40:46.987   INFO 10888 --- [           main] o.s.s.web.DefaultSecurityFilterChain     : Will not secure Ant [pattern='/v2/**']
2025-03-13 17:40:46.987   INFO 10888 --- [           main] o.s.s.web.DefaultSecurityFilterChain     : Will not secure Ant [pattern='/**/v2/api-docs']
2025-03-13 17:40:46.987   INFO 10888 --- [           main] o.s.s.web.DefaultSecurityFilterChain     : Will not secure Ant [pattern='/swagger-ui/**']
2025-03-13 17:40:47.026   INFO 10888 --- [           main] o.s.s.web.DefaultSecurityFilterChain     : Will secure com.wms.config.SecurityConfig$$Lambda$1070/0x000000080138a188@1715193f with [org.springframework.security.web.context.request.async.WebAsyncManagerIntegrationFilter@1f5f4d48, org.springframework.security.web.context.SecurityContextPersistenceFilter@4c5c0306, org.springframework.security.web.header.HeaderWriterFilter@33478a2f, org.springframework.web.filter.CorsFilter@2f025e9e, org.springframework.security.web.authentication.logout.LogoutFilter@7cab8d52, com.wms.filter.jwt.JwtAuthenticationTokenFilter@5ad40184, org.springframework.security.web.session.ConcurrentSessionFilter@586b78d7, org.springframework.security.web.savedrequest.RequestCacheAwareFilter@147c4523, org.springframework.security.web.servletapi.SecurityContextHolderAwareRequestFilter@46c19350, org.springframework.security.web.authentication.AnonymousAuthenticationFilter@2c8e096, org.springframework.security.web.session.SessionManagementFilter@4a1c14a6, org.springframework.security.web.access.ExceptionTranslationFilter@53654b2d, org.springframework.security.web.access.intercept.FilterSecurityInterceptor@761a0bbd]
2025-03-13 17:40:47.127   INFO 10888 --- [           main] o.a.coyote.http11.Http11NioProtocol      : Starting ProtocolHandler ["http-nio-1217"]
2025-03-13 17:40:47.143   INFO 10888 --- [           main] o.s.b.w.embedded.tomcat.TomcatWebServer  : Tomcat started on port(s): 1217 (http) with context path ''
2025-03-13 17:40:47.535   INFO 10888 --- [           main] com.wms.WmsServerApplication             : Started WmsServerApplication in 5.889 seconds (JVM running for 7.139)
2025-03-13 17:40:47.537   INFO 10888 --- [           main] com.wms.runner.WmsApplicationRunner      : 定时任务启动完成----------Thu Mar 13 17:40:47 CST 2025
2025-03-13 17:40:51.565   INFO 10888 --- [nio-1217-exec-1] o.a.c.c.C.[Tomcat].[localhost].[/]       : Initializing Spring DispatcherServlet 'dispatcherServlet'
2025-03-13 17:40:51.566   INFO 10888 --- [nio-1217-exec-1] o.s.web.servlet.DispatcherServlet        : Initializing Servlet 'dispatcherServlet'
2025-03-13 17:40:51.566   INFO 10888 --- [nio-1217-exec-1] o.s.web.servlet.DispatcherServlet        : Completed initialization in 0 ms
2025-03-13 17:40:51.714   INFO 10888 --- [nio-1217-exec-1] c.wms.connect.websocket.WebSocketServer  : 有新窗口开始监听:admin,当前在线人数为1
2025-03-13 17:40:51.787   INFO 10888 --- [nio-1217-exec-2] c.wms.connect.websocket.WebSocketServer  : 有一连接关闭！当前在线人数为0
2025-03-13 17:40:55.051   INFO 10888 --- [nio-1217-exec-6] c.wms.connect.websocket.WebSocketServer  : 有新窗口开始监听:admin,当前在线人数为1
2025-03-13 17:41:53.864   INFO 10888 --- [nio-1217-exec-6] c.wms.connect.websocket.WebSocketServer  : 有一连接关闭！当前在线人数为0
2025-03-13 17:41:55.360   INFO 10888 --- [io-1217-exec-10] c.wms.connect.websocket.WebSocketServer  : 有新窗口开始监听:admin,当前在线人数为1
2025-03-13 17:42:50.802   INFO 10888 --- [nio-1217-exec-7] c.wms.connect.websocket.WebSocketServer  : 有一连接关闭！当前在线人数为0
2025-03-13 17:42:52.189   INFO 10888 --- [nio-1217-exec-9] c.wms.connect.websocket.WebSocketServer  : 有新窗口开始监听:admin,当前在线人数为1
2025-03-13 17:43:22.729   INFO 10888 --- [nio-1217-exec-7] c.wms.connect.websocket.WebSocketServer  : 有一连接关闭！当前在线人数为0
2025-03-13 17:43:24.187   INFO 10888 --- [nio-1217-exec-9] c.wms.connect.websocket.WebSocketServer  : 有新窗口开始监听:admin,当前在线人数为1
2025-03-13 17:46:34.389   INFO 10888 --- [nio-1217-exec-2] c.wms.connect.websocket.WebSocketServer  : 有新窗口开始监听:admin,当前在线人数为2
2025-03-13 17:46:35.136   INFO 10888 --- [nio-1217-exec-4] c.wms.connect.websocket.WebSocketServer  : 有一连接关闭！当前在线人数为0
2025-03-13 17:46:35.136   INFO 10888 --- [nio-1217-exec-8] c.wms.connect.websocket.WebSocketServer  : 有一连接关闭！当前在线人数为1
2025-03-13 17:46:36.576   INFO 10888 --- [nio-1217-exec-6] c.wms.connect.websocket.WebSocketServer  : 有新窗口开始监听:admin,当前在线人数为1
2025-03-13 17:48:27.299   INFO 10888 --- [nio-1217-exec-8] c.wms.connect.websocket.WebSocketServer  : 有一连接关闭！当前在线人数为0
2025-03-13 17:48:28.819   INFO 10888 --- [nio-1217-exec-7] c.wms.connect.websocket.WebSocketServer  : 有新窗口开始监听:admin,当前在线人数为1
2025-03-13 17:48:47.315   INFO 10888 --- [nio-1217-exec-2] c.wms.connect.websocket.WebSocketServer  : 有新窗口开始监听:admin,当前在线人数为2
2025-03-13 17:48:50.001   INFO 10888 --- [nio-1217-exec-7] c.wms.connect.websocket.WebSocketServer  : 有一连接关闭！当前在线人数为0
2025-03-13 17:48:50.001   INFO 10888 --- [nio-1217-exec-4] c.wms.connect.websocket.WebSocketServer  : 有一连接关闭！当前在线人数为0
2025-03-13 17:48:51.392   INFO 10888 --- [nio-1217-exec-9] c.wms.connect.websocket.WebSocketServer  : 有新窗口开始监听:admin,当前在线人数为1
2025-03-13 17:50:44.465   INFO 10888 --- [nio-1217-exec-1] c.wms.connect.websocket.WebSocketServer  : 有新窗口开始监听:admin,当前在线人数为2
2025-03-13 17:50:44.756   INFO 10888 --- [nio-1217-exec-5] c.wms.connect.websocket.WebSocketServer  : 有一连接关闭！当前在线人数为0
2025-03-13 17:50:44.756   INFO 10888 --- [nio-1217-exec-2] c.wms.connect.websocket.WebSocketServer  : 有一连接关闭！当前在线人数为0
2025-03-13 17:50:46.273   INFO 10888 --- [nio-1217-exec-7] c.wms.connect.websocket.WebSocketServer  : 有新窗口开始监听:admin,当前在线人数为1
2025-03-13 17:51:56.450   INFO 10888 --- [nio-1217-exec-6] c.wms.connect.websocket.WebSocketServer  : 有新窗口开始监听:admin,当前在线人数为2
2025-03-13 17:52:02.084   INFO 10888 --- [nio-1217-exec-2] c.wms.connect.websocket.WebSocketServer  : 有新窗口开始监听:admin,当前在线人数为3
2025-03-13 17:52:03.182   INFO 10888 --- [nio-1217-exec-7] c.wms.connect.websocket.WebSocketServer  : 有一连接关闭！当前在线人数为0
2025-03-13 17:52:03.182   INFO 10888 --- [nio-1217-exec-4] c.wms.connect.websocket.WebSocketServer  : 有一连接关闭！当前在线人数为1
2025-03-13 17:52:03.182   INFO 10888 --- [nio-1217-exec-5] c.wms.connect.websocket.WebSocketServer  : 有一连接关闭！当前在线人数为2
2025-03-13 17:52:04.589   INFO 10888 --- [io-1217-exec-10] c.wms.connect.websocket.WebSocketServer  : 有新窗口开始监听:admin,当前在线人数为1
2025-03-13 17:52:30.252   INFO 10888 --- [nio-1217-exec-4] c.wms.connect.websocket.WebSocketServer  : 有新窗口开始监听:admin,当前在线人数为2
2025-03-13 17:52:30.900   INFO 10888 --- [nio-1217-exec-9] c.wms.connect.websocket.WebSocketServer  : 有一连接关闭！当前在线人数为0
2025-03-13 17:52:30.900   INFO 10888 --- [io-1217-exec-10] c.wms.connect.websocket.WebSocketServer  : 有一连接关闭！当前在线人数为0
2025-03-13 17:52:31.508   INFO 10888 --- [nio-1217-exec-1] c.wms.connect.websocket.WebSocketServer  : 有新窗口开始监听:admin,当前在线人数为1
2025-03-13 17:52:53.919   INFO 10888 --- [nio-1217-exec-3] c.wms.connect.websocket.WebSocketServer  : 有新窗口开始监听:admin,当前在线人数为2
2025-03-13 17:52:54.116   INFO 10888 --- [nio-1217-exec-5] c.wms.connect.websocket.WebSocketServer  : 有一连接关闭！当前在线人数为1
2025-03-13 17:52:54.117   INFO 10888 --- [nio-1217-exec-8] c.wms.connect.websocket.WebSocketServer  : 有一连接关闭！当前在线人数为0
2025-03-13 17:52:55.453   INFO 10888 --- [nio-1217-exec-7] c.wms.connect.websocket.WebSocketServer  : 有新窗口开始监听:admin,当前在线人数为1
2025-03-13 17:53:09.867   INFO 10888 --- [nio-1217-exec-2] c.wms.connect.websocket.WebSocketServer  : 有新窗口开始监听:admin,当前在线人数为2
2025-03-13 18:43:53.243   INFO 10888 --- [nio-1217-exec-9] c.wms.connect.websocket.WebSocketServer  : 有新窗口开始监听:admin,当前在线人数为3
2025-03-13 18:43:53.807   INFO 10888 --- [nio-1217-exec-5] c.wms.connect.websocket.WebSocketServer  : 有一连接关闭！当前在线人数为1
2025-03-13 18:43:53.807   INFO 10888 --- [nio-1217-exec-8] c.wms.connect.websocket.WebSocketServer  : 有一连接关闭！当前在线人数为1
2025-03-13 18:43:53.807   INFO 10888 --- [nio-1217-exec-4] c.wms.connect.websocket.WebSocketServer  : 有一连接关闭！当前在线人数为0
2025-03-13 18:43:55.275   INFO 10888 --- [nio-1217-exec-6] c.wms.connect.websocket.WebSocketServer  : 有新窗口开始监听:admin,当前在线人数为1
2025-03-13 21:31:15.269   INFO 10888 --- [ionShutdownHook] c.wms.connect.websocket.WebSocketServer  : 有一连接关闭！当前在线人数为0
2025-03-13 21:31:15.379   INFO 10888 --- [ionShutdownHook] com.alibaba.druid.pool.DruidDataSource   : {dataSource-1} closing ...
2025-03-13 21:31:15.381   INFO 10888 --- [ionShutdownHook] com.alibaba.druid.pool.DruidDataSource   : {dataSource-1} closed
