2025-01-17 22:05:44.159   INFO 3144 --- [           main] com.wms.WmsServerApplication             : Starting WmsServerApplication using Java 17.0.5 on Disney with PID 3144 (K:\GitHub\notes\project\wms-server\target\classes started by qe249 in K:\GitHub\notes\project\wms-server)
2025-01-17 22:05:44.161   INFO 3144 --- [           main] com.wms.WmsServerApplication             : The following 1 profile is active: "dev"
2025-01-17 22:05:44.997   INFO 3144 --- [           main] .s.d.r.c.RepositoryConfigurationDelegate : Multiple Spring Data modules found, entering strict repository configuration mode
2025-01-17 22:05:45.000   INFO 3144 --- [           main] .s.d.r.c.RepositoryConfigurationDelegate : Bootstrapping Spring Data Redis repositories in DEFAULT mode.
2025-01-17 22:05:45.025   INFO 3144 --- [           main] .s.d.r.c.RepositoryConfigurationDelegate : Finished Spring Data repository scanning in 12 ms. Found 0 Redis repository interfaces.
2025-01-17 22:05:45.795   INFO 3144 --- [           main] o.s.b.w.embedded.tomcat.TomcatWebServer  : Tomcat initialized with port(s): 1217 (http)
2025-01-17 22:05:45.803   INFO 3144 --- [           main] o.a.coyote.http11.Http11NioProtocol      : Initializing ProtocolHandler ["http-nio-1217"]
2025-01-17 22:05:45.804   INFO 3144 --- [           main] o.apache.catalina.core.StandardService   : Starting service [Tomcat]
2025-01-17 22:05:45.804   INFO 3144 --- [           main] org.apache.catalina.core.StandardEngine  : Starting Servlet engine: [Apache Tomcat/9.0.68]
2025-01-17 22:05:45.891   INFO 3144 --- [           main] o.a.c.c.C.[Tomcat].[localhost].[/]       : Initializing Spring embedded WebApplicationContext
2025-01-17 22:05:45.892   INFO 3144 --- [           main] w.s.c.ServletWebServerApplicationContext : Root WebApplicationContext: initialization completed in 1690 ms
2025-01-17 22:05:47.365   INFO 3144 --- [           main] o.s.b.a.w.s.WelcomePageHandlerMapping    : Adding welcome page: class path resource [static/index.html]
2025-01-17 22:05:47.892   INFO 3144 --- [           main] o.s.s.web.DefaultSecurityFilterChain     : Will secure any request with [org.springframework.security.web.context.request.async.WebAsyncManagerIntegrationFilter@5c552f08, org.springframework.security.web.context.SecurityContextPersistenceFilter@76980c75, org.springframework.security.web.header.HeaderWriterFilter@796613b7, org.springframework.web.filter.CorsFilter@4fd00e10, org.springframework.security.web.authentication.logout.LogoutFilter@49654a35, com.wms.filter.jwt.JwtAuthenticationTokenFilter@794d28a3, org.springframework.security.web.session.ConcurrentSessionFilter@76ee7301, org.springframework.security.web.savedrequest.RequestCacheAwareFilter@2941631f, org.springframework.security.web.servletapi.SecurityContextHolderAwareRequestFilter@4e35a219, org.springframework.security.web.authentication.AnonymousAuthenticationFilter@7be1e187, org.springframework.security.web.session.SessionManagementFilter@27b7e663, org.springframework.security.web.access.ExceptionTranslationFilter@21b2579d, org.springframework.security.web.access.intercept.FilterSecurityInterceptor@2059c3ff]
2025-01-17 22:05:47.972   INFO 3144 --- [           main] o.a.coyote.http11.Http11NioProtocol      : Starting ProtocolHandler ["http-nio-1217"]
2025-01-17 22:05:47.987   INFO 3144 --- [           main] o.s.b.w.embedded.tomcat.TomcatWebServer  : Tomcat started on port(s): 1217 (http) with context path ''
2025-01-17 22:05:48.312   INFO 3144 --- [           main] com.wms.WmsServerApplication             : Started WmsServerApplication in 4.496 seconds (JVM running for 6.103)
2025-01-17 22:07:54.388   INFO 3144 --- [nio-1217-exec-1] o.a.c.c.C.[Tomcat].[localhost].[/]       : Initializing Spring DispatcherServlet 'dispatcherServlet'
2025-01-17 22:07:54.388   INFO 3144 --- [nio-1217-exec-1] o.s.web.servlet.DispatcherServlet        : Initializing Servlet 'dispatcherServlet'
2025-01-17 22:07:54.389   INFO 3144 --- [nio-1217-exec-1] o.s.web.servlet.DispatcherServlet        : Completed initialization in 1 ms
2025-01-17 22:07:54.560   INFO 3144 --- [nio-1217-exec-4] com.alibaba.druid.pool.DruidDataSource   : {dataSource-1} inited
