2025-01-17 22:05:46.231   WARN 3144 --- [           main] c.b.m.core.injector.AbstractMethod       : [com.wms.dao.LogRecordDao.update] Has been loaded by XML or SqlProvider or Mybatis's Annotation, so ignoring this injection for [class com.baomidou.mybatisplus.core.injector.methods.Update]
2025-01-17 22:05:46.269   WARN 3144 --- [           main] c.b.m.core.injector.AbstractMethod       : [com.wms.dao.MemberDao.update] Has been loaded by XML or SqlProvider or Mybatis's Annotation, so ignoring this injection for [class com.baomidou.mybatisplus.core.injector.methods.Update]
2025-01-17 22:05:46.309   WARN 3144 --- [           main] c.b.m.core.injector.AbstractMethod       : [com.wms.dao.MemberRoleDao.update] Has been loaded by XML or SqlProvider or Mybatis's Annotation, so ignoring this injection for [class com.baomidou.mybatisplus.core.injector.methods.Update]
2025-01-17 22:05:46.336   WARN 3144 --- [           main] c.b.m.core.injector.AbstractMethod       : [com.wms.dao.ParamKeyDao.update] Has been loaded by XML or SqlProvider or Mybatis's Annotation, so ignoring this injection for [class com.baomidou.mybatisplus.core.injector.methods.Update]
2025-01-17 22:05:46.356   WARN 3144 --- [           main] c.b.m.core.injector.AbstractMethod       : [com.wms.dao.PermissionsDao.update] Has been loaded by XML or SqlProvider or Mybatis's Annotation, so ignoring this injection for [class com.baomidou.mybatisplus.core.injector.methods.Update]
2025-01-17 22:05:46.381   WARN 3144 --- [           main] c.b.m.core.injector.AbstractMethod       : [com.wms.dao.RoleDao.update] Has been loaded by XML or SqlProvider or Mybatis's Annotation, so ignoring this injection for [class com.baomidou.mybatisplus.core.injector.methods.Update]
2025-01-17 22:05:46.407   WARN 3144 --- [           main] c.b.m.core.injector.AbstractMethod       : [com.wms.dao.RolePermissionsDao.update] Has been loaded by XML or SqlProvider or Mybatis's Annotation, so ignoring this injection for [class com.baomidou.mybatisplus.core.injector.methods.Update]
2025-01-17 22:05:48.148   WARN 3144 --- [           main] d.s.r.o.OperationImplicitParameterReader : Unable to interpret the implicit parameter configuration with dataType: , dataTypeClass: class java.lang.Void
2025-01-17 22:05:48.158   WARN 3144 --- [           main] d.s.r.o.OperationImplicitParameterReader : Unable to interpret the implicit parameter configuration with dataType: , dataTypeClass: class java.lang.Void
2025-01-17 22:05:48.160   WARN 3144 --- [           main] d.s.r.o.OperationImplicitParameterReader : Unable to interpret the implicit parameter configuration with dataType: , dataTypeClass: class java.lang.Void
2025-01-17 22:05:48.171   WARN 3144 --- [           main] d.s.r.o.OperationImplicitParameterReader : Unable to interpret the implicit parameter configuration with dataType: , dataTypeClass: class java.lang.Void
2025-01-17 22:05:48.190   WARN 3144 --- [           main] d.s.r.o.OperationImplicitParameterReader : Unable to interpret the implicit parameter configuration with dataType: , dataTypeClass: class java.lang.Void
2025-01-17 22:05:48.193   WARN 3144 --- [           main] d.s.r.o.OperationImplicitParameterReader : Unable to interpret the implicit parameter configuration with dataType: , dataTypeClass: class java.lang.Void
2025-01-17 22:05:48.202   WARN 3144 --- [           main] d.s.r.o.OperationImplicitParameterReader : Unable to interpret the implicit parameter configuration with dataType: , dataTypeClass: class java.lang.Void
2025-01-17 22:05:48.204   WARN 3144 --- [           main] d.s.r.o.OperationImplicitParameterReader : Unable to interpret the implicit parameter configuration with dataType: , dataTypeClass: class java.lang.Void
2025-01-17 22:05:48.208   WARN 3144 --- [           main] d.s.r.o.OperationImplicitParameterReader : Unable to interpret the implicit parameter configuration with dataType: , dataTypeClass: class java.lang.Void
2025-01-17 22:05:48.215   WARN 3144 --- [           main] d.s.r.o.OperationImplicitParameterReader : Unable to interpret the implicit parameter configuration with dataType: , dataTypeClass: class java.lang.Void
2025-01-17 22:05:48.219   WARN 3144 --- [           main] d.s.r.o.OperationImplicitParameterReader : Unable to interpret the implicit parameter configuration with dataType: , dataTypeClass: class java.lang.Void
2025-01-17 22:05:48.221   WARN 3144 --- [           main] d.s.r.o.OperationImplicitParameterReader : Unable to interpret the implicit parameter configuration with dataType: , dataTypeClass: class java.lang.Void
2025-01-17 22:05:48.224   WARN 3144 --- [           main] d.s.r.o.OperationImplicitParameterReader : Unable to interpret the implicit parameter configuration with dataType: , dataTypeClass: class java.lang.Void
2025-01-17 22:05:48.230   WARN 3144 --- [           main] d.s.r.o.OperationImplicitParameterReader : Unable to interpret the implicit parameter configuration with dataType: , dataTypeClass: class java.lang.Void
2025-01-17 22:05:48.235   WARN 3144 --- [           main] d.s.r.o.OperationImplicitParameterReader : Unable to interpret the implicit parameter configuration with dataType: , dataTypeClass: class java.lang.Void
2025-01-17 22:05:48.238   WARN 3144 --- [           main] d.s.r.o.OperationImplicitParameterReader : Unable to interpret the implicit parameter configuration with dataType: , dataTypeClass: class java.lang.Void
2025-01-17 22:05:48.244   WARN 3144 --- [           main] d.s.r.o.OperationImplicitParameterReader : Unable to interpret the implicit parameter configuration with dataType: , dataTypeClass: class java.lang.Void
2025-01-17 22:05:48.251   WARN 3144 --- [           main] d.s.r.o.OperationImplicitParameterReader : Unable to interpret the implicit parameter configuration with dataType: , dataTypeClass: class java.lang.Void
2025-01-17 22:05:48.260   WARN 3144 --- [           main] d.s.r.o.OperationImplicitParameterReader : Unable to interpret the implicit parameter configuration with dataType: , dataTypeClass: class java.lang.Void
2025-01-17 22:05:48.263   WARN 3144 --- [           main] d.s.r.o.OperationImplicitParameterReader : Unable to interpret the implicit parameter configuration with dataType: , dataTypeClass: class java.lang.Void
2025-01-17 22:05:48.264   WARN 3144 --- [           main] d.s.r.o.OperationImplicitParameterReader : Unable to interpret the implicit parameter configuration with dataType: , dataTypeClass: class java.lang.Void
2025-01-17 22:05:48.269   WARN 3144 --- [           main] d.s.r.o.OperationImplicitParameterReader : Unable to interpret the implicit parameter configuration with dataType: , dataTypeClass: class java.lang.Void
2025-01-17 22:05:48.275   WARN 3144 --- [           main] d.s.r.o.OperationImplicitParameterReader : Unable to interpret the implicit parameter configuration with dataType: , dataTypeClass: class java.lang.Void
2025-01-17 22:05:48.278   WARN 3144 --- [           main] d.s.r.o.OperationImplicitParameterReader : Unable to interpret the implicit parameter configuration with dataType: , dataTypeClass: class java.lang.Void
2025-01-17 22:05:48.280   WARN 3144 --- [           main] d.s.r.o.OperationImplicitParameterReader : Unable to interpret the implicit parameter configuration with dataType: , dataTypeClass: class java.lang.Void
2025-01-17 22:05:48.281   WARN 3144 --- [           main] d.s.r.o.OperationImplicitParameterReader : Unable to interpret the implicit parameter configuration with dataType: , dataTypeClass: class java.lang.Void
2025-01-17 22:05:48.287   WARN 3144 --- [           main] d.s.r.o.OperationImplicitParameterReader : Unable to interpret the implicit parameter configuration with dataType: , dataTypeClass: class java.lang.Void
2025-01-17 22:11:30.732   WARN 3144 --- [nio-1217-exec-3] c.a.druid.pool.DruidAbstractDataSource   : discard long time none received connection. , jdbcUrl : jdbc:mysql://localhost:3306/wms-server?useUnicode=true&characterEncoding=UTF-8&useSSL=false&serverTimezone=Asia/Shanghai, version : 1.2.8, lastPacketReceivedIdleMillis : 207038
2025-01-17 22:11:30.732   WARN 3144 --- [nio-1217-exec-3] c.a.druid.pool.DruidAbstractDataSource   : discard long time none received connection. , jdbcUrl : jdbc:mysql://localhost:3306/wms-server?useUnicode=true&characterEncoding=UTF-8&useSSL=false&serverTimezone=Asia/Shanghai, version : 1.2.8, lastPacketReceivedIdleMillis : 210138
2025-01-17 22:16:15.641   WARN 3144 --- [nio-1217-exec-7] c.a.druid.pool.DruidAbstractDataSource   : discard long time none received connection. , jdbcUrl : jdbc:mysql://localhost:3306/wms-server?useUnicode=true&characterEncoding=UTF-8&useSSL=false&serverTimezone=Asia/Shanghai, version : 1.2.8, lastPacketReceivedIdleMillis : 280344
2025-01-17 22:34:06.982   WARN 3144 --- [nio-1217-exec-7] c.a.druid.pool.DruidAbstractDataSource   : discard long time none received connection. , jdbcUrl : jdbc:mysql://localhost:3306/wms-server?useUnicode=true&characterEncoding=UTF-8&useSSL=false&serverTimezone=Asia/Shanghai, version : 1.2.8, lastPacketReceivedIdleMillis : 979414
2025-01-17 22:34:06.983   WARN 3144 --- [nio-1217-exec-7] c.a.druid.pool.DruidAbstractDataSource   : discard long time none received connection. , jdbcUrl : jdbc:mysql://localhost:3306/wms-server?useUnicode=true&characterEncoding=UTF-8&useSSL=false&serverTimezone=Asia/Shanghai, version : 1.2.8, lastPacketReceivedIdleMillis : 984930
2025-01-17 22:34:06.983   WARN 3144 --- [nio-1217-exec-7] c.a.druid.pool.DruidAbstractDataSource   : discard long time none received connection. , jdbcUrl : jdbc:mysql://localhost:3306/wms-server?useUnicode=true&characterEncoding=UTF-8&useSSL=false&serverTimezone=Asia/Shanghai, version : 1.2.8, lastPacketReceivedIdleMillis : 984930
2025-01-17 22:40:18.808   WARN 3144 --- [nio-1217-exec-9] c.a.druid.pool.DruidAbstractDataSource   : discard long time none received connection. , jdbcUrl : jdbc:mysql://localhost:3306/wms-server?useUnicode=true&characterEncoding=UTF-8&useSSL=false&serverTimezone=Asia/Shanghai, version : 1.2.8, lastPacketReceivedIdleMillis : 351570
2025-01-17 22:40:18.809   WARN 3144 --- [nio-1217-exec-9] c.a.druid.pool.DruidAbstractDataSource   : discard long time none received connection. , jdbcUrl : jdbc:mysql://localhost:3306/wms-server?useUnicode=true&characterEncoding=UTF-8&useSSL=false&serverTimezone=Asia/Shanghai, version : 1.2.8, lastPacketReceivedIdleMillis : 360043
2025-01-17 22:42:40.219   WARN 3144 --- [nio-1217-exec-4] c.a.druid.pool.DruidAbstractDataSource   : discard long time none received connection. , jdbcUrl : jdbc:mysql://localhost:3306/wms-server?useUnicode=true&characterEncoding=UTF-8&useSSL=false&serverTimezone=Asia/Shanghai, version : 1.2.8, lastPacketReceivedIdleMillis : 138952
2025-01-17 22:42:40.219   WARN 3144 --- [nio-1217-exec-4] c.a.druid.pool.DruidAbstractDataSource   : discard long time none received connection. , jdbcUrl : jdbc:mysql://localhost:3306/wms-server?useUnicode=true&characterEncoding=UTF-8&useSSL=false&serverTimezone=Asia/Shanghai, version : 1.2.8, lastPacketReceivedIdleMillis : 141332
2025-01-17 22:44:29.108   WARN 3144 --- [nio-1217-exec-3] c.a.druid.pool.DruidAbstractDataSource   : discard long time none received connection. , jdbcUrl : jdbc:mysql://localhost:3306/wms-server?useUnicode=true&characterEncoding=UTF-8&useSSL=false&serverTimezone=Asia/Shanghai, version : 1.2.8, lastPacketReceivedIdleMillis : 108865
2025-01-17 22:50:29.475   WARN 3144 --- [nio-1217-exec-8] c.a.druid.pool.DruidAbstractDataSource   : discard long time none received connection. , jdbcUrl : jdbc:mysql://localhost:3306/wms-server?useUnicode=true&characterEncoding=UTF-8&useSSL=false&serverTimezone=Asia/Shanghai, version : 1.2.8, lastPacketReceivedIdleMillis : 358003
2025-01-17 23:01:58.050   WARN 3144 --- [nio-1217-exec-2] c.a.druid.pool.DruidAbstractDataSource   : discard long time none received connection. , jdbcUrl : jdbc:mysql://localhost:3306/wms-server?useUnicode=true&characterEncoding=UTF-8&useSSL=false&serverTimezone=Asia/Shanghai, version : 1.2.8, lastPacketReceivedIdleMillis : 588233
2025-01-17 23:01:58.051   WARN 3144 --- [nio-1217-exec-2] c.a.druid.pool.DruidAbstractDataSource   : discard long time none received connection. , jdbcUrl : jdbc:mysql://localhost:3306/wms-server?useUnicode=true&characterEncoding=UTF-8&useSSL=false&serverTimezone=Asia/Shanghai, version : 1.2.8, lastPacketReceivedIdleMillis : 588234
2025-01-17 23:01:58.052   WARN 3144 --- [nio-1217-exec-2] c.a.druid.pool.DruidAbstractDataSource   : discard long time none received connection. , jdbcUrl : jdbc:mysql://localhost:3306/wms-server?useUnicode=true&characterEncoding=UTF-8&useSSL=false&serverTimezone=Asia/Shanghai, version : 1.2.8, lastPacketReceivedIdleMillis : 685689
2025-01-17 23:06:57.246   WARN 3144 --- [nio-1217-exec-7] c.a.druid.pool.DruidAbstractDataSource   : discard long time none received connection. , jdbcUrl : jdbc:mysql://localhost:3306/wms-server?useUnicode=true&characterEncoding=UTF-8&useSSL=false&serverTimezone=Asia/Shanghai, version : 1.2.8, lastPacketReceivedIdleMillis : 299103
2025-01-17 23:06:57.247   WARN 3144 --- [nio-1217-exec-7] c.a.druid.pool.DruidAbstractDataSource   : discard long time none received connection. , jdbcUrl : jdbc:mysql://localhost:3306/wms-server?useUnicode=true&characterEncoding=UTF-8&useSSL=false&serverTimezone=Asia/Shanghai, version : 1.2.8, lastPacketReceivedIdleMillis : 299107
2025-01-17 23:11:03.312   WARN 3144 --- [nio-1217-exec-9] c.a.druid.pool.DruidAbstractDataSource   : discard long time none received connection. , jdbcUrl : jdbc:mysql://localhost:3306/wms-server?useUnicode=true&characterEncoding=UTF-8&useSSL=false&serverTimezone=Asia/Shanghai, version : 1.2.8, lastPacketReceivedIdleMillis : 233906
2025-01-17 23:11:03.313   WARN 3144 --- [nio-1217-exec-9] c.a.druid.pool.DruidAbstractDataSource   : discard long time none received connection. , jdbcUrl : jdbc:mysql://localhost:3306/wms-server?useUnicode=true&characterEncoding=UTF-8&useSSL=false&serverTimezone=Asia/Shanghai, version : 1.2.8, lastPacketReceivedIdleMillis : 233907
2025-01-17 23:21:27.009   WARN 3144 --- [nio-1217-exec-5] c.a.druid.pool.DruidAbstractDataSource   : discard long time none received connection. , jdbcUrl : jdbc:mysql://localhost:3306/wms-server?useUnicode=true&characterEncoding=UTF-8&useSSL=false&serverTimezone=Asia/Shanghai, version : 1.2.8, lastPacketReceivedIdleMillis : 623568
2025-01-17 23:21:27.010   WARN 3144 --- [nio-1217-exec-5] c.a.druid.pool.DruidAbstractDataSource   : discard long time none received connection. , jdbcUrl : jdbc:mysql://localhost:3306/wms-server?useUnicode=true&characterEncoding=UTF-8&useSSL=false&serverTimezone=Asia/Shanghai, version : 1.2.8, lastPacketReceivedIdleMillis : 623570
