2025-03-18 13:58:25.600   INFO 13368 --- [           main] com.wms.WmsServerApplication             : Starting WmsServerApplication using Java 17.0.5 on Disney with PID 13368 (K:\GitHub\notes\project\wms-server\target\classes started by qe249 in K:\GitHub\notes\project\wms-server)
2025-03-18 13:58:25.605   INFO 13368 --- [           main] com.wms.WmsServerApplication             : The following 1 profile is active: "dev"
2025-03-18 13:58:28.188   INFO 13368 --- [           main] .s.d.r.c.RepositoryConfigurationDelegate : Multiple Spring Data modules found, entering strict repository configuration mode
2025-03-18 13:58:28.191   INFO 13368 --- [           main] .s.d.r.c.RepositoryConfigurationDelegate : Bootstrapping Spring Data Redis repositories in DEFAULT mode.
2025-03-18 13:58:28.228   INFO 13368 --- [           main] .s.d.r.c.RepositoryConfigurationDelegate : Finished Spring Data repository scanning in 18 ms. Found 0 Redis repository interfaces.
2025-03-18 13:58:29.168   INFO 13368 --- [           main] o.s.b.w.embedded.tomcat.TomcatWebServer  : Tomcat initialized with port(s): 1217 (http)
2025-03-18 13:58:29.179   INFO 13368 --- [           main] o.a.coyote.http11.Http11NioProtocol      : Initializing ProtocolHandler ["http-nio-1217"]
2025-03-18 13:58:29.180   INFO 13368 --- [           main] o.apache.catalina.core.StandardService   : Starting service [Tomcat]
2025-03-18 13:58:29.180   INFO 13368 --- [           main] org.apache.catalina.core.StandardEngine  : Starting Servlet engine: [Apache Tomcat/9.0.68]
2025-03-18 13:58:29.307   INFO 13368 --- [           main] o.a.c.c.C.[Tomcat].[localhost].[/]       : Initializing Spring embedded WebApplicationContext
2025-03-18 13:58:29.307   INFO 13368 --- [           main] w.s.c.ServletWebServerApplicationContext : Root WebApplicationContext: initialization completed in 3657 ms
2025-03-18 13:58:29.422   INFO 13368 --- [           main] c.a.d.s.b.a.DruidDataSourceAutoConfigure : Init DruidDataSource
2025-03-18 13:58:29.653   INFO 13368 --- [           main] com.alibaba.druid.pool.DruidDataSource   : {dataSource-1} inited
2025-03-18 13:58:31.732   INFO 13368 --- [           main] o.s.b.a.w.s.WelcomePageHandlerMapping    : Adding welcome page: class path resource [static/index.html]
2025-03-18 13:58:32.493   INFO 13368 --- [           main] o.s.s.web.DefaultSecurityFilterChain     : Will not secure Ant [pattern='/static/**']
2025-03-18 13:58:32.494   INFO 13368 --- [           main] o.s.s.web.DefaultSecurityFilterChain     : Will not secure Ant [pattern='/index.html']
2025-03-18 13:58:32.494   INFO 13368 --- [           main] o.s.s.web.DefaultSecurityFilterChain     : Will not secure Ant [pattern='/*.ico']
2025-03-18 13:58:32.494   INFO 13368 --- [           main] o.s.s.web.DefaultSecurityFilterChain     : Will not secure Ant [pattern='/']
2025-03-18 13:58:32.494   INFO 13368 --- [           main] o.s.s.web.DefaultSecurityFilterChain     : Will not secure Ant [pattern='/websocket']
2025-03-18 13:58:32.495   INFO 13368 --- [           main] o.s.s.web.DefaultSecurityFilterChain     : Will not secure Ant [pattern='/swagger-resources/**']
2025-03-18 13:58:32.495   INFO 13368 --- [           main] o.s.s.web.DefaultSecurityFilterChain     : Will not secure Ant [pattern='/v3/**']
2025-03-18 13:58:32.495   INFO 13368 --- [           main] o.s.s.web.DefaultSecurityFilterChain     : Will not secure Ant [pattern='/**/v3/api-docs']
2025-03-18 13:58:32.497   INFO 13368 --- [           main] o.s.s.web.DefaultSecurityFilterChain     : Will not secure Ant [pattern='/v2/**']
2025-03-18 13:58:32.497   INFO 13368 --- [           main] o.s.s.web.DefaultSecurityFilterChain     : Will not secure Ant [pattern='/**/v2/api-docs']
2025-03-18 13:58:32.498   INFO 13368 --- [           main] o.s.s.web.DefaultSecurityFilterChain     : Will not secure Ant [pattern='/swagger-ui/**']
2025-03-18 13:58:32.537   INFO 13368 --- [           main] o.s.s.web.DefaultSecurityFilterChain     : Will secure com.wms.config.SecurityConfig$$Lambda$1070/0x00000008013a16f8@57df93c1 with [org.springframework.security.web.context.request.async.WebAsyncManagerIntegrationFilter@72998021, org.springframework.security.web.context.SecurityContextPersistenceFilter@36f438f1, org.springframework.security.web.header.HeaderWriterFilter@34604b32, org.springframework.web.filter.CorsFilter@761a0bbd, org.springframework.security.web.authentication.logout.LogoutFilter@14d6ede3, com.wms.filter.jwt.JwtAuthenticationTokenFilter@5e2975ca, org.springframework.security.web.session.ConcurrentSessionFilter@761f1a28, org.springframework.security.web.savedrequest.RequestCacheAwareFilter@1360ef8d, org.springframework.security.web.servletapi.SecurityContextHolderAwareRequestFilter@1bc1aa9e, org.springframework.security.web.authentication.AnonymousAuthenticationFilter@7a6e0f3c, org.springframework.security.web.session.SessionManagementFilter@5c40402c, org.springframework.security.web.access.ExceptionTranslationFilter@d1973e8, org.springframework.security.web.access.intercept.FilterSecurityInterceptor@ab2e887]
2025-03-18 13:58:32.640   INFO 13368 --- [           main] o.a.coyote.http11.Http11NioProtocol      : Starting ProtocolHandler ["http-nio-1217"]
2025-03-18 13:58:32.657   INFO 13368 --- [           main] o.s.b.w.embedded.tomcat.TomcatWebServer  : Tomcat started on port(s): 1217 (http) with context path ''
2025-03-18 13:58:33.157   INFO 13368 --- [           main] com.wms.WmsServerApplication             : Started WmsServerApplication in 7.998 seconds (JVM running for 13.313)
2025-03-18 13:58:33.159   INFO 13368 --- [           main] com.wms.runner.WmsApplicationRunner      : 定时任务启动完成----------Tue Mar 18 13:58:33 CST 2025
2025-03-18 18:42:00.965   INFO 13368 --- [nio-1217-exec-1] o.a.c.c.C.[Tomcat].[localhost].[/]       : Initializing Spring DispatcherServlet 'dispatcherServlet'
2025-03-18 18:42:00.965   INFO 13368 --- [nio-1217-exec-1] o.s.web.servlet.DispatcherServlet        : Initializing Servlet 'dispatcherServlet'
2025-03-18 18:42:00.967   INFO 13368 --- [nio-1217-exec-1] o.s.web.servlet.DispatcherServlet        : Completed initialization in 2 ms
2025-03-18 18:42:01.665   INFO 13368 --- [nio-1217-exec-4] c.wms.connect.websocket.WebSocketServer  : 有新窗口开始监听:admin,当前在线人数为1
2025-03-18 20:47:23.584   INFO 13368 --- [nio-1217-exec-9] c.wms.connect.websocket.WebSocketServer  : 有一连接关闭！当前在线人数为0
2025-03-18 20:55:44.515   INFO 13368 --- [ionShutdownHook] com.alibaba.druid.pool.DruidDataSource   : {dataSource-1} closing ...
2025-03-18 20:55:44.517   INFO 13368 --- [ionShutdownHook] com.alibaba.druid.pool.DruidDataSource   : {dataSource-1} closed
