2025-02-17 09:05:47.264  ERROR 7068 --- [nio-1217-exec-1] c.wms.handler.WebGlobalExceptionHandler  : 不存在物料：null
2025-02-17 09:06:33.393  ERROR 7068 --- [nio-1217-exec-7] c.wms.handler.WebGlobalExceptionHandler  : 不存在物料：null
2025-02-17 09:08:42.652  ERROR 14676 --- [nio-1217-exec-5] c.wms.handler.WebGlobalExceptionHandler  : 该库位1-3，没有物料或物料正在出入库，无法再次出库！！！
2025-02-17 20:55:43.510  ERROR 18016 --- [nio-1217-exec-4] c.wms.handler.WebGlobalExceptionHandler  : 任务ID不能为空！！
2025-02-17 20:56:03.717  ERROR 18016 --- [nio-1217-exec-6] c.wms.handler.WebGlobalExceptionHandler  : 任务ID不能为空！！
2025-02-17 20:57:20.362  ERROR 16864 --- [nio-1217-exec-1] c.wms.handler.WebGlobalExceptionHandler  : 该库位1-8，没有物料或物料正在出入库，无法再次出库！！！
2025-02-17 20:58:42.162  ERROR 16864 --- [io-1217-exec-10] c.wms.handler.WebGlobalExceptionHandler  : 该库位1-8，没有物料或物料正在出入库，无法再次出库！！！
2025-02-17 21:00:56.520  ERROR 11604 --- [nio-1217-exec-7] c.wms.handler.WebGlobalExceptionHandler  : 该库位1-8，没有物料或物料正在出入库，无法再次出库！！！
2025-02-17 21:01:00.102  ERROR 11604 --- [nio-1217-exec-9] c.wms.handler.WebGlobalExceptionHandler  : 该库位已存在物料，无法再次入库！！！
2025-02-17 21:01:02.352  ERROR 11604 --- [io-1217-exec-10] c.wms.handler.WebGlobalExceptionHandler  : 该库位已存在物料，无法再次入库！！！
2025-02-17 21:01:05.532  ERROR 11604 --- [nio-1217-exec-1] c.wms.handler.WebGlobalExceptionHandler  : 该库位1-1，没有物料或物料正在出入库，无法再次出库！！！
2025-02-17 21:03:17.429  ERROR 11604 --- [nio-1217-exec-9] c.wms.handler.WebGlobalExceptionHandler  : 该库位1-8，没有物料或物料正在出入库，无法再次出库！！！
2025-02-17 21:03:20.349  ERROR 11604 --- [io-1217-exec-10] c.wms.handler.WebGlobalExceptionHandler  : 该库位已存在物料，无法再次入库！！！
2025-02-17 21:03:39.385  ERROR 11604 --- [nio-1217-exec-6] c.wms.handler.WebGlobalExceptionHandler  : 该库位1-1，没有物料或物料正在出入库，无法再次出库！！！
2025-02-17 21:04:13.159  ERROR 11604 --- [nio-1217-exec-6] c.wms.handler.WebGlobalExceptionHandler  : 该库位1-1，没有物料或物料正在出入库，无法再次出库！！！
2025-02-17 21:04:34.362  ERROR 11604 --- [nio-1217-exec-3] c.wms.handler.WebGlobalExceptionHandler  : 该库位1-1，没有物料或物料正在出入库，无法再次出库！！！
2025-02-17 21:06:21.439  ERROR 11604 --- [nio-1217-exec-2] c.wms.handler.WebGlobalExceptionHandler  : 该库位1-1，没有物料或物料正在出入库，无法再次出库！！！
2025-02-17 21:07:05.779  ERROR 4128 --- [nio-1217-exec-7] c.wms.handler.WebGlobalExceptionHandler  : 该库位1-1，没有物料或物料正在出入库，无法再次出库！！！
2025-02-17 21:11:37.582  ERROR 18108 --- [nio-1217-exec-6] c.wms.handler.WebGlobalExceptionHandler  : 该库位已存在物料，无法再次入库！！！
2025-02-17 21:12:17.605  ERROR 6364 --- [nio-1217-exec-5] c.wms.handler.WebGlobalExceptionHandler  : 请先连接PLC！！！
2025-02-17 21:13:24.242  ERROR 6364 --- [nio-1217-exec-8] c.wms.handler.WebGlobalExceptionHandler  : 该库位已存在物料，无法再次入库！！！
2025-02-17 21:13:28.074  ERROR 6364 --- [nio-1217-exec-5] c.wms.handler.WebGlobalExceptionHandler  : 该库位已存在物料，无法再次入库！！！
2025-02-17 21:18:44.332  ERROR 6364 --- [nio-1217-exec-3] c.wms.handler.WebGlobalExceptionHandler  : 该库位1-2，没有物料或物料正在出入库，无法再次出库！！！
