2025-01-15 00:40:19.374   INFO 11772 --- [ionShutdownHook] com.alibaba.druid.pool.DruidDataSource   : {dataSource-1} closing ...
2025-01-15 00:40:19.378   INFO 11772 --- [ionShutdownHook] com.alibaba.druid.pool.DruidDataSource   : {dataSource-1} closed
2025-01-15 17:38:04.862   INFO 23376 --- [           main] com.wms.WmsServerApplication             : Starting WmsServerApplication using Java 17.0.5 on Disney with PID 23376 (K:\GitHub\notes\project\wms-server\target\classes started by qe249 in K:\GitHub\notes\project\wms-server)
2025-01-15 17:38:04.865   INFO 23376 --- [           main] com.wms.WmsServerApplication             : The following 1 profile is active: "dev"
2025-01-15 17:38:06.624   INFO 23376 --- [           main] .s.d.r.c.RepositoryConfigurationDelegate : Multiple Spring Data modules found, entering strict repository configuration mode
2025-01-15 17:38:06.627   INFO 23376 --- [           main] .s.d.r.c.RepositoryConfigurationDelegate : Bootstrapping Spring Data Redis repositories in DEFAULT mode.
2025-01-15 17:38:06.660   INFO 23376 --- [           main] .s.d.r.c.RepositoryConfigurationDelegate : Finished Spring Data repository scanning in 18 ms. Found 0 Redis repository interfaces.
2025-01-15 17:38:07.619   INFO 23376 --- [           main] o.s.b.w.embedded.tomcat.TomcatWebServer  : Tomcat initialized with port(s): 1217 (http)
2025-01-15 17:38:07.633   INFO 23376 --- [           main] o.a.coyote.http11.Http11NioProtocol      : Initializing ProtocolHandler ["http-nio-1217"]
2025-01-15 17:38:07.634   INFO 23376 --- [           main] o.apache.catalina.core.StandardService   : Starting service [Tomcat]
2025-01-15 17:38:07.634   INFO 23376 --- [           main] org.apache.catalina.core.StandardEngine  : Starting Servlet engine: [Apache Tomcat/9.0.68]
2025-01-15 17:38:07.752   INFO 23376 --- [           main] o.a.c.c.C.[Tomcat].[localhost].[/]       : Initializing Spring embedded WebApplicationContext
2025-01-15 17:38:07.753   INFO 23376 --- [           main] w.s.c.ServletWebServerApplicationContext : Root WebApplicationContext: initialization completed in 2835 ms
2025-01-15 17:38:09.897   INFO 23376 --- [           main] o.s.b.a.w.s.WelcomePageHandlerMapping    : Adding welcome page: class path resource [static/index.html]
2025-01-15 17:38:10.574   INFO 23376 --- [           main] o.s.s.web.DefaultSecurityFilterChain     : Will secure any request with [org.springframework.security.web.context.request.async.WebAsyncManagerIntegrationFilter@7e36d508, org.springframework.security.web.context.SecurityContextPersistenceFilter@8ad6d29, org.springframework.security.web.header.HeaderWriterFilter@703eead0, org.springframework.web.filter.CorsFilter@1d4531fa, org.springframework.security.web.authentication.logout.LogoutFilter@5b3a8bea, com.wms.filter.jwt.JwtAuthenticationTokenFilter@429f0ca8, org.springframework.security.web.session.ConcurrentSessionFilter@15aaf7b1, org.springframework.security.web.savedrequest.RequestCacheAwareFilter@c79915a, org.springframework.security.web.servletapi.SecurityContextHolderAwareRequestFilter@33845e3d, org.springframework.security.web.authentication.AnonymousAuthenticationFilter@68cb8e52, org.springframework.security.web.session.SessionManagementFilter@3696d12d, org.springframework.security.web.access.ExceptionTranslationFilter@27b7e663, org.springframework.security.web.access.intercept.FilterSecurityInterceptor@26c2f767]
2025-01-15 17:38:10.670   INFO 23376 --- [           main] o.a.coyote.http11.Http11NioProtocol      : Starting ProtocolHandler ["http-nio-1217"]
2025-01-15 17:38:10.692   INFO 23376 --- [           main] o.s.b.w.embedded.tomcat.TomcatWebServer  : Tomcat started on port(s): 1217 (http) with context path ''
2025-01-15 17:38:11.075   INFO 23376 --- [           main] com.wms.WmsServerApplication             : Started WmsServerApplication in 6.656 seconds (JVM running for 9.492)
2025-01-15 17:38:45.162   INFO 23376 --- [nio-1217-exec-1] o.a.c.c.C.[Tomcat].[localhost].[/]       : Initializing Spring DispatcherServlet 'dispatcherServlet'
2025-01-15 17:38:45.162   INFO 23376 --- [nio-1217-exec-1] o.s.web.servlet.DispatcherServlet        : Initializing Servlet 'dispatcherServlet'
2025-01-15 17:38:45.163   INFO 23376 --- [nio-1217-exec-1] o.s.web.servlet.DispatcherServlet        : Completed initialization in 1 ms
2025-01-15 17:38:45.406   INFO 23376 --- [nio-1217-exec-2] com.alibaba.druid.pool.DruidDataSource   : {dataSource-1} inited
2025-01-15 18:24:54.330   INFO 23376 --- [ionShutdownHook] com.alibaba.druid.pool.DruidDataSource   : {dataSource-1} closing ...
2025-01-15 18:24:54.333   INFO 23376 --- [ionShutdownHook] com.alibaba.druid.pool.DruidDataSource   : {dataSource-1} closed
2025-01-15 18:24:59.693   INFO 12868 --- [           main] com.wms.WmsServerApplication             : Starting WmsServerApplication using Java 17.0.5 on Disney with PID 12868 (K:\GitHub\notes\project\wms-server\target\classes started by qe249 in K:\GitHub\notes\project\wms-server)
2025-01-15 18:24:59.696   INFO 12868 --- [           main] com.wms.WmsServerApplication             : The following 1 profile is active: "dev"
2025-01-15 18:25:00.462   INFO 12868 --- [           main] .s.d.r.c.RepositoryConfigurationDelegate : Multiple Spring Data modules found, entering strict repository configuration mode
2025-01-15 18:25:00.464   INFO 12868 --- [           main] .s.d.r.c.RepositoryConfigurationDelegate : Bootstrapping Spring Data Redis repositories in DEFAULT mode.
2025-01-15 18:25:00.487   INFO 12868 --- [           main] .s.d.r.c.RepositoryConfigurationDelegate : Finished Spring Data repository scanning in 12 ms. Found 0 Redis repository interfaces.
2025-01-15 18:25:01.198   INFO 12868 --- [           main] o.s.b.w.embedded.tomcat.TomcatWebServer  : Tomcat initialized with port(s): 1217 (http)
2025-01-15 18:25:01.208   INFO 12868 --- [           main] o.a.coyote.http11.Http11NioProtocol      : Initializing ProtocolHandler ["http-nio-1217"]
2025-01-15 18:25:01.208   INFO 12868 --- [           main] o.apache.catalina.core.StandardService   : Starting service [Tomcat]
2025-01-15 18:25:01.208   INFO 12868 --- [           main] org.apache.catalina.core.StandardEngine  : Starting Servlet engine: [Apache Tomcat/9.0.68]
2025-01-15 18:25:01.302   INFO 12868 --- [           main] o.a.c.c.C.[Tomcat].[localhost].[/]       : Initializing Spring embedded WebApplicationContext
2025-01-15 18:25:01.302   INFO 12868 --- [           main] w.s.c.ServletWebServerApplicationContext : Root WebApplicationContext: initialization completed in 1554 ms
2025-01-15 18:25:02.732   INFO 12868 --- [           main] o.s.b.a.w.s.WelcomePageHandlerMapping    : Adding welcome page: class path resource [static/index.html]
2025-01-15 18:25:03.195   INFO 12868 --- [           main] o.s.s.web.DefaultSecurityFilterChain     : Will secure any request with [org.springframework.security.web.context.request.async.WebAsyncManagerIntegrationFilter@31e84f10, org.springframework.security.web.context.SecurityContextPersistenceFilter@8dc3019, org.springframework.security.web.header.HeaderWriterFilter@fa689db, org.springframework.web.filter.CorsFilter@c4455b4, org.springframework.security.web.authentication.logout.LogoutFilter@7e741d6b, com.wms.filter.jwt.JwtAuthenticationTokenFilter@628b503a, org.springframework.security.web.session.ConcurrentSessionFilter@3fb0d9de, org.springframework.security.web.savedrequest.RequestCacheAwareFilter@3662c887, org.springframework.security.web.servletapi.SecurityContextHolderAwareRequestFilter@49654a35, org.springframework.security.web.authentication.AnonymousAuthenticationFilter@747f0f34, org.springframework.security.web.session.SessionManagementFilter@4930213b, org.springframework.security.web.access.ExceptionTranslationFilter@68feca3a, org.springframework.security.web.access.intercept.FilterSecurityInterceptor@453e1bba]
2025-01-15 18:25:03.265   INFO 12868 --- [           main] o.a.coyote.http11.Http11NioProtocol      : Starting ProtocolHandler ["http-nio-1217"]
2025-01-15 18:25:03.284   INFO 12868 --- [           main] o.s.b.w.embedded.tomcat.TomcatWebServer  : Tomcat started on port(s): 1217 (http) with context path ''
2025-01-15 18:25:03.606   INFO 12868 --- [           main] com.wms.WmsServerApplication             : Started WmsServerApplication in 4.319 seconds (JVM running for 5.251)
2025-01-15 18:29:21.411   INFO 12868 --- [ionShutdownHook] com.alibaba.druid.pool.DruidDataSource   : {dataSource-0} closing ...
2025-01-15 18:29:25.926   INFO 19916 --- [           main] com.wms.WmsServerApplication             : Starting WmsServerApplication using Java 17.0.5 on Disney with PID 19916 (K:\GitHub\notes\project\wms-server\target\classes started by qe249 in K:\GitHub\notes\project\wms-server)
2025-01-15 18:29:25.929   INFO 19916 --- [           main] com.wms.WmsServerApplication             : The following 1 profile is active: "dev"
2025-01-15 18:29:26.690   INFO 19916 --- [           main] .s.d.r.c.RepositoryConfigurationDelegate : Multiple Spring Data modules found, entering strict repository configuration mode
2025-01-15 18:29:26.692   INFO 19916 --- [           main] .s.d.r.c.RepositoryConfigurationDelegate : Bootstrapping Spring Data Redis repositories in DEFAULT mode.
2025-01-15 18:29:26.713   INFO 19916 --- [           main] .s.d.r.c.RepositoryConfigurationDelegate : Finished Spring Data repository scanning in 11 ms. Found 0 Redis repository interfaces.
2025-01-15 18:29:27.445   INFO 19916 --- [           main] o.s.b.w.embedded.tomcat.TomcatWebServer  : Tomcat initialized with port(s): 1217 (http)
2025-01-15 18:29:27.455   INFO 19916 --- [           main] o.a.coyote.http11.Http11NioProtocol      : Initializing ProtocolHandler ["http-nio-1217"]
2025-01-15 18:29:27.455   INFO 19916 --- [           main] o.apache.catalina.core.StandardService   : Starting service [Tomcat]
2025-01-15 18:29:27.455   INFO 19916 --- [           main] org.apache.catalina.core.StandardEngine  : Starting Servlet engine: [Apache Tomcat/9.0.68]
2025-01-15 18:29:27.551   INFO 19916 --- [           main] o.a.c.c.C.[Tomcat].[localhost].[/]       : Initializing Spring embedded WebApplicationContext
2025-01-15 18:29:27.551   INFO 19916 --- [           main] w.s.c.ServletWebServerApplicationContext : Root WebApplicationContext: initialization completed in 1582 ms
2025-01-15 18:29:29.531   INFO 19916 --- [           main] o.s.b.a.w.s.WelcomePageHandlerMapping    : Adding welcome page: class path resource [static/index.html]
2025-01-15 18:29:30.080   INFO 19916 --- [           main] o.s.s.web.DefaultSecurityFilterChain     : Will secure any request with [org.springframework.security.web.context.request.async.WebAsyncManagerIntegrationFilter@684430c1, org.springframework.security.web.context.SecurityContextPersistenceFilter@4930213b, org.springframework.security.web.header.HeaderWriterFilter@78324e97, org.springframework.web.filter.CorsFilter@46eb2260, org.springframework.security.web.authentication.logout.LogoutFilter@7ab3f194, com.wms.filter.jwt.JwtAuthenticationTokenFilter@22899683, org.springframework.security.web.session.ConcurrentSessionFilter@76980c75, org.springframework.security.web.savedrequest.RequestCacheAwareFilter@be9cc86, org.springframework.security.web.servletapi.SecurityContextHolderAwareRequestFilter@65cc3902, org.springframework.security.web.authentication.AnonymousAuthenticationFilter@556944cd, org.springframework.security.web.session.SessionManagementFilter@ad585fb, org.springframework.security.web.access.ExceptionTranslationFilter@236f3885, org.springframework.security.web.access.intercept.FilterSecurityInterceptor@52ba21e4]
2025-01-15 18:29:30.161   INFO 19916 --- [           main] o.a.coyote.http11.Http11NioProtocol      : Starting ProtocolHandler ["http-nio-1217"]
2025-01-15 18:29:30.178   INFO 19916 --- [           main] o.s.b.w.embedded.tomcat.TomcatWebServer  : Tomcat started on port(s): 1217 (http) with context path ''
2025-01-15 18:29:30.524   INFO 19916 --- [           main] com.wms.WmsServerApplication             : Started WmsServerApplication in 4.99 seconds (JVM running for 5.845)
2025-01-15 18:29:31.583   INFO 19916 --- [nio-1217-exec-1] o.a.c.c.C.[Tomcat].[localhost].[/]       : Initializing Spring DispatcherServlet 'dispatcherServlet'
2025-01-15 18:29:31.584   INFO 19916 --- [nio-1217-exec-1] o.s.web.servlet.DispatcherServlet        : Initializing Servlet 'dispatcherServlet'
2025-01-15 18:29:31.585   INFO 19916 --- [nio-1217-exec-1] o.s.web.servlet.DispatcherServlet        : Completed initialization in 1 ms
2025-01-15 18:29:31.754   INFO 19916 --- [nio-1217-exec-1] com.alibaba.druid.pool.DruidDataSource   : {dataSource-1} inited
