2025-03-14 13:38:29.373   INFO 24148 --- [           main] com.wms.WmsServerApplication             : Starting WmsServerApplication using Java 17.0.5 on Disney with PID 24148 (K:\GitHub\notes\project\wms-server\target\classes started by qe249 in K:\GitHub\notes\project\wms-server)
2025-03-14 13:38:29.375   INFO 24148 --- [           main] com.wms.WmsServerApplication             : The following 1 profile is active: "dev"
2025-03-14 13:38:31.476   INFO 24148 --- [           main] .s.d.r.c.RepositoryConfigurationDelegate : Multiple Spring Data modules found, entering strict repository configuration mode
2025-03-14 13:38:31.478   INFO 24148 --- [           main] .s.d.r.c.RepositoryConfigurationDelegate : Bootstrapping Spring Data Redis repositories in DEFAULT mode.
2025-03-14 13:38:31.509   INFO 24148 --- [           main] .s.d.r.c.RepositoryConfigurationDelegate : Finished Spring Data repository scanning in 16 ms. Found 0 Redis repository interfaces.
2025-03-14 13:38:32.420   INFO 24148 --- [           main] o.s.b.w.embedded.tomcat.TomcatWebServer  : Tomcat initialized with port(s): 1217 (http)
2025-03-14 13:38:32.431   INFO 24148 --- [           main] o.a.coyote.http11.Http11NioProtocol      : Initializing ProtocolHandler ["http-nio-1217"]
2025-03-14 13:38:32.431   INFO 24148 --- [           main] o.apache.catalina.core.StandardService   : Starting service [Tomcat]
2025-03-14 13:38:32.431   INFO 24148 --- [           main] org.apache.catalina.core.StandardEngine  : Starting Servlet engine: [Apache Tomcat/9.0.68]
2025-03-14 13:38:32.534   INFO 24148 --- [           main] o.a.c.c.C.[Tomcat].[localhost].[/]       : Initializing Spring embedded WebApplicationContext
2025-03-14 13:38:32.534   INFO 24148 --- [           main] w.s.c.ServletWebServerApplicationContext : Root WebApplicationContext: initialization completed in 3116 ms
2025-03-14 13:38:32.609   INFO 24148 --- [           main] c.a.d.s.b.a.DruidDataSourceAutoConfigure : Init DruidDataSource
2025-03-14 13:38:32.823   INFO 24148 --- [           main] com.alibaba.druid.pool.DruidDataSource   : {dataSource-1} inited
2025-03-14 13:38:34.705   INFO 24148 --- [           main] o.s.b.a.w.s.WelcomePageHandlerMapping    : Adding welcome page: class path resource [static/index.html]
2025-03-14 13:38:35.386   INFO 24148 --- [           main] o.s.s.web.DefaultSecurityFilterChain     : Will not secure Ant [pattern='/static/**']
2025-03-14 13:38:35.388   INFO 24148 --- [           main] o.s.s.web.DefaultSecurityFilterChain     : Will not secure Ant [pattern='/index.html']
2025-03-14 13:38:35.389   INFO 24148 --- [           main] o.s.s.web.DefaultSecurityFilterChain     : Will not secure Ant [pattern='/*.ico']
2025-03-14 13:38:35.390   INFO 24148 --- [           main] o.s.s.web.DefaultSecurityFilterChain     : Will not secure Ant [pattern='/']
2025-03-14 13:38:35.390   INFO 24148 --- [           main] o.s.s.web.DefaultSecurityFilterChain     : Will not secure Ant [pattern='/websocket']
2025-03-14 13:38:35.391   INFO 24148 --- [           main] o.s.s.web.DefaultSecurityFilterChain     : Will not secure Ant [pattern='/swagger-resources/**']
2025-03-14 13:38:35.391   INFO 24148 --- [           main] o.s.s.web.DefaultSecurityFilterChain     : Will not secure Ant [pattern='/v3/**']
2025-03-14 13:38:35.392   INFO 24148 --- [           main] o.s.s.web.DefaultSecurityFilterChain     : Will not secure Ant [pattern='/**/v3/api-docs']
2025-03-14 13:38:35.392   INFO 24148 --- [           main] o.s.s.web.DefaultSecurityFilterChain     : Will not secure Ant [pattern='/v2/**']
2025-03-14 13:38:35.392   INFO 24148 --- [           main] o.s.s.web.DefaultSecurityFilterChain     : Will not secure Ant [pattern='/**/v2/api-docs']
2025-03-14 13:38:35.392   INFO 24148 --- [           main] o.s.s.web.DefaultSecurityFilterChain     : Will not secure Ant [pattern='/swagger-ui/**']
2025-03-14 13:38:35.440   INFO 24148 --- [           main] o.s.s.web.DefaultSecurityFilterChain     : Will secure com.wms.config.SecurityConfig$$Lambda$1083/0x00000008013c5388@431923ed with [org.springframework.security.web.context.request.async.WebAsyncManagerIntegrationFilter@44723d95, org.springframework.security.web.context.SecurityContextPersistenceFilter@2210af14, org.springframework.security.web.header.HeaderWriterFilter@41538150, org.springframework.web.filter.CorsFilter@242c4a94, org.springframework.security.web.authentication.logout.LogoutFilter@629fe84, com.wms.filter.jwt.JwtAuthenticationTokenFilter@57b130f6, org.springframework.security.web.session.ConcurrentSessionFilter@5519ef7d, org.springframework.security.web.savedrequest.RequestCacheAwareFilter@32d46229, org.springframework.security.web.servletapi.SecurityContextHolderAwareRequestFilter@17635531, org.springframework.security.web.authentication.AnonymousAuthenticationFilter@4df13b7e, org.springframework.security.web.session.SessionManagementFilter@48b01607, org.springframework.security.web.access.ExceptionTranslationFilter@3efd3302, org.springframework.security.web.access.intercept.FilterSecurityInterceptor@5b8b9b2d]
2025-03-14 13:38:35.548   INFO 24148 --- [           main] o.a.coyote.http11.Http11NioProtocol      : Starting ProtocolHandler ["http-nio-1217"]
2025-03-14 13:38:35.568   INFO 24148 --- [           main] o.s.b.w.embedded.tomcat.TomcatWebServer  : Tomcat started on port(s): 1217 (http) with context path ''
2025-03-14 13:38:35.988   INFO 24148 --- [           main] com.wms.WmsServerApplication             : Started WmsServerApplication in 7.005 seconds (JVM running for 9.123)
2025-03-14 13:38:35.990   INFO 24148 --- [           main] com.wms.runner.WmsApplicationRunner      : 定时任务启动完成----------Fri Mar 14 13:38:35 CST 2025
2025-03-14 13:41:24.151   INFO 24148 --- [nio-1217-exec-1] o.a.c.c.C.[Tomcat].[localhost].[/]       : Initializing Spring DispatcherServlet 'dispatcherServlet'
2025-03-14 13:41:24.151   INFO 24148 --- [nio-1217-exec-1] o.s.web.servlet.DispatcherServlet        : Initializing Servlet 'dispatcherServlet'
2025-03-14 13:41:24.152   INFO 24148 --- [nio-1217-exec-1] o.s.web.servlet.DispatcherServlet        : Completed initialization in 1 ms
2025-03-14 13:41:24.901   INFO 24148 --- [nio-1217-exec-5] c.wms.connect.websocket.WebSocketServer  : 有新窗口开始监听:admin,当前在线人数为1
2025-03-14 13:43:33.050   INFO 24148 --- [nio-1217-exec-2] c.wms.connect.websocket.WebSocketServer  : 有一连接关闭！当前在线人数为0
2025-03-14 13:43:34.424   INFO 24148 --- [nio-1217-exec-6] c.wms.connect.websocket.WebSocketServer  : 有新窗口开始监听:admin,当前在线人数为1
2025-03-14 13:43:49.760   INFO 24148 --- [nio-1217-exec-1] c.wms.connect.websocket.WebSocketServer  : 有一连接关闭！当前在线人数为0
2025-03-14 13:43:50.704   INFO 24148 --- [nio-1217-exec-5] c.wms.connect.websocket.WebSocketServer  : 有新窗口开始监听:admin,当前在线人数为1
2025-03-14 13:44:41.186   INFO 24148 --- [nio-1217-exec-9] c.wms.connect.websocket.WebSocketServer  : 有新窗口开始监听:admin,当前在线人数为2
2025-03-14 13:45:07.825   INFO 24148 --- [nio-1217-exec-6] c.wms.connect.websocket.WebSocketServer  : 有新窗口开始监听:admin,当前在线人数为3
2025-03-14 13:45:11.044   INFO 24148 --- [nio-1217-exec-8] c.wms.connect.websocket.WebSocketServer  : 有一连接关闭！当前在线人数为1
2025-03-14 13:45:11.044   INFO 24148 --- [nio-1217-exec-4] c.wms.connect.websocket.WebSocketServer  : 有一连接关闭！当前在线人数为0
2025-03-14 13:45:11.044   INFO 24148 --- [nio-1217-exec-9] c.wms.connect.websocket.WebSocketServer  : 有一连接关闭！当前在线人数为2
2025-03-14 13:45:11.643   INFO 24148 --- [nio-1217-exec-2] c.wms.connect.websocket.WebSocketServer  : 有新窗口开始监听:admin,当前在线人数为1
2025-03-14 13:47:23.102   INFO 24148 --- [nio-1217-exec-5] c.wms.connect.websocket.WebSocketServer  : 有一连接关闭！当前在线人数为0
2025-03-14 13:47:24.527   INFO 24148 --- [io-1217-exec-10] c.wms.connect.websocket.WebSocketServer  : 有新窗口开始监听:admin,当前在线人数为1
2025-03-14 13:48:21.326   INFO 24148 --- [nio-1217-exec-4] c.wms.connect.websocket.WebSocketServer  : 有新窗口开始监听:admin,当前在线人数为2
2025-03-14 13:48:25.145   INFO 24148 --- [nio-1217-exec-7] c.wms.connect.websocket.WebSocketServer  : 有新窗口开始监听:admin,当前在线人数为3
2025-03-14 13:48:26.650   INFO 24148 --- [nio-1217-exec-6] c.wms.connect.websocket.WebSocketServer  : 有一连接关闭！当前在线人数为1
2025-03-14 13:48:26.650   INFO 24148 --- [io-1217-exec-10] c.wms.connect.websocket.WebSocketServer  : 有一连接关闭！当前在线人数为1
2025-03-14 13:48:26.650   INFO 24148 --- [nio-1217-exec-5] c.wms.connect.websocket.WebSocketServer  : 有一连接关闭！当前在线人数为0
2025-03-14 13:48:27.899   INFO 24148 --- [nio-1217-exec-9] c.wms.connect.websocket.WebSocketServer  : 有新窗口开始监听:admin,当前在线人数为1
2025-03-14 13:49:24.123   INFO 24148 --- [nio-1217-exec-5] c.wms.connect.websocket.WebSocketServer  : 有新窗口开始监听:admin,当前在线人数为2
2025-03-14 13:49:27.093   INFO 24148 --- [nio-1217-exec-8] c.wms.connect.websocket.WebSocketServer  : 有一连接关闭！当前在线人数为0
2025-03-14 13:49:27.093   INFO 24148 --- [nio-1217-exec-9] c.wms.connect.websocket.WebSocketServer  : 有一连接关闭！当前在线人数为1
2025-03-14 13:49:28.388   INFO 24148 --- [nio-1217-exec-7] c.wms.connect.websocket.WebSocketServer  : 有新窗口开始监听:admin,当前在线人数为1
2025-03-14 13:50:19.861   INFO 24148 --- [nio-1217-exec-1] c.wms.connect.websocket.WebSocketServer  : 有一连接关闭！当前在线人数为0
2025-03-14 13:50:21.389   INFO 24148 --- [nio-1217-exec-8] c.wms.connect.websocket.WebSocketServer  : 有新窗口开始监听:admin,当前在线人数为1
2025-03-14 13:51:14.517   INFO 24148 --- [nio-1217-exec-6] c.wms.connect.websocket.WebSocketServer  : 有新窗口开始监听:admin,当前在线人数为2
2025-03-14 13:51:15.724   INFO 24148 --- [io-1217-exec-10] c.wms.connect.websocket.WebSocketServer  : 有一连接关闭！当前在线人数为0
2025-03-14 13:51:15.724   INFO 24148 --- [nio-1217-exec-8] c.wms.connect.websocket.WebSocketServer  : 有一连接关闭！当前在线人数为1
2025-03-14 13:51:17.077   INFO 24148 --- [nio-1217-exec-4] c.wms.connect.websocket.WebSocketServer  : 有新窗口开始监听:admin,当前在线人数为1
2025-03-14 13:52:11.589   INFO 24148 --- [nio-1217-exec-8] c.wms.connect.websocket.WebSocketServer  : 有新窗口开始监听:admin,当前在线人数为2
2025-03-14 13:52:13.458   INFO 24148 --- [nio-1217-exec-7] c.wms.connect.websocket.WebSocketServer  : 有一连接关闭！当前在线人数为1
2025-03-14 13:52:13.458   INFO 24148 --- [nio-1217-exec-4] c.wms.connect.websocket.WebSocketServer  : 有一连接关闭！当前在线人数为0
2025-03-14 13:52:14.833   INFO 24148 --- [nio-1217-exec-3] c.wms.connect.websocket.WebSocketServer  : 有新窗口开始监听:admin,当前在线人数为1
2025-03-14 13:56:23.464   INFO 24148 --- [ionShutdownHook] c.wms.connect.websocket.WebSocketServer  : 有一连接关闭！当前在线人数为0
2025-03-14 13:56:23.499   INFO 24148 --- [ionShutdownHook] com.alibaba.druid.pool.DruidDataSource   : {dataSource-1} closing ...
2025-03-14 13:56:23.502   INFO 24148 --- [ionShutdownHook] com.alibaba.druid.pool.DruidDataSource   : {dataSource-1} closed
2025-03-14 13:56:29.012   INFO 6268 --- [           main] com.wms.WmsServerApplication             : Starting WmsServerApplication using Java 17.0.5 on Disney with PID 6268 (K:\GitHub\notes\project\wms-server\target\classes started by qe249 in K:\GitHub\notes\project\wms-server)
2025-03-14 13:56:29.015   INFO 6268 --- [           main] com.wms.WmsServerApplication             : The following 1 profile is active: "dev"
2025-03-14 13:56:29.926   INFO 6268 --- [           main] .s.d.r.c.RepositoryConfigurationDelegate : Multiple Spring Data modules found, entering strict repository configuration mode
2025-03-14 13:56:29.928   INFO 6268 --- [           main] .s.d.r.c.RepositoryConfigurationDelegate : Bootstrapping Spring Data Redis repositories in DEFAULT mode.
2025-03-14 13:56:29.958   INFO 6268 --- [           main] .s.d.r.c.RepositoryConfigurationDelegate : Finished Spring Data repository scanning in 18 ms. Found 0 Redis repository interfaces.
2025-03-14 13:56:30.742   INFO 6268 --- [           main] o.s.b.w.embedded.tomcat.TomcatWebServer  : Tomcat initialized with port(s): 1217 (http)
2025-03-14 13:56:30.754   INFO 6268 --- [           main] o.a.coyote.http11.Http11NioProtocol      : Initializing ProtocolHandler ["http-nio-1217"]
2025-03-14 13:56:30.754   INFO 6268 --- [           main] o.apache.catalina.core.StandardService   : Starting service [Tomcat]
2025-03-14 13:56:30.755   INFO 6268 --- [           main] org.apache.catalina.core.StandardEngine  : Starting Servlet engine: [Apache Tomcat/9.0.68]
2025-03-14 13:56:30.864   INFO 6268 --- [           main] o.a.c.c.C.[Tomcat].[localhost].[/]       : Initializing Spring embedded WebApplicationContext
2025-03-14 13:56:30.864   INFO 6268 --- [           main] w.s.c.ServletWebServerApplicationContext : Root WebApplicationContext: initialization completed in 1795 ms
2025-03-14 13:56:30.942   INFO 6268 --- [           main] c.a.d.s.b.a.DruidDataSourceAutoConfigure : Init DruidDataSource
2025-03-14 13:56:31.124   INFO 6268 --- [           main] com.alibaba.druid.pool.DruidDataSource   : {dataSource-1} inited
2025-03-14 13:56:32.769   INFO 6268 --- [           main] o.s.b.a.w.s.WelcomePageHandlerMapping    : Adding welcome page: class path resource [static/index.html]
2025-03-14 13:56:33.323   INFO 6268 --- [           main] o.s.s.web.DefaultSecurityFilterChain     : Will not secure Ant [pattern='/static/**']
2025-03-14 13:56:33.323   INFO 6268 --- [           main] o.s.s.web.DefaultSecurityFilterChain     : Will not secure Ant [pattern='/index.html']
2025-03-14 13:56:33.323   INFO 6268 --- [           main] o.s.s.web.DefaultSecurityFilterChain     : Will not secure Ant [pattern='/*.ico']
2025-03-14 13:56:33.324   INFO 6268 --- [           main] o.s.s.web.DefaultSecurityFilterChain     : Will not secure Ant [pattern='/']
2025-03-14 13:56:33.324   INFO 6268 --- [           main] o.s.s.web.DefaultSecurityFilterChain     : Will not secure Ant [pattern='/websocket']
2025-03-14 13:56:33.324   INFO 6268 --- [           main] o.s.s.web.DefaultSecurityFilterChain     : Will not secure Ant [pattern='/swagger-resources/**']
2025-03-14 13:56:33.324   INFO 6268 --- [           main] o.s.s.web.DefaultSecurityFilterChain     : Will not secure Ant [pattern='/v3/**']
2025-03-14 13:56:33.324   INFO 6268 --- [           main] o.s.s.web.DefaultSecurityFilterChain     : Will not secure Ant [pattern='/**/v3/api-docs']
2025-03-14 13:56:33.324   INFO 6268 --- [           main] o.s.s.web.DefaultSecurityFilterChain     : Will not secure Ant [pattern='/v2/**']
2025-03-14 13:56:33.324   INFO 6268 --- [           main] o.s.s.web.DefaultSecurityFilterChain     : Will not secure Ant [pattern='/**/v2/api-docs']
2025-03-14 13:56:33.324   INFO 6268 --- [           main] o.s.s.web.DefaultSecurityFilterChain     : Will not secure Ant [pattern='/swagger-ui/**']
2025-03-14 13:56:33.360   INFO 6268 --- [           main] o.s.s.web.DefaultSecurityFilterChain     : Will secure com.wms.config.SecurityConfig$$Lambda$1083/0x00000008013c6c88@4d22265c with [org.springframework.security.web.context.request.async.WebAsyncManagerIntegrationFilter@1f7b8d59, org.springframework.security.web.context.SecurityContextPersistenceFilter@531292ed, org.springframework.security.web.header.HeaderWriterFilter@2fbd47b7, org.springframework.web.filter.CorsFilter@28551755, org.springframework.security.web.authentication.logout.LogoutFilter@32d46229, com.wms.filter.jwt.JwtAuthenticationTokenFilter@9cc0505, org.springframework.security.web.session.ConcurrentSessionFilter@53654b2d, org.springframework.security.web.savedrequest.RequestCacheAwareFilter@586b78d7, org.springframework.security.web.servletapi.SecurityContextHolderAwareRequestFilter@74e1d60b, org.springframework.security.web.authentication.AnonymousAuthenticationFilter@7ec68821, org.springframework.security.web.session.SessionManagementFilter@568fd3de, org.springframework.security.web.access.ExceptionTranslationFilter@3df681cc, org.springframework.security.web.access.intercept.FilterSecurityInterceptor@7dda5b25]
2025-03-14 13:56:33.448   INFO 6268 --- [           main] o.a.coyote.http11.Http11NioProtocol      : Starting ProtocolHandler ["http-nio-1217"]
2025-03-14 13:56:33.466   INFO 6268 --- [           main] o.s.b.w.embedded.tomcat.TomcatWebServer  : Tomcat started on port(s): 1217 (http) with context path ''
2025-03-14 13:56:33.866   INFO 6268 --- [           main] com.wms.WmsServerApplication             : Started WmsServerApplication in 5.234 seconds (JVM running for 6.113)
2025-03-14 13:56:33.869   INFO 6268 --- [           main] com.wms.runner.WmsApplicationRunner      : 定时任务启动完成----------Fri Mar 14 13:56:33 CST 2025
2025-03-14 13:56:37.290   INFO 6268 --- [nio-1217-exec-1] o.a.c.c.C.[Tomcat].[localhost].[/]       : Initializing Spring DispatcherServlet 'dispatcherServlet'
2025-03-14 13:56:37.290   INFO 6268 --- [nio-1217-exec-1] o.s.web.servlet.DispatcherServlet        : Initializing Servlet 'dispatcherServlet'
2025-03-14 13:56:37.291   INFO 6268 --- [nio-1217-exec-1] o.s.web.servlet.DispatcherServlet        : Completed initialization in 1 ms
2025-03-14 13:56:37.412   INFO 6268 --- [nio-1217-exec-1] c.wms.connect.websocket.WebSocketServer  : 有新窗口开始监听:admin,当前在线人数为1
2025-03-14 13:57:57.370   INFO 6268 --- [nio-1217-exec-4] c.wms.connect.websocket.WebSocketServer  : 有一连接关闭！当前在线人数为0
2025-03-14 13:57:59.080   INFO 6268 --- [nio-1217-exec-9] c.wms.connect.websocket.WebSocketServer  : 有新窗口开始监听:admin,当前在线人数为1
2025-03-14 14:01:21.639   INFO 6268 --- [ionShutdownHook] c.wms.connect.websocket.WebSocketServer  : 有一连接关闭！当前在线人数为0
2025-03-14 14:01:21.671   INFO 6268 --- [ionShutdownHook] com.alibaba.druid.pool.DruidDataSource   : {dataSource-1} closing ...
2025-03-14 14:01:21.673   INFO 6268 --- [ionShutdownHook] com.alibaba.druid.pool.DruidDataSource   : {dataSource-1} closed
2025-03-14 14:01:25.547   INFO 27268 --- [           main] com.wms.WmsServerApplication             : Starting WmsServerApplication using Java 17.0.5 on Disney with PID 27268 (K:\GitHub\notes\project\wms-server\target\classes started by qe249 in K:\GitHub\notes\project\wms-server)
2025-03-14 14:01:25.549   INFO 27268 --- [           main] com.wms.WmsServerApplication             : The following 1 profile is active: "dev"
2025-03-14 14:01:26.320   INFO 27268 --- [           main] .s.d.r.c.RepositoryConfigurationDelegate : Multiple Spring Data modules found, entering strict repository configuration mode
2025-03-14 14:01:26.323   INFO 27268 --- [           main] .s.d.r.c.RepositoryConfigurationDelegate : Bootstrapping Spring Data Redis repositories in DEFAULT mode.
2025-03-14 14:01:26.348   INFO 27268 --- [           main] .s.d.r.c.RepositoryConfigurationDelegate : Finished Spring Data repository scanning in 16 ms. Found 0 Redis repository interfaces.
2025-03-14 14:01:27.024   INFO 27268 --- [           main] o.s.b.w.embedded.tomcat.TomcatWebServer  : Tomcat initialized with port(s): 1217 (http)
2025-03-14 14:01:27.031   INFO 27268 --- [           main] o.a.coyote.http11.Http11NioProtocol      : Initializing ProtocolHandler ["http-nio-1217"]
2025-03-14 14:01:27.032   INFO 27268 --- [           main] o.apache.catalina.core.StandardService   : Starting service [Tomcat]
2025-03-14 14:01:27.032   INFO 27268 --- [           main] org.apache.catalina.core.StandardEngine  : Starting Servlet engine: [Apache Tomcat/9.0.68]
2025-03-14 14:01:27.123   INFO 27268 --- [           main] o.a.c.c.C.[Tomcat].[localhost].[/]       : Initializing Spring embedded WebApplicationContext
2025-03-14 14:01:27.123   INFO 27268 --- [           main] w.s.c.ServletWebServerApplicationContext : Root WebApplicationContext: initialization completed in 1529 ms
2025-03-14 14:01:27.193   INFO 27268 --- [           main] c.a.d.s.b.a.DruidDataSourceAutoConfigure : Init DruidDataSource
2025-03-14 14:01:27.384   INFO 27268 --- [           main] com.alibaba.druid.pool.DruidDataSource   : {dataSource-1} inited
2025-03-14 14:01:29.120   INFO 27268 --- [           main] o.s.b.a.w.s.WelcomePageHandlerMapping    : Adding welcome page: class path resource [static/index.html]
2025-03-14 14:01:29.667   INFO 27268 --- [           main] o.s.s.web.DefaultSecurityFilterChain     : Will not secure Ant [pattern='/static/**']
2025-03-14 14:01:29.668   INFO 27268 --- [           main] o.s.s.web.DefaultSecurityFilterChain     : Will not secure Ant [pattern='/index.html']
2025-03-14 14:01:29.668   INFO 27268 --- [           main] o.s.s.web.DefaultSecurityFilterChain     : Will not secure Ant [pattern='/*.ico']
2025-03-14 14:01:29.668   INFO 27268 --- [           main] o.s.s.web.DefaultSecurityFilterChain     : Will not secure Ant [pattern='/']
2025-03-14 14:01:29.669   INFO 27268 --- [           main] o.s.s.web.DefaultSecurityFilterChain     : Will not secure Ant [pattern='/websocket']
2025-03-14 14:01:29.669   INFO 27268 --- [           main] o.s.s.web.DefaultSecurityFilterChain     : Will not secure Ant [pattern='/swagger-resources/**']
2025-03-14 14:01:29.669   INFO 27268 --- [           main] o.s.s.web.DefaultSecurityFilterChain     : Will not secure Ant [pattern='/v3/**']
2025-03-14 14:01:29.669   INFO 27268 --- [           main] o.s.s.web.DefaultSecurityFilterChain     : Will not secure Ant [pattern='/**/v3/api-docs']
2025-03-14 14:01:29.669   INFO 27268 --- [           main] o.s.s.web.DefaultSecurityFilterChain     : Will not secure Ant [pattern='/v2/**']
2025-03-14 14:01:29.669   INFO 27268 --- [           main] o.s.s.web.DefaultSecurityFilterChain     : Will not secure Ant [pattern='/**/v2/api-docs']
2025-03-14 14:01:29.669   INFO 27268 --- [           main] o.s.s.web.DefaultSecurityFilterChain     : Will not secure Ant [pattern='/swagger-ui/**']
2025-03-14 14:01:29.702   INFO 27268 --- [           main] o.s.s.web.DefaultSecurityFilterChain     : Will secure com.wms.config.SecurityConfig$$Lambda$1083/0x00000008013c6a30@4932d580 with [org.springframework.security.web.context.request.async.WebAsyncManagerIntegrationFilter@7603cfc2, org.springframework.security.web.context.SecurityContextPersistenceFilter@2fbd47b7, org.springframework.security.web.header.HeaderWriterFilter@3fe11091, org.springframework.web.filter.CorsFilter@60256d1b, org.springframework.security.web.authentication.logout.LogoutFilter@75882ac2, com.wms.filter.jwt.JwtAuthenticationTokenFilter@647ff23e, org.springframework.security.web.session.ConcurrentSessionFilter@159408a7, org.springframework.security.web.savedrequest.RequestCacheAwareFilter@584f4ca5, org.springframework.security.web.servletapi.SecurityContextHolderAwareRequestFilter@36f438f1, org.springframework.security.web.authentication.AnonymousAuthenticationFilter@24b4f4a, org.springframework.security.web.session.SessionManagementFilter@148f94dc, org.springframework.security.web.access.ExceptionTranslationFilter@2cf669f2, org.springframework.security.web.access.intercept.FilterSecurityInterceptor@447a557b]
2025-03-14 14:01:29.803   INFO 27268 --- [           main] o.a.coyote.http11.Http11NioProtocol      : Starting ProtocolHandler ["http-nio-1217"]
2025-03-14 14:01:29.820   INFO 27268 --- [           main] o.s.b.w.embedded.tomcat.TomcatWebServer  : Tomcat started on port(s): 1217 (http) with context path ''
2025-03-14 14:01:30.255   INFO 27268 --- [           main] com.wms.WmsServerApplication             : Started WmsServerApplication in 5.074 seconds (JVM running for 5.891)
2025-03-14 14:01:30.257   INFO 27268 --- [           main] com.wms.runner.WmsApplicationRunner      : 定时任务启动完成----------Fri Mar 14 14:01:30 CST 2025
2025-03-14 14:01:34.919   INFO 27268 --- [nio-1217-exec-2] o.a.c.c.C.[Tomcat].[localhost].[/]       : Initializing Spring DispatcherServlet 'dispatcherServlet'
2025-03-14 14:01:34.919   INFO 27268 --- [nio-1217-exec-2] o.s.web.servlet.DispatcherServlet        : Initializing Servlet 'dispatcherServlet'
2025-03-14 14:01:34.920   INFO 27268 --- [nio-1217-exec-2] o.s.web.servlet.DispatcherServlet        : Completed initialization in 1 ms
2025-03-14 14:01:35.052   INFO 27268 --- [nio-1217-exec-2] c.wms.connect.websocket.WebSocketServer  : 有新窗口开始监听:admin,当前在线人数为1
2025-03-14 14:01:36.282   INFO 27268 --- [nio-1217-exec-3] c.wms.connect.websocket.WebSocketServer  : 有一连接关闭！当前在线人数为0
2025-03-14 14:01:37.964   INFO 27268 --- [nio-1217-exec-8] c.wms.connect.websocket.WebSocketServer  : 有新窗口开始监听:admin,当前在线人数为1
2025-03-14 14:01:46.747   INFO 27268 --- [nio-1217-exec-5] c.wms.connect.websocket.WebSocketServer  : 有一连接关闭！当前在线人数为0
2025-03-14 14:01:47.228   INFO 27268 --- [nio-1217-exec-8] c.wms.connect.websocket.WebSocketServer  : 有新窗口开始监听:admin,当前在线人数为1
2025-03-14 14:03:31.962   INFO 27268 --- [ionShutdownHook] c.wms.connect.websocket.WebSocketServer  : 有一连接关闭！当前在线人数为0
2025-03-14 14:03:31.991   INFO 27268 --- [ionShutdownHook] com.alibaba.druid.pool.DruidDataSource   : {dataSource-1} closing ...
2025-03-14 14:03:31.996   INFO 27268 --- [ionShutdownHook] com.alibaba.druid.pool.DruidDataSource   : {dataSource-1} closed
2025-03-14 14:03:36.780   INFO 8464 --- [           main] com.wms.WmsServerApplication             : Starting WmsServerApplication using Java 17.0.5 on Disney with PID 8464 (K:\GitHub\notes\project\wms-server\target\classes started by qe249 in K:\GitHub\notes\project\wms-server)
2025-03-14 14:03:36.782   INFO 8464 --- [           main] com.wms.WmsServerApplication             : The following 1 profile is active: "dev"
2025-03-14 14:03:37.695   INFO 8464 --- [           main] .s.d.r.c.RepositoryConfigurationDelegate : Multiple Spring Data modules found, entering strict repository configuration mode
2025-03-14 14:03:37.697   INFO 8464 --- [           main] .s.d.r.c.RepositoryConfigurationDelegate : Bootstrapping Spring Data Redis repositories in DEFAULT mode.
2025-03-14 14:03:37.726   INFO 8464 --- [           main] .s.d.r.c.RepositoryConfigurationDelegate : Finished Spring Data repository scanning in 16 ms. Found 0 Redis repository interfaces.
2025-03-14 14:03:38.538   INFO 8464 --- [           main] o.s.b.w.embedded.tomcat.TomcatWebServer  : Tomcat initialized with port(s): 1217 (http)
2025-03-14 14:03:38.549   INFO 8464 --- [           main] o.a.coyote.http11.Http11NioProtocol      : Initializing ProtocolHandler ["http-nio-1217"]
2025-03-14 14:03:38.549   INFO 8464 --- [           main] o.apache.catalina.core.StandardService   : Starting service [Tomcat]
2025-03-14 14:03:38.550   INFO 8464 --- [           main] org.apache.catalina.core.StandardEngine  : Starting Servlet engine: [Apache Tomcat/9.0.68]
2025-03-14 14:03:38.649   INFO 8464 --- [           main] o.a.c.c.C.[Tomcat].[localhost].[/]       : Initializing Spring embedded WebApplicationContext
2025-03-14 14:03:38.650   INFO 8464 --- [           main] w.s.c.ServletWebServerApplicationContext : Root WebApplicationContext: initialization completed in 1823 ms
2025-03-14 14:03:38.720   INFO 8464 --- [           main] c.a.d.s.b.a.DruidDataSourceAutoConfigure : Init DruidDataSource
2025-03-14 14:03:38.921   INFO 8464 --- [           main] com.alibaba.druid.pool.DruidDataSource   : {dataSource-1} inited
2025-03-14 14:03:40.603   INFO 8464 --- [           main] o.s.b.a.w.s.WelcomePageHandlerMapping    : Adding welcome page: class path resource [static/index.html]
2025-03-14 14:03:41.136   INFO 8464 --- [           main] o.s.s.web.DefaultSecurityFilterChain     : Will not secure Ant [pattern='/static/**']
2025-03-14 14:03:41.136   INFO 8464 --- [           main] o.s.s.web.DefaultSecurityFilterChain     : Will not secure Ant [pattern='/index.html']
2025-03-14 14:03:41.137   INFO 8464 --- [           main] o.s.s.web.DefaultSecurityFilterChain     : Will not secure Ant [pattern='/*.ico']
2025-03-14 14:03:41.137   INFO 8464 --- [           main] o.s.s.web.DefaultSecurityFilterChain     : Will not secure Ant [pattern='/']
2025-03-14 14:03:41.137   INFO 8464 --- [           main] o.s.s.web.DefaultSecurityFilterChain     : Will not secure Ant [pattern='/websocket']
2025-03-14 14:03:41.137   INFO 8464 --- [           main] o.s.s.web.DefaultSecurityFilterChain     : Will not secure Ant [pattern='/swagger-resources/**']
2025-03-14 14:03:41.137   INFO 8464 --- [           main] o.s.s.web.DefaultSecurityFilterChain     : Will not secure Ant [pattern='/v3/**']
2025-03-14 14:03:41.137   INFO 8464 --- [           main] o.s.s.web.DefaultSecurityFilterChain     : Will not secure Ant [pattern='/**/v3/api-docs']
2025-03-14 14:03:41.137   INFO 8464 --- [           main] o.s.s.web.DefaultSecurityFilterChain     : Will not secure Ant [pattern='/v2/**']
2025-03-14 14:03:41.137   INFO 8464 --- [           main] o.s.s.web.DefaultSecurityFilterChain     : Will not secure Ant [pattern='/**/v2/api-docs']
2025-03-14 14:03:41.138   INFO 8464 --- [           main] o.s.s.web.DefaultSecurityFilterChain     : Will not secure Ant [pattern='/swagger-ui/**']
2025-03-14 14:03:41.172   INFO 8464 --- [           main] o.s.s.web.DefaultSecurityFilterChain     : Will secure com.wms.config.SecurityConfig$$Lambda$1083/0x00000008013c6630@13868c41 with [org.springframework.security.web.context.request.async.WebAsyncManagerIntegrationFilter@67d55a46, org.springframework.security.web.context.SecurityContextPersistenceFilter@4e111e08, org.springframework.security.web.header.HeaderWriterFilter@7388486e, org.springframework.web.filter.CorsFilter@72115c48, org.springframework.security.web.authentication.logout.LogoutFilter@5d8a1456, com.wms.filter.jwt.JwtAuthenticationTokenFilter@3f908bc0, org.springframework.security.web.session.ConcurrentSessionFilter@7fba492e, org.springframework.security.web.savedrequest.RequestCacheAwareFilter@6b04689e, org.springframework.security.web.servletapi.SecurityContextHolderAwareRequestFilter@6067e7c1, org.springframework.security.web.authentication.AnonymousAuthenticationFilter@1d982fbe, org.springframework.security.web.session.SessionManagementFilter@46c19350, org.springframework.security.web.access.ExceptionTranslationFilter@4518497e, org.springframework.security.web.access.intercept.FilterSecurityInterceptor@769f6023]
2025-03-14 14:03:41.271   INFO 8464 --- [           main] o.a.coyote.http11.Http11NioProtocol      : Starting ProtocolHandler ["http-nio-1217"]
2025-03-14 14:03:41.288   INFO 8464 --- [           main] o.s.b.w.embedded.tomcat.TomcatWebServer  : Tomcat started on port(s): 1217 (http) with context path ''
2025-03-14 14:03:41.713   INFO 8464 --- [           main] com.wms.WmsServerApplication             : Started WmsServerApplication in 5.332 seconds (JVM running for 6.179)
2025-03-14 14:03:41.715   INFO 8464 --- [           main] com.wms.runner.WmsApplicationRunner      : 定时任务启动完成----------Fri Mar 14 14:03:41 CST 2025
2025-03-14 14:03:44.343   INFO 8464 --- [nio-1217-exec-2] o.a.c.c.C.[Tomcat].[localhost].[/]       : Initializing Spring DispatcherServlet 'dispatcherServlet'
2025-03-14 14:03:44.343   INFO 8464 --- [nio-1217-exec-2] o.s.web.servlet.DispatcherServlet        : Initializing Servlet 'dispatcherServlet'
2025-03-14 14:03:44.344   INFO 8464 --- [nio-1217-exec-2] o.s.web.servlet.DispatcherServlet        : Completed initialization in 1 ms
2025-03-14 14:03:44.475   INFO 8464 --- [nio-1217-exec-2] c.wms.connect.websocket.WebSocketServer  : 有新窗口开始监听:admin,当前在线人数为1
2025-03-14 14:03:44.906   INFO 8464 --- [nio-1217-exec-3] c.wms.connect.websocket.WebSocketServer  : 有一连接关闭！当前在线人数为0
2025-03-14 14:03:46.426   INFO 8464 --- [nio-1217-exec-7] c.wms.connect.websocket.WebSocketServer  : 有新窗口开始监听:admin,当前在线人数为1
2025-03-14 14:09:42.415   INFO 8464 --- [nio-1217-exec-5] c.wms.connect.websocket.WebSocketServer  : 有一连接关闭！当前在线人数为0
2025-03-14 14:09:43.756   INFO 8464 --- [nio-1217-exec-8] c.wms.connect.websocket.WebSocketServer  : 有新窗口开始监听:admin,当前在线人数为1
2025-03-14 14:10:47.403   INFO 8464 --- [nio-1217-exec-9] c.wms.connect.websocket.WebSocketServer  : 有一连接关闭！当前在线人数为0
2025-03-14 14:10:48.704   INFO 8464 --- [nio-1217-exec-2] c.wms.connect.websocket.WebSocketServer  : 有新窗口开始监听:admin,当前在线人数为1
2025-03-14 14:14:41.429   INFO 8464 --- [nio-1217-exec-2] c.wms.connect.websocket.WebSocketServer  : 有一连接关闭！当前在线人数为0
2025-03-14 14:14:42.014   INFO 8464 --- [nio-1217-exec-1] c.wms.connect.websocket.WebSocketServer  : 有新窗口开始监听:admin,当前在线人数为1
2025-03-14 14:16:04.320   INFO 8464 --- [nio-1217-exec-8] c.wms.connect.websocket.WebSocketServer  : 有一连接关闭！当前在线人数为0
2025-03-14 14:16:04.935   INFO 8464 --- [io-1217-exec-10] c.wms.connect.websocket.WebSocketServer  : 有新窗口开始监听:admin,当前在线人数为1
2025-03-14 14:16:35.043   INFO 8464 --- [nio-1217-exec-8] c.wms.connect.websocket.WebSocketServer  : 有一连接关闭！当前在线人数为0
2025-03-14 14:16:36.335   INFO 8464 --- [io-1217-exec-10] c.wms.connect.websocket.WebSocketServer  : 有新窗口开始监听:admin,当前在线人数为1
2025-03-14 14:27:23.979   INFO 8464 --- [nio-1217-exec-6] c.wms.connect.websocket.WebSocketServer  : 有一连接关闭！当前在线人数为0
2025-03-14 14:28:57.846   INFO 8464 --- [nio-1217-exec-2] c.wms.connect.websocket.WebSocketServer  : 有新窗口开始监听:admin,当前在线人数为1
2025-03-14 14:28:58.036   INFO 8464 --- [nio-1217-exec-7] c.wms.connect.websocket.WebSocketServer  : 有一连接关闭！当前在线人数为0
2025-03-14 14:28:59.056   INFO 8464 --- [nio-1217-exec-5] c.wms.connect.websocket.WebSocketServer  : 有新窗口开始监听:admin,当前在线人数为1
2025-03-14 14:31:52.170   INFO 8464 --- [io-1217-exec-10] c.wms.connect.websocket.WebSocketServer  : 有一连接关闭！当前在线人数为0
2025-03-14 14:31:54.292   INFO 8464 --- [nio-1217-exec-8] c.wms.connect.websocket.WebSocketServer  : 有新窗口开始监听:admin,当前在线人数为1
2025-03-14 14:32:59.179   INFO 8464 --- [nio-1217-exec-1] c.wms.connect.websocket.WebSocketServer  : 有一连接关闭！当前在线人数为0
2025-03-14 14:55:17.225   INFO 8464 --- [nio-1217-exec-5] c.wms.connect.websocket.WebSocketServer  : 有新窗口开始监听:admin,当前在线人数为1
2025-03-14 14:56:57.120   INFO 8464 --- [nio-1217-exec-2] c.wms.connect.websocket.WebSocketServer  : 有一连接关闭！当前在线人数为0
2025-03-14 14:56:58.727   INFO 8464 --- [nio-1217-exec-1] c.wms.connect.websocket.WebSocketServer  : 有新窗口开始监听:admin,当前在线人数为1
2025-03-14 14:57:19.063   INFO 8464 --- [nio-1217-exec-6] c.wms.connect.websocket.WebSocketServer  : 有一连接关闭！当前在线人数为0
2025-03-14 14:57:20.721   INFO 8464 --- [nio-1217-exec-2] c.wms.connect.websocket.WebSocketServer  : 有新窗口开始监听:admin,当前在线人数为1
2025-03-14 14:57:22.703   INFO 8464 --- [nio-1217-exec-7] c.wms.connect.websocket.WebSocketServer  : 有一连接关闭！当前在线人数为0
2025-03-14 14:57:23.702   INFO 8464 --- [nio-1217-exec-8] c.wms.connect.websocket.WebSocketServer  : 有新窗口开始监听:admin,当前在线人数为1
2025-03-14 14:57:42.620   INFO 8464 --- [nio-1217-exec-9] c.wms.connect.websocket.WebSocketServer  : 有一连接关闭！当前在线人数为0
2025-03-14 14:58:13.717   INFO 8464 --- [nio-1217-exec-7] c.wms.connect.websocket.WebSocketServer  : 有新窗口开始监听:admin,当前在线人数为1
2025-03-14 14:58:16.153   INFO 8464 --- [nio-1217-exec-2] c.wms.connect.websocket.WebSocketServer  : 有一连接关闭！当前在线人数为0
2025-03-14 14:58:17.189   INFO 8464 --- [nio-1217-exec-1] c.wms.connect.websocket.WebSocketServer  : 有新窗口开始监听:admin,当前在线人数为1
2025-03-14 14:59:08.838   INFO 8464 --- [io-1217-exec-10] c.wms.connect.websocket.WebSocketServer  : 有一连接关闭！当前在线人数为0
2025-03-14 14:59:11.398   INFO 8464 --- [nio-1217-exec-1] c.wms.connect.websocket.WebSocketServer  : 有新窗口开始监听:admin,当前在线人数为1
2025-03-14 14:59:28.092   INFO 8464 --- [nio-1217-exec-6] c.wms.connect.websocket.WebSocketServer  : 有一连接关闭！当前在线人数为0
2025-03-14 14:59:29.146   INFO 8464 --- [nio-1217-exec-2] c.wms.connect.websocket.WebSocketServer  : 有新窗口开始监听:admin,当前在线人数为1
2025-03-14 14:59:53.756   INFO 8464 --- [nio-1217-exec-8] c.wms.connect.websocket.WebSocketServer  : 有一连接关闭！当前在线人数为0
2025-03-14 15:00:08.021   INFO 8464 --- [io-1217-exec-10] c.wms.connect.websocket.WebSocketServer  : 有新窗口开始监听:admin,当前在线人数为1
2025-03-14 15:01:40.983   INFO 8464 --- [nio-1217-exec-9] c.wms.connect.websocket.WebSocketServer  : 有一连接关闭！当前在线人数为0
2025-03-14 15:01:42.609   INFO 8464 --- [nio-1217-exec-1] c.wms.connect.websocket.WebSocketServer  : 有新窗口开始监听:admin,当前在线人数为1
2025-03-14 15:02:24.543   INFO 8464 --- [io-1217-exec-10] c.wms.connect.websocket.WebSocketServer  : 有一连接关闭！当前在线人数为0
2025-03-14 15:02:26.278   INFO 8464 --- [nio-1217-exec-9] c.wms.connect.websocket.WebSocketServer  : 有新窗口开始监听:admin,当前在线人数为1
2025-03-14 15:02:28.340   INFO 8464 --- [nio-1217-exec-7] c.wms.connect.websocket.WebSocketServer  : 有一连接关闭！当前在线人数为0
2025-03-14 15:02:29.594   INFO 8464 --- [nio-1217-exec-8] c.wms.connect.websocket.WebSocketServer  : 有新窗口开始监听:admin,当前在线人数为1
2025-03-14 15:13:50.431   INFO 8464 --- [io-1217-exec-10] c.wms.connect.websocket.WebSocketServer  : 有一连接关闭！当前在线人数为0
2025-03-14 15:14:45.895   INFO 8464 --- [nio-1217-exec-1] c.wms.connect.websocket.WebSocketServer  : 有新窗口开始监听:admin,当前在线人数为1
2025-03-14 15:16:40.339   INFO 8464 --- [nio-1217-exec-3] c.wms.connect.websocket.WebSocketServer  : 有一连接关闭！当前在线人数为0
2025-03-14 15:16:42.069   INFO 8464 --- [nio-1217-exec-7] c.wms.connect.websocket.WebSocketServer  : 有新窗口开始监听:admin,当前在线人数为1
2025-03-14 15:18:58.491   INFO 8464 --- [nio-1217-exec-5] c.wms.connect.websocket.WebSocketServer  : 有一连接关闭！当前在线人数为0
2025-03-14 15:40:12.109   INFO 8464 --- [io-1217-exec-10] c.wms.connect.websocket.WebSocketServer  : 有新窗口开始监听:admin,当前在线人数为1
2025-03-14 15:41:34.090   INFO 8464 --- [nio-1217-exec-1] c.wms.connect.websocket.WebSocketServer  : 有新窗口开始监听:admin,当前在线人数为2
2025-03-14 15:42:05.043   INFO 8464 --- [nio-1217-exec-4] c.wms.connect.websocket.WebSocketServer  : 有一连接关闭！当前在线人数为1
2025-03-14 15:42:06.931   INFO 8464 --- [nio-1217-exec-1] c.wms.connect.websocket.WebSocketServer  : 有新窗口开始监听:admin,当前在线人数为2
2025-03-14 15:42:34.592   INFO 8464 --- [nio-1217-exec-1] c.wms.connect.websocket.WebSocketServer  : 有新窗口开始监听:admin,当前在线人数为3
2025-03-14 15:42:38.708   INFO 8464 --- [nio-1217-exec-9] c.wms.connect.websocket.WebSocketServer  : 有一连接关闭！当前在线人数为2
2025-03-14 15:42:38.708   INFO 8464 --- [nio-1217-exec-6] c.wms.connect.websocket.WebSocketServer  : 有一连接关闭！当前在线人数为1
2025-03-14 15:42:40.132   INFO 8464 --- [io-1217-exec-10] c.wms.connect.websocket.WebSocketServer  : 有新窗口开始监听:admin,当前在线人数为2
2025-03-14 15:42:41.469   INFO 8464 --- [nio-1217-exec-7] c.wms.connect.websocket.WebSocketServer  : 有一连接关闭！当前在线人数为1
2025-03-14 15:42:43.517   INFO 8464 --- [io-1217-exec-10] c.wms.connect.websocket.WebSocketServer  : 有一连接关闭！当前在线人数为0
2025-03-14 15:42:44.582   INFO 8464 --- [nio-1217-exec-1] c.wms.connect.websocket.WebSocketServer  : 有新窗口开始监听:admin,当前在线人数为1
2025-03-14 16:58:30.899   INFO 8464 --- [nio-1217-exec-3] c.wms.connect.websocket.WebSocketServer  : 有一连接关闭！当前在线人数为0
2025-03-14 16:58:32.534   INFO 8464 --- [nio-1217-exec-2] c.wms.connect.websocket.WebSocketServer  : 有新窗口开始监听:admin,当前在线人数为1
2025-03-14 16:59:08.201   INFO 8464 --- [nio-1217-exec-2] c.wms.connect.websocket.WebSocketServer  : 有一连接关闭！当前在线人数为0
2025-03-14 16:59:10.030   INFO 8464 --- [nio-1217-exec-1] c.wms.connect.websocket.WebSocketServer  : 有新窗口开始监听:admin,当前在线人数为1
2025-03-14 17:06:01.543   INFO 8464 --- [nio-1217-exec-9] c.wms.connect.websocket.WebSocketServer  : 有一连接关闭！当前在线人数为0
2025-03-14 17:06:43.173   INFO 8464 --- [nio-1217-exec-7] c.wms.connect.websocket.WebSocketServer  : 有新窗口开始监听:admin,当前在线人数为1
2025-03-14 17:07:17.799   INFO 8464 --- [nio-1217-exec-4] c.wms.connect.websocket.WebSocketServer  : 有一连接关闭！当前在线人数为0
2025-03-14 17:07:25.989   INFO 8464 --- [nio-1217-exec-7] c.wms.connect.websocket.WebSocketServer  : 有新窗口开始监听:admin,当前在线人数为1
2025-03-14 17:07:27.232   INFO 8464 --- [nio-1217-exec-1] c.wms.connect.websocket.WebSocketServer  : 有一连接关闭！当前在线人数为0
2025-03-14 17:07:28.373   INFO 8464 --- [nio-1217-exec-6] c.wms.connect.websocket.WebSocketServer  : 有新窗口开始监听:admin,当前在线人数为1
2025-03-14 17:07:34.184   INFO 8464 --- [nio-1217-exec-9] c.wms.connect.websocket.WebSocketServer  : 有一连接关闭！当前在线人数为0
2025-03-14 17:07:40.631   INFO 8464 --- [nio-1217-exec-4] c.wms.connect.websocket.WebSocketServer  : 有新窗口开始监听:admin,当前在线人数为1
2025-03-14 17:09:24.212   INFO 8464 --- [nio-1217-exec-5] c.wms.connect.websocket.WebSocketServer  : 有一连接关闭！当前在线人数为0
2025-03-14 17:09:26.346   INFO 8464 --- [nio-1217-exec-8] c.wms.connect.websocket.WebSocketServer  : 有新窗口开始监听:admin,当前在线人数为1
2025-03-14 17:09:41.127   INFO 8464 --- [nio-1217-exec-4] c.wms.connect.websocket.WebSocketServer  : 有一连接关闭！当前在线人数为0
2025-03-14 17:09:43.898   INFO 8464 --- [nio-1217-exec-3] c.wms.connect.websocket.WebSocketServer  : 有新窗口开始监听:admin,当前在线人数为1
2025-03-14 17:12:02.687   INFO 8464 --- [nio-1217-exec-1] c.wms.connect.websocket.WebSocketServer  : 有一连接关闭！当前在线人数为0
2025-03-14 17:12:04.421   INFO 8464 --- [nio-1217-exec-6] c.wms.connect.websocket.WebSocketServer  : 有新窗口开始监听:admin,当前在线人数为1
2025-03-14 17:12:10.998   INFO 8464 --- [nio-1217-exec-5] c.wms.connect.websocket.WebSocketServer  : 有一连接关闭！当前在线人数为0
2025-03-14 17:12:12.430   INFO 8464 --- [nio-1217-exec-2] c.wms.connect.websocket.WebSocketServer  : 有新窗口开始监听:admin,当前在线人数为1
2025-03-14 17:12:19.671   INFO 8464 --- [nio-1217-exec-7] c.wms.connect.websocket.WebSocketServer  : 有一连接关闭！当前在线人数为0
2025-03-14 17:12:21.889   INFO 8464 --- [nio-1217-exec-2] c.wms.connect.websocket.WebSocketServer  : 有新窗口开始监听:admin,当前在线人数为1
2025-03-14 17:24:48.912   INFO 8464 --- [io-1217-exec-10] c.wms.connect.websocket.WebSocketServer  : 有一连接关闭！当前在线人数为0
2025-03-14 17:25:08.562   INFO 8464 --- [nio-1217-exec-3] c.wms.connect.websocket.WebSocketServer  : 有新窗口开始监听:admin,当前在线人数为1
2025-03-14 17:25:44.594   INFO 8464 --- [nio-1217-exec-6] c.wms.connect.websocket.WebSocketServer  : 有一连接关闭！当前在线人数为0
2025-03-14 17:34:36.575   INFO 8464 --- [nio-1217-exec-1] c.wms.connect.websocket.WebSocketServer  : 有新窗口开始监听:admin,当前在线人数为1
2025-03-14 17:34:56.051   INFO 8464 --- [nio-1217-exec-3] c.wms.connect.websocket.WebSocketServer  : 有一连接关闭！当前在线人数为0
2025-03-14 17:34:57.638   INFO 8464 --- [nio-1217-exec-5] c.wms.connect.websocket.WebSocketServer  : 有新窗口开始监听:admin,当前在线人数为1
2025-03-14 17:36:00.117   INFO 8464 --- [nio-1217-exec-5] c.wms.connect.websocket.WebSocketServer  : 有一连接关闭！当前在线人数为0
2025-03-14 17:36:01.873   INFO 8464 --- [nio-1217-exec-1] c.wms.connect.websocket.WebSocketServer  : 有新窗口开始监听:admin,当前在线人数为1
2025-03-14 17:36:03.939   INFO 8464 --- [nio-1217-exec-8] c.wms.connect.websocket.WebSocketServer  : 有一连接关闭！当前在线人数为0
2025-03-14 17:36:05.409   INFO 8464 --- [nio-1217-exec-9] c.wms.connect.websocket.WebSocketServer  : 有新窗口开始监听:admin,当前在线人数为1
2025-03-14 17:41:29.566   INFO 8464 --- [nio-1217-exec-6] c.wms.connect.websocket.WebSocketServer  : 有一连接关闭！当前在线人数为0
2025-03-14 17:41:31.073   INFO 8464 --- [nio-1217-exec-9] c.wms.connect.websocket.WebSocketServer  : 有新窗口开始监听:admin,当前在线人数为1
2025-03-14 17:41:38.014   INFO 8464 --- [nio-1217-exec-2] c.wms.connect.websocket.WebSocketServer  : 有一连接关闭！当前在线人数为0
2025-03-14 17:41:39.442   INFO 8464 --- [io-1217-exec-10] c.wms.connect.websocket.WebSocketServer  : 有新窗口开始监听:admin,当前在线人数为1
2025-03-14 17:42:00.713   INFO 8464 --- [nio-1217-exec-7] c.wms.connect.websocket.WebSocketServer  : 有一连接关闭！当前在线人数为0
2025-03-14 17:42:02.256   INFO 8464 --- [nio-1217-exec-2] c.wms.connect.websocket.WebSocketServer  : 有新窗口开始监听:admin,当前在线人数为1
2025-03-14 17:42:07.299   INFO 8464 --- [nio-1217-exec-9] c.wms.connect.websocket.WebSocketServer  : 有一连接关闭！当前在线人数为0
2025-03-14 17:42:08.572   INFO 8464 --- [nio-1217-exec-8] c.wms.connect.websocket.WebSocketServer  : 有新窗口开始监听:admin,当前在线人数为1
2025-03-14 17:43:40.289   INFO 8464 --- [nio-1217-exec-7] c.wms.connect.websocket.WebSocketServer  : 有一连接关闭！当前在线人数为0
2025-03-14 17:43:41.761   INFO 8464 --- [nio-1217-exec-2] c.wms.connect.websocket.WebSocketServer  : 有新窗口开始监听:admin,当前在线人数为1
2025-03-14 17:43:45.585   INFO 8464 --- [nio-1217-exec-9] c.wms.connect.websocket.WebSocketServer  : 有一连接关闭！当前在线人数为0
2025-03-14 17:43:47.075   INFO 8464 --- [nio-1217-exec-4] c.wms.connect.websocket.WebSocketServer  : 有新窗口开始监听:admin,当前在线人数为1
2025-03-14 17:49:42.241   INFO 8464 --- [io-1217-exec-10] c.wms.connect.websocket.WebSocketServer  : 有一连接关闭！当前在线人数为0
2025-03-14 17:49:43.637   INFO 8464 --- [nio-1217-exec-3] c.wms.connect.websocket.WebSocketServer  : 有新窗口开始监听:admin,当前在线人数为1
2025-03-14 17:49:50.817   INFO 8464 --- [nio-1217-exec-5] c.wms.connect.websocket.WebSocketServer  : 有一连接关闭！当前在线人数为0
2025-03-14 17:49:52.297   INFO 8464 --- [nio-1217-exec-1] c.wms.connect.websocket.WebSocketServer  : 有新窗口开始监听:admin,当前在线人数为1
2025-03-14 17:51:54.134   INFO 8464 --- [nio-1217-exec-6] c.wms.connect.websocket.WebSocketServer  : 有一连接关闭！当前在线人数为0
2025-03-14 17:51:55.482   INFO 8464 --- [nio-1217-exec-8] c.wms.connect.websocket.WebSocketServer  : 有新窗口开始监听:admin,当前在线人数为1
2025-03-14 21:12:58.803   INFO 8464 --- [ionShutdownHook] c.wms.connect.websocket.WebSocketServer  : 有一连接关闭！当前在线人数为0
2025-03-14 21:12:59.078   INFO 8464 --- [ionShutdownHook] com.alibaba.druid.pool.DruidDataSource   : {dataSource-1} closing ...
2025-03-14 21:12:59.088   INFO 8464 --- [ionShutdownHook] com.alibaba.druid.pool.DruidDataSource   : {dataSource-1} closed
